status,title,authors,year,venue,doi,url,tags,abstract,provider,decision_source,llm_confidence,llm_review_outcome,llm_change_direction
discarded,FGCLIP-Based Augmented Language-Driven Contrastive Clustering Network for Fine-Grained Image Clustering,"Xiao, Jiaqi; Gao, Xizhan; Wei, Dong; Feng, Guang; Qu, Xiaofeng; Niu, Sijie",2026,IEEE TRANSACTIONS ON CIRCUITS AND SYSTEMS FOR VIDEO TECHNOLOGY,10.1109/TCSVT.2026.3681595,https://www.webofscience.com/wos/woscc/full-record/WOS:001841877600042,graph-learning; few-shot-learning; non-education; unrelated-term-match-other-field,"Fine-grained image clustering (FGIC) is a highly challenging task due to the large intra-class variance, small inter-class variance, and lack of annotation, aiming at grouping images into fine-grained subcategories. Existing FGIC methods generally learn parameterized localization networks to capture key objects for better clustering performance. Despite yielding promising improvements, these methods still have limitations. First, localization networks introduce additional parameters, and not all localized regions are beneficial for clustering. Second, FGIC requires more detailed semantic descriptions, however, current methods only mine supervisory signals from images, making it difficult to meet practical demands. For addressing these limitations, this paper proposes the FGCLIP-based augmented language-driven contrastive clustering (FGCLIP-ALCC) network, which uses frozen FG-CLIP to introduce external knowledge and designs parameter-efficient text branch to accurately locate key objects and learn fine-grained text semantics. More specifically, FGCLIP-ALCC contains two components: the augmented language-driven fine-grained semantic learner (ALFSL) and the multi-modal contrastive clustering heads (MmCCH). First, the ALFSL is designed with a three-stream architecture to enhance robustness, ensure the diversity and accuracy of text descriptions generated subsequently, and utilize image branches to extract visual features. Next, the text branch in ALFSL uses an augmentation-driven diverse text generation module to generate coarse-grained text descriptions, a text fine-graining module to capture key object semantics and refine the text descriptions, and a text filtering module along with a text fusion operation to enhance the intra-class cohesion of text semantics and (to) obtain unique fine-grained text embeddings for each image. Finally, the MmCCH is used to inject text semantics into visual features and obtain clustering results. Experimental results on five fine-grained datasets and four coarse-grained datasets show that FGCLIP-ALCC outperforms state-of-the-art clustering methods on all datasets and metrics, while requiring only 1.2M additional learnable parameters. The code will be released at https://github.com/xjq425/FGCLIP-ALCC",wos,human,0.990,human,
discarded,DAPrompt: Dual Alignment Prompt of Structure and Semantics for Few-shot Graph Learning,"Jiang, Lifan; Zhu, Mengying; Wu, Yangyang; Liu, Xuan; Zheng, Xiaolin; Ben, Shenglin",2026,"FORTIETH AAAI CONFERENCE ON ARTIFICIAL INTELLIGENCE, AAAI-26, VOL 40 NO 27",,https://www.webofscience.com/wos/woscc/full-record/WOS:001769346100013,ai-audio-tool; bioacoustics; non-programming-education; unrelated-term-match-other-field,"Few-shot graph learning remains a fundamental yet challenging problem, especially under heterophilic graph settings where connected nodes are likely to belong to different classes. In such scenarios, two key challenges arise: (1) unreliable or noisy graph structures that hinder effective message passing, and (2) semantic inconsistency: in heterophilic graphs, aggregating messages from neighbors of different classes entangles representations and introduces misleading semantics. These issues are further exacerbated by the limited labeled data inherent to few-shot learning, making it difficult to adaptively repair structure or disentangle semantics. To address these challenges, we propose DAPrompt, a Dual Alignment Prompt framework that jointly calibrates graph structure and semantic representations across the learning pipeline. In the pretraining stage, DAPrompt incorporates a graph structure learning module to denoise and repair the underlying topology, enhancing structural reliability. In the prompt tuning stage, we introduce two coordinated modules: a structure-aware prompt learner, which employs prompt tokens to repair unreliable graph structures and capture structure-level alignment, and a semanticsaligned prompt learner, which enhances the graph using target node semantics to mitigate representation noise caused by class-mismatched propagation. Extensive experiments on both node-level and graph-level few-shot benchmarks validate its effectiveness, achieving state-of-the-art performance and highlighting the value of structure-semantic dual alignment in heterophilic few-shot graph learning. Code- https://github.com/JLifan/DAPrompt",wos,human,0.740,human,
discarded,Sound-AI: A Pedagogical Tool for Exploring AI in Audio and Bioacoustic Research,"Azeem, Muhammad; Nguyen, Hoang D.; Minghim, Rosane",2026,"FORTIETH AAAI CONFERENCE ON ARTIFICIAL INTELLIGENCE, AAAI-26, VOL 40 NO 47",,https://www.webofscience.com/wos/woscc/full-record/WOS:001769914400163,office-hours; cs2; git-analysis; student-programming-process; unrelated-term-match-other-field,"Artificial intelligence offers powerful methods for audio processing and analysis. Still, complex workflows and the required programming skills often limit access for students and domain experts, such as marine bioacousticians and soundscape ecologists. We present ""AI EcoSound Tutor"", a codefree and interactive tool that lowers these barriers by allowing users to construct and explore a complete AI pipeline for audio data analysis. Starting from raw recordings, users can choose from various feature extraction techniques (MFCC, OpenL3), apply dimensionality reduction methods (PCA, tSNE, UMAP), and optionally perform unsupervised clustering (K-Means, GMM, HDBSCAN). The results are displayed with an interactive 2D visualisation where the user can compare multiple plots by employing various techniques, including PCA and t-SNE. Interactive plots enable the selection of points or clusters of interest, allowing exploration of spectrograms within the desired frequency range, and playing an audio clip corresponding to the selected points. An integrated ""Help"" feature provides explanations of each method (i.e., what it is, how it works, and its practical use in different domains, such as bioacoustics), fostering both conceptual understanding and useful skill acquisition as learning outcomes. For precomputed features or embeddings, this tool also supports training and evaluating a variety of machine learning models, providing visual feedback on the results. By merging accessibility, interactivity, pedagogy, and domain relevance, our application demystifies AI methods for interdisciplinary education and supporting research in audio analysis. Code- https://github.com/malikazeemcs/AIEcoSoundTutor Datasets- https://zenodo.org/records/7072196/files/Orthoptera.zip https://gist.github.com/curran/a08a1080b88344b0c8a7",wos,human,0.970,human,
discarded,What Happens When Students Leave Office Hours? Measuring Post-Interaction Code Progress in CS2 Projects,"Zahn, Matthew; Heckman, Sarah; Battestilli, Lina",2026,"PROCEEDINGS OF THE 57TH ACM TECHNICAL SYMPOSIUM ON COMPUTER SCIENCE EDUCATION V.2, SIGCSE TS 2026",10.1145/3770761.3777301,https://www.webofscience.com/wos/woscc/full-record/WOS:001780599900191,ai-in-computing-education; udl; cs1; diagnostic-test-or-misconception-study-other-domain,"When students leave office hours, what do they do next? This study introduces preliminary work on a behavior-based measure of helpseeking success by exploring the relationship between office hour (OH) interactions and subsequent coding progress. We ask: Can students ' code changes following help-seeking interactions serve as evidence of forward progress?

To evaluate this, we examined the first GitHub commit made within a post-interaction window, defined as the earlier of the next OH interaction or twelve hours. Each commit was compared with the prior commit across three indicators: reduction of static analysis errors, increase in teaching staff test correctness, and increase in statement coverage. These indicators capture forward or negative progress, and we aggregated them per interaction to estimate if the help-seeking interaction contributed to progress.

Analyzing 1806 OH interactions over six semesters, we found only 501 (27.7%) contained project changes within the post-interaction window. Of those interactions, 170 (33.9%) led to forward progress on the first commit, 88 (17.6%) led to regression, and 243 (48.5%) resulted in no change in the three progress indicators. Of the 501 first commits, 27.7% were made between 30 min - 2hr, and observed the most forward progress and the least negative progress.

This poster presents the first step of a broader study. Future work will extend the approach to asynchronous help-seeking (e.g., online forums) to evaluate its impact on project progress. By linking instructional help with observable programming outcomes, this study provides a practical measure of help-seeking success for evaluating future interventions.",wos,human,0.900,human,
discarded,Diverse Claire: An AI-Powered UDL Approach Bridging Educational Experience Gaps in CS1,"Shrestha, Madhu Maya; Wong, Wendy; Al Zeidat, Omar; Jiang, Yuchao; Li, Yuekang",2026,"PROCEEDINGS OF THE 57TH ACM TECHNICAL SYMPOSIUM ON COMPUTER SCIENCE EDUCATION V.2, SIGCSE TS 2026",10.1145/3770761.3777125,https://www.webofscience.com/wos/woscc/full-record/WOS:001780599900283,parallel-computing-education; interactive-textbooks; computer-science-curriculum; diagnostic-test-or-misconception-study-other-domain,"Providing equitable and accessible learning materials in computer science can be both challenging and time consuming, particularly for novice teachers or those uncertain about how to implement accessibility effectively. This issue is magnified by the lack of clear, actionable directions and training available for educators to put into practice. Diverse Claire is a tool that addresses this issue by providing teachers with structured, practical feedback on their teaching materials through the use of simulation. It utilises GenAI to analyse the material for accessibility and the Universal Design for Learning (UDL) framework as a guideline for analysis. This demo provides a walkthrough of how Diverse Claire analyses teaching materials, highlights potential accessibility barriers, and offers suggestions for improvements. Moreover, the system allows educators to understand how a computer science student with neurodiverse needs might respond to their course materials, by using a large language model to simulate responses to various test questions. These simulations are grounded in instructions drawn from research on neurodiverse learner experiences. The questions include short answer questions and coding exercises that are aligned with the pedagogical framework, Bloom's taxonomy, to target varying levels of understanding. In doing so, Diverse Claire supports CS educators in creating a more inclusive computer science learning environment that better meets the needs of all students. Parallel and Distributed Computing (PDC) has increased in importance in recent years, with ABET requiring exposure to PDC topics, and CS2023 recommending at least 9 hours of coverage in required CS courses. However, injecting PDC topics quickly into a course is difficult due to time and expense to set up requisite hardware and lack of readily available materials to adopt for the classroom. In this demo, we - the CSinParallel project - present free, web-based, interactive textbooks for learning and practicing various forms of PDC. We developed the backend system and wrote the material based on decades of experience integrating these topics into courses throughout the computer science curriculum. Currently we have two books that educators can readily use: Parallel Computing for Beginners, and Intermediate Parallel and Distributed Computing, along with some additional materials. With just a laptop in class, students can edit and run PDC code examples on remote hardware that is professionally maintained, eliminating the need for instructors to prepare hardware and software. The material spans a range of PDC technology (OpenMP, MPI, CUDA, OpenACC), provides mini assessments as readers work, and is designed so that instructors can add brief modules into existing courses or can be used comprehensively for a course dedicated to PDC. All materials are available on learnpdc.org and the code used in the books is on https://github.com/csinparallel/csinparallel. Additional assignments for a PDC course can be found on https://github.com/csinparallel/pdc-assignments.",wos,human,0.970,human,
discarded,Free Interactive Textbooks for Teaching Parallel and Distributed Computing Across the Computer Science Curriculum,"Shoop, Elizabeth; Brown, Richard; Matthews, Suzanne; Adams, Joel",2026,"PROCEEDINGS OF THE 57TH ACM TECHNICAL SYMPOSIUM ON COMPUTER SCIENCE EDUCATION V.2, SIGCSE TS 2026",10.1145/3770761.3777115,https://www.webofscience.com/wos/woscc/full-record/WOS:001780599900282,remote-sensing; knowledge-distillation; non-education; diagnostic-test-or-misconception-study-other-domain,"Parallel and Distributed Computing (PDC) has increased in importance in recent years, with ABET requiring exposure to PDC topics, and CS2023 recommending at least 9 hours of coverage in required CS courses. However, injecting PDC topics quickly into a course is difficult due to time and expense to set up requisite hardware and lack of readily available materials to adopt for the classroom. In this demo, we - the CSinParallel project - present free, web-based, interactive textbooks for learning and practicing various forms of PDC. We developed the backend system and wrote the material based on decades of experience integrating these topics into courses throughout the computer science curriculum. Currently we have two books that educators can readily use: Parallel Computing for Beginners, and Intermediate Parallel and Distributed Computing, along with some additional materials. With just a laptop in class, students can edit and run PDC code examples on remote hardware that is professionally maintained, eliminating the need for instructors to prepare hardware and software. The material spans a range of PDC technology (OpenMP, MPI, CUDA, OpenACC), provides mini assessments as readers work, and is designed so that instructors can add brief modules into existing courses or can be used comprehensively for a course dedicated to PDC. All materials are available on learnpdc.org and the code used in the books is on https://github.com/csinparallel/csinparallel. Additional assignments for a PDC course can be found on https://github.com/csinparallel/pdc-assignments.",wos,human,0.990,human,
discarded,JL1-CD: A New Benchmark and a Robust Multiteacher Knowledge Distillation Framework for Remote Sensing Change Detection,"Liu, Ziyuan; Zhu, Ruifei; Gao, Long; Zhou, Yuanxiu; Ma, Jingyu; Gu, Yuantao",2026,IEEE TRANSACTIONS ON INSTRUMENTATION AND MEASUREMENT,10.1109/TIM.2026.3670598,https://www.webofscience.com/wos/woscc/full-record/WOS:001760371800015,git-collaboration-analysis; llm; software-engineering-education; unrelated-term-match-other-field,"Change detection (CD) in remote sensing images plays a vital role in dynamic Earth measurement. However, the scarcity of high-resolution, comprehensive open-source datasets and the difficulty in achieving robust performance across varying change types remain major challenges. To address these issues, we introduce JL1-CD, a large-scale, submeter CD dataset consisting of 5000 image pairs. We further propose a novel origin-partition (O-P) strategy and integrate it into a multiteacher knowledge distillation (MTKD) framework to enhance CD performance. The O-P strategy partitions the training set by change area ratio (CAR) and trains specialized teacher models on each subset. The MTKD framework then distills complementary knowledge from these teachers into a single student model, enabling improved detection results across diverse CAR scenarios without additional inference cost. Our MTKD approach demonstrated strong performance in the 2024 ""Jilin-1"" Cup challenge, ranking first in the preliminary and second in the final rounds. Extensive experiments on the JL1-CD and SYSU-CD datasets show that the MTKD framework consistently improves the performance of CD models with various network architectures and parameter sizes, establishing new state-of-the-art results. Code and dataset are available at https://github.com/circleLZY/MTKD-CD",wos,human,0.900,human,
discarded,Semi-supervised Segmentation of Histopathology Images with Noise-Aware Topological Consistency,"Xie, Meilong; Hu, Xiaoling; Gupta, Saumya; Abousamra, Shahira; Chen, Chao",2025,"COMPUTER VISION - ECCV 2024, PT LXXVIII",10.1007/978-3-031-73229-4_16,https://www.webofscience.com/wos/woscc/full-record/WOS:001352814300016,remote-sensing; semi-supervised-learning; non-education; unrelated-term-match-other-field,"In digital pathology, segmenting densely distributed objects like glands and nuclei is crucial for downstream analysis. Since detailed pixel-wise annotations are very time-consuming, we need semi-supervised segmentation methods that can learn from unlabeled images. Existing semi-supervised methods are often prone to topological errors, e.g., missing or incorrectly merged/separated glands or nuclei. To address this issue, we propose TopoSemiSeg, the first semi-supervised method that learns the topological representation from unlabeled histopathology images. The major challenge is for unlabeled images; we only have predictions carrying noisy topology. To this end, we introduce a noise-aware topological consistency loss to align the representations of a teacher and a student model. By decomposing the topology of the prediction into signal topology and noisy topology, we ensure that the models learn the true topological signals and become robust to noise. Extensive experiments on public histopathology image datasets show the superiority of our method, especially on topology-aware evaluation metrics. Code is available at https://github.com/Melon-Xu/TopoSemiSeg.",wos,human,0.990,human,
discarded,Toward Stable Semi-Supervised Remote Sensing Segmentation via Co-Guidance and Co-Fusion,"Zhou, Yi; Zou, Xuechao; Zhang, Shun; Li, Kai; Wang, Shiying; Chen, Jingming; Lang, Congyan; Cao, Tengfei; Tao, Pin; Shi, Yuanchun",2026,IEEE TRANSACTIONS ON GEOSCIENCE AND REMOTE SENSING,10.1109/TGRS.2026.3680315,https://www.webofscience.com/wos/woscc/full-record/WOS:001740791500010,remote-sensing; knowledge-distillation; non-education; unrelated-term-match-other-field,"Semi-supervised remote sensing (RS) image semantic segmentation offers a promising solution to alleviate the burden of exhaustive annotation, yet it fundamentally struggles with pseudo-label drift, a phenomenon where confirmation bias leads to the accumulation of errors during training. In this work, we propose Co2S, a stable semi-supervised RS segmentation framework that synergistically fuses priors from vision-language models (VLMs) and self-supervised models (SSMs). Specifically, we construct a heterogeneous dual-student architecture comprising two distinct ViT-based vision foundation models initialized with the weights of pretrained CLIP and DINOv3 to mitigate error accumulation and pseudo-label drift. To effectively incorporate these distinct priors, a semantic co-guidance mechanism is introduced that utilizes text embeddings and learnable queries to provide explicit and implicit class-level guidance, respectively, thereby jointly enhancing semantic consistency. Furthermore, a global-local feature collaborative fusion strategy is developed to effectively fuse the global contextual information captured by CLIP with the local details produced by DINOv3, enabling the model to generate highly precise segmentation results. Extensive experiments on six popular datasets demonstrate the superiority of the proposed method, which consistently achieves leading performance across various partition protocols and diverse scenarios. Project page is available at https://xavierjiezou.github.io/Co2S/",wos,human,0.990,human,
