status,title,authors,year,venue,doi,url,tags,abstract,provider,decision_source,llm_confidence,llm_review_outcome,llm_change_direction
discarded,Standing on shoulders or feet? An extended study on the usage of the MSR data papers,Kotti Z.,2020,Empirical Software Engineering,10.1007/s10664-020-09834-7,https://www.scopus.com/inward/record.uri?partnerID=HzOxMe3b&scp=85088107943&origin=inward,msr-datasets; research-infrastructure; non-education; computing-education-or-software-engineering-not-version-control,"The establishment of the Mining Software Repositories (MSR) data showcase conference track has encouraged researchers to provide data sets as a basis for further empirical studies. The objective of this study is to examine the usage of data papers published in the MSR proceedings in terms of use frequency, users, and use purpose. Data track papers were collected from the MSR data showcase track and through the manual inspection of older MSR proceedings. The use of data papers was established through manual citation searching followed by reading the citing studies and dividing them into strong and weak citations. Contrary to weak, strong citations truly use the data set of a data paper. Data papers were then manually clustered based on their content, whereas their strong citations were classified by hand according to the knowledge areas of the Guide to the Software Engineering Body of Knowledge. A survey study on 108 authors and users of data papers provided further insights regarding motivation and effort in data paper production, encouraging and discouraging factors in data set use, and future desired direction regarding data papers. We found that 65% of the data papers have been used in other studies, with a long-tail distribution in the number of strong citations. Weak citations to data papers usually refer to them as an example. MSR data papers are cited in total less than other MSR papers. A considerable number of the strong citations stem from the teams that authored the data papers. Publications providing Version Control System (VCS) primary and derived data are the most frequent data papers and the most often strongly cited ones. Enhanced developer data papers are the least common ones, and the second least frequently strongly cited. Data paper authors tend to gather data in the context of other research. Users of data sets appreciate high data quality and are discouraged by lack of replicability of data set construction. Data related to machine learning or derived from the manufacturing sector are two suggestions of the respondents for future data papers. Overall, data papers have provided the foundation for a significant number of studies, but there is room for improvement in their utilization. This can be done by setting a higher bar for their publication, by encouraging their use, by promoting open science initiatives, and by providing incentives for the enrichment of existing data collections.","openalex, scopus, wos, ieee",human,0.870,human,
discarded,Standing on shoulders or feet? The usage of the MSR data papers,Kotti Z.,2019,IEEE International Working Conference on Mining Software Repositories,10.1109/MSR.2019.00085,https://www.scopus.com/inward/record.uri?partnerID=HzOxMe3b&scp=85072337505&origin=inward,msr-datasets; research-infrastructure; non-education; git-or-software-tooling-without-learner-understanding-findings,"Introduction: The establishment of the Mining Software Repositories (MSR) Data Showcase conference track has encouraged researchers to provide more data sets as a basis for further empirical studies. Objectives: Examine the usage of the data papers published in the MSR proceedings in terms of use frequency, users, and use purpose. Methods: Data track papers were collected from the MSR Data Showcase and through the manual inspection of older MSR proceedings. The use of data papers was established through citation searching followed by reading the studies that have cited them. Data papers were then clustered based on their content, whereas their citations were classified according to the knowledge areas of the Guide to the Software Engineering Body of Knowledge. Results: We found that 65% of the data papers have been used in other studies, with a long-tail distribution in the number of citations. MSR data papers are cited less than other MSR papers. A considerable number of the citations stem from the teams that authored the data papers. Publications providing repository data and metadata are the most frequent data papers and the most often cited ones. Mobile application data papers are the least common ones, but the second most frequently cited. Conclusion: Data papers have provided the foundation for a significant number of studies, but there is room for improvement in their utilization. This can be done by setting a higher bar for their publication, by encouraging their use, and by providing incentives for the enrichment of existing data collections.","openalex, scopus, wos, ieee",human,0.870,human,
discarded,Positive and negative acute phase reactants in sickle cell diseases,Mehmet Rami Helvacı; Engin Altıntaş; Atilla Yalçın; Orhan Ekrem Muftuoglu; Abdulrazak Abyad; Lesley Pocock,2022,World Family Medicine Journal/Middle East Journal of Family Medicine,10.5742/mewfm.2022.952509,https://openalex.org/W4280640635,medicine; non-education; unrelated-term-match-other-field,"Background: We tried to understand some positive and negative acute phase reactants (APR) in sickle cell diseases (SCD). Methods: Consecutive patients with the SCD and controls were studied. Results: The study included 193 patients (98 females) and 132 controls (67 females). Although the body weight and body mass index (BMI) were retarded in the SCD (58.9 versus 71.1 kg and 21.5 versus 26.8 kg/m2, respectively, p<0.000 for both), the body heights were similar in both groups (164.8 versus 162.8 cm, p>0.05). Parallel to the retarded body weight and BMI, fasting plasma glucose (FPG) (93.4 versus 102.4 mg/dL, p=0.025), low density lipoproteins (LDL) (70.4 versus 98.1 mg/dL, p<0.000), high density lipoproteins (HDL) (24.2 versus 35.8 mg/dL, p<0.000), and systolic (117.6 versus 127.9 mmHg, p=0.001) and diastolic blood pressures (BP) (77.3 versus 86.0 mmHg, p<0.000) were all retarded in the SCD. On the other hand, total bilirubin (TB) and lactate dehydrogenase (LDH) were both increased (4.0 versus 0.7 mg/dL and 638.9 versus 268.4 U/L, respectively, p<0.000 for both) in the SCD. Similarly, white blood cell (WBC) and platelet (PLT) counts (16.338 versus 7.407 /µL and 421.424 versus 268.612 /µL, respectively) and mean corpuscular volume (MCV) (90.3 versus 78.3 fL) were all increased whereas the hematocrit (Hct) level was decreased (23.2 versus 36.6%) in the SCD (p<0.000 for all). Conclusion: Body weight, BMI, FPG, LDL, HDL, systolic and diastolic BP, and Hct may be some negative whereas TB, LDH, WBC and PLT counts, and MCV may be some positive APR in the body. Keywords: Sickle cell diseases, positive acute phase reactants, negative acute phase reactants, chronic endothelial damage, atherosclerosis, body weight, body mass index","openalex, scopus, wos, dblp",human,0.990,human,
discarded,WatChat: Explaining perplexing programs by debugging mental models,"Kartik Chandra; Collins, Katherine M.; Crichton, Will; Chen, Tony; Tzu‐Mao Li; Weller, Adrian; Rachit Nigam; Joshua B. Tenenbaum; Jonathan Ragan‐Kelley",2024,arXiv (Cornell University),10.48550/arxiv.2403.05334,https://openalex.org/W4392678284,debugging-tools; llm; non-education; computing-education-or-software-engineering-not-version-control,"Often, a good explanation for a program's unexpected behavior is a bug in the programmer's code. But sometimes, an even better explanation is a bug in the programmer's mental model of the language or API they are using. Instead of merely debugging our current code (""giving the programmer a fish""), what if our tools could directly debug our mental models (""teaching the programmer to fish"")? In this paper, we apply recent ideas from computational cognitive science to offer a principled framework for doing exactly that. Given a ""why?"" question about a program, we automatically infer potential misconceptions about the language/API that might cause the user to be surprised by the program's behavior -- and then analyze those misconceptions to provide explanations of the program's behavior. Our key idea is to formally represent misconceptions as counterfactual (erroneous) semantics for the language/API, which can be inferred and debugged using program synthesis techniques. We demonstrate our framework, WatChat, by building systems for explanation in two domains: JavaScript type coercion, and the Git version control system. We evaluate WatChatJS and WatChatGit by comparing their outputs to experimentally-collected human-written explanations in these two domains: we show that WatChat's explanations exhibit key features of human-written explanation, unlike those of a state-of-the-art language model.","openalex, scopus, wos, dblp",human,0.830,human,
discarded,Essentials of Abdominal Ultrasound,Samia Ali Abdo Gamie; Enas Mahmoud Foda,2019,IntechOpen eBooks,10.5772/intechopen.73848,https://openalex.org/W2978211443,medical-book; non-education; unrelated-term-match-other-field,"Abdominal ultrasound is a bedside diagnostic tool that helps to discover many abdominal problems. It is a safe and painless procedure that has proven extremely useful for patient workup and diagnosis. This book illustrates the use of ultrasound for all the various organs of the abdomen. Each chapter covers a different organ and presents the latest knowledge and techniques of imaging. The content contained within is relevant across many specialties, including radiology and internal medicine, and is useful for physicians and medical residents and students alike.","openalex, scopus, wos, dblp",human,0.980,human,
discarded,Intel Galileo and Intel Galileo Gen 2: API Features and Arduino Projects for Linux Programmers,Manoel Carlos Ramon,2014,Directory of Open access Books (OAPEN Foundation),10.1007/978-1-4302-6838-3,https://openalex.org/W2619035560,programming-book; non-education-study; computing-education-or-software-engineering-not-version-control,"Chapter 6 offers a practical project on tweeting using Intel Galileo boards with new OAuth authentication and without intermediary computers or servers.The project uses a RTC (real-time clock) with external coin batteries and WiFi mPCIe cards.Chapter 7 shows techniques using V42L and OpenCV libraries, as well as how to capture images and videos and detect facial expressions and emotions using a webcam.This chapter also explains how to change the Linux BSD to support eglibc instead uClibc and to generate the toolchain to compile C/C++ programs.There are also examples of OpenCV in Python.Chapter 8 presents a low-cost project to create moisture sensors based in scrap materials and galvanized nails.Chapter 9 shows a practical home automation project implementing a web server using node.js,interacting with multiple sensors for motion and temperature, and using keypads and switch relays.Chapter 10 explains how to install and use PoE (Power of Ethernet) modules with the Intel Galileo Gen 2.Chapter 11 discusses basic principles in robotics and how to design and control a robotic arm using analog controllers.It also presents a practical project using a 6 DOF robotic arm with a mechanical gripper and another one built with ground coffee.Chapter 12 discusses how to connect a XMM 7160 LTE modem and use data channels in real networks using Intel Galileo boards.Chapter 13 is a bonus chapter available online.It presents a practical project on how to design and build a low-cost robot head with animatronic eyes and a mouth that expresses emotions.This chapter is available online at http://www.apress.","openalex, scopus, wos, dblp",human,0.760,human,
discarded,"A Review on Vibe Coding: Fundamentals, State-of-the-art, Challenges and Future Directions",Partha Pratim Ray,2025,,10.36227/techrxiv.174681482.27435614/v1,https://openalex.org/W4410251856,review; vibe-coding; non-education; computing-education-or-software-engineering-not-version-control,"Vibe coding-where high-level natural-language directives orchestrate end-to-end software creation-has emerged as a transformative paradigm in modern development. Going beyond token-level autocomplete, vibe coding platforms employ multi-agent pipelines, Retrieval-Augmented Generation (RAG), and dynamic context management to autonomously scaffold entire projects: generating directory structures, Application Programming Interface (API) layers, user interfaces, test suites, and Continuous Integration/Continuous Delivery/Deployment (CI/CD) configurations from conversational prompts. In this review, we first introduce a unified taxonomy of interaction modalities-full delegation, guided delegation, active pairing, and expert consultation-mapped along a delegation-pairing continuum. We then survey leading implementations across IDE extensions, browser-based environments, and Command-Line Interface (CLI) agents, analyzing their architectures, integration strategies, and benchmarked performance. Building on these insights, we articulate the key benefits-accelerated prototyping, democratized software creation, and enriched collaboration-while prescribing best practices for adoption. We identify twelve critical challenges, including model hallucinations, technical debt, security and compliance risks, skill atrophy, and governance concerns. Finally, we propose fourteen concrete research directions, from standardized evaluation frameworks and adaptive ""vibe-aware"" agents to explainable AI, multimodal interfaces, and Development, Security, and Operations (DevSecOps) integration. This comprehensive roadmap equips researchers and practitioners to harness the promise of vibe coding with rigor, security, and inclusivity.","openalex, scopus, wos, dblp",human,0.880,human,
discarded,Boundaries of the Text,Joyce Flueckiger; Laurie J. Sears,1991,,10.3998/mpub.19503,https://openalex.org/W2030212259,literature; non-education; unrelated-term-match-other-field,"When the Mahabharata and Ramayana are performed in South and Southeast Asia, audiences may witness a variety of styles. A single performer may deliver a two-hour recitation, women may meet in informal singing groups, shaddow puppets may host an all-night play, or professional theaters may put on productions lasting thirty nights. Performances often celebrate ritual passages: births, deaths, marriages, and religious observances. The stories live and are transmitted through performance; their characters are well known and well loved. Yet written versions of the Mahabharata and Ramayana have existed in both South and Southeast Asia for hundreds of years. Rarely have these texts been intended for private reading. What is the relationship between written text and oral performance? What do performers and audiences mean when they identify something as ""Ramayana"" or ""Mahabharata""? How do they conceive of texts? What are the boundaries of the texts? By analyzing specific performance traditions, Boundaries of the Text addresses questions of what happens to written texts when they are preformed and how performance traditions are affected when they interact with written texts. The dynamics of this interaction are of particular interest in South and Southeast Asia where oral performance and written traditions share a long, interwoven history. The contributors to Boundaries of the Text show the difficulty of maintaining sharp distinctions between oral and written patterns, as the traditions they consider defy a unidirectional movement from oral to written. The boundaries of epic traditions are in a state of flux, contracting or expanding as South and Southeast Asian societies respond to increasing access to modern education, print technology, and electronic media.","openalex, scopus, wos, dblp",human,0.990,human,
discarded,Highlights on Several Underestimated Topics in Palliative Care,Marco Cascella,2017,InTech eBooks,10.5772/63659,https://openalex.org/W2760846974,palliative-care; non-education; unrelated-term-match-other-field,"This book focuses on several underestimated topics in palliative care. Seven chapters have been divided into four sections: Ethical Issues, Volunteers in Palliative Care, Special Circumstances, and Prognostic Models in Palliative Care. The underestimated topics concern several ethical themes such as the Balance sheets of suffering, Good Death, Euthanasia, Assisted suicide, and the question of the 'Do not attempt resuscitation'. In addition, the role of volunteers, the approach to non-malignant diseases such as diabetes and Amyotrophic Lateral Sclerosis are also addressed. Finally, the features and utility of different tools in order to facilitate optimal decision making for both physicians and patients, are given in details. This book will aid several figures facing the daily challenges of palliative care. Clinicians, nurses, volunteers, students and resident trainees, and other professionals can find this volume useful in their very difficult but extraordinarily fascinating mission.","openalex, scopus, wos, dblp",human,0.990,human,
discarded,Arts of Existence: The Construction of Subjectivity in Older White Southern Women,Elizabeth Adams St. Pierre,1995,OhioLink ETD Center (Ohio Library and Information Network),,https://openalex.org/W2596792981,qualitative-thesis; non-education; unrelated-term-match-other-field,"the other members of my advisory committee, Drs.","openalex, scopus, wos, dblp",human,0.990,human,
discarded,Technical Dimensions of Programming Systems,Joel Jakubovic; Jonathan Edwards; Tomas Petricek,2023,The Art Science and Engineering of Programming,10.22152/programming-journal.org/2023/7/13,https://openalex.org/W4321370981,programming-systems; theory; non-education; computing-education-or-software-engineering-not-version-control,"Programming requires much more than just writing code in a programming language. It is usually done in the context of a stateful environment, by interacting with a system through a graphical user interface. Yet, this wide space of possibilities lacks a common structure for navigation. Work on programming systems fails to form a coherent body of research, making it hard to improve on past work and advance the state of the art.","openalex, scopus, wos, dblp",human,0.830,human,
