status,title,authors,year,venue,doi,url,tags,abstract,provider,decision_source,llm_confidence,llm_review_outcome,llm_change_direction
discarded,TURBOMOLE: Modular program suite for ab initio quantum-chemical and condensed-matter simulations,Sree Ganesh Balasubramani; Guo P. Chen; Sonia Coriani; Michael Diedenhofen; Marius S. Frank; Yannick J. Franzke; Filipp Furche; Robin Grotjahn; Michael E. Harding; Christof Hättig; Arnim Hellweg; Benjamin Helmich‐Paris; Christof Holzer; Uwe Huniar; Martin Kaupp; Alireza Marefat Khah; Sarah Karbalaei Khani; Thomas Müller; Fabian Mack; Brian D. Nguyen; Shane M. Parker; Eva Perlt; Dmitrij Rappoport; Kevin Reiter; Saswata Roy; Matthias Rückert; Gunnar Alexander Schmitz; Marek Sierka; Enrico Tapavicza; David P. Tew; Christoph van Wüllen; Vamsee K. Voora; Florian Weigend; Artur Wodyński; Jason M. Yu,2020,The Journal of Chemical Physics,10.1063/5.0004635,https://openalex.org/W3025424660,health-measurement; non-education; diagnostic-test-or-misconception-study-other-domain,"TURBOMOLE is a collaborative, multi-national software development project aiming to provide highly efficient and stable computational tools for quantum chemical simulations of molecules, clusters, periodic systems, and solutions. The TURBOMOLE software suite is optimized for widely available, inexpensive, and resource-efficient hardware such as multi-core workstations and small computer clusters. TURBOMOLE specializes in electronic structure methods with outstanding accuracy-cost ratio, such as density functional theory including local hybrids and the random phase approximation (RPA), GW-Bethe-Salpeter methods, second-order Møller-Plesset theory, and explicitly correlated coupled-cluster methods. TURBOMOLE is based on Gaussian basis sets and has been pivotal for the development of many fast and low-scaling algorithms in the past three decades, such as integral-direct methods, fast multipole methods, the resolution-of-the-identity approximation, imaginary frequency integration, Laplace transform, and pair natural orbital methods. This review focuses on recent additions to TURBOMOLE's functionality, including excited-state methods, RPA and Green's function methods, relativistic approaches, high-order molecular properties, solvation effects, and periodic systems. A variety of illustrative applications along with accuracy and timing data are discussed. Moreover, available interfaces to users as well as other software are summarized. TURBOMOLE's current licensing, distribution, and support model are discussed, and an overview of TURBOMOLE's development workflow is provided. Challenges such as communication and outreach, software infrastructure, and funding are highlighted.","openalex, scopus, wos, dblp",human,0.980,human,
discarded,Measurement and Modeling of Health-Related Quality of Life,Ron D. Hays; Bryce B. Reeve,2016,Elsevier eBooks,10.1016/b978-0-12-803678-5.00271-x,https://openalex.org/W4234331307,prompt-programming; software-development; non-education; unrelated-term-match-other-field,,"openalex, scopus, wos, dblp",human,0.830,human,
discarded,Prompts Are Programs Too! Understanding How Developers Build Software Containing Prompts,Jenny T. Liang; Melissa Lin; Nikitha Rao; Brad A. Myers,2025,Proceedings of the ACM on software engineering.,10.1145/3729342,https://openalex.org/W4411449798,bug-introduction; software-engineering; non-education; computing-education-or-software-engineering-not-version-control,"Generative pre-trained models power intelligent software features used by millions of users controlled by developer-written natural language prompts. Despite the impact of prompt-powered software, little is known about its development process and its relationship to programming. In this work, we argue that some prompts are programs and that the development of prompts is a distinct phenomenon in programming known as “prompt programming”. We develop an understanding of prompt programming using Straussian grounded theory through interviews with 20 developers engaged in prompt development across a variety of contexts, models, domains, and prompt structures. We contribute 15 observations to form a preliminary understanding of current prompt programming practices. For example, rather than building mental models of code, prompt programmers develop mental models of the foundation model (FM)’s behavior on the prompt by interacting with the FM. While prior research shows that experts have well-formed mental models, we find that prompt programmers who have developed dozens of prompts still struggle to develop reliable mental models. Our observations show that prompt programming differs from traditional software development, motivating the creation of prompt programming tools and providing implications for software engineering stakeholders.","openalex, scopus, wos, dblp",human,0.900,human,
discarded,How bugs are born: a model to identify how bugs are introduced in software components,Gema Rodríguez-Pérez; Gregório Robles; Alexander Serebrenik; Andy Zaidman; Daniel M. Germán; Jesus M. Gonzalez-Barahona,2020,Empirical Software Engineering,10.1007/s10664-019-09781-y,https://openalex.org/W3004570974,developer-errors; professional-developers; non-education; computing-education-or-software-engineering-not-version-control,"Abstract When identifying the origin of software bugs, many studies assume that “a bug was introduced by the lines of code that were modified to fix it”. However, this assumption does not always hold and at least in some cases, these modified lines are not responsible for introducing the bug. For example, when the bug was caused by a change in an external API. The lack of empirical evidence makes it impossible to assess how important these cases are and therefore, to which extent the assumption is valid. To advance in this direction, and better understand how bugs “are born”, we propose a model for defining criteria to identify the first snapshot of an evolving software system that exhibits a bug. This model, based on the perfect test idea, decides whether a bug is observed after a change to the software. Furthermore, we studied the model’s criteria by carefully analyzing how 116 bugs were introduced in two different open source software projects. The manual analysis helped classify the root cause of those bugs and created manually curated datasets with bug-introducing changes and with bugs that were not introduced by any change in the source code. Finally, we used these datasets to evaluate the performance of four existing SZZ-based algorithms for detecting bug-introducing changes. We found that SZZ-based algorithms are not very accurate, especially when multiple commits are found; the F-Score varies from 0.44 to 0.77, while the percentage of true positives does not exceed 63%. Our results show empirical evidence that the prevalent assumption, “a bug was introduced by the lines of code that were modified to fix it”, is just one case of how bugs are introduced in a software system. Finding what introduced a bug is not trivial: bugs can be introduced by the developers and be in the code, or be created irrespective of the code. Thus, further research towards a better understanding of the origin of bugs in software projects could help to improve design integration tests and to design other procedures to make software development more robust.","openalex, scopus, wos, dblp",human,0.890,human,
discarded,How Software Developers Mitigate Their Errors When Developing Code,Bhaveet Nagaria; Tracy Hall,2020,IEEE Transactions on Software Engineering,10.1109/tse.2020.3040554,https://openalex.org/W3109666658,open-source-modeling; reproducibility; non-education; computing-education-or-software-engineering-not-version-control,"Code remains largely hand-made by humans and, as such, writing code is prone to error. Many previous studies have focused on the technical reasons for these errors and provided developers with increasingly sophisticated tools. Few studies have looked in detail at why code errors have been made from a human perspective. We use Human Error Theory to frame our exploratory study and use semi-structured interviews to uncover a preliminary understanding of the errors developers make while coding. We look particularly at the Skill-based (SB) errors reported by 27 professional software developers. We found that the complexity of the development environment is one of the most frequently reported reasons for errors. Maintaining concentration and focus on a particular task also underpins many developer errors. We found that developers struggle with effective mitigation strategies for their errors, reporting strategies largely based on improving their own willpower to concentrate better on coding tasks. We discuss how using Reason’s Swiss Cheese model may help reduce errors during software development. This model ensures that layers of tool, process and management mitigation are in place to prevent developer errors from causing system failures.","openalex, scopus, wos, dblp",human,0.870,human,
discarded,"Energy system modeling: Public transparency, scientific reproducibility, and open development",Robbie Morrison,2018,Energy Strategy Reviews,10.1016/j.esr.2017.12.010,https://openalex.org/W2794406164,healthcare-modeling; non-education; git-or-software-tooling-without-learner-understanding-findings,"A mid-2017 survey shows that 28 energy system modeling projects have made public their source code, up from six in 2010, and none in 2000. Another six web-based energy sector database projects and nine hybrid projects were established during this same period, some explicitly to service open modeling. Three distinct yet overlapping drivers can explain this shift in paradigm towards open methods: a desire for improved public transparency, the need for genuine scientific reproducibility, and a nascent experiment to see whether open source development methods can improve academic productivity and quality and perhaps also public trust. The associated source code, datasets, and documentation need suitable open licenses to enable their use, modification, and republication. The choice for software is polarized: teams need only consider maximally permissive (ISC, MIT) or strongly protective (GPLv3) licenses. Selection is influenced by whether code adoption or freedom from capture is uppermost and by the implementation language, distribution architecture, and use of third-party components. Permissive data licenses (CC BY 4.0) are generally favored for datasets to facilitate their recombination and reuse. Official and semi-official energy sector data providers should also prefer permissive licensing for copyrightable material.","openalex, scopus, wos, dblp",human,0.960,human,
discarded,Credible practice of modeling and simulation in healthcare: ten rules from a multidisciplinary perspective,Ahmet Erdemir; Lealem Mulugeta; Joy P. Ku; Andrew Drach; Marc Horner; Tina Morrison; Grace C. Y. Peng; Rajanikanth Vadigepalli; William W. Lytton; Jerry G. Myers,2020,Journal of Translational Medicine,10.1186/s12967-020-02540-4,https://openalex.org/W3091749330,code-review; software-engineering; non-education; unrelated-term-match-other-field,"The complexities of modern biomedicine are rapidly increasing. Thus, modeling and simulation have become increasingly important as a strategy to understand and predict the trajectory of pathophysiology, disease genesis, and disease spread in support of clinical and policy decisions. In such cases, inappropriate or ill-placed trust in the model and simulation outcomes may result in negative outcomes, and hence illustrate the need to formalize the execution and communication of modeling and simulation practices. Although verification and validation have been generally accepted as significant components of a model's credibility, they cannot be assumed to equate to a holistic credible practice, which includes activities that can impact comprehension and in-depth examination inherent in the development and reuse of the models. For the past several years, the Committee on Credible Practice of Modeling and Simulation in Healthcare, an interdisciplinary group seeded from a U.S. interagency initiative, has worked to codify best practices. Here, we provide Ten Rules for credible practice of modeling and simulation in healthcare developed from a comparative analysis by the Committee's multidisciplinary membership, followed by a large stakeholder community survey. These rules establish a unified conceptual framework for modeling and simulation design, implementation, evaluation, dissemination and usage across the modeling and simulation life-cycle. While biomedical science and clinical care domains have somewhat different requirements and expectations for credible practice, our study converged on rules that would be useful across a broad swath of model types. In brief, the rules are: (1) Define context clearly. (2) Use contextually appropriate data. (3) Evaluate within context. (4) List limitations explicitly. (5) Use version control. (6) Document appropriately. (7) Disseminate broadly. (8) Get independent reviews. (9) Test competing implementations. (10) Conform to standards. Although some of these are common sense guidelines, we have found that many are often missed or misconstrued, even by seasoned practitioners. Computational models are already widely used in basic science to generate new biomedical knowledge. As they penetrate clinical care and healthcare policy, contributing to personalized and precision medicine, clinical safety will require established guidelines for the credible practice of modeling and simulation in healthcare.","openalex, scopus, wos, dblp",human,0.890,human,
discarded,An exploratory study on confusion in code reviews,Felipe Ebert; Fernando Castor; Nicole Novielli; Alexander Serebrenik,2021,Empirical Software Engineering,10.1007/s10664-020-09909-5,https://openalex.org/W3092281757,code-review; software-quality; non-education; computing-education-or-software-engineering-not-version-control,"Abstract Context Code review is a widely used technique of systematic examination of code changes which aims at increasing software quality. Code reviews provide several benefits for the project, including finding bugs, knowledge transfer, and assurance of adherence to project guidelines and coding style. However, code reviews have a major cost: they can delay the merge of the code change, and thus, impact the overall development process. This cost can be even higher if developers do not understand something, i.e., when developers faceconfusionduring the code review. Objective This paper studies the phenomenon ofconfusionin code reviews. Understanding confusion is an important starting point to help reducing the cost of code reviews and enhance the effectiveness of this practice, and hence, improve the development process. Method We conducted two complementary studies. The first one aimed at identifying the reasons for confusion in code reviews, its impacts, and the coping strategies developers use to deal with it. Then, we surveyed developers to identify the most frequently experienced reasons for confusion, and conducted a systematic mapping study of solutions proposed for those reasons in the scientific literature. Results From the first study, we build a framework with 30 reasons for confusion, 14 impacts, and 13 coping strategies. The results of the systematic mapping study shows 38 articles addressing the most frequent reasons for confusion. From those articles, we found 13 different solutions for confusion proposed in the literature, and five impacts were established related to the most frequent reasons for confusion. Conclusions Based on the solutions identified in the mapping study, or the lack of them, we propose an actionable guideline for developers on how to cope with confusion during code reviews; we also make several suggestions how tool builders can support code reviews. Additionally, we propose a research agenda for researchers studying code reviews.","openalex, scopus, wos, dblp",human,0.890,human,
discarded,Enhanced code reviews using pull request based change impact analysis,Göçmen I.S.,2025,Empirical Software Engineering,10.1007/s10664-024-10600-2,https://www.scopus.com/inward/record.uri?partnerID=HzOxMe3b&scp=85218350753&origin=inward,women-in-gaming; non-education; git-or-software-tooling-without-learner-understanding-findings,"ContextCode reviewing is an essential yet challenging activity due to the potential repercussions associated with changes to the codebase. While version control highlights differences between versions, it may not adequately alert developers to potential side effects of changes. Change impact analysis alongside code differences can guide reviewers in making informed decisions.ObjectiveWe aim to enhance the code review process by providing helpful insights to reviewers by analyzing change impact.MethodWe propose a novel change impact analysis approach with the granularity of pull requests by combining call graph-based dependency analysis and history mining techniques. By utilizing these, we calculate several file metrics and an overall risk score for each pull request. To validate the approach, we conducted two focus group sessions, including a feature feedback survey, a tool demo, a post-demo survey, and focus group discussions. Additionally, we performed experiments on three open-source projects to evaluate the computational feasibility.ResultsFrom the focus groups, our approach received an average of 3.66 out of 5.0 for enhancing the code review experience across five aspects. The current risk score formula averaged 3.2 out of 5.0 for accurately representing change impact, with 71% agreement on the selected metrics. Experiments confirmed computational viability, with analysis times ranging from 7.4 to 22.43 seconds.ConclusionsOur study underscores the potential benefits of integrating change impact analysis into the code review process. By leveraging this approach, developers can conduct more thorough reviews, enhancing their ability to detect and mitigate potential issues arising from code changes.","openalex, scopus, wos, dblp",human,0.950,human,
discarded,Still an Uphill Journey: Women’s Difficulties in Collaborative Gaming Events,Almeida L.A.,2025,Proceedings of the ACM on Human Computer Interaction,10.1145/3711073,https://www.scopus.com/inward/record.uri?partnerID=HzOxMe3b&scp=105004411417&origin=inward,code-review-comprehension; non-education; unrelated-term-match-other-field,"Gender disparity persists in science, technology, engineering, and mathematics (STEM), impacting teamwork, productivity, and innovation. In the gaming industry, women constitute only 30% of professionals, despite comprising half of the players, raising concerns about effective game design and marketing for a diverse audience. Time-bounded collaborative events, such as hackathons and game jams, have been used to promote inclusion, providing opportunities for networking and skill development, among other benefits. However, game jams have low participation rates from minorities. This paper describes a qualitative study using card sorting and interviews with nine women game jam participants to elucidate their difficulties. We explore the interplay of these difficulties, the strategies employed to overcome them, and the subsequent impact on women's experiences. By shedding light on these issues, we aim to contribute insights that help mitigate barriers, fostering a more inclusive environment in the gaming industry and similar domains.","openalex, scopus, wos, dblp",human,0.860,human,
discarded,Code Review Comprehension: Reviewing Strategies Seen Through Code Comprehension Theories,Goncalves P.W.,2025,IEEE International Conference on Program Comprehension,10.1109/ICPC66645.2025.00068,https://www.scopus.com/inward/record.uri?partnerID=HzOxMe3b&scp=105009043103&origin=inward,environmental-health; non-education; computing-education-or-software-engineering-not-version-control,"Despite the popularity and importance of modern code review, the understanding of the cognitive processes that enable reviewers to analyze code and provide meaningful feedback is lacking. To address this gap, we observed and interviewed ten experienced reviewers while they performed 25 code reviews from their review queue. Since comprehending code changes is essential to perform code review and the primary challenge for reviewers, we focused our analysis on this cognitive process. Using Letovsky's model of code comprehension, we performed a theory-driven thematic analysis to investigate how reviewers apply code comprehension to navigate changes and provide feedback.

Our findings confirm that code comprehension is fundamental to code review. We extend Letovsky's model to propose the Code Review Comprehension Model and demonstrate that code review, like code comprehension, relies on opportunistic strategies. These strategies typically begin with a context-building phase, followed by code inspection involving code reading, testing, and discussion management. To interpret and evaluate the proposed change, reviewers construct a mental model of the change as an extension of their understanding of the overall software system and contrast mental representations of expected and ideal solutions against the actual implementation. Based on our findings, we discuss how review tools and practices can better support reviewers in employing their strategies and in forming understanding.

Data and material: https://doi.org/10.5281/zenodo.","openalex, scopus, wos, dblp",human,0.990,human,
