status,title,authors,year,venue,doi,url,tags,abstract,provider,decision_source,llm_confidence,llm_review_outcome,llm_change_direction
discarded,Introducing Code Quality at CS1 Level: Examples and Activities,Cruz Izu; Claudio Mirolo; Jürgen Börstler; Harold Connamacher; Ryan Crosby; Richard Glassey; Georgiana Haldeman; Olli Kiljunen; Amruth N. Kumar; David Liu; Andrew Luxton-Reilly; Stephanos Matsumoto; Eduardo Oliveira; Seán Russell; Anshul Shah,2025,ITiCSE-WGR,10.1145/3689187.3709615,https://openalex.org/W4406803861,cs1; code-quality; computing-education; computing-education-or-software-engineering-not-version-control,"Characterising code quality is a challenge that was addressed by a previous ITiCSE Working Group (Börstler et al., 2017). As emerged from that study, educators, developers, and students have different perceptions of the aspects involved. The perception of code quality by CS1 students develops from the feedback they receive when submitting practical work. As a consequence of increasingly large classes and the widespread use of autograders, student code is predominantly assessed based on functional correctness, emphasising a machine-oriented perspective with scarce or no feedback given about human-oriented aspects of code quality. Such limited perception of code quality may negatively impact how students understand, create, and interact with code artefacts. Although Börstler et al. concluded that ""code quality should be discussed more thoroughly in educational programs"", the lack of materials and time constraints have slowed down progress in that regard.","openalex, scopus, wos, ieee",human,0.960,human,
discarded,Developing and sustaining a student-driven software solutions center—An experience report,Saheed Popoola; Vineela Kunapareddi; Hazem Said,2024,Journal of Systems and Software,10.1016/j.jss.2024.112279,https://openalex.org/W4404387197,student-driven-software-center; real-world-projects; computing-education; computing-education-or-software-engineering-not-version-control,"This paper presents an experience report on the establishment and sustenance of a student-driven software solutions center named Information Technology Solutions Center (ITSC), a unit within the School of Information Technology at the University of Cincinnati. A student-driven solution center empowers students to drive the design, development, execution, and maintenance of software solutions for industrial clients. This exposes the students to real-world projects and ensures that students are fully prepared to meet the demands of the ever-changing industrial landscape. The ITSC was established over a decade ago, has trained over 100 students, and executes about 20 projects annually with several industrial partners including Fortune 500 companies, government institutions, and research agencies. This paper discusses the establishment and maintenance of the center with the goal of motivating and providing a clear blueprint for computing programs that want to establish a similar student-driven software solutions center.","openalex, scopus, wos, ieee",human,0.900,human,
discarded,Exploring and Expanding GSE Education with Open Source Software Development,Rune Hjelsvold; Deepti Mishra,2019,ACM Transactions on Computing Education,10.1145/3230012,https://openalex.org/W2909262429,global-software-engineering-education; open-source-education; software-engineering-education; git-or-software-tooling-without-learner-understanding-findings,"Global software engineering (GSE) courses traditionally require cooperation between at least two universities so as to provide a distributed development environment to the students. In this study, we explore an alternative way to organize a global software engineering course where students work on open source software development (OSSD) projects rather than in a multi-university collaboration setting. The results show that the new setup may provide core GSE challenges as well as challenges associated with software development outsourcing and challenges related to working on large open source software. The present article compares the experiences gained from running a combined GSE and OSSD course against the experiences gained from running a traditional GSE course. The two alternatives are compared in terms of students’ learning outcomes and course organization. The authors found that a combined GSE and OSSD course provides learning opportunities that are partly overlapping with, and partly complementary to, a traditional GSE course. The authors also found that the combined OSSD and GSE course was somewhat easier to organize because most of the activities took place in a single university setting. The authors used the extended GSE taxonomy for the comparison and found it to be a useful tool for this, although it had some limitations in expressive power. Therefore, two additional relationship dimensions are proposed that will further enrich the extended taxonomy in classifying GSE (and OSSD) projects.","openalex, scopus, wos, ieee",human,0.970,human,
discarded,"Managing to release early, often and on time in the OpenStack software ecosystem",José Teixeira; Helena Karsten,2019,Journal of Internet Services and Applications,10.1186/s13174-019-0105-z,https://openalex.org/W2940888766,open-source-release-management; non-education; computing-education-or-software-engineering-not-version-control,"The dictum of “Release early, release often.” by Eric Raymond as the Linux modus operandi highlights the importance of release management in open source software development. However, there are very few empirical studies addressing release management in this context. It is already known that most open source software communities adopt either a feature-based or time-based release strategy. Both have their own advantages and disadvantages that are also context-specific. Recent research reports that many prominent open source software projects have overcome a number of recurrent problems by moving from feature-based to time-based release strategies. In this longitudinal case study, we address the release management practices of OpenStack, a large scale open source project developing cloud computing technologies. We discuss how the release management practices of OpenStack have evolved in terms of chosen strategy and timeframes with close attention to processes and tools. We discuss the number of practical and managerial issues related to release management within the context of large and complex software ecosystems. Our findings also reveal that multiple release management cycles can co-exist in large and complex software ecosystems such as OpenStack.","openalex, scopus, wos, ieee",human,0.900,human,
discarded,Measuring affective states from technical debt,Jesper Olsson; Erik Risfelt; Terese Besker; Antonio Martini; Richard Torkar,2021,Empirical Software Engineering,10.1007/s10664-021-09998-w,https://openalex.org/W3186187273,developer-affect; technical-debt; non-education; computing-education-or-software-engineering-not-version-control,"Abstract Context Software engineering is a human activity. Despite this, human aspects are under-represented in technical debt research, perhaps because they are challenging to evaluate. Objective This study’s objective was to investigate the relationship between technical debt and affective states (feelings, emotions, and moods) from software practitioners. Method Forty participants ( N = 40) from twelve companies took part in a mixed-methods approach, consisting of a repeated-measures ( r = 5) experiment ( n = 200), a survey, and semi-structured interviews. From the qualitative data, it is clear that technical debt activates a substantial portion of the emotional spectrum and is psychologically taxing. Further, the practitioners’ reactions to technical debt appear to fall in different levels of maturity. Results The statistical analysis shows that different design smells (strong indicators of technical debt) negatively or positively impact affective states. Conclusions We argue that human aspects in technical debt are important factors to consider, as they may result in, e.g., procrastination, apprehension, and burnout.","openalex, scopus, wos, ieee",human,0.880,human,
discarded,Digital Twin Prototypes for Supporting Automated Integration Testing of Smart Farming Applications,Alexander Barbie; Wilhelm Hasselbring; Malte Hansen,2024,Symmetry,10.3390/sym16020221,https://openalex.org/W4391752998,digital-twins; testing; smart-farming; non-education; unrelated-term-match-other-field,"Industry 4.0 marks a major technological shift, revolutionizing manufacturing with increased efficiency, productivity, and sustainability. This transformation is paralleled in agriculture through smart farming, employing similar advanced technologies to enhance agricultural practices. Both fields demonstrate a symmetry in their technological approaches. Recent advancements in software engineering and the digital twin paradigm are addressing the challenge of creating embedded software systems for these technologies. Digital twins allow full development of software systems before physical prototypes are made, exemplifying a cost-effective method for Industry 4.0 software development. Our digital twin prototype approach mirrors software operations within a virtual environment, integrating all sensor interfaces to ensure accuracy between emulated and real hardware. In essence, the digital twin prototype acts as a prototype of its physical counterpart, effectively substituting it for automated testing of physical twin software. This paper discusses a case study applying this approach to smart farming, specifically enhancing silage production. We also provide a lab study for independent replication of this approach. The source code for a digital twin prototype of a PiCar-X by SunFounder is available open-source on GitHub, illustrating how digital twins can bridge the gap between virtual simulations and physical operations, highlighting the symmetry between physical and digital twins.","openalex, scopus, wos, ieee",human,0.890,human,
discarded,Sensei: Enforcing secure coding guidelines in the integrated development environment,Pieter De Cremer; Nathan Desmet; Matias Madou; Bjorn De Sutter,2020,Software Practice and Experience,10.1002/spe.2844,https://openalex.org/W3034095895,secure-coding; ide-plugin; non-education; computing-education-or-software-engineering-not-version-control,"Summary We discuss the potential benefits, requirements, and implementation challenges of a security‐by‐design approach in which an integrated development environment plugin assists software developers to write code that complies with secure coding guidelines. We discuss how such a plugin can enable a company's policy‐setting security experts and developers to pass their knowledge on to each other more efficiently, and to let developers more effectively put that knowledge into practice. This is achieved by letting the team members develop customized rule sets that formalize coding guidelines and by letting the plugin check the compliance of code being written to those rule sets in real time, similar to an as‐you‐type spell checker. Upon detected violations, the plugin suggests options to quickly fix them and offers additional information for the developer. We share our experience with proof‐of‐concept designs and implementations rolled out in multiple companies, and present some future research and development directions.","openalex, scopus, wos, ieee",human,0.870,human,
discarded,Less is more: usefulness of data flow diagrams and large language models for security threat validation,Winnie Mbaka; Katja Tuma,2026,Empirical Software Engineering,10.1007/s10664-026-10837-z,https://openalex.org/W7155105012,security-validation; llm; non-education; computing-education-or-software-engineering-not-version-control,"The arrival of recent cybersecurity standards has raised the bar for security assessments in organizations, but existing techniques require a high manual effort. Threat analysis and risk assessment are used to identify security threats for new or refactored systems. Still, there is a lack of definition-of-done, so identified threats have to be validated which slows down the analysis. Existing literature has focused on the overall effectiveness of threat analysis, but no previous work has investigated what material must the analysts use to effectively validate the identified security threats. We conduct a controlled experiment with practitioners to investigate whether having some analysis material (either the system's graphical model or LLM-generated advice) is better than none, and whether having both the system's graphical model and LLM-generated advice is better than having only one of them. We run a pilot of the experiment with 41 MSc students, a think-aloud study with three practitioners, and the experiment survey with 68 recruited practitioners. Our main findings suggest that, in terms of additional material needed for threat validation, less is more. We also find that participants perceived the graphical model as equally useful compared to LLMs and that, despite LLMs not always providing conclusive advice, practitioners still perceived it as somewhat useful. The experimental material and data analysis scripts is publicly available in a replication package.","openalex, scopus, wos, ieee",human,0.860,human,
discarded,Formalizing ethical principles within AI systems: experts’ opinions on why (not) and how to do it,Franziska Poszler; Edy Portmann; Christoph Lütge,2024,AI and Ethics,10.1007/s43681-024-00425-6,https://openalex.org/W4391942149,ai-ethics; expert-opinions; non-education; unrelated-term-match-other-field,"Abstract AI systems are increasingly put into contexts where computed decisions must be guided by ethical considerations. To develop ethically grounded algorithms and technologies, scholars have suggested computational ethics as an essential frontier, which aims to translate ethical principles into computer code. However, computational ethics has received little attention in academic literature so far, with existing work mainly focusing on its technical implementation, while many open questions concerning its (societal and ethical) implications still need to be resolved. Therefore, in this study, we interviewed 12 experts from philosophy, AI and cognitive sciences to shed light on computational ethics beyond a technical perspective. Findings suggest that indicated supporting and opposing arguments can be clustered into pragmatic/practical, societal and epistemic reasons, all of which need to be contemplated when engaging in computational ethics and developing resulting artificial moral agents. Furthermore, the mentioned recommendations for companies’ technological design and development, for industry’s governance measures and academia’s research endeavors are recapitulated and summarized in a holistic framework that aims to facilitate a reflected implementation of ‘ethics in and by design’ in the future.","openalex, scopus, wos, ieee",human,0.940,human,
discarded,Proceedings of the 4th International Workshop on Software Engineering Education for the Next Generation,,2022,SEENG@ICSE,10.1145/3528231,https://openalex.org/W4319431003,software-engineering-education; workshop-proceedings; future-skills; computing-education-or-software-engineering-not-version-control,"In the last 30 years, the demands placed on software engineers have increased dramatically.This is because the systems they develop increase in complexity, size, and criticality as well.Novel system types like adaptive systems or cyber-physical systems and new technologies, like artificial intelligence and virtual reality change the technology landscape.Professionals creating such systems hence need to stay on the cutting edge to face the challenges of the future.Albeit the software engineering community has created a vast toolbox of approaches, techniques, paradigms, and frameworks to meet these challenges, this is only one side of the story: we need to enable future generations of software engineers not only to meet contemporary demands, but also prepare them for challenges that are unforeseen today.This workshop, the fourth in the series since ICSE 2017, brings together scholars, educators, and other stakeholders to discuss the unique needs and challenges of software engineering education for the next generation.Building on its predecessors, the workshop employs a highly interactive format, structured around short presentations to generate discussion topics, an activity to select the most interesting topics, and structured breakout sessions to allow participants to address those topics.","openalex, scopus, wos, ieee",human,0.760,human,
discarded,Proceedings of the Workshop on Natural Language Processing for Indigenous Languages of the Americas (AmericasNLP),,2023,,10.18653/v1/2023.americasnlp-1,https://openalex.org/W4385570977,nlp; indigenous-languages; non-education; unrelated-term-match-other-field,"Driven by the goal of eradicating language barriers on a global scale, machine translation has solidified itself as a key focus of artificial intelligence research today. However, such efforts have coalesced around a small subset of languages, leaving behind the vast majority of mostly low-resource languages. What does it take to break the 200 language barrier while ensuring safe, high-quality results, all while keeping ethical considerations in mind? In this talk, I introduce No Language Left Behind, an initiative to break language barriers for low-resource languages. In No Language Left Behind, we took on the low-resource language translation challenge by first contextualizing the need for translation support through exploratory interviews with native speakers. Then, we created datasets and models aimed at narrowing the performance gap between low and high-resource languages. We proposed multiple architectural and training improvements to counteract overfitting while training on thousands of tasks. Critically, we evaluated the performance of over 40,000 different translation directions using a humantranslated benchmark, Flores-200, and combined human evaluation with a novel toxicity benchmark covering all languages in Flores-200 to assess translation safety. Our model achieves an improvement of 44% BLEU relative to the previous state-of-the-art, laying important groundwork towards realizing a universal translation system in an open-source manner.","openalex, scopus, wos, ieee",human,0.970,human,
discarded,Examining Student and Faculty Perspectives on Hidden Curriculum in Computing Education,Joseph Teahen,2025,,10.37099/mtu.dc.etdr/1962,https://openalex.org/W4414284716,hidden-curriculum; computing-education; student-perspectives; hidden-curriculum-thesis-proposal-no-vcs-findings,"Hidden curriculum (HC) consists of the assumed behaviors, cultural norms, and collective knowledge that students are expected to know, but never taught. Knowledge such as version control tools, interview and resume skills, and self-regulation can fall into the HC. HC exists in a specific institutional and individual context and can change over time, making it hard to address and examine. My thesis work is situated around uncovering and addressing HC in computing education. In this thesis I will present relevant background about HC and computing related HC, present my previous work on the College of Computing Resource Hub and the analysis of usage data from its first semester of deployment, and the methods, results, and discussion of a new study that seeks to examine the perspectives of faculty, peer mentors, and students on HC in computing at Michigan Technological University. The study uses survey methods to collect a view of possible HC at Michigan Technological University's Computer Science Department using literature as a basis. The study then uses semi-structured interviews to deeply examine the specifics of observations and experiences of HC. The interviews and surveys include all three perspectives: student, faculty, and mentor. The surveys and interview are examined to generate possible future angles for research and serve as a pilot study for my dissertation work.","openalex, scopus, wos, ieee",human,0.930,human,
