status,title,authors,year,venue,doi,url,tags,abstract,provider,decision_source,llm_confidence,llm_review_outcome,llm_change_direction
discarded,Unstable IGRA conversions and reversions in a high-incidence setting: preliminary results,"Pai, Madhukar",2010,INTERNATIONAL JOURNAL OF TUBERCULOSIS AND LUNG DISEASE,,https://www.webofscience.com/wos/woscc/full-record/WOS:000278113700007,software-engineering-students; developer-tools; disciplinary-practice; unrelated-term-match-other-field,"TB is a fact of life for health care workers who are consistently exposed to TB. There have been a number of serial testing studies in health care workers. One main goal is to find out more about TB in health care workers by using IGRAs. So far we have learned that IGRAs are dynamic and rates of conversions and reversions vary greatly based on the test used and what cut-offs are chosen. Conversions, reversions and non-specific variations occur with serial IGRA testing, just as they occur with serial tuberculin testing. Reversions are frequent with IGRAs. Within-subject reproducibility of IGRAs was moderate; IFN-gamma values around the cut-off fluctuate and cause apparent conversions and reversions. IGRA conversion rates vary, depending on the threshold used. Conversions are highest when a simple negative to positive change is used. IGRA conversion rates are higher than TST conversion rates unless more stringent cut-offs are used for IGRA conversions. IGRA reversions are frequent, particularly in weakly positive results and in those with baseline TST-negative/ IGRA-positive discordance. Both tests are associated with markers of exposure, but the magnitude differs for some correlates (e.g., BCG and age). They established a cohort of medical and nursing students in rural Central India and serially tested them using QFT/GIT at 6 monthly intervals (0, 6 and 12 months); 80% of all students had stable patterns over time. Looking at early vs. late conversions, there was an 11% conversion rate at 6 months and a 21% reversion rate at 6 months. At 12 months, there was an 8% conversion and a 14% reversion rate. Of 16 QFT conversions at 6 months, 14 reverted to negativity at 12 months ('unstable conversions'), while two cases stayed positive ('stable conversions'). QFT reversion in this analysis was defined as a change from positive to negative. Clearly IGRAs are forcing us to re-think the epidemiology of nosocomial TB and ask questions such as why: 1) some individuals stay persistently negative in the face of repeated exposures; 2) some individuals stay persistently positive are they most likely to progress to active disease; 3) some individuals convert early vs. late; and 4) some individuals revert even when repeated exposures are likely (as in health care workers and contacts in high-incidence settings). What about the programmatic implications? It is clear that IGRAs are dynamic tests and this characteristic needs to be taken into account by TB infection control programs. There are several factors that may determine which health care workers will end up on preventive therapy and they include the test used (TST vs. IGRA), the definition used for IGRA conversions, and the timing of serial testing (annual vs. more frequent testing). Annual testing may miss some conversions, but 6-monthly testing may pick up transient infections. Given unstable conversions and reversion results, we still struggle with the issue of who to treat. This needs further study because we do not understand what these conversions and revisions mean.",wos,human,0.900,human,
discarded,Understanding Software Engineering Practices and Tools in Undergraduate Mechanical Engineering Students,Bhatia P.,2026,SIGCSE TS 2026 Proceedings of the 57th ACM Technical Symposium on Computer Science Education V 1,10.1145/3770762.3772667,https://www.scopus.com/inward/record.uri?partnerID=HzOxMe3b&scp=105031879285&origin=inward,medical-education; embryology; non-computing; septs-adoption-mechanical-engineering-not-vcs-understanding,"Though software development has increasingly become a part of modern engineering practice, even outside of computing, we lack a sufficiently deep understanding of how engineers in many disciplines learn and use software engineering practices and tools (SEPTs). SEPTs include, but extend beyond, programming itself, consisting of practices (e.g., unit testing) and tools (e.g., version control software) that support the design, implementation, or maintenance of software. While many disciplines outside of computing teach programming in their undergraduate curricula, little is known about how these disciplines use, teach, or adopt SEPTs. We thus conducted an exploratory qualitative study on SEPTs among undergraduate students in mechanical engineering (ME), one of the largest engineering disciplines in the US. Specifically, we explored two research questions: (1) What SEPTs do undergraduate ME students use in their work? (2) What factors influence undergraduate ME students' adoption of these SEPTs? We conducted and analyzed three unstructured interviews with ME students at different institutions, using the Guide to the Software Engineering Body of Knowledge (SWEBOK) and the Unified Theory of Acceptance and Use of Technology (UTAUT) as theoretical frameworks. Our results show that ME students' SEPTs span relatively few SWEBOK areas, and are strongly influenced by course design, disciplinary context, and expected time/effort. These results suggest that with continued work in this area, we can likely gain and apply evidence-based insights to improve the teaching of SEPTs within ME in a way that is authentic to its disciplinary context.",scopus,human,0.880,human,
discarded,Enhancing understanding of Embryology through POGIL: An Innovative Approach,Verma R.,2025,International Journal of Anatomy and Research,10.16965/ijar.2025.255,https://www.scopus.com/inward/record.uri?partnerID=HzOxMe3b&scp=105025794216&origin=inward,geotourism; digital-platform; non-computing-education; unrelated-term-match-other-field,,scopus,human,0.840,human,
discarded,"Australian Geotourism Discovery Platform: A Sustainable and User-Friendly Platform for Accessible Exploration of Geosites, Geotrails, Cultural, and Mining Heritage Sites",Williams M.A.,2024,Sustainability Switzerland,10.3390/su16135482,https://www.scopus.com/inward/record.uri?partnerID=HzOxMe3b&scp=85198490982&origin=inward,software-engineering-education; gender; student-performance; unrelated-term-match-other-field,"Geotourism focuses on an areas' geodiversity and cultural landscape to provide visitor engagement, learning, and enjoyment. Geotourism is pivotal in achieving the Sustainable Development Goals (SDGs), as recognised by the United Nations. This study examines the development of the Australian Geotourism Discovery Portal (AGDP) and its role in promoting sustainable geotourism, aligned with Australia's National Geotourism Strategy strategic goals, and in providing a framework for the development of digital platforms for geotourism. The AGDP's development was guided by a deductive development approach to examine the link between Geographical Information Technologies (GITs) and SDGs and subsequently applying findings to a stakeholder-led design process aligned with the needs of identified putative user groups. With a focus on two key user groups, the 'Grey Nomads' and 'Students & Educators', we used our deductive approach to iteratively test and refine the platform's development based on the key attributes and preferences of these user groups for different accessibility, educational, and experiential needs. The AGDP employed ESRI ArcGIS Hub Web-GIS technology to promote geosites, geotrails, mining sites, indigenous cultural heritage sites, and GeoRegions in Australia. The implementation of the AGDP highlighted the potential to enhance public understanding of Australia's natural and cultural heritage and the significant opportunity to leverage emerging GITs in maintaining the sustainable development initiatives of the geotourism sector. The framework established provides a replicable model that can be adapted and applied to other regions around the world, offering a tool and process development that can be used in a range of stakeholder- and community-led sustainable development initiatives.",scopus,human,0.930,human,
discarded,"A Statistical Study of Female Students in a Software Engineering Class: Preparedness, Performance, and Contribution",Cui J.,2024,Proceedings Frontiers in Education Conference Fie,10.1109/FIE61694.2024.10893315,https://www.scopus.com/inward/record.uri?partnerID=HzOxMe3b&scp=105000755436&origin=inward,speech-corpus; duplicate; non-education; computing-education-or-software-engineering-not-version-control,"This is a research-to-practice full paper. Several research studies indicate that women who have opted into a computing career path must regularly contend with negative stereotypes about their technical abilities. These stereotypes are often cited as contributing factors to the underrepresentation of women in computing. To counter these stereotypes and enhance female participation in computer science, numerous interventions have been designed. However, most existing research tends to rely on anecdotal evidence and questionnaires to study these stereotypes. In contrast, our study collected data from over 900 students over a span of eight years and adopted a comprehensive quantitative approach to examine these stereotypes about female students. We utilized pre-class GitHub contribution metrics to evaluate students' programming experience and an array of in-class grading items to measure students' performance. Additionally, we mined the project repositories' git logs to gain insights into students' contributions to team projects. Our investigation began by probing whether there was a notable difference in the technical backgrounds or preparedness between female and male students. The results indicated that males tended to be better prepared. Next, we explored potential disparities in class performance between the two genders. Our findings revealed that males and females each excelled in different areas. We were also interested in discerning if female and male students contributed equally to team projects; our analysis affirmed that the contributions were comparable between the two groups. If allowed to choose their teammates, we examined whether they showed a preference for single-gender teams or mixed-gender teams. Our conclusions indicated no marked preference. This paper aims to augment the body of research on computing education by assisting educators in gaining a better understanding of female students in the class. Moreover, it tests the stereotypes by comparing them with empirical results.",scopus,human,0.880,human,
discarded,My Science Tutor (MyST)-A Large Corpus of Children's Conversational Speech,Pradhan S.S.,2024,2024 Joint International Conference on Computational Linguistics Language Resources and Evaluation Lrec Coling 2024 Main Conference Proceedings,,https://www.scopus.com/inward/record.uri?partnerID=HzOxMe3b&scp=85195976713&origin=inward,biology; non-education; unrelated-term-match-other-field,,scopus,human,0.990,human,
discarded,Profiling bitter taste receptors (TAS2R) along the gastrointestinal tract and their influence on enterohormone secretion. Gender- and age-related effects in the colon,Jalševac F.,2024,Frontiers in Endocrinology,10.3389/fendo.2024.1436580,https://www.scopus.com/inward/record.uri?partnerID=HzOxMe3b&scp=85208609948&origin=inward,bioinformatics; non-education; unrelated-term-match-other-field,"Extraoral bitter taste receptors offer intriguing potential for modulating metabolism and the gut-brain axis through dietary interventions. Our understanding of these receptors is limited, and data on their effects on ageing are scarce. The complexity conveyed by their high diversity, low expression levels and species-dependent variability challenges our comprehension. We used real-time PCR to examine the relative abundance of multiple TAS2R across different segments of gastrointestinal mucosa in four human cohorts and related them to enteroendocrine secretions at the colon site. TAS2R14 exhibited the highest expression levels in all analyzed tissues. In contrast, TAS2R39, -38 and -42 consistently exhibited lower expression levels. Ageing was found to upregulate TAS2R4, -5, -13, -20 and GLP-1 mRNA in the descending colon. Stimulating TAS2R14 in Hutu-80 cells induced GLP-1 secretion, while stimulating TAS2R5 modulated GLP-1 and PYY secretion. Given the modifications TAS2R agonists may undergo along the GIT, as well as the distinctive expression patterns and possible functional roles of TAS2R receptors along the intestinal tract, our findings suggest the viability of a targeted strategy aimed at enhancing specific functions to improve health outcomes. This study offers valuable insights into the intricate interplay between bitter taste receptors, gut physiology and potential dietary interventions.",scopus,human,0.990,human,
discarded,ECAmyloid: An amyloid predictor based on ensemble learning and comprehensive sequence-derived features,Yang R.,2023,Computational Biology and Chemistry,10.1016/j.compbiolchem.2023.107853,https://www.scopus.com/inward/record.uri?partnerID=HzOxMe3b&scp=85151402228&origin=inward,undergraduate-research; devops-education; student-experience; diagnostic-test-or-misconception-study-other-domain,"Amyloid fibrils formed by the mis-aggregation of amyloid proteins can lead to neuronal degenerations in the Alzheimer's disease. Predicting amyloid proteins not only contributes to understanding physicochemical prop-erties and formation mechanism of amyloid proteins, but also has significant implications in the amyloid disease treatment and the development of a new purpose for amyloid materials. In this study, an ensemble learning model with sequence-derived features, ECAmyloid, is proposed to identify amyloids. The sequence-derived features including Pseudo Position Specificity Score Matrix (Pse-PSSM), Split Amino Acid Composition (SAAC), Solvent Accessibility (SA), and Secondary Structure Information (SSI) are employed to incorporate sequence composition, evolutionary and structural information. The individual learners of the ensemble learning model are selected by an increment classifier selection strategy. The final prediction results are determined by voting of prediction results of multiple individual learners. In view of the imbalanced benchmark dataset, the Synthetic Minority Over-sampling Technique (SMOTE) is adopted to generate positive samples. To eliminate irrelevant features and redundant features, correlation-based feature subset (CFS) selection combined with a heuristic search strategy is performed to obtain the optimal feature subset. Experimental results indicate that the ensemble classifier achieves an accuracy of 98.29%, a sensitivity of 0.992, a specificity of 0.974 on the training dataset using the 10-fold cross validation, far higher than the results obtained by its individual learners. Compared with the original feature set, the accuracy, sensitivity, specificity, MCC, F1-score, G-Mean of the ensemble method trained by the optimal feature subset are improved by 1.05%, 0.012, 0.01, 0.021, 0.011 and 0.011, respectively. Moreover, the comparison results with existing methods on two same independent test datasets demonstrate that the proposed method is an effective and promising predictor for large-scale deter-mination of amyloid proteins. The data and code used to develop ECAmyloid has been shared to Github, and can be freely downloaded at https://github.com/KOALA-L/ECAmyloid.git.",scopus,human,0.850,human,
discarded,Integrating DevOps to Enhance Student Experience in an Undergraduate Research Project,Gniadek R.,2022,ASEE Annual Conference and Exposition Conference Proceedings,,https://www.scopus.com/inward/record.uri?partnerID=HzOxMe3b&scp=85138264242&origin=inward,git-experience; duplicate; non-education; git-or-software-tooling-without-learner-understanding-findings,,scopus,human,0.820,human,
discarded,A behavioral approach to understanding the git experience,Milliken G.,2021,Proceedings of the Annual Hawaii International Conference on System Sciences,,https://www.scopus.com/inward/record.uri?partnerID=HzOxMe3b&scp=85108358125&origin=inward,programming-education; stackoverflow-era; version-control; automated-testing; scope-academic-researchers-not-students,,scopus,human,0.950,human,
discarded,Challenges of Teaching Programming in StackOverflow Era,Pöial J.,2021,Advances in Intelligent Systems and Computing,10.1007/978-3-030-68198-2_65,https://www.scopus.com/inward/record.uri?partnerID=HzOxMe3b&scp=85104410191&origin=inward,it-use; normative-behavior; non-education; computing-education-or-software-engineering-not-version-control,"Teaching computer programming has changed a lot during the last 15 years. Instead of visiting lectures, reading books, documentation and manuals, solving individual programming tasks, etc., students prefer to ""find"" solutions to all problems in Google, StackOverflow and similar forums, You-Tube videos and other helpful tools. It could be enjoyed, if there were no negative side effects: programs are created without proper understanding using ""copy and paste"" from different sources and brute force hacks to comply them to the tests. Often these internet resources are incomplete, contain errors and do not fit to solve the given problem.

This article covers some techniques used by the author in the following areas:

1. Choice of assignments - full scale projects vs. small (but meaningful and complex enough) exercises.

2. Using version control to track students' progress.

3. Using learning environments, e.g. Moodle.

4. Role of automated tests.

5. Cheating issues.

6. Providing enough feedback to massive amount of homework.

7. Using ""flipped classroom"" and ""work in pairs"" approaches.

Daily teaching in a rapidly changing environment necessitates constant updating of teaching methods using peer experience, continuous student feedback, professional publications and common sense. Author has tried ""flipped classroom"" and ""work in pairs"" approaches combined with automated assessment and version control for a medium level programming course (""Algorithms and Data Structures""). The results were impressive - dropout decreased from 54% to 17% in two years.",scopus,human,0.950,human,
discarded,Explaining normative behavior in information technology use,Maity M.,2019,Information Technology and People,10.1108/ITP-11-2017-0384,https://www.scopus.com/inward/record.uri?partnerID=HzOxMe3b&scp=85059701639&origin=inward,game-design; collaboration; non-computing-education; unrelated-term-match-other-field,"Purpose The purpose of this paper is to identify a model that provides explanations for normative behavior in information technology (IT) use, and to test the model across two different types of normative behavior (i.e. green information technology (GIT), and digital piracy (DP)).

Design/methodology/approach The proposed model is based on the norm activation model (NAM) and the unified theory of acceptance and use of technology model (UTAUT). A total of 374 and 360 usable responses were obtained for GIT and DP, respectively. The authors use the SEM technique in order to test the proposed model on the two sub-samples.

Findings Findings from the proposed model show that DP users' personal norm (PN) negatively impacts behavioral intention and actual behavior. These findings indicate that users of IT who indulge in DP understand that use of pirated software may not be a socially approved behavior but they still indulge in it because their PNs are not aligned with social expectations. GIT users' PN positively impacts behavioral intention and actual behavior, and the relationship is stronger for behavioral intention than for actual behavior.

Research limitations/implications The sample consists of college students and working professionals based in India who may be savvy with respect to internet use. Future work may evaluate whether the pattern of results that the authors report for normative behavior does hold across other types of normative behavior.

Practical implications These findings hint at a gap between the moral compass and the final action taken by DP users. What managers need to do is to create awareness among their customers about the implementation of DP/GIT and help users engage in normative behavior.

Originality/value This research contributes to the literature by integrating the UTAUT and the NAM to explain normative behavior of IT use. The authors propose and test a model that identifies cognitive as well as social-psychological motivations to explain normative behavior in IT use, which have been sparingly studied in extant literature, and provides a holistic understanding of the phenomenon. As such, this research contributes to the existing knowledge of understanding of normative IT behavior.",scopus,human,0.800,human,
discarded,Interview findings on middle schoolers' collaboration in self-organizing game design teams,Reynolds R.B.,2013,Computer Supported Collaborative Learning Conference Cscl,,https://www.scopus.com/inward/record.uri?partnerID=HzOxMe3b&scp=84886553586&origin=inward,conference-proceedings; software-maintenance; non-education; unrelated-term-match-other-field,,scopus,human,0.940,human,
discarded,"Proceedings - 2012 16th European Conference on Software Maintenance and Reengineering, CSMR 2012",,2012,Proceedings of the European Conference on Software Maintenance and Reengineering CSMR,,https://www.scopus.com/inward/record.uri?partnerID=HzOxMe3b&scp=84860532357&origin=inward,computer-vision; non-education; computing-education-or-software-engineering-not-version-control,,scopus,human,0.990,human,
