status,title,authors,year,venue,doi,url,tags,abstract,provider,decision_source,llm_confidence,llm_review_outcome,llm_change_direction
discarded,A Proposed Model for Evaluating Quality of Technology Enabled Learning in Management Education Programmes,Dhouchak P.,2026,Global Business Review,10.1177/09721509221107965,https://www.scopus.com/inward/record.uri?partnerID=HzOxMe3b&scp=85135039494&origin=inward,tel-quality; management-education; general-edtech; unrelated-term-match-other-field,"Most businesses today have started utilizing innovative informational technologies such as digital marketing, fin-tech, digital human resources management and business analytics. Educating people on these new skills presents a business opportunity for educational technology (edtech) companies. Many technology-enhanced learning (TEL)-based business education programmes are being developed recently, promising to enhance professional skills and knowledge. The marketing information surrounding these programmes overloads learners’ minds and makes it impossible to determine which programmes are worth their time and money. Such learning solutions are developed using competency-based education (CBE) frameworks and by leveraging TEL environments. Moreover, the complexity of CBE-TEL-based interventions makes it difficult to evaluate their quality. The present study intends to overcome this challenge by identifying the qualitative factors that enhance professional competence in TEL environments. The study proposed a new model called ‘Competence Based Technology Enabled Learning’ (COBTEL), which has been empirically tested for its validity and reliability. The model is analysed using partial least squares algorithm-based structural equation modelling to evaluate TEL-based programmes’ competence-enhancing aspects from the learners’ perspective. In addition, the utilization of the COBTEL model would assist institutes, universities and governments in improving the quality of management education programmes.","openalex, scopus, wos, dblp",human,0.740,human,
discarded,Myths about Teaching and Learning Organic Chemistry,Graulich N.,2026,Journal of Chemical Education,10.1021/acs.jchemed.5c01507,https://www.scopus.com/inward/record.uri?partnerID=HzOxMe3b&scp=105032238068&origin=inward,chemistry-education; perspective; non-computing; diagnostic-test-or-misconception-study-other-domain,"High Resolution Image Download MS PowerPoint Slide This Perspective brings to light and challenges a set of persistent myths that seem to subtly influence the teaching and learning of organic chemistry. We have chosen nine myths that reflect common beliefs, which may have arisen from historically established teaching methods, systemic reasons for content coverage, large class sizes, expert “blind spots”, and/or personal instructional preferences. These myths may prevent students from meaningful learning and can inadvertently promote superficial memorization over a deeper understanding of concepts and reaction mechanisms. For each myth, we examine its origin and outline insights and design principles informed by empirical research in chemistry education, highlighting practical approaches that bridge the gap between theory and practice. The overall aim is to raise awareness of persistent myths and encourage efforts to replace them with strategies that foster conceptual understanding, mechanistic reasoning, and more meaningful engagement with organic chemistry.","openalex, scopus, wos, dblp",human,0.910,human,
discarded,"Teacher Interpersonal Behaviours, Communication Apprehension, Self-Efficacy and Academic Engagement in Technology-Mediated EFL Classrooms: A Cross-Sectional Study of Mongolian Trilingual Learners",Yao N.,2026,European Journal of Education,10.1111/ejed.70397,https://www.scopus.com/inward/record.uri?partnerID=HzOxMe3b&scp=105024858013&origin=inward,language-learning; technology-mediated; non-computing; unrelated-term-match-other-field,"
 
 Grounded in social constructivist and affective learning perspectives, this study addressed a key research gap concerning how teacher interpersonal behaviours and emotional factors jointly influence Mongolian English as a Foreign Language (EFL) learners' engagement in technology‐mediated classrooms. Despite extensive research on teacher–student interactions and learner affect in other regions, Mongolian trilingual learners in the Inner Mongolia Autonomous Region of China remain underrepresented in empirical inquiry. To bridge this gap, the present study examined the relationships among teacher interpersonal behaviours, communication apprehension, self‐efficacy, willingness to communicate and academic engagement. Participants were 588 Mongolian trilingual undergraduates selected through purposive sampling. Data were collected via five validated scales, and analyses were conducted using SPSS Version 27 for descriptive, correlational and regression analyses, and AMOS Version 24 for structural equation modelling (SEM). Results revealed strong positive correlations among the main constructs, with SEM indicating that teacher interpersonal behaviours (
 β
  = 0.42,
 p
  < 0.001) positively predicted self‐efficacy, willingness to communicate and engagement, while communication apprehension (
 β
  = −0.36,
 p
  < 0.001) negatively affected these outcomes. The model explained 64% of the variance in academic engagement, supporting the hypothesised relationships. These findings highlight the critical role of supportive teacher–student relationships and the need to address emotional barriers in digital learning environments. The study contributes theoretically by extending engagement models to trilingual, technology‐enhanced EFL contexts and practically by offering pedagogical recommendations for fostering affective support and reducing communication apprehension to optimise learner participation.
","openalex, scopus, wos, dblp",human,0.880,human,
discarded,"The Effect of Ipsative Assessment on EFL Learners’ Argumentative Writing Development: Complexity, Accuracy, and Fluency in Focus",Gholam-Shahbazi H.,2026,International Journal of Language Testing,10.22034/ijlt.2025.494430.1399,https://www.scopus.com/inward/record.uri?partnerID=HzOxMe3b&scp=105044653181&origin=inward,language-assessment; non-computing; unrelated-term-match-other-field,,"openalex, scopus, wos, dblp",human,0.880,human,
discarded,The Facilitating Role of Enjoyment and Anxiety in Shaping (AI-Mediated) Informal Language Learning and Confidence: An Explanatory Sequential Mixed-Methods Investigation,Zhao X.,2026,Journal of Computer Assisted Learning,10.1002/jcal.70181,https://www.scopus.com/inward/record.uri?partnerID=HzOxMe3b&scp=105026604451&origin=inward,language-learning; ai-mediated; non-computing; unrelated-term-match-other-field,"
 
 
 Despite growing attention to English education in Bangladesh, conventional classroom instruction often fails to meet learners' diverse needs or ensure effective language development. Informal digital learning of English (IDLE) has emerged as a promising avenue for fostering learners' affective experience and enhancing proficiency beyond formal classroom settings. Nevertheless, empirical evidence on how Bangladeshi learners participate in and experience self‐directed language learning remains scarce, underscoring the need for further investigation.
 
 
 
 Drawing on the broaden‐and‐build theory, this study examines how foreign language enjoyment (FLE) and foreign language anxiety (FLA) shape learners' IDLE and (AI‐mediated) IDLE (AI‐IDLE) behaviours and learning confidence.
 
 
 
 An explanatory sequential mixed‐methods design was adopted, integrating quantitative data from 1045 university students with qualitative insights from 26 semi‐structured interviews. Structural equation modelling (SEM) was employed to test the hypothesized relationships among variables, followed by thematic analysis to enrich the interpretation.
 
 
 
 Quantitative findings revealed that FLE positively predicted IDLE behaviour and learning confidence, whereas FLA, traditionally viewed as debilitating, also exerted a facilitating effect by directly promoting participation in IDLE and AI‐IDLE activities and indirectly enhancing learning confidence. IDLE significantly predicted both AI‐IDLE and learning confidence, while FLE did not directly predict AI‐IDLE. Qualitative findings corroborated these results and further highlighted additional factors (e.g., instrumental motivation and cognitive ability) that contribute to the complexity of the emotion‐(AI) IDLE‐confidence link. This study provides pedagogical implications for optimising learners' technology‐mediated informal learning in the Bangladeshi context.
","openalex, scopus, wos, dblp",human,0.830,human,
discarded,The Performance of Power: Phenomenographic Insights into Narcissism in Principals’ Leadership Practices,Barkhoda S.J.,2026,Leadership and Policy in Schools,10.1080/15700763.2026.2680696,https://www.scopus.com/inward/record.uri?partnerID=HzOxMe3b&scp=105040706470&origin=inward,leadership; phenomenography; non-computing; phenomenography-other-domain,"This phenomenographic study explores how narcissistic leadership manifests in Iran’s centralized school system. Through interviews, narratives, and open-ended questions with teachers and principals, five categories of experience emerged: self-display, symbolic control, fear of lost legitimacy, heroic self-narrative, and structural reproduction. Principals enact authority through image and control, while teachers perceive exclusion and self-preservation. The findings position narcissism as socially and structurally embedded, rather than merely trait-based, advancing understanding of destructive leadership in centralized educational contexts and demonstrating the usefulness of phenomenography for examining varied leadership experiences and informing more collaborative leadership development.","openalex, scopus, wos, dblp",human,0.930,human,
discarded,Students' Emotional Responses to Mistakes: An Ecological Momentary Assessment Study in University Chemistry Laboratory,Kyynäräinen R.,2026,Science Education,10.1002/sce.70079,https://www.scopus.com/inward/record.uri?partnerID=HzOxMe3b&scp=105038533664&origin=inward,chemistry-lab; student-emotions; non-computing; diagnostic-test-or-misconception-study-other-domain,"
 This study explores students' emotions in the undergraduate chemistry laboratory, focusing particularly on emotional responses to making mistakes. Using an ecological momentary assessment design, we collected on‐task data from 240 students and 1635 learning situations during the laboratory sessions. A multilevel structural equation modeling framework, including a model with random slopes, was used to examine how situational factors (i.e., type of mistake and support in solving the mistake) and individual factor (i.e., gender, performance level, and subjective task values) affected students' emotional responses. Our findings suggest that mistakes typically trigger negative activating emotions in students. Individual factors also influenced emotional responses—well‐performing students were less prone to elevated anxiety and frustration, remaining more relaxed in mistake situations, whereas students with high perceived emotional costs of laboratory activities experienced a more intense increase in anxiety in mistake situations. The type of mistake played an important role: careless mistakes were associated with more positive emotions, whereas students experienced increased anxiety and frustration and decreased positive emotions when the mistake stemmed from skill or knowledge gaps. The form of support also mattered: teacher support was linked to intensified anxiety and frustration in students, while peer support showed no statistically significant impacts on emotional levels. To foster meaningful learning, targeted support in emotional regulation should be provided for lower‐performing students and those with high perceived emotional costs in mistake situations, particularly when mistakes stem from a lack of skill or knowledge.","openalex, scopus, wos, dblp",human,0.880,human,
discarded,"Modeling the contribution of shame, boredom, and enjoyment to multilingual students’ willingness to communicate in a blended learning environment",Bensalem E.,2026,Applied Linguistics Review,10.1515/applirev-2024-0199,https://www.scopus.com/inward/record.uri?partnerID=HzOxMe3b&scp=105020726514&origin=inward,language-learning; blended-learning; non-computing; unrelated-term-match-other-field,"Abstract While extensive research has explored the influence of emotions on students’ willingness to communicate (WTC) in face-to-face as well as online language classes, there is a notable gap in understanding how emotions such as shame, boredom, and enjoyment impact communication behavior in the context of a hybrid learning environment. To address this gap, the current study investigated the associations among shame, boredom, enjoyment, and WTC. It also examined whether WTC was predicted by the other three constructs, namely shame, boredom, and enjoyment. A total of 411 Saudi Arabian students completed four questionnaires. The results of structural equation modeling (SEM) revealed that the most significant factor influencing WTC was shame, followed by boredom. Unexpectedly, enjoyment did not influence students’ WTC. The implications of the obtained results are explained to educators to make efforts to enhance students’ emotional-communicative experiences in a hybrid learning environment.","openalex, scopus, wos, dblp",human,0.890,human,
discarded,Cultivating critical thinking dispositions in EGAP courses: The importance of teaching materials selection,Li Z.,2026,English for Specific Purposes,10.1016/j.esp.2025.10.006,https://www.scopus.com/inward/record.uri?partnerID=HzOxMe3b&scp=105021228405&origin=inward,egap; critical-thinking; non-computing; unrelated-term-match-other-field,"Designers and instructors of English for General Academic Purposes (EGAP) courses aim to integrate critical thinking into the curriculum but often lack actionable strategies. To address this challenge, our study proposed and evaluated strategies for selecting teaching materials that instructors can readily implement. We recruited 853 graduate students enrolled in EGAP courses in China and collected data on their critical thinking dispositions at four different time points with an eight-week interval. Along with the four-wave data collection, we also collected information on students' prior test grades and teachers' use of discipline-specific, latest research-related teaching materials to build a nonlinear conditional latent growth model. The results showed that students' critical thinking dispositions exhibited temporal growth within the EGAP course context. Furthermore, with students' prior test grades controlled, exposure to discipline-specific, latest research-related materials in EGAP courses promoted the temporal growth of students’ critical thinking dispositions. Implications for cultivating critical thinking through EGAP instruction, particularly in Chinese educational contexts, are discussed.","openalex, scopus, wos, dblp",human,0.910,human,
discarded,It’s Not All About Distance: Exploring Perceptions of Women’s Golf Performance,Legg L.,2026,Women in Sport and Physical Activity Journal,10.1123/wspaj.2025-0096,https://www.scopus.com/inward/record.uri?partnerID=HzOxMe3b&scp=105038440429&origin=inward,sport-performance; non-education; unrelated-term-match-other-field,"There has been substantial growth in women’s golf participation and exposure since 2019. As golf has tended to be a sport predominantly played by men, much of the research and coaching to enhance golf performance is based on insights from men and might not be applicable to women. It is unknown how women’s golf performance is defined, which may consequentially mean that women utilize different strategies to achieve these performance outcomes. The purpose of this study was to understand how golfers and coaches perceive women’s golf performance. The study sought to identify if age, handicap, or playing intent influenced perceptions of performance across women golfers. A sequential exploratory mixed methods research design in which identified themes from semistructured interviews were used to develop a questionnaire was employed (Supplementary Material [available online]). An interpretive phenomenological approach was used to identify themes from the interviews. Descriptive and chi-squared analysis statistics were used to identify if golfer demographics (age, handicap, and intent) significantly influenced performance definitions between questionnaire responses. The interviews revealed that golf performance was defined using outcome- (speed and distance) and process-oriented goals (smooth, rhythmic, and control). A greater emphasis was placed on process-oriented performance goals by the golfers compared with coaches. This finding was supported by the questionnaire, which found that women, regardless of handicap or intent, valued process-oriented performance goals over outcome-oriented goals. Findings suggest women have different performance outcomes than the traditional speed and distance metrics, which requires that future research, coaching practices, and equipment design account for different performance goals perceived for women golfers.","openalex, scopus, wos, dblp",human,0.980,human,
discarded,Exploring the meaning of life and perception of death: a phenomenological study of the psychological experiences of Chinese adolescent patients who attempted suicide,Miao Q.,2026,Psychology Health and Medicine,10.1080/13548506.2025.2519240,https://www.scopus.com/inward/record.uri?partnerID=HzOxMe3b&scp=105009523342&origin=inward,phenomenology; clinical-psychology; non-education; unrelated-term-match-other-field,"ABSTRACT The incidence of emotional disorders among Chinese adolescents has risen, particularly during the three years of the COVID-19 pandemic, resulting in an alarming increase in suicide rates and becoming an undeniable public health issue. A qualitative descriptive design was used, researchers conducted semi-structured in-depth interviews with 16 adolescent suicide attempters. This study explores the psychological experiences and perceptions of life and death of Chinese adolescent patients with suicide attempts to provide a foundation and recommendations for developing targeted suicide prevention strategies for adolescents.Three themes can be identified in the psychological experiences of Chinese adolescents who attempted suicide. The first theme is loss of sense of meaning in life. This theme consists of 3 sub-themes, including a sense of insignificance and worthlessness, a sense of despair and helplessness, and a sense of no attachment and no support. The second theme is the one-sided perception of death. This theme consists of 3 sub-themes, including death can be pain-free, death as a means of relieving oneself and others of burdens, and death as a ‘reboot’ of life. The third theme is complex experiences following attempted suicide. This theme consists of 4 sub-themes, including feeling regret and guilt, thoughts of attempting suicide again, feeling shame due to stigma, and desire for an emotional link with others.When the accumulated psychological pain of a suicidal adolescent, combined with a lack of perception and experience of life’s meaning and a scientific understanding of death, leads to suicidal ideation, it becomes a serious public health issue. We recommend that society pay more attention to educating young people about the value of life and death. A multidimensional intervention approach that involves family, school, and society should be developed to explore a suicide intervention concept that prioritizes the growth of young people’s lives as the primary value orientation.","openalex, scopus, wos, dblp",human,0.980,human,
discarded,A Psychological Perspective on Higher Education Research,Xu D.,2026,Palgrave Studies in Global Higher Education,10.1007/978-3-032-07781-3_3,https://www.scopus.com/inward/record.uri?partnerID=HzOxMe3b&scp=105027243174&origin=inward,higher-education-research; general-education; unrelated-term-match-other-field,,"openalex, scopus, wos, dblp",human,0.900,human,
