status,title,authors,year,venue,doi,url,tags,abstract,provider,decision_source,llm_confidence,llm_review_outcome,llm_change_direction
discarded,Environmental Greenness and Cardiovascular Health,Aitken W.W.,2025,Environmental Greenness and Cardiovascular Health,10.1016/C2024-0-04118-5,https://www.scopus.com/inward/record.uri?partnerID=HzOxMe3b&scp=105023741107&origin=inward,marine-management; non-education; unrelated-term-match-other-field,,"openalex, scopus, wos, dblp",human,0.990,human,
discarded,Marine Ecosystem-Based Management,Haugen J.B.,2025,Marine Ecosystem Based Management,10.1016/C2024-0-04218-X,https://www.scopus.com/inward/record.uri?partnerID=HzOxMe3b&scp=105023728739&origin=inward,women-in-software; mental-health; non-education; unrelated-term-match-other-field,,"openalex, scopus, wos, dblp",human,0.870,human,
discarded,SOFTMENT: Detecting Mental Health and Wellbeing of Women in the Software Sector,Singh A.,2024,Ubicomp Companion 2024 Companion of the 2024 ACM International Joint Conference on Pervasive and Ubiquitous Computing,10.1145/3675094.3678493,https://www.scopus.com/inward/record.uri?partnerID=HzOxMe3b&scp=85206137199&origin=inward,code-review; code-smells; non-education; computing-education-or-software-engineering-not-version-control,"Software sector employees face challenges like managing time zones in distributed teams, long work hours, sedentary lifestyles, and limited time for extracurricular activities or fitness. These challenges affect all gender groups, including women, men, transgender individuals, and others. However, women face additional issues like gender bias, harassment, stereotype threat, and unequal opportunities, which harm their mental well-being, causing anxiety, stress, and depression. This paper investigates the challenges faced by women in the software sector that lead to emotional distress and job exits. We aim to develop a support system to address these issues. We first conducted a poll of 112 women employed in multiple software organizations worldwide to identify common challenges affecting their mental well-being. From this, we identified eight key issues. Next, we surveyed 80 women in various software companies to understand their perceptions of these challenges. The survey includes open-ended questions on the eight challenges identified from the poll. Using this data, we develop SOFTMENT (SOFTware sector MENTal well-being support system), a prototype that employs emotion detection approach to generate Mental Health Scores (MH-Scores). These scores help prioritize individuals based on mental well-being, enabling psychologists to quickly identify and assist those in urgent need.","openalex, scopus, wos, dblp",human,0.890,human,
discarded,Do code reviews lead to fewer code smells?,Tuna E.,2024,Journal of Systems and Software,10.1016/j.jss.2024.112101,https://www.scopus.com/inward/record.uri?partnerID=HzOxMe3b&scp=85194556598&origin=inward,mixed-reality; industrial-applications; non-education; computing-education-or-software-engineering-not-version-control,"Context: The code review process is conducted by software teams with various motivations. Among other goals, code reviews act as a gatekeeper for software quality. Objective: In this study, we explore whether code reviews have an impact on one specific aspect of software quality, software maintainability. We further extend our investigation by analyzing whether code review process quality (as evidenced by the presence of code review process smells) influences software maintainability (as evidenced by the presence of code smells). Method: We investigate whether smells in the code review process are related to smells in the code that was reviewed by using correlation analysis. We augment our quantitative analysis with a focus group study to learn practitioners' opinions. Results: Our investigations revealed that the level of code smells neither increases nor decreases in 8 out of 10 code reviews, regardless of the quality of the code review. Contrary to our own intuition and that of the practitioners in our focus groups, we found that code review process smells have little to no correlation with the level of code smells. We identified multiple potential reasons behind the counter-intuitive results based on our focus group data. Furthermore, practitioners still believe that code reviews are helpful in improving software maintainability. Conclusion: Our results imply that the community should update our goals for code review practices and reevaluate those practices to align them with more relevant and modern realities.","openalex, scopus, wos, dblp",human,0.940,human,
discarded,Navigating the Virtuality-Reality Clash: Reflection and Design Paterns for Industrial Mixed Reality Applications,Rauh S.F.,2024,Proceedings of the 2024 ACM Designing Interactive Systems Conference DIS 2024,10.1145/3643834.3660700,https://www.scopus.com/inward/record.uri?partnerID=HzOxMe3b&scp=85200410471&origin=inward,game-design; visualization; non-education; unrelated-term-match-other-field,,"openalex, scopus, wos, dblp",human,0.950,human,
discarded,Damage Optimization in Video Games: A Player-Driven Co-Creative Approach,Pfau J.,2024,Conference on Human Factors in Computing Systems Proceedings,10.1145/3613904.3642643,https://www.scopus.com/inward/record.uri?partnerID=HzOxMe3b&scp=85194829795&origin=inward,github-analytics; visualization; non-education; computing-education-or-software-engineering-not-version-control,"The concept of dealing damage is established and widespread in video games. With growing complexity and countless interactions in modern games, capturing how damage unfolds becomes an intricate problem - for developers just as for players. Misunderstanding how to optimize damage potentials includes risks of game imbalances, game-breaking exploits, mismatches between player skill and challenge (harming flow), and impaired perceived competence. All of these considerably impact player experience, game reception, success, and retention, yet polishing optimal strategies remains often a player community effort. To accelerate, inform and ease this process, we implemented an interactive tool capable of simulating, visualizing, planning and comparing damage strategies in video games. Following a case study within the Guild Wars 2 community, we contribute a player-driven perspective on the problem of damage optimization, as well as an artifact that resulted in empirical improvements - advancing the fields of game analytics, game evaluation methods and self-regulated learning.","openalex, scopus, wos, dblp",human,0.840,human,
discarded,Integrated Visual Software Analytics on the GitHub Platform,Scheibel W.,2024,Computers,10.3390/computers13020033,https://www.scopus.com/inward/record.uri?partnerID=HzOxMe3b&scp=85187266459&origin=inward,open-source-contributors; non-education; git-or-software-tooling-without-learner-understanding-findings,"Readily available software analysis and analytics tools are often operated within external services, where the measured software analysis data are kept internally and no external access to the data is available. We propose an approach to integrate visual software analysis on the GitHub platform by leveraging GitHub Actions and the GitHub API, covering both analysis and visualization. The process is to perform software analysis for each commit, e.g., static source code complexity metrics, and augment the commit using the resulting data, stored as git objects within the same repository. We show that this approach is feasible by integrating it into 64 open source TypeScript projects. Furthermore, we analyze the impact on Continuous Integration (CI) run time and repository storage. The stored software analysis data are externally accessible to allow for visualization tools, such as software maps. The effort to integrate our approach is limited to enabling the analysis component within a project's CI on GitHub and embed an HTML snippet into the project's website for visualization. This enables a large amount of projects to have access to software analysis as well as provide means to communicate the current status of a project.","openalex, scopus, wos, dblp",human,0.870,human,
discarded,"Matching Skills, Past Collaboration, and Limited Competition: Modeling When Open-Source Projects Attract Contributors",Fang H.,2023,Esec Fse 2023 Proceedings of the 31st ACM Joint Meeting European Software Engineering Conference and Symposium on the Foundations of Software Engineering,10.1145/3611643.3616282,https://www.scopus.com/inward/record.uri?partnerID=HzOxMe3b&scp=85180552982&origin=inward,dashboard-design; book; non-education; git-or-software-tooling-without-learner-understanding-findings,"Attracting and retaining new developers is often at the heart of open-source project sustainability and success. Previous research found many intrinsic (or endogenous) project characteristics associated with the attractiveness of projects to new developers, but the impact of factors external to the project itself have largely been overlooked. In this work, we focus on one such external factor, a project's labor pool, which is de.ned as the set of contributors active in the overall open-source ecosystem that the project could plausibly attempt to recruit from at a given time. How are the size and characteristics of the labor pool associated with a project's attractiveness to new contributors? Through an empirical study of over 516,893 Python projects, we found that the size of the project's labor pool, the technical skill match, and the social connection between the project's labor pool and members of the focal project all signi.cantly in.uence the number of new developers that the focal project attracts, with the competition between projects with overlapping labor pools also playing a role. Overall, the labor pool factors add considerable explanatory power compared to models with only project-level characteristics.","openalex, scopus, wos, dblp",human,0.950,human,
discarded,Dashboard design,Burch M.,2023,Dashboard Design,,https://www.scopus.com/inward/record.uri?partnerID=HzOxMe3b&scp=85173651110&origin=inward,security-weaknesses; puppet; non-education; unrelated-term-match-other-field,,"openalex, scopus, wos, dblp",human,0.900,human,
discarded,Detecting and Characterizing Propagation of Security Weaknesses in Puppet-Based Infrastructure Management,Rahman A.,2023,IEEE Transactions on Software Engineering,10.1109/TSE.2023.3265962,https://www.scopus.com/inward/record.uri?partnerID=HzOxMe3b&scp=85162835743&origin=inward,secure-development-practices; course-competition; unclear-scope; computing-education-or-software-engineering-not-version-control,"Despite being beneficial for managing computing infrastructure automatically, Puppet manifests are susceptible to security weaknesses, e.g., hard-coded secrets and use of weak cryptography algorithms. Adequate mitigation of security weaknesses in Puppet manifests is thus necessary to secure computing infrastructure that are managed with Puppet manifests. A characterization of how security weaknesses propagate and affect Puppet-based infrastructure management, can inform practitioners on the relevance of the detected security weaknesses, as well as help them take necessary actions for mitigation. We conduct an empirical study with 17,629 Puppet manifests with Taint Tracker for Puppet Manifests (TaintPup). We observe 2.4 times more precision, and 1.8 times more F-measure for TaintPup, compared to that of a state-of-the-art security static analysis tool. From our empirical study, we observe security weaknesses to propagate into 4,457 resources, i.e, Puppet-specific code elements used to manage infrastructure. A single instance of a security weakness can propagate into as many as 35 distinct resources. We observe security weaknesses to propagate into 7 categories of resources, which include resources used to manage continuous integration servers and network controllers. According to our survey with 24 practitioners, propagation of security weaknesses into data storage-related resources is rated to have the most severe impact for Puppet-based infrastructure management.","openalex, scopus, wos, dblp",human,0.690,human,
discarded,Understanding the How and the Why: Exploring Secure Development Practices through a Course Competition,Fulton K.R.,2022,Proceedings of the ACM Conference on Computer and Communications Security,10.1145/3548606.3560569,https://www.scopus.com/inward/record.uri?partnerID=HzOxMe3b&scp=85143068963&origin=inward,diversity-inclusion; open-source; non-education; unrelated-term-match-other-field,,"openalex, scopus, wos, dblp",human,0.800,human,
discarded,Perceptions of the State of D&I and D&I Initiative in the ASF,Guizani M.,2022,Proceedings International Conference on Software Engineering,10.1109/ICSE-SEIS55304.2022.9794024,https://www.scopus.com/inward/record.uri?partnerID=HzOxMe3b&scp=85133695817&origin=inward,meetup-events; developer-communities; non-education; computing-education-or-software-engineering-not-version-control,,"openalex, scopus, wos, dblp",human,0.870,human,
discarded,Analyzing Offline Social Engagements: An Empirical Study of Meetup Events Related to Software Development,Sharma A.,2022,Proceedings 2022 IEEE International Conference on Software Analysis Evolution and Reengineering Saner 2022,10.1109/SANER53432.2022.00129,https://www.scopus.com/inward/record.uri?partnerID=HzOxMe3b&scp=85135832939&origin=inward,software-configuration-management; non-education; computing-education-or-software-engineering-not-version-control,"Software developers use a variety of social media channels and tools in order to keep themselves up to date, collaborate with other developers, and find projects to contribute to. Meetup is one of such social media used by software developers to organize community gatherings. We in this work, investigate the dynamics of Meetup groups and events related to software development. Our work is different from previous work as we focus on the actual event and group data that was collected using Meetup API.

In this work, we performed an empirical study of events and groups present on Meetup which are related to software development. First, we identified 6,327 Meetup groups related to software development and extracted 250,36 9 events organized by them. Then we took a sample of 452 events on which we performed open coding, based on which we were able to develop 9 categories of events (8 main categories +""Others""). Next, we did a popularity analysis of the categories of events and found that Talks by Domain Experts, Hands-on Sessions, and Open Discussions are the most popular categories of events organized by Meetup groups related to software development. Our findings show that more popular categories are those where developers can learn and gain knowledge. On doing a diversity analysis of Meetup groups we found 20.46% of the members on average are female, and 20.34% of the actual event participants are female, which is a larger proportion as compared to numbers reported in previous studies on gender representation in software engineering communities. We also found evidence that the gender of Meetup group organizer affects gender distribution of group members and event participants. Finally, we also looked at some data on how COVID-19 has affected the Meetup activity and found that the event activity has dropped, but not stalled. A substantial number of events are now being organized virtually. The results and insights uncovered in our work can guide future studies related to software communities, groups, and diversity-related studies.","openalex, scopus, wos, dblp",human,0.900,human,
discarded,Human competency assessment for software configuration management,Fahmy S.,2021,Annals of Emerging Technologies in Computing,10.33166/AETiC.2021.05.008,https://www.scopus.com/inward/record.uri?partnerID=HzOxMe3b&scp=85103319381&origin=inward,devops; it-alignment; non-education; computing-education-or-software-engineering-not-version-control,,"openalex, scopus, wos, dblp",human,0.900,human,
discarded,An exploratory study on the devops it alignment model,Hart M.,2020,Interdisciplinary Journal of Information Knowledge and Management,10.28945/4595,https://www.scopus.com/inward/record.uri?partnerID=HzOxMe3b&scp=85096172013&origin=inward,open-source-communities; non-education; git-or-software-tooling-without-learner-understanding-findings,,"openalex, scopus, wos, dblp",human,0.880,human,
discarded,Discovering community patterns in open-source: a systematic approach and its evaluation,Tamburri D.A.,2019,Empirical Software Engineering,10.1007/s10664-018-9659-9,https://www.scopus.com/inward/record.uri?partnerID=HzOxMe3b&scp=85056659219&origin=inward,think-aloud-methodology; general-methods; git-or-software-tooling-without-learner-understanding-findings,"<disp-quote>There can be no vulnerability without risk; there can be no community without vulnerability; there can be no peace, and ultimately no life, without community. - [M. Scott Peck]</disp-quote>The open-source phenomenon has reached the point in which it is virtually impossible to find large applications that do not rely on it. Such grand adoption may turn into a risk if the community regulatory aspects behind open-source work (e.g., contribution guidelines or release schemas) are left implicit and their effect untracked. We advocate the explicit study and automated support of such aspects and propose Yoshi (Y ielding O pen-S ource H ealth I nformation), a tool able to map open-source communities onto community patterns, sets of known organisational and social structure types and characteristics with measurable core attributes. This mapping is beneficial since it allows, for example, (a) further investigation of community health measuring established characteristics from organisations research, (b) reuse of pattern-specific best-practices from the same literature, and (c) diagnosis of organisational anti-patterns specific to open-source, if any. We evaluate the tool in a quantitative empirical study involving 25 open-source communities from GitHub, finding that the tool offers a valuable basis to monitor key community traits behind open-source development and may form an effective combination with web-portals such as OpenHub or Bitergia. We made the proposed tool open source and publicly available.","openalex, scopus, wos, dblp",human,0.820,human,
discarded,The think aloud method: a practical approach to modelling cognitive processes,M.W. van Someren; Yvonne Barnard; Jacobijn Sandberg,1994,UvA-DARE (University of Amsterdam),,https://openalex.org/W2117194148,teacher-vision; general-education; method-paper-not-about-version-control,"Thinking aloud 1.1 A first impressionSuppose that you want to understand the design process of architects, the knowledge that they use, the cognitive actions that they take and the strategies they employ.How would you go about this?One obvious possibility is to ask some architects how they design a building.Interestingly enough, they will not find this an easy question to answer.They are used to do their job, not to explain it.If they do try to tell you how they go about their design work, it is quite possible that their account of it will be incomplete or even incorrect, because they construct this account from memory.They may be inclined to describe the design process neatly in terms of the formal design methods that they acquired during their professional training, whereas the real design process deviates from these methods.Psychologists have demonstrated that such accounts are not very reliable.Another possibility is to look at the architects' designs and at their intermediate sketches.However, now you are looking at the products of the thought processes of these architects, and not at the thought processes themselves.What is needed are more direct data on the ongoing thinking processes during working on a design.If you want to know how they arrive at their designs, what they think, what is difficult for them and what is easy, how they reconcile conflicting demands, a different research method is needed.A good method in this situation is to ask architects to work on a design and to instruct them to think aloud.What they say is recorded and used as data for analysis of the design process.This is a very direct method to gain insight in the knowledge and methods of human problem-solving.The ' ... well yes, I do not need to further what you call it, with the components, that makes no difference, anyhow' 'and that is ... well, it should in any case be larger'","openalex, scopus, wos, dblp",human,0.920,human,
