status,title,authors,year,venue,doi,url,tags,abstract,provider,decision_source,llm_confidence,llm_review_outcome,llm_change_direction
discarded,Think aloud: using cognitive interviewing to validate the PISA assessment of student self-efficacy in mathematics,David Pepper; Jeremy Hodgen; Katri Lamesoo; Pille Kõiv; Jos Tolboom,2016,International Journal of Research & Method in Education,10.1080/1743727x.2016.1238891,https://openalex.org/W2530138384,usability-methods; think-aloud; non-education; diagnostic-test-or-misconception-study-other-domain,"Cognitive interviewing (CI) provides a method of systematically collecting validity evidence of response processes for questionnaire items. CI involves a range of techniques for prompting individuals to verbalise their responses to items. One such technique is concurrent verbalisation, as developed in Think Aloud Protocol (TAP). This article investigates the value of the technique for validating questionnaire items administered to young people in international surveys. To date, the literature on TAP has focused on allaying concerns about reactivity – whether response processes are affected by thinking aloud. This article investigates another concern, namely the completeness of concurrent verbalisations – the extent to which respondents verbalise their response processes. An independent, exploratory validation of the PISA assessment of student self-efficacy in mathematics by a small international team of researchers using CI with concurrent verbalisation in four education systems (England, Estonia, Hong Kong, and the Netherlands) provided the basis for this investigation. The researchers found that students generally thought aloud in response to each of the items, thereby providing validity evidence of responses processes varying within and between the education systems, but that practical steps could be taken to increase the completeness of concurrent verbalisations in future validations.","openalex, scopus, wos, dblp",human,0.910,human,
discarded,To intervene or not to intervene: An investigation of three think-aloud protocols in usability testing,Obead Alhadreti; Pam Mayhew,2017,UEA Digital Repository (University of East Anglia),,https://openalex.org/W2756873888,novice-programming; compilation-behavior; bluej; git-or-software-tooling-without-learner-understanding-findings,"This paper presents the results of a study investigating the use of three think-aloud methods in website usability testing: the concurrent think-aloud, the speech-communication, and the active intervention methods. These three methods were compared through an evaluation of a library website, which involved four points of comparison: overall task performance, test participants’ experiences, the quantity and quality of usability problems discovered, and the cost of employing the methods. Data were collected from 60 individuals, with 20 participants allocated to each testing method, who were asked to complete a set of nine experimental tasks. The results of the study revealed that the three variations enabled the identification of a similar number of usability problems and types. However, the active intervention method was found to cause some reactivity, modifying participants’ interaction with the interface, and negatively affecting their feelings towards the evaluator. The active intervention method also required much greater investment than did the other two methods in terms of evaluators' time.","openalex, scopus, wos, dblp",human,0.990,human,
discarded,An exploration of novice compilation behaviour in BlueJ,Matthew C. Jadud,2021,Kent Academic Repository (University of Kent),10.22024/unikent/01.02.86458,https://openalex.org/W58732440,usability-principles; general-hci; non-education; git-or-software-tooling-without-learner-understanding-findings,"Our research explores the process by which beginning programmers go about writing programs. We have focused our explorations on what we call compilation behaviour: the programming behaviour a student engages in while repeatedly editing and compiling their programs in an attempt to make them syntactically, if not semantically, correct. The students whose behaviour we have observed were engaged in learning to program in an objects-first style using BlueJ, an environment designed for supporting novice programmers just starting out with the Java programming language. The significant results of our work are two-fold. First, we have developed tools for visualising the process by which students write their programs. Using these tools, we can quickly obtain valuable information about their process, and use that information to inform further research regarding their behaviour, or apply it immediately in a classroom context to better support the struggling learner. Second, we have proposed a quantification of novice compilation behavior which we call the error quotient. Using this metric, we can determine how well (or poorly) a student fares with syntax errors while learning to program. This quantity, like our tools for visualisation, provides a powerful indicator for how much or little a student is struggling with the language while programming, and correlates significantly with traditional indicators for academic progress.","openalex, scopus, wos, dblp",human,0.930,human,
discarded,Designing for usability---key principles and what designers think,J. D. Gould; Clayton Lewis,1983,Communications of the ACM,10.1145/3166.3170,https://openalex.org/W112089985,llm-interface; human-ai-interaction; non-education; method-paper-not-about-version-control,"This article is both theoretical and empirical. Theoretically, it describes three principles of system design which we believe must be followed to produce a useful and easy to use computer system. These principles are: early and continual focus on users; empirical measurement of usage; and iterative design whereby the system (simulated, prototype, and real) is modified, tested, modified again, tested again, and the cycle is repeated again and again. This approach is contrasted to other principled design approaches, for example, get it right the first time, reliance on design guidelines. Empirically, the article presents data which show that our design principles are not always intuitive to designers; identifies the arguments which designers often offer for not using these principles—and answers them; and provides an example in which our principles have been used successfully.","openalex, scopus, wos, dblp",human,0.840,human,
discarded,AI Chains: Transparent and Controllable Human-AI Interaction by Chaining Large Language Model Prompts,Tongshuang Wu; Michael Terry; Carrie J. Cai,2022,CHI Conference on Human Factors in Computing Systems,10.1145/3491102.3517582,https://openalex.org/W3203321135,llm-in-programming; novice-programmers; self-paced-learning; computing-education-or-software-engineering-not-version-control,"Although large language models (LLMs) have demonstrated impressive potential on simple tasks, their breadth of scope, lack of transparency, and insufficient controllability can make them less effective when assisting humans on more complex tasks. In response, we introduce the concept of Chaining LLM steps together, where the output of one step becomes the input for the next, thus aggregating the gains per step. We first define a set of LLM primitive operations useful for Chain construction, then present an interactive system where users can modify these Chains, along with their intermediate results, in a modular way. In a 20-person user study, we found that Chaining not only improved the quality of task outcomes, but also significantly enhanced system transparency, controllability, and sense of collaboration. Additionally, we saw that users developed new ways of interacting with LLMs through Chains: they leveraged sub-tasks to calibrate model expectations, compared and contrasted alternative strategies by observing parallel downstream effects, and debugged unexpected model outputs by “unit-testing” sub-components of a Chain. In two case studies, we further explore how LLM Chains may be used in future applications.","openalex, scopus, wos, dblp",human,0.990,human,
discarded,How Novices Use LLM-based Code Generators to Solve CS1 Coding Tasks in a Self-Paced Learning Environment,Majeed Kazemitabaar; Xinying Hou; Austin Z. Henley; Barbara Ericson; David Weintrop; Tovi Grossman,2023,,10.1145/3631802.3631806,https://openalex.org/W4391584367,intervention-design; general-methods; non-computing; computing-education-or-software-engineering-not-version-control,"As Large Language Models (LLMs) gain in popularity, it is important to understand how novice programmers use them and the effect they have on learning to code. We present the results of a thematic analysis on a data set from 33 learners, aged 10-17, as they independently learned Python by working on 45 code-authoring tasks with access to an AI Code Generator based on OpenAI Codex. We explore several important questions related to how learners used LLM-based AI code generators, and provide an analysis of the properties of the written prompts and the resulting AI generated code. Specifically, we explore (A) the context in which learners use Codex, (B) what learners are asking from Codex in terms of syntax and logic, (C) properties of prompts written by learners in terms of relation to task description, language, clarity, and prompt crafting patterns, (D) properties of the AI-generated code in terms of correctness, complexity, and accuracy, and (E) how learners utilize AI-generated code in terms of placement, verification, and manual modifications. Furthermore, our analysis reveals four distinct coding approaches when writing code with an AI code generator: AI Single Prompt, where learners prompted Codex once to generate the entire solution to a task; AI Step-by-Step, where learners divided the problem into parts and used Codex to generate each part; Hybrid, where learners wrote some of the code themselves and used Codex to generate others; and Manual coding, where learners wrote the code themselves. Our findings reveal consistently positive trends between learners’ utilization of the Hybrid coding approach and their post-test evaluation scores, while showing consistent negative trends between the AI Single Prompt and the post-test evaluation scores. Furthermore, we offer insights into novice learners’ use of AI code generators in a self-paced learning environment, highlighting signs of over-reliance, self-regulation, and opportunities for enhancing AI-assisted learning tools.","openalex, scopus, wos, dblp",human,0.830,human,
discarded,The person-based approach to enhancing the acceptability and feasibility of interventions,Lucy Yardley; Ben Ainsworth; Emily Arden‐Close; Ingrid Müller,2015,Pilot and Feasibility Studies,10.1186/s40814-015-0033-z,https://openalex.org/W1823187802,ai-in-design-education; illustration; non-computing; unrelated-term-match-other-field,"BACKGROUND: This paper provides three illustrations of how the ""person-based approach"" can be used to assess and enhance the acceptability and feasibility of an intervention during the early stages of development and evaluation. The person-based approach involves using mixed methods research to systematically investigate the beliefs, attitudes, needs and situation of the people who will be using the intervention. The in-depth understanding of users' perspectives derived from this research then enables intervention developers to design or modify the intervention to make it more relevant, persuasive, accessible and engaging. METHODS: to inform the design of a web-based intervention to improve quality of life. The second illustration describes how qualitative ""think-aloud"" interviews and patient and public involvement (PPI) input are used to improve the acceptability of a booklet for people with asthma. In the third illustration, iterative think-aloud methods are used to create a more accurate and accessible activity planner for people with diabetes. RESULTS: to address them. The second illustration provides evidence from interviews that positive, non-medical messages and images were preferred in booklet materials for people with asthma. The third illustration demonstrates that people with diabetes found it difficult to complete an online activity planner accurately, resulting in incorrect personalised advice being given prior to appropriate modification of the planner. CONCLUSIONS: The person-based approach to intervention development can complement theory- and evidence-based development and participant input into intervention design, offering a systematic process for systematically investigating and incorporating the views of a wide range of users.","openalex, scopus, wos, dblp",human,0.820,human,
discarded,"A Study on the Role of Midjourney, A Generative Artificial Intelligence Tool, in Enhancing Student Creativity in Illustration Design Classes",He S.,2026,Journal of Computer Assisted Learning,10.1002/jcal.70305,https://www.scopus.com/inward/record.uri?partnerID=HzOxMe3b&scp=105046173786&origin=inward,computational-thinking; preschool; robotics; non-computing-specific; unrelated-term-match-other-field,,"openalex, scopus, wos, dblp",human,0.760,human,
discarded,Impact of Coding as Another Language-KIBO kindergarten curriculum on preschool children’s computational thinking skills in programming and non-programming contexts,Köklü-Yaylacı H.,2026,Thinking Skills and Creativity,10.1016/j.tsc.2026.102193,https://www.scopus.com/inward/record.uri?partnerID=HzOxMe3b&scp=105033141250&origin=inward,genai-synthesis; formal-methods; non-education; computing-education-or-software-engineering-not-version-control,"The current study aim was to investigate impacts of Coding as Another Language-KIBO kindergarten curriculum on preschool children's computational thinking skills, with focus on seven powerful ideas. Data were collected from 58 public preschool children in T & uuml;rkiye (experimental group, n = 38, control group, n = 20) with curriculum' effects being investigated in programming and non-programming contexts. To measure children's computational thinking skills, two assessment tools were used: TechCheck-K (assessing children's computational thinking skills in a non-programming context) and TACTIC-KIBO (examining children's computational thinking skills in a programming context). TechCheck-K results indicated Coding as Another LanguageKIBO kindergarten curriculum significantly improved experimental group computational thinking skills with greatest progress in hardware/software, debugging, and representation, while algorithms, modularity, and control structures showed modest improvements. Whereas in TACTIC-KIBO results, focused on programming contexts, 31 experimental group children reached ""programmer"" level. However, tasks involving the design process, repeat loops, and use of repeat blocks were particularly challenging for these preschoolers.","openalex, scopus, wos, dblp",human,0.850,human,
discarded,Intelligent Reasoning Cues: A Framework and Case Study of the Roles of AI Information in Complex Decisions,Sivaraman V.,2026,Conference on Human Factors in Computing Systems Proceedings,10.1145/3772318.3790953,https://www.scopus.com/inward/record.uri?partnerID=HzOxMe3b&scp=105038702791&origin=inward,vr; physiological-discomfort; non-education; computing-education-or-software-engineering-not-version-control,"Artificial intelligence (AI)-based decision support systems can be highly accurate yet still fail to support users or improve decisions. Existing theories of AI-assisted decision-making focus on calibrating reliance on AI advice, leaving it unclear how different system designs might influence the reasoning processes underneath. We address this gap by reconsidering AI interfaces as collections of intelligent reasoning cues: discrete pieces of AI information that can individually influence decision-making. We then explore the roles of eight types of reasoning cues in a high-stakes clinical decision (treating patients with sepsis in intensive care). Through contextual inquiries with six teams and a think-aloud study with 25 physicians, we find that reasoning cues have distinct patterns of influence that can directly inform design. Our results also suggest that reasoning cues should prioritize tasks with high variability and discretion, adapt to ensure compatibility with evolving decision needs, and provide complementary, rigorous insights on complex cases.","openalex, scopus, wos, dblp",human,0.940,human,
discarded,Continuous Measurement Methods for Transient Physiological Discomfort in VR Locomotion,Luo T.,2026,Conference on Human Factors in Computing Systems Proceedings,10.1145/3772318.3791721,https://www.scopus.com/inward/record.uri?partnerID=HzOxMe3b&scp=105038774592&origin=inward,learning-mechanisms; general-education; computing-education-or-software-engineering-not-version-control,,"openalex, scopus, wos, dblp",human,0.830,human,
discarded,Mechanisms to prepare for future learning: A think-aloud study,Ockl K.,2026,Learning and Instruction,10.1016/j.learninstruc.2025.102309,https://www.scopus.com/inward/record.uri?partnerID=HzOxMe3b&scp=105025815549&origin=inward,health-vaccination; validation-study; non-education; method-paper-not-about-version-control,"Background: Preparation-for-learning is expected to foster learning-relevant cognitive processes to prepare learners for subsequent instruction. Various degrees of generation can prepare learners differently through such cognitive mechanisms. Open-problem-solving can make learners more aware of knowledge gaps, while self-explaining a solution of the same problem can help learners to process relevant learning content more deeply. Aims: This study compares the cognitive processes during different forms of preparation and their influence on learning outcomes. Sample: 135 undergraduate psychology students participated in this study. Methods: Participants were randomly assigned to a preparation condition and either invented a solution (inventing, n = 66) or self-explained a worked-out solution (worked example, n = 69). While working on the preparation task, participants were asked to think aloud. The cognitive process variables 'expressed knowledge gaps' and 'deep feature processing' were coded. After the preparation phase, participants watched an instructional video and completed a post-test targeting near and far transfer. Results: Students who self-explained a worked example processed deep features more deeply, which in turn had a positive effect on near transfer, but not on far transfer. Conversely, students expressed more knowledge gaps while inventing, but more expressed knowledge gaps revealed no effect on either near or far transfer. Overall, self-explaining a worked example led to better far transfer, but not to better near transfer. Conclusion: This study shows that a worked example can prepare learners for far transfer, and deep-feature processing even mediates outcomes in part. The various preparation activities foster different cognitive mechanisms.","openalex, scopus, wos, dblp",human,0.970,human,
