status,title,authors,year,venue,doi,url,tags,abstract,provider,decision_source,llm_confidence,llm_review_outcome,llm_change_direction
discarded,The Effects of Cooperative Learning in Synchronous Online and Classroom Environments on Thirteen-Year-old Students’ Understanding of Dissolution at the Submicroscopic Level,Ralević L.,2026,Journal of Science Education and Technology,10.1007/s10956-025-10277-2,https://www.scopus.com/inward/record.uri?partnerID=HzOxMe3b&scp=105021341006&origin=inward,science-education; online-learning; non-computing; diagnostic-test-or-misconception-study-other-domain,"This study examined the impact of cooperative learning on 13-year-old students' understanding of the dissolution process at the submicroscopic level in synchronous online versus classroom settings. A quasi-experimental design was conducted with 318 students from seven primary schools in Serbia, with classes randomly assigned to online (Group A) or classroom (Group B) conditions. Within each class, small heterogeneous groups of three or four members were formed based on students' previous chemistry grades. Pre- and post-tests were administered, and results analyzed using ANCOVA. Findings showed that online groups achieved significantly higher post-test scores than classroom groups, even after controlling for pre-test differences. Notably, three-membered online groups demonstrated improvement, while four-membered online groups, despite lower initial scores, exhibited the greatest overall progress. These results indicate that synchronous online environments can effectively support cooperative learning in chemistry and may offer advantages over traditional face-to-face settings.","openalex, scopus, wos",human,0.880,human,
discarded,Investigating the Change in Pre-Service Teachers’ Understanding of the Logical Structure of Proof: A Longitudinal Study,Atasoy E.,2026,International Journal of Research in Undergraduate Mathematics Education,10.1007/s40753-025-00275-5,https://www.scopus.com/inward/record.uri?partnerID=HzOxMe3b&scp=105013460395&origin=inward,mathematics-education; proof; non-computing; diagnostic-test-or-misconception-study-other-domain,"This study aimed to examine the change in the knowledge of pre-service middle school teachers regarding the logical structure of proof during their undergraduate education using the longitudinal research method. The theoretical framework regarding the logical structure of the proof was developed based on the context specified by Dreyfus and Hadas (1987), Lesseig (2016), and McCrone and Martin (2004). Additionally, a data collection tool was created using this theoretical framework. The study sample consisted of 53 pre-service middle school teachers. These candidates were enrolled in 16 courses that covered the nature of proof and the proof of various theorems in different semesters over a four-year (eight-semester). The study's data were collected using seven questions from the same candidates in the first and eighth semesters. The data were analysed by applying a dependent (related) groups t-test. As a result of the analysis, it was seen that there was no significant difference in the teacher candidates' knowledge of the logical structure of proof in the first and eighth semesters. In addition, this paper explores that teacher candidates in the 8th semester still had difficulties identifying a proposition into hypothesis and conclusion parts, knowing that experimental verification is not proof and that the conclusion part of the proposition should not be used when proving. Our study contributes to understanding the difficulties of the logical structure of proof that pre-service middle school teachers have and the challenges that resist change in undergraduate education. Documenting the change in teacher candidate's understanding of the logical structure of proofs can provide insights into improving teacher education.","openalex, scopus, wos",human,0.910,human,
discarded,Effectiveness of integrated STEM and problem-based learning in improving students’ conceptual understanding in science,Funa A.A.,2026,Social Sciences and Humanities Open,10.1016/j.ssaho.2026.102599,https://www.scopus.com/inward/record.uri?partnerID=HzOxMe3b&scp=105030483951&origin=inward,stem-pbl; science-education; non-computing; diagnostic-test-or-misconception-study-other-domain,"Persistent gaps in Philippine science performance and competency demands under the Department of Education (DepEd) K-12 curriculum have signaled the need for interdisciplinary, problem-centered instruction. This study designed and evaluated an Integrated Science, Technology, Engineering, and Mathematics with Problem-Based Learning (I-STEM-PBL) module for General Biology 1 (Biomolecules) in Grade 11 Senior High School (SHS). The module was informed by the 3C3R problem design model (content, context, and connection; researching, reasoning, and reflecting; affect, difficulty, and teamwork) and adapted PBL scaffolds appropriate for SHS. Using a quasi-experimental one-group pretest–posttest design, Grade 11 STEM students (n = 38) completed the six-week intervention. Conceptual understanding served as the primary outcome. A paired-samples analysis showed statistically significant gains from pretest to posttest, with a medium effect size (Cohen's d = 0.539). These results indicate that the I-STEM-PBL module improved learners' understanding of biomolecules while remaining aligned with DepEd K–12 expectations. The findings contribute evidence that structured PBL, when integrated with explicit STEM connections and scaffolded inquiry, can enhance concept learning in senior high school biology.","openalex, scopus, wos",human,0.840,human,
discarded,Exploring the regulation of learning within mobile mixed-reality environments: Insights from dynamic engagement transitions,Liu Y.,2026,Computers and Education,10.1016/j.compedu.2025.105519,https://www.scopus.com/inward/record.uri?partnerID=HzOxMe3b&scp=105023836585&origin=inward,mixed-reality-learning; two-tier-tests; non-computing; unrelated-term-match-other-field,"Analyzing transitions in multidimensional engagement states across regulated learning phases offers valuable insights into learning behaviors at a granular level. Nevertheless, the extraction of multimodal trigger signals to evaluate engagement dynamics remains a critical challenge, particularly within mixed-reality environments. Hence, this study developed a mixed-reality learning system using multi-scaffolding tools as system architectures to integrate regulatory mechanisms along the immersive learning trajectory. Specifically, the color-coded concept maps were designed as the user interface to support planning and goal orientation, while two-tier tests were incorporated as a content structuring mechanism to help learners monitor, evaluate, and adapt learning status. A comprehensive six-dimensional engagement framework was proposed to incorporate interactive, constructive, active, passive, emotional, and behavioral engagement, serving as the theoretical underpinning for the extraction of trigger signals within regulated learning phases and subprocesses. Empirical research was conducted to assess the effectiveness and learner perceptions of this novel mixed-reality learning system, utilizing a 2 x 2 mixed factorial design, with regulation type (self-regulated vs. peer-scaffolded) as the between-subjects factor and device type (smartphones vs. tablets) as the within-subjects factor. Results from 64 high school students indicated that multi-scaffolding tools significantly enhanced learning achievement across conditions. Smartphones, due to lighter weight and smaller displays, encouraged more physical behavioral engagement, while tablets, with higher resolution and larger displays, fostered greater constructive engagement. Learners in peer-scaffolded learning exhibited higher engagement transition among emotional, active, and constructive states but inefficient learning adaption, whereas learners in self-regulated learning concentrated more on task-oriented behaviors.","openalex, scopus, wos",human,0.800,human,
discarded,Mapping Students’ Cognitive Profiles on Newtonian Mechanics: A Rasch-Based Analysis via Four-Tier Digital Diagnostic Assessment,Viyanti V.,2026,Online Learning in Educational Research,10.58524/oler.v6i1.1218,https://www.scopus.com/inward/record.uri?partnerID=HzOxMe3b&scp=105047080099&origin=inward,physics-education; diagnostic-assessment; non-computing; diagnostic-test-or-misconception-study-other-domain,"This study aims to develop a four-tier digital diagnostic instrument based on Google Forms and utilize it to map the cognitive ability profiles of high school students on Newton's Second Law across six levels of the Revised Bloom's Taxonomy. This study adopted a Research and Development design using the Research Design and Development model, and the resulting instrument was administered to 92 10th-grade students at a public high school in Bandar Lampung. Content validity was assessed by three experts with an average validity of 95.23%, while psychometric quality was analyzed using the Rasch Partial Credit Model through Ministep 5.10.0.0 based on 75 response records, resulting in a person reliability of 0.86 and a person separation of 2.47, sufficient to differentiate between student ability strata. Since each cognitive level is represented by only a few items, the overall psychometric quality of the instrument was evaluated using Rasch analysis, while the overall and Bloom-level cognitive profiles were mapped descriptively using achievement percentages. Profile mapping revealed high overall performance. Student achievement remained stable at the remembering, understanding, and applying levels, but declined at the analyzing and evaluating levels. C5 emerged as the lowest point, with significant student accumulation in the Sufficient category, particularly in reasoning about the role of friction and resultant force under balanced force conditions. This tiered profile allows teachers to design remediation that targets cognitive levels where students' understanding is weak, rather than simply re-teaching the material in its entirety.","openalex, scopus, wos",human,0.920,human,
discarded,Assessing conceptual understanding in high school chemistry: particulate nature of gas concept test (PNGCT) with Rasch modeling,Talens C.U.,2026,Chemistry Teacher International,10.1515/cti-2024-0062,https://www.scopus.com/inward/record.uri?partnerID=HzOxMe3b&scp=105024581004&origin=inward,chemistry-education; rasch-modeling; non-computing; diagnostic-test-or-misconception-study-other-domain,"Abstract This study evaluates the combined analysis of a two-tier test and Rasch analysis on learning assessment. A quantitative exploratory design was conducted on the validated 10-item Particulate Nature of Gas Concept Test (PNGCT) to assess learning among Grade 11 learners (n = 235) and Rasch model analysis. Rasch’s analysis revealed that all items fit well within the model, and learners’ performance, expressed as a mean percentage, followed approximately a normal distribution based on cognitive levels: understand (26 %), apply (52 %), and analyze (22 %). Conception analysis showed a complete understanding of some easy items at the understand and apply levels. However, items at the analyze level were difficult and alternative conceptions were detected. Conceptual Understanding Test (CUT) Evaluation model emerged from synthesizing the analysis of the PNGCT. The combined Rasch analysis and two-tier test provided a deeper insight into student conception and performance. This assessment strategy has a potential utility in other programs and fields of study beyond chemistry.","openalex, scopus, wos",human,0.920,human,
discarded,Adding one more dimension into the instructional analogy: what does the participatory analogy contribute?,Arici F.,2026,Thinking Skills and Creativity,10.1016/j.tsc.2025.102046,https://www.scopus.com/inward/record.uri?partnerID=HzOxMe3b&scp=105020987572&origin=inward,science-education; analogy; non-computing; unrelated-term-match-other-field,"Although analogy-based instruction has been investigated from various viewpoints, the participatory-visual instructional analogy (PIA) is a novel design that requires students to participate actively in the learning process. Theoretically, PIA not only reinforces the experiential dimension of learning and aligns with constructivist principles but also enables learners to concretize abstract concepts through hands-on activities, supported by puzzle-type materials. The PIA may create an opportunity for students to overcome learning difficulties related to science subjects in elementary schools. The aim of this study is to investigate the effects of PIA on elementary school students' conceptual understanding in science course and their in-class behavior patterns. This study applied a mixed-method research design with a quasiexperimental approach. In the group called conventional instruction (CI) in which the direct instruction technique was implemented (n = 21; Xage= 9.4), and in the other group, PIA was implemented in a classroom environment (n = 20; Xage= 9.3). Results showed that the PIA environment supports learners' active participation by providing opportunities for haptic learning, enabling students' affective characteristics, supporting their science achievement, and facilitating classroom management at the ultimate level. Learners' curiosity and focusing levels increased step by step within the process. Therefore, students gained insight by creating causal relations in their cognitive system.","openalex, scopus, wos",human,0.880,human,
discarded,Investigating learners' misconceptions on division of whole numbers to identify a goal of research lesson-a case of lesson study,"Sugawara, Mami; Sekao, David; Sibiya, Mandlenkosi Richard",2026,INTERNATIONAL ELECTRONIC JOURNAL OF MATHEMATICS EDUCATION,10.29333/iejme/17700,https://www.webofscience.com/wos/woscc/full-record/WOS:001676699700003,math-misconceptions; lesson-study; non-computing; diagnostic-test-or-misconception-study-other-domain,"Identifying and addressing learners' misconceptions is critical for effective mathematical instruction, as unresolved conceptual gaps hinder long-term mathematical development. Diagnostic assessment provides a valuable means of uncovering these misconceptions and informing targeted teaching strategies. Despite this, classroom practices often prioritise procedural fluency over deep conceptual understanding, allowing learners to progress without fully addressing underlying difficulties. This study investigated Grade 6 learners' misconceptions about the division of whole numbers using a two-tier multiple-choice diagnositc test and unstructured interviews. Guided by Revised Bloom's Taxonomy and Newman's Error Analysis Theory within an interpretivist qualitative case study design, the study employed thematic analysis to categorise learners' errors. The findings revealed three dominant types of errors: transformation errors, comprehension errors, and processing skill errors. These results underscore the importance of strengthening learners' grasp of foundational concepts such as place value and mathematical language. The study recommends that teachers explicitly integrate diagnostic assessments into classroom practice and design instructional interventions that directly target specific error types, thereby supporting both conceptual understanding and procedural fluency in division.","openalex, scopus, wos",human,0.930,human,
discarded,Identifying and comparing misconceptions about atoms and molecules among students and student teachers,Azadboni F.K.,2026,Physics Education,10.1088/1361-6552/ae28aa,https://www.scopus.com/inward/record.uri?partnerID=HzOxMe3b&scp=105033722231&origin=inward,science-misconceptions; atoms-and-molecules; non-computing; diagnostic-test-or-misconception-study-other-domain,"Mastering fundamental concepts of atoms and molecules is pivotal for deep learning in physics and chemistry, forming the foundation for topics such as states of matter, chemical reactions, interatomic bonds, gas properties, and quantum mechanics principles in secondary and higher education. Misconceptions about the properties of atoms and molecules can hinder conceptual understanding. This study aimed to investigate misconceptions among students and student teachers regarding the characteristics of atoms and molecules. This explanatory mixed-methods study involved a purposive sample of 27 ninth-grade male students from Shahid Abrar School in Qayn, Iran, and 15 master’s-level student teachers from Farhangian University in Iran during the 2024–2025 academic year. Data were collected using a researcher-developed 57-item questionnaire, validated by experts and with a Cronbach’s alpha of 0.85. Results revealed misconceptions in both groups, but their type and intensity differed. A total of 47 misconceptions were identified across 10 conceptual categories. Students exhibited higher misconception rates (85.6%) than student teachers (14.4%), particularly in molecular energy and structure. Chi-square tests showed significant differences in two categories (p < 0.05). The main misconception categories included molecular structure, composition, size, shape, weight, bonding, energy, atomic structure/shape, size, and animism. This study highlights educational barriers to understanding atomic and molecular concepts, emphasizing the need for curriculum reform and enhanced teacher training. Addressing misconceptions can enhance conceptual science learning.","openalex, scopus, wos",human,0.930,human,
discarded,TECHNOLOGY-SUPPORTED 3D MODELING AND PRINTING IN CHEMISTRY TEACHER EDUCATION,"Sargin, Emeti; Uyulgan, Melis Arzu",2026,INFORMATION TECHNOLOGIES AND LEARNING TOOLS,10.33407/itlt.v113i3.6546,https://www.webofscience.com/wos/woscc/full-record/WOS:001813992300008,chemistry-teacher-education; 3d-modeling; non-computing; diagnostic-test-or-misconception-study-other-domain,"This study addresses persistent difficulties in understanding abstract chemical concepts such as hybridization, hybrid orbitals, and molecular geometry in chemistry teacher education. Due to their invisible and highly abstract nature, these topics are often associated with misconceptions and limited spatial reasoning among pre-service teachers. The study examines how technology-supported three-dimensional (3D) modeling and printing practices are incorporated into learning processes and how these practices relate to conceptual understanding. A mixed-methods research design was adopted to examine both conceptual outcomes and participants' perspectives. Quantitative data were collected through a two-tier Molecular Geometry Diagnostic Test administered before and after a semester-long instructional implementation. Qualitative data were obtained through focus group interviews. The findings indicate notable improvements in participants' understanding of hybridization, molecular structures consistent with the octet rule, and valence shell electron pair repulsion-based molecular geometries, alongside a reduction in common misconceptions. Qualitative findings revealed that interaction with both digital and physically printed 3D models supported the concretization of abstract concepts, enhanced spatial reasoning, and promoted meaningful learning through a combination of visual and tactile engagement. Participants emphasized that hands-on modeling activities helped them establish stronger connections between symbolic representations and molecular-level structures. Despite these pedagogical benefits, limitations related to technical infrastructure and insufficient prior training were identified as challenges to sustainable implementation. Overall, the results highlight the practical value of integrating 3D visualization and modeling practices into chemistry teacher education programs, underscoring the need for systematic professional development opportunities to support pre-service teachers' technological and pedagogical competencies.","openalex, scopus, wos",human,0.820,human,
