status,title,authors,year,venue,doi,url,tags,abstract,provider,decision_source,llm_confidence,llm_review_outcome,llm_change_direction
discarded,How different are different diff algorithms in Git?,Yusuf Sulistyo Nugroho; Hideaki Hata; Kenichi Matsumoto,2019,Empirical Software Engineering,10.1007/s10664-019-09772-z,https://openalex.org/W2995076668,git; software-repositories; non-education; git-or-software-tooling-without-learner-understanding-findings,"Abstract Automatic identification of the differences between two versions of a file is a common and basic task in several applications of mining code repositories. Git, a version control system, has a diff utility and users can select algorithms of diff from the default algorithm Myers to the advanced Histogram algorithm. From our systematic mapping, we identified three popular applications of diff in recent studies. On the impact on code churn metrics in 14 Java projects, we obtained different values in 1.7% to 8.2% commits based on the different diff algorithms. Regarding bug-introducing change identification, we found 6.0% and 13.3% in the identified bug-fix commits had different results of bug-introducing changes from 10 Java projects. For patch application, we found that the Histogram is more suitable than Myers for providing the changes of code, from our manual analysis. Thus, we strongly recommend using the Histogram algorithm when mining Git repositories to consider differences in source code.","openalex, scopus, wos, dblp, ieee",human,0.900,human,
discarded,"Dipy, a library for the analysis of diffusion MRI data",Eleftherios Garyfallidis; Matthew Brett; Bagrat Amirbekian; Ariel Rokem; Stéfan van der Walt; Maxime Descoteaux; Ian Nimmo‐Smith; Dipy Contributors,2014,Frontiers in Neuroinformatics,10.3389/fninf.2014.00008,https://openalex.org/W2062791478,scientific-software; non-education; unrelated-term-match-other-field,"Diffusion Imaging in Python (Dipy) is a free and open source software project for the analysis of data from diffusion magnetic resonance imaging (dMRI) experiments. dMRI is an application of MRI that can be used to measure structural features of brain white matter. Many methods have been developed to use dMRI data to model the local configuration of white matter nerve fiber bundles and infer the trajectory of bundles connecting different parts of the brain. Dipy gathers implementations of many different methods in dMRI, including: diffusion signal pre-processing; reconstruction of diffusion distributions in individual voxels; fiber tractography and fiber track post-processing, analysis and visualization. Dipy aims to provide transparent implementations for all the different steps of dMRI analysis with a uniform programming interface. We have implemented classical signal reconstruction techniques, such as the diffusion tensor model and deterministic fiber tractography. In addition, cutting edge novel reconstruction techniques are implemented, such as constrained spherical deconvolution and diffusion spectrum imaging (DSI) with deconvolution, as well as methods for probabilistic tracking and original methods for tractography clustering. Many additional utility functions are provided to calculate various statistics, informative visualizations, as well as file-handling routines to assist in the development and use of novel techniques. In contrast to many other scientific software projects, Dipy is not being developed by a single research group. Rather, it is an open project that encourages contributions from any scientist/developer through GitHub and open discussions on the project mailing list. Consequently, Dipy today has an international team of contributors, spanning seven different academic institutions in five countries and three continents, which is still growing.","openalex, scopus, wos, dblp, ieee",human,0.950,human,
discarded,Predicting and Interpreting Student Performance Using Ensemble Models and Shapley Additive Explanations,Hayat Sahlaoui; El Arbi Abdellaoui Alaoui; Anand Nayyar; Saïd Agoujil; Mustafa Musa Jaber,2021,IEEE Access,10.1109/access.2021.3124270,https://openalex.org/W3209720695,student-performance-prediction; machine-learning; general-education; unrelated-term-match-other-field,"In several areas, including education, the use of machine learning, such as artificial neural networks, has resulted in significant improvements in predicting tasks. The opacity of these models is one of the problems with their use. Prediction models that may offer valuable insights while still being simple to comprehend are preferred by decision-makers in education. Hence, this study suggests an approach that improves the previous student performance prediction by enhancing performance and explaining why a student’s performance is attaining a certain score. A prediction model was proposed and tested using machine learning models. Our models outperform previous work models developed on the same dataset. Using a combined framework of data level and algorithm approaches, the proposed model achieves an accuracy of over 98%, inplying a 20.3% improvement compared with previous work models. As a balancing technique for upsampling data, we use the default strategy of synthetic minority oversampling technique (SMOTE) to oversample all classes to the number of examples in the majority class. We also use ensemble methods. For tuning the parameters, we use a simple grid search algorithm provided by scikit to estimate the optimal parameters of our model. This hyperparameter optimization along with a ten-fold cross-validation process demonstrates the dependability of the novel model. In addition, a novel visual and intuitive technique is used to help determine which factors most influence the score which helps to interpret and understand the entire model and visualizes feature attributions at the observation level for the machine learning model. Therefore, SHAP values are a powerful tool that should be incorporated within the student performance prediction framework by obtaining the prediction and explanation created through the experiment, educators can recognize students at risk early and provide suitable exhortation in an auspicious manner.","openalex, scopus, wos, dblp, ieee",human,0.850,human,
discarded,"EMOCOV: Machine learning for emotion detection, analysis and visualization using COVID-19 tweets",Md. Yasin Kabir; Sanjay Madria,2021,Online Social Networks and Media,10.1016/j.osnem.2021.100135,https://openalex.org/W3160554854,emotion-detection; covid-tweets; non-education; unrelated-term-match-other-field,"The adversarial impact of the Covid-19 pandemic has created a health crisis globally all over the world. This unprecedented crisis forced people to lockdown and changed almost every aspect of the regular activities of the people. Thus, the pandemic is also impacting everyone physically, mentally, and economically, and it, therefore, is paramount to analyze and understand emotional responses during the crisis affecting mental health. Negative emotional responses at fine-grained labels like anger and fear during the crisis might also lead to irreversible socio-economic damages. In this work, we develop a neural network model and train it using manually labeled data to detect various emotions at fine-grained labels in the Covid-19 tweets automatically. We present a manually labeled tweets dataset on COVID-19 emotional responses along with regular tweets data. We created a custom Q&A roBERTa model to extract phrases from the tweets that are primarily responsible for the corresponding emotions. None of the existing datasets and work currently provide the selected words or phrases denoting the reason for the corresponding emotions. Our classification model outperforms other systems and achieves a Jaccard score of 0.6475 with an accuracy of 0.8951. The custom RoBERTa Q&A model outperforms other models by achieving a Jaccard score of 0.7865. Further, we present a historical emotion analysis using COVID-19 tweets over the USA including each state level analysis.","openalex, scopus, wos, dblp, ieee",human,0.990,human,
discarded,Biomimetics and its tools,Kristina Wanieck; Pierre-Emmanuel Fayemi; Nicolas Maranzana; Cordt Zollfrank; Shoshanah Jacobs,2017,Bioinspired Biomimetic and Nanobiomaterials,10.1680/jbibn.16.00010,https://openalex.org/W2571014468,tool-review; biomimetics; non-education; unrelated-term-match-other-field,"Biomimetics, as the transfer of strategies from biology to technology, is an emerging research area and has led to significant concepts over the past decades. The development of such concepts is described by the process of biomimetics, encompassing several steps. In Practice, beneficiaries of the process face challenges. Therefore, to overcome challenges and to facilitate the steps, tools have been developed in various areas, such as engineering, computing and design. However, these tools are not widely used yet. This paper presents an overview and a classification study of more than 40 tools with qualitative criteria. The criteria included, for example, the year of development, the accessibility of tools, the facilitated steps of the process or their contribution to sustainability. The classification shows that certain steps of the process and their challenges are well addressed by the tools, while other steps are not. The presented results contribute to the proposal of an improvement of the state of the art, and they build the foundation for future theoretical and practical analyses. These findings could contribute to increasing the implementation of biomimetics in various disciplines in the long term.","openalex, scopus, wos, dblp, ieee",human,0.920,human,
discarded,Evaluating the student performance prediction and action framework through a learning analytics intervention study,Khalid Alalawi; Rukshan Athauda; Raymond Chiong; Ian Renner,2024,Education and Information Technologies,10.1007/s10639-024-12923-5,https://openalex.org/W4401369459,learning-analytics; intervention; general-education; unrelated-term-match-other-field,"Abstract Learning analytics intervention (LAI) studies aim to identify at-risk students early during an academic term using predictive models and facilitate educators to provide effective interventions to improve educational outcomes. A major impediment to the uptake of LAI is the lack of access to LAI infrastructure by educators to pilot LAI, which typically requires substantial institution-wide efforts and investment to collect related data sets and develop accurate predictive models that identify at-risk students and also provide tools to facilitate interventions. This paper presents a novel LAI framework, termed Student Performance Prediction and Action (SPPA), that facilitates educators to seamlessly provide LAIs in their courses avoiding the need for large-scale institution-wide efforts and investments. Educators develop course-specific predictive models using historical course assessment data. In learning analytics, providing effective interventions is a challenge. SPPA utilises pedagogy principles in course design and interventions to facilitate effective interventions by providing insights into students’ risk levels, gaps in students’ knowledge, and personalised study/revision plans addressing knowledge gaps. SPPA was evaluated in a large undergraduate course on its ability to predict at-risk students and facilitate effective interventions as well as its ease of use by academics. The results are encouraging with high performance of predictive models, facilitating effective interventions leading to significant improved educational outcomes with positive feedback and uptake by academics. With its advantages, SPPA has the potential to catalyse and influence wide-scale adoption in LAIs.","openalex, scopus, wos, dblp, ieee",human,0.820,human,
discarded,Does digital transformation drive innovation in UNESCO Global Geoparks? Evidence from a global survey on the role of digital tools,Williams M.A.,2026,International Journal of Geoheritage and Parks,10.1016/j.ijgeop.2026.100303,https://www.scopus.com/inward/record.uri?partnerID=HzOxMe3b&scp=105046875879&origin=inward,geoparks; digital-tools; non-computing-education; unrelated-term-match-other-field,"International conservation policy has increasingly recognized the importance of abiotic environments for sustainable development, geodiversity conservation, and education. UNESCO Global Geoparks are critical areas for preserving geoheritage and promoting geodiversity. However, geoparks often face resource limitations, with managers seeking ways to boost visitation, improve efficiencies, and the protection of geosites. Digital tools offer promising solutions for this protection and education, and can aid decision-making in the sustainable development of geotourism destinations like geoparks, yet little is known about their global adoption across the network. This study presents the first global analysis of digital tool usage in geoparks via a survey of 112 geoparks from 40 countries. Analysis using binary and negative binomial logistic regression models reveals that staff experience and technological awareness significantly influence digital tool adoption. The adoption of specific technologies is associated with the frequency of usage, geopark size, geopark age, and stage of the geopark revalidation lifecycle. Findings show partial but uneven adoption of digital tools in geoparks, with widespread use of web and mobile applications contrasting with low uptake of emerging technologies. The respondents indicated limited usage of digital tools in geosite protection and maintenance, visitor evaluation, and school materials. Policy recommendations include targeted funding for digital tool uptake, capacity building to increase technological awareness, and user-informed design of digital tools. Creating communities of practice to foster global collaboration and ensure equitable access to digital tools would lead to improved outcomes.","openalex, scopus, wos, dblp, ieee",human,0.860,human,
discarded,ViTextVQA: A large-scale visual question answering dataset and a novel multimodal feature fusion method for Vietnamese text comprehension in images,Van Nguyen Q.,2026,Expert Systems with Applications,10.1016/j.eswa.2025.130839,https://www.scopus.com/inward/record.uri?partnerID=HzOxMe3b&scp=105029553926&origin=inward,vqa-dataset; non-education; unrelated-term-match-other-field,"Visual Question Answering (VQA) is a challenging task that requires the joint understanding of natural language and visual content. While early research primarily focused on recognizing objects and scene context, it often overlooked scene text-an essential source of explicit semantic information. This paper introduces \textbf{ViTextVQA} (\textbf{Vi}etnamese \textbf{Text}-based \textbf{V}isual \textbf{Q}uestion \textbf{A}nswering), the first large-scale Vietnamese dataset specializing in text-based VQA. The dataset contains \textbf{over 16,000} images and \textbf{over 50,000} question-answer pairs. To tackle this task efficiently, \textbf{ViTextBLIP-2} (Vietnamese Text-based Bootstrapped Language-Image Model via Fine-tuning) is proposed, a novel multimodal feature fusion method designed to optimize Vietnamese text-based VQA. Experiments with state-of-the-art models highlight the importance of token ordering in OCR text for answer generation, leading to significant performance improvements. The ViTextVQA dataset is publicly available for research purposes.","openalex, scopus, wos, dblp, ieee",human,0.990,human,
discarded,"""do i Really Need This?"": Illuminating Challenges in Integrating Computational Training Tools in Esports Coaching",Kleinman E.,2026,Conference on Human Factors in Computing Systems Proceedings,10.1145/3772318.3791065,https://www.scopus.com/inward/record.uri?partnerID=HzOxMe3b&scp=105038766662&origin=inward,esports-coaching; hci; non-education; computing-education-or-software-engineering-not-version-control,"The rise in popularity and value of esports motivates the creation of computational training tools (CTTs) for learning, assessment, and skill gain. While some tools exist commercially, much of the work in the research literature is rarely used outside of a lab, resulting in a lack of knowledge on the challenges involved in real-world integration. In this work, we develop a bespoke CTT for League of Legends—MySkills—based on prior work and deploy it at a professional training academy for three months. Based on two rounds of stakeholder interviews, we uncover insights into users’ perspectives on using CTTs in esports coaching and the challenges inherent in introducing a novel tool into an existing, real-world esports training context. From these results, we connect the domain of esports training technology to existing conversations on translational HCI, challenges in bridging research and practice, and present implications for future work.","openalex, scopus, wos, dblp, ieee",human,0.930,human,
discarded,Linting Style and Substance in READMEs,Mynampaty H.,2026,Conference on Human Factors in Computing Systems Proceedings,10.1145/3772318.3791597,https://www.scopus.com/inward/record.uri?partnerID=HzOxMe3b&scp=105038716590&origin=inward,documentation-tooling; non-education; computing-education-or-software-engineering-not-version-control,"READMEs shape first impressions of software projects, yet what constitutes a good README varies across audiences and contexts. Research software needs reproducibility details, while open-source libraries might prioritize quick-start guides. Through a design probe, LintMe, we explore how linting can be used to improve READMEs given these diverse contexts, aiding style and content issues while preserving authorial agency. Users create context-specific checks using a lightweight DSL that uses a novel combination of programmatic operations (e.g., for broken links) with LLM-based content evaluation (e.g., for detecting jargon), yielding checks that would be challenging for prior linters. Through a user study (N=11), comparison with naive LLM usage, and an extensibility case study, we find that our design is approachable, flexible, and well matched with the needs of this domain. This work opens the door for linting more complex documentation and other culturally mediated text-based documents.","openalex, scopus, wos, dblp, ieee",human,0.840,human,
discarded,Blending Designer Insights With Predicted Crowd-Based Color Compatibility in Interior Color Design,Jin S.,2026,Color Research and Application,10.1002/col.70055,https://www.scopus.com/inward/record.uri?partnerID=HzOxMe3b&scp=105028943389&origin=inward,design-tool; non-education; unrelated-term-match-other-field,"
 Harmonious color combinations define the quality and atmosphere of interior spaces. Designers refine schemes through iteration to meet client requirements, often relying on existing color design tools. However, these tools have two key limitations: they do not account for colors applied to specific objects, nor do they reflect aesthetic preferences. To address this, we developed a vision‐language augmented Image Color Aesthetic Assessment model that predicts color compatibility for objects in interior design images. Moreover, this model powers the crowd‐based Image Color Combination Evaluation system, enabling designers to prototype, evaluate, and generate new color combinations in real time. A user study with 16 designers revealed that 81% found the predicted color compatibility scores aligned with aesthetic principles with which they were familiar, aiding them in integrating these scores into their designs. The proposed system helps designers explore harmonious color combinations, avoid personal bias, and foster trust by leveraging predicted crowd‐based color compatibility.","openalex, scopus, wos, dblp, ieee",human,0.950,human,
discarded,Graph2text or Graph2token: A Perspective of Large Language Models for Graph Learning,Yu S.,2026,ACM Transactions on Information Systems,10.1145/3786600,https://www.scopus.com/inward/record.uri?partnerID=HzOxMe3b&scp=105035532758&origin=inward,llm-survey; graph-learning; non-education; computing-education-or-software-engineering-not-version-control,"Graphs are prevalent in numerous real-world applications. Previous methods directly model graph structures and achieve significant success. However, these methods encounter bottlenecks due to the inherent irregularity of graphs. An innovative solution is converting graphs into textual representations, thereby harnessing the powerful capabilities of Large Language Models (LLMs) to process and comprehend graphs. In this article, we present a comprehensive review of methodologies for applying LLMs to graphs, termed LLM4graph. The core of LLM4graph lies in transforming graphs into texts for LLMs to understand and analyze. Thus, we propose a novel taxonomy of LLM4graph methods from the view of the transformation. Specifically, existing methods can be divided into two paradigms: Graph2text and Graph2token, which transform graphs into texts or tokens as the input of LLMs, respectively. We point out four challenges during the transformation to systematically present existing methods from a problem-oriented perspective. For practical concerns, we provide a guideline for researchers on selecting appropriate models and LLMs for different graphs and hardware constraints. To empirically evaluate our taxonomy and different technical choices, we conduct experiments with representative methods in Graph2text and Graph2token. We also identify five future research directions for LLM4graph.","openalex, scopus, wos, dblp, ieee",human,0.970,human,
