status,title,authors,year,venue,doi,url,tags,abstract,provider,decision_source,llm_confidence,llm_review_outcome,llm_change_direction
discarded,Development and evaluation of a web-based toolkit to inform mental health professionals about digital mental health interventions for eating disorders,Mayer G.,2026,Journal of Eating Disorders,10.1186/s40337-025-01518-1,https://www.scopus.com/inward/record.uri?partnerID=HzOxMe3b&scp=105028794378&origin=inward,web-toolkit; mental-health-professionals; non-education; unrelated-term-match-other-field,"Eating disorders (EDs) are serious mental disorders that often remain untreated for many years. Digital mental health interventions could provide low-threshold support especially in underserved areas. However, the knowledge of mental health professionals (MHPs), who could integrate such interventions into routine care, is still limited. This study aimed at the development and evaluation of a web-based toolkit to provide evidence-based knowledge about digital interventions for EDs for MHPs. A mixed methods design was chosen to iteratively evaluate the toolkit. First, three focus groups with 16 MHPs were conducted, who tested the toolkit and gave feedback. Then, N = 66 MHPs completed an online survey with self-developed questionnaires on the perceived quality of the toolkit and its modules. Further, several scales were used to measure website clarity (Web-CLIC), visual aesthetics (VisAWI-S), system usability (SUS), e-therapy attitudes (ETAM) and elements of the Unified Theory of Acceptance and Use of Technology (UTAUT). The focus groups resulted in a number of suggestions that were used to improve the toolkit. The results of the quantitative study showed that the toolkit reached high ratings in website clarity, visual aesthetics and system usability. E-therapy attitudes were positive in 51 (77.3%) cases. While perceived usefulness was M = 2.75 (SD = 0.62, range = 1-3.86), relative advantage remained lower with M = 1.08 (SD = 0.54, range = 0-2.5). Results following the concept of UTAUT, showed a medium Behavioural Intention to use digital interventions for their patients with M = 3.60 (SD = 1.01) and a medium Performance Expectancy of M = 3.50 (SD = 0.93) with lower values for anorexia nervosa than for other kinds of EDs. In general, MHPs show positive attitudes towards the use of digital interventions for patients with EDs to complement conventional psychotherapy. However, there is also a clear need for more knowledge in the field. The web-based toolkit may serve as a promising educational resource to meet the needs of MHPs. The effectiveness of the toolkit regarding learning success can be tested in future studies. Eating disorders are serious mental disorders that often remain untreated for many years. Digital mental health interventions are therapeutic services for people with a mental disorder that can be delivered on electronic devices. They may support people in remote areas with limited access to a therapy. As these interventions are new, only few mental health professionals have sufficient knowledge about them. A web-based toolkit was developed to provide knowledge about digital interventions for eating disorders to them. The toolkit was evaluated through group discussions with mental health professionals. The toolkit was then improved on the basis of the results. In the next step, 66 mental health professionals filled in an online survey and answered questions referring to their opinions about the usefulness and relevance of the toolkit. The professionals showed generally positive attitudes towards the use of digital interventions for patients with eating disorders. However, there is also a clear need for more knowledge in this area. The web-based toolkit may serve as a promising educational resource to meet the needs of mental health professionals.","openalex, scopus, wos, dblp",human,0.940,human,
discarded,Tools and methods for assessing the usability and related aspects of usability of extended reality and telerehabilitation technologies in stroke rehabilitation: a scoping review,Ouédraogo F.,2026,Journal of Neuroengineering and Rehabilitation,10.1186/s12984-025-01861-z,https://www.scopus.com/inward/record.uri?partnerID=HzOxMe3b&scp=105028875472&origin=inward,xr-usability; stroke-rehabilitation; non-education; method-paper-not-about-version-control,"Extended reality (XR) and telerehabilitation (TR) technologies are increasingly being used into stroke rehabilitation. These technologies have the potential to enhance therapy intensity, motivate users through engaging and interactive environments, and improve access to rehabilitation services in both clinical and home settings. Usability assessment is essential to ensure effective, engaging, and accessible interventions. This scoping review aims to identify tools used to evaluate XR and TR technologies in stroke rehabilitation. This scoping review was conducted following the methodological framework of Arksey and O’Malley, further refined by Levac et al. and the Joanna Briggs Institute. A literature search was performed across five databases (MEDLINE, Embase, CINAHL, PsycINFO, and Web of Science) using keywords and their variations related to stroke, virtual reality, augmented reality, mixed reality, telerehabilitation, and usability evaluation. Peer-reviewed articles and conference abstracts published up to December 2024 were included if they reported on the usability evaluation of XR or TR technologies in neurological rehabilitation. Two reviewers independently screened studies for eligibility. Relevant data were extracted using a standardized data charting framework. The search yielded 2,290 articles, of which 111 were included in the review. Twenty-eight tools were identified, encompassing both direct usability assessments and complementary tools addressing related aspects. These tools were grouped into six categories: (1) standardized questionnaires, (2) custom questionnaires, (3) semi-structured interviews, (4) task-based usability testing, (5) modified standardized questionnaires, and (6) think-aloud protocols. The most frequently used tool was the System Usability Scale (SUS), followed by custom questionnaires. Among studies explicitly evaluating usability, 55.9% combined two to six tools to capture multiple facets of usability. Usability was assessed in 67.6% of publications using quantitative methods (e.g., questionnaires), in 4.5% using qualitative methods (e.g., interviews, focus groups), and in 27.9% using mixed methods approaches. Usability of XR and TR technologies is assessed with a wide variety of tools. Combining tools helps capture different aspects of usability, highlighting the importance of addressing its multifaceted nature in stroke rehabilitation. Future research could develop and validate a framework integrating multiple aspects of usability to ensure both relevance and comparability across studies.","openalex, scopus, wos, dblp",human,0.950,human,
discarded,How academic motivation and self-efficacy predict learning burnout: an empirical study of senior English majors in Chinese independent colleges,Chen B.,2026,BMC Psychology,10.1186/s40359-026-04424-6,https://www.scopus.com/inward/record.uri?partnerID=HzOxMe3b&scp=105038447153&origin=inward,academic-motivation; language-majors; non-computing; unrelated-term-match-other-field,"Introduction Amid growing expectations for English majors, senior students at independent colleges face substantial pressure from graduation and career development, making learning burnout an increasingly salient concern. This study aims to investigate the levels of academic motivation, self-efficacy, and learning burnout among these students, and explore the predictive effects of motivation and self-efficacy on burnout, to inform targeted interventions for reducing burnout and promoting sustainable learning. Methods Adopting an explanatory sequential mixed-methods design, this study collected questionnaire data from 64 senior English majors using three validated scales. Data were analyzed via descriptive statistics, Pearson correlation, and hierarchical regression. Five students were then interviewed to explain unexpected quantitative results and explore underlying psychological mechanisms. Results Participants exhibited moderately high academic motivation dominated by extrinsic motivation and low amotivation, moderately high self-efficacy and learning burnout. Academic motivation negatively predicted burnout, while amotivation and self-efficacy were positive predictors, with amotivation showing a stronger effect. Intrinsic and extrinsic motivation were not significantly associated with burnout. Interviews revealed heterogeneous effects of intrinsic motivation, the structural role of extrinsic motivation, and a paradoxical positive link between self-efficacy and burnout due to complacency and procrastination. Conclusions This study identifies the unique motivational, self-efficacy, and burnout profiles of senior English majors at independent colleges. Amotivation and self-efficacy positively predict learning burnout, with amotivation as the stronger predictor. These context-dependent findings offer practical implications for alleviating learning burnout among language learners under sustained academic pressure.","openalex, scopus, wos, dblp",human,0.870,human,
discarded,Psychological readiness for AI in health professions education: the role of innovativeness and cognitive flexibility among Turkish students,Çavuş Alan S.,2026,BMC Medical Education,10.1186/s12909-026-09258-9,https://www.scopus.com/inward/record.uri?partnerID=HzOxMe3b&scp=105040541463&origin=inward,ai-readiness; health-professions-education; non-computing; unrelated-term-match-other-field,"Despite the increasing integration of artificial intelligence (AI) into healthcare systems, limited research has examined how individual and cognitive factors jointly shape health science students’ attitudes towards AI. This study aimed to investigate the relationships between students’ attitudes toward AI, individual innovativeness, and cognitive flexibility. A cross-sectional correlational design was employed with 1026 undergraduate students enrolled in health science programs at a public university in Türkiye. Data were analysed using correlational and hierarchical regression methods. The findings indicated that students’ attitudes toward AI were characterized by a balanced structure, reflecting both positive expectations and concerns. Hierarchical regression analyses indicated that individual innovativeness was consistently associated with attitudes toward AI, whereas cognitive flexibility showed smaller and mixed effects across its subdimensions, with the control dimension exhibiting opposite associations with positive and negative attitudes. In addition, technological curiosity, frequency of AI use, and support for AI course inclusion were significant contextual factors associated with AI attitudes. Overall, the findings suggest that students’ attitudes toward AI are shaped not only by knowledge but also by individual and cognitive characteristics. The study contributes to the literature by proposing an integrated psychological framework explaining AI readiness in health professions education. From a practical perspective, the results highlight the importance of designing AI-integrated curricula that address individual differences while fostering adaptive expertise, critical thinking, and reflective engagement with AI technologies.","openalex, scopus, wos, dblp",human,0.840,human,
discarded,Seeking pleasure or seeking compensation: a dual-pathway model of problematic social networks use,Klein L.,2026,Addictive Behaviors Reports,10.1016/j.abrep.2026.100720,https://www.scopus.com/inward/record.uri?partnerID=HzOxMe3b&scp=105042383376&origin=inward,social-media-use; psychology; non-education; unrelated-term-match-other-field,"Social networks (SN) are used for different reasons in everyday life, often resulting in higher usage time and sometimes in a problematic use of social networks (PSNU). The I-PACE model outlines that specific predisposing variables (e.g., usage motives, personality traits, stress-appraisal, coping strategies) and affective and cognitive mechanisms (e.g., use expectancies, gratification, compensation) as well as their interactions contribute to the development and maintenance of PSNU. Our aim was to test a structural equation model with two different paths of reinforcement mechanisms: pleasure-seeking for achieving specific emotional experiences and compensation-seeking to avoid or reduce negative states. Both pathways are assumed to lead to higher symptom severity of PSNU and usage time of SN. In a pre-registered, multi-center study (DFG-funded research unit) with a mixed-method, cross-sectional, between-subject design in Germany, 306 (81% female; Age: M = 26.41 years; SD = 07.76, Range: 16–64 years) participants underwent the study procedure, including a diagnostic interview based on DSM-5 criteria for gaming disorder (modified for PSNU), thereby identifying individuals with problematic use of SN. Additional constructs were assessed by self-reports. The structural equation model provided an acceptable fit with the data. It showed that positive reinforcement mediates the effect of usage motives on SN usage time. Negative reinforcement mediates the effect of stress-appraisal and coping on PSNU and the effect of usage motives on PSNU. The pleasure-seeking pathway significantly leads to higher usage time of SN while the compensation-seeking pathway results in higher symptom severity. The results emphasize the relevance of different predisposing factors and reinforcement processes, and expands existing theoretical models.","openalex, scopus, wos, dblp",human,0.980,human,
discarded,Evaluating training and competency assessment in public and community psychiatry: a narrative review,Coelho D.R.A.,2026,BMC Medical Education,10.1186/s12909-025-08351-9,https://www.scopus.com/inward/record.uri?partnerID=HzOxMe3b&scp=105027162617&origin=inward,psychiatry-training; medical-education; non-computing; unrelated-term-match-other-field,"Public and Community Psychiatry training prepares residents to care for underserved populations, including people with severe mental illness (SMI), people with substance use disorder (SUD), sexual and gender minorities, and those experiencing homelessness. While Public and Community Psychiatry training primarily occurs in psychiatry rotations, core competencies, such as addressing stigma and providing care for marginalized communities, are also essential in other medical specialties. Assessment methods vary widely, making competency evaluation challenging. This review aimed to examine educational assessments in Public and Community Psychiatry training and evaluate their effectiveness in measuring resident competencies. We conducted a narrative review assessing knowledge, behaviors, and competencies in Public and Community Psychiatry training. A search was performed across PubMed, ERIC, and PsycINFO in August 2024. Studies using validated tools or custom surveys were included. Abstracts, reviews, and non-English publications were excluded. Forty-one studies were categorized into five focus areas: general Public and Community Psychiatry assessment, SMI and mental health stigma, SUD, other marginalized populations, and specialized training. Validated tools such as the Community Attitudes Toward the Mentally Ill Scale (CAMI), Drug and Drug Problems Perceptions Questionnaire (DDPPQ), Health Professionals’ Attitudes Toward the Homeless Inventory (HPATHI), Genderism and Transphobia Scale (GTS), and Competency Assessment Instrument for Violence Risk (CAI-V) demonstrated reliability. However, many studies relied on non-validated tools and assessed only short-term changes, limiting generalizability. While validated tools show promise, the lack of standardized, longitudinal assessments limits competency assessment. Integrating validated tools into structured frameworks with long-term assessments could improve training evaluation and better prepare residents across different specialties to provide care for underserved populations.","openalex, scopus, wos, dblp",human,0.900,human,
discarded,Mixed-methods analysis on psychedelic-augmented meditation experiences from a randomized controlled mindfulness retreat,Schlomberg J.T.T.,2026,Scientific Reports,10.1038/s41598-026-39261-5,https://www.scopus.com/inward/record.uri?partnerID=HzOxMe3b&scp=105038115071&origin=inward,psychedelics; mixed-methods; non-education; unrelated-term-match-other-field,"The acute subjective effects (ASEs) of psychedelic substances are assumed to play a critical role for their therapeutic and well-being enhancing benefits. However, recent work voiced critique regarding the validity and adequacy of conventional measures and modalities utilized to study ASEs of psychedelics, and call for data-driven, unbiased, and experience-based research approaches. The emergence of advanced Natural Language Processing techniques as an enabler of data-driven qualitative research holds promise for addressing the current biases and limitations in the investigation of ASEs of psychedelics. In the present study, we employed an NLP-driven, multi-method analytical paradigm to study the subjective experiences of participants in an ecologically valid RCT examining the effect of DMT/harmine on meditative states in experienced meditators using phenomenological interviews. Our analysis showed differences in the thematic landscape and experiential diversity of meditation under placebo and meditation under DMT-harmine while showing overlap in their semantic topographies. The mixed-modal analysis successfully identified a wide range of well-established primary subjective effects while also detecting subtle, patterned regularities in language that traditional hypothesis-driven approaches alone may overlook. It revealed a pronounced use of Buddhist concepts and spiritual jargon to describe and integrate the subjective experience, independent of the experimental condition. Findings suggested shared experiential features between meditative and psychedelic states, a strong drug-context interconnection and potential synergistic effects of meditation and psychedelics. We advocate for using NLP-augmented, data-driven paradigms to deepen the understanding of psychedelic subjectivity and emphasize the importance of extra-pharmacological factors in shaping therapeutic outcomes. Supplementary Information The online version contains supplementary material available at 10.1038/s41598-026-39261-5.","openalex, scopus, wos, dblp",human,0.980,human,
discarded,Enhancing School Students’ Self-Regulated Learning through Generative AI Support: A Randomized Controlled Trial,Fütterer T.,2026,Educational Psychology Review,10.1007/s10648-026-10133-8,https://www.scopus.com/inward/record.uri?partnerID=HzOxMe3b&scp=105036193129&origin=inward,ai-in-education; self-regulated-learning; general-education; unrelated-term-match-other-field,"Self-regulated learning (SRL) is a critical competency for academic success and lifelong learning, yet providing personalized SRL support in real-time classroom settings remains challenging. In this randomized controlled trial, we investigated whether generative-AI-(GenAI)-based interventions can effectively support SRL in secondary school students. Drawing on an integrative model of self-regulation in education, the study contrasted two types of GenAI-supported interventions-targeting either motivational (utility value) or strategic (cognitive-learning-strategy-based) aspects of SRL-with a control condition using standard ChatGPT. A total of 371 students (Grades 7-9) were randomly assigned to one of the three conditions and participated in six 45-min sessions during regular physics or English lessons. Outcome measures included self-reported utility value, strategy use (self-reported and tested performance), interest, effort, and tested domain-specific knowledge, assessed at pre- and posttest. The results showed that students in the utility value condition reported more favorable development of perceived utility value than those in the cognitive strategy condition. However, no statistically significant advantages of either intervention over the control condition were found for effort, domain-specific knowledge, or elaboration-based strategy use. Exploratory analyses indicated that students who engaged more meaningfully with the GenAI tended to have more sustained interest than those in the control group. No subject-specific (physics or English) differences in intervention effects were observed. Findings suggest GenAI-based interventions may help preserve motivational aspects of SRL under certain conditions, but further development is needed to effectively support cognitive strategies and improve learning outcomes in secondary school settings.","openalex, scopus, wos, dblp",human,0.780,human,
