status,title,authors,year,venue,doi,url,tags,abstract,provider,decision_source,llm_confidence,llm_review_outcome,llm_change_direction
discarded,Academic medical postgraduates: a competence iceberg model and measurement development,Yue J.J.,2026,Humanities and Social Sciences Communications,10.1057/s41599-025-06371-w,https://www.scopus.com/inward/record.uri?partnerID=HzOxMe3b&scp=105026815487&origin=inward,medical-postgraduates; competence-model; non-computing; unrelated-term-match-other-field,"The goal of academic medical postgraduate education in China is to train physician-scientists to meet increasing global health needs. However, a current lack of guidance on the competence on which these students should focus hinders their growth and offers them little confidence in the future, leading to shortages and losses of the health workforce. This study aims to construct a maturity competence model for medical academic postgraduate students. On the one hand, this study presents important competence-related structural aspects of academic medical postgraduates as well as their connotations. On the other hand, this study seeks to provide a new measurement tool in this context. This model was developed and validated on the basis of a mixed-methods study that included both qualitative and quantitative methods. The initial items used to measure competence were generated on the basis of behavioral event interviews. Exploratory factor analysis was conducted to develop a new theoretical framework and measurement tool on the basis of a cross-sectional survey, after which the results were verified by conducting confirmatory factor analysis (CFA). Subsequently, on the basis of the results of paired-sample t tests, further improvements were made to the model. Additionally, data regarding the initial reliability and validity of the tool were collected. This research was conducted in China in 2024 over a period of 9 months. Nine mentors and 3 postgraduates participated in the interviews, 15 mentors were consulted, and 662 respondents recruited from 5 Chinese universities completed the survey. A 5-factor competence iceberg model for academic medical postgraduates was developed. The five factors were labeled cooperation and communication ability (F1), experimental/research ability (F2), academic performance (F3), learning ability and moral adherence (F4) and practical ability (F5). These factors explained 69.13% of the total variance in the 26 items on which this research focused. The overall Cronbach’s alpha coefficient was 0.943. The content validities of the overall scale and each item were good (UA-CVI = 0.83, Ave-CVI = 0.98, I-CVI ≥ 0.78). The model fit indices, which were obtained via CFA, were acceptable (χ2/df = 2.969, NNFI = 0.901, RMSEA = 0.077, CFI = 0.912, TLI = 0.901, SRMR = 0.057). The average variance extraction (AVE) values pertaining to the five factors on which this research focused were 0.656, 0.644, 0.670, 0.572 and 0.640 ( > 0.5), and the corresponding composite reliability (CR) values were 0.930, 0.915, 0.889, 0.870, and 0.877 ( ≥ 0.8), respectively. The results exhibited good reliability and validity as well as a good fit to the data. The competence iceberg model can help identify the competence needs of academic medical postgraduates that should be prioritized in the future, and the measurement tool, which exhibits strong reliability and validity, supports the future application of competence status and composition tests among medical students.","openalex, scopus, wos, dblp",human,0.900,human,
discarded,Evaluating the pulse of exercise programs: Developing and validating the intervention usability scale for exercise (IUSE) to enhance implementation and adherence,Mørtvedt A.I.,2026,Human Factors in Healthcare,10.1016/j.hfh.2026.100142,https://www.scopus.com/inward/record.uri?partnerID=HzOxMe3b&scp=105042273512&origin=inward,exercise-intervention; usability-scale; non-education; method-paper-not-about-version-control,"Background: Adherence to exercise interventions is often suboptimal, despite numerous studies documenting barriers and facilitators. Usability may be a critical yet underexplored determinant of adherence. This study aimed to develop and assess the psychometric properties of the Intervention Usability Scale for Exercise (IUSE). Methods: Item generation and content validation involved cognitive interviews and feedback from eight exercise intervention stakeholders and ten target users from the general public. Subsequently, 526 target users from University, Qualtrics and Prolific participant panels assessed exercise programs through an online survey. Dimensionality was assessed using Principal Component Analysis (PCA), Exploratory Factor Analysis (EFA), and bifactor models. Item reduction was conducted through Item Response Theory (IRT) graded response models, assessing discriminability, item information levels/patterns and differential item functioning. Test-retest reliability was assessed using Pearson's r. Subsequently, short vs. original scale versions were compared. Finally, evidence of criterion, convergent, and discriminant validity was assessed. Results: Thirty-six items were initially included, with 16 removed due to low test-retest reliability and factor loadings (r < 0.50). A 3-factor structure emerged from EFA, PCA, and bifactor models: Value, Ease, and Social. Iterative IRT evaluation led to 12 item removals, resulting in 8 final items across three subscales. Validity analyses indicated good convergent (e.g., r = 0.79 with Intervention Appropriateness Measure, r = 0.65 with Intervention Usability Scale), criterion (e.g., r = 0.71 with Net Promoter Score and 0.75 with intention measures), and discriminant validity (r = 0.42 with External Motivation), along with satisfactory internal consistency (Cronbach's alpha: 0.79-0.84). Conclusions: The IUSE scale demonstrated promising psychometric properties. Application of the scale with collection of actual uptake/adherence data is needed to assess predictive validity.","openalex, scopus, wos, dblp",human,0.970,human,
discarded,Perceptions of the Values and Outcomes to Improve Cancer Experiences (VOICE) tool: a digital values-clarification instrument and tailored summary report for older adults with advanced cancer,Cole A.C.,2026,Journal of Patient Reported Outcomes,10.1186/s41687-026-01038-9,https://www.scopus.com/inward/record.uri?partnerID=HzOxMe3b&scp=105038827147&origin=inward,cancer-care; decision-support; non-education; unrelated-term-match-other-field,"Older adults represent the majority of patients with advanced cancer, yet this group frequently reports a lack of discussion of their values as part of treatment decision-making. We previously developed a values-clarification tool called Values and Outcomes to Improve Cancer Experiences (VOICE) that uses best-worst scaling methods to prioritize treatment values and generates a tailored summary report to support patients in talking with their oncologist during treatment decisions. VOICE assesses 7 treatment values: doing activities that are meaningful; managing medical expenses; maintaining independence; minimizing side effects; reducing time spent receiving care; accessing resources for understanding treatment plans; and living longer. The objective of this study was to evaluate older adults’ perceptions of VOICE for comprehensibility and acceptability. We used an exploratory sequential mixed-methods study to assess perceptions of VOICE with qualitative (think-aloud protocols and semi-structured interviews) and quantitative (questionnaires) data. Interview questions focused on how older adults may perceive VOICE to affect or prepare them for values-based communication and decision-making with their oncologist. Interviews were coded thematically by three coders, and questionnaires were summarized descriptively. Fifteen older adults (ages 62–88; 60% female; 60% Caucasian, 27% Black, 13% other) with advanced cancer participated. Participants understood the treatment values as presented in VOICE, and anticipated VOICE having a positive influence on their self-efficacy, confidence, motivation, and likelihood to discuss values with oncologists. Descriptive findings showed that 74% (n = 11/15) felt more prepared for meaningful discussions with their oncologist about long-term health status and treatment plans. Participants also perceived that VOICE was helpful in preparing them for discussions with oncologists by helping them to advocate for themselves (n = 10/15), self-reflect on what is important when making treatment decisions (n = 10/15) and reduce their anxiety (n = 3/15). Five interview themes were identified: (i) balancing treatment and everyday life, (ii) patient involvement and value assessment, (iii) emotional and psychological impact of diagnosis and treatment, (iv) communication and relationships, and (v) processing and seeking information. Older adults with advanced cancer perceived the VOICE values clarification tool to be comprehensible, relevant, acceptable, and useful for improving communication with their oncologist. Further evidence is needed to better understand how patients and oncologists engage in values-clarification processes, and whether implementing tools into clinical practice helps align patient values with treatment recommendations.","openalex, scopus, wos, dblp",human,0.960,human,
discarded,Validation of the Turkish version of the Phobic Stimuli Response Scales,Yerlikaya E.E.,2026,Psicologia Reflexao E Critica,10.1186/s41155-026-00380-7,https://www.scopus.com/inward/record.uri?partnerID=HzOxMe3b&scp=105031572812&origin=inward,psychometrics; phobia-scale; non-education; unrelated-term-match-other-field,"The current literature lacks measurement tools that cover all subtypes of specific phobias. This study aimed to adapt the Phobic Stimuli Response Scales (PSRS) into Turkish and evaluate its psychometric properties. 399 university students (308 females, 77.2%; 91 males, 22.8%) aged between 18 and 53 years (M = 21.80, SD = 3.93) filled out the PSRS, Fear Survey Schedule-II, and Depression, Anxiety, Stress Scale (DASS-21) online. 108 participants took part in the test-retest study 15 days after the first application. According to confirmatory factor analysis, model fit indices (CFI = 0.97, TLI = 0.97, RMSEA = 0.07, and SRMR = 0.07) showed that the Turkish form of the scale consisted of 46 items and five factors (Blood-Injection, Bodily Harm, Social, Animal, and Physical Confinement) as in the original. Its correlations with other scales showed its convergent and discriminant validity. The reliability analyses indicate that the scale demonstrates internal consistency (α = 0.78 for Bodily Harm, 0.85 for Physical Confinement, 0.88 for Social, 0.86 for Animal, 0.90 for Blood-Injection, and 0.94 for the total score) and test-retest reliability. The findings suggest that the Turkish PSRS is a reliable and valid instrument for assessing responses to various fears in research and practical applications.","openalex, scopus, wos, dblp",human,0.980,human,
discarded,Developing and evaluating the effectiveness of a web-based application to improve the mental health of infertile women: a multi-phase study protocol,Aliasghari F.,2026,Reproductive Health,10.1186/s12978-026-02362-5,https://www.scopus.com/inward/record.uri?partnerID=HzOxMe3b&scp=105044930627&origin=inward,web-based-health-intervention; non-education; unrelated-term-match-other-field,"Infertility is a chronic bio-psycho-social condition associated with substantial psychological distress, particularly among women. High rates of anxiety, depression, reduced quality of life, low self-efficacy, and impaired resilience have been widely reported, while access to psychological support remains limited due to financial, social, and stigma-related barriers. Web-based mental health interventions offer a promising, accessible, and cost-effective approach to address these unmet needs. This study aims to develop and evaluate the effectiveness of a user-centered, web-based psychoeducational and supportive application designed to improve the mental health of infertile women. This developmental-applied study will be conducted in three phases. Phase 1 involves a comprehensive needs assessment through systematic literature reviews and qualitative interviews with infertile women and multidisciplinary experts to identify educational and supportive mental health needs. Phase 2 focuses on the design and development of a web-based application using user-centered design principles, incorporating evidence-based psychoeducational content, interactive exercises, and supportive resources targeting depression, anxiety, stress, quality of life, infertility self-efficacy, and resilience. Phase 3 will evaluate the application through a randomized controlled clinical trial conducted in infertility clinics affiliated with Tabriz University of Medical Sciences. Eligible infertile women will be randomly assigned to either the intervention group, receiving access to the application for six weeks, or a control group receiving routine care. Outcomes will be assessed using validated instruments, including Depression, (Anxiety and Stress Scale – 21) DASS-21, (Fertility Quality of life) FertiQoL, Infertility Self-Efficacy Scale, Connor–Davidson Resilience Scale, and the Questionnaire for User Interaction Satisfaction. Linear mixed models will be applied to compare post-intervention outcomes between groups. This study contributes to the growing body of evidence supporting the role of digital mental health interventions in reproductive medicine and highlights the potential of technology-driven, patient-centered approaches to improve psychological outcomes in infertile women.","openalex, scopus, wos, dblp",human,0.970,human,
discarded,Investigation of phubbing behavior in attention deficit hyperactivity disorder and cognitive disengagement syndrome: a case-control study in adolescent,Gavcar E.G.,2026,BMC Psychiatry,10.1186/s12888-026-08212-9,https://www.scopus.com/inward/record.uri?partnerID=HzOxMe3b&scp=105045237587&origin=inward,adhd; smartphone-behavior; non-education; unrelated-term-match-other-field,"Attention Deficit Hyperactivity Disorder (ADHD) is a common childhood neurodevelopmental disorder characterized by inattention, hyperactivity, and impulsivity beyond developmental expectations. Problematic technology engagement, including increased smartphone use, is frequently observed among adolescents with ADHD. Phubbing, a term combining ‘phone’ and ‘snubbing,’ refers to ignoring others in a social setting by focusing on one’s smartphone rather than engaging in face-to-face interaction and has been linked to impaired interpersonal communication. Cognitive Disengagement Syndrome (CDS), formerly referred to as sluggish cognitive tempo (SCT), is characterized by excessive daydreaming, mental confusion, low initiative, and slowed responding and is associated with social withdrawal. However, no prior studies have investigated ADHD-phubbing or CDS-phubbing relationships in adolescents. This study examined group differences in phubbing and explored associations among phubbing, ADHD symptoms, and CDS severity. In this case-control study, 48 adolescents diagnosed with ADHD and 38 healthy controls aged 12–17 completed; Sociodemographic Data Form, General Phubbing Scale, and Conners-Wells Adolescent Self-Report Scale Short Form. Parents completed Child and Adolescent Behavior Inventory SCT Scale. ADHD was diagnosed via DSM-5 based clinical interviews. Group comparisons and correlation analyses were conducted using appropriate statistical tests. Phubbing scores were significantly higher in the ADHD group than in controls. Phubbing scores demonstrated significant positive correlations with self-reported ADHD symptom domains, including conduct problems, inattention, hyperactivity, and the ADHD Index. CDS severity did not reach significance within the ADHD group but was significantly associated with phubbing scores in the full sample. Adolescents whose CDS symptoms impaired social functioning reported higher phubbing scores. Daily smartphone use exceeding 3 hours and social media use were also associated with elevated phubbing scores. These findings indicate that phubbing scores is elevated among adolescents with ADHD and is positively associated with ADHD symptom severity. CDS—particularly when accompanied by social impairment—is also associated with higher phubbing scores. The results highlight the potential utility of assessing smartphone and other electronic technology use when evaluating adolescents with ADHD and CDS. However, given the cross-sectional nature of this study, causal or directional inferences cannot be drawn. Future research with larger and untreated samples is warranted. Not applicable.","openalex, scopus, wos, dblp",human,0.980,human,
discarded,The long road to routine care: piloting the digital mental health intervention for PTSD “Radius Grow” in a psychiatric residential setting,Brähmer S.F.,2026,BMC Psychology,10.1186/s40359-026-04738-5,https://www.scopus.com/inward/record.uri?partnerID=HzOxMe3b&scp=105039331396&origin=inward,digital-mental-health; clinical-setting; non-education; unrelated-term-match-other-field,"While psychotherapeutic interventions for Post Traumatic Stress Disorder (PTSD) are effective, transfer to everyday life is challenged by a shift from treatment setting to the patients’ living environment. Adding digital components to the treatment (Blended Care, BC) may support autonomous completion of therapeutic tasks and facilitate transfer but has not been studied in residential treatment settings. The present study explores the implementation, usability, and preliminary effectiveness of a BC approach for PTSD treatment in a non-acute residential hospital setting. Clinician and patient perspectives are considered. 36 patients participated in a two-group quasi-experimental design (intervention vs. control) with three measurements (admission, discharge, three-month follow-up). Face-to-face trauma-focused CBT was offered in both groups, complemented by a BC software in the intervention group. Also, 16 clinicians participated in the study. We collected qualitative data from semi-structured interviews, software usage-data, and psychometric questionnaire data from patients and clinicians. Patients reported high satisfaction with software usability; clinicians had varying opinions. Uptake was inconsistent on both sides. Capacity issues and an inaccurate definition of the intended use hampered implementation. Still, intensified collaboration and sustained engagement with treatment contents were identified as benefits of BC. Quantitative measures of symptom severity showed no significant between-group differences in exploratory analyses and no relation to software usage intensity. This study confirms potentials and obstacles of BC to facilitate the therapeutic process in the residential treatment of PTSD. It also emphasizes the importance of a concise concept for the coordination of digital and face-to-face components to ensure sufficient uptake and raise clinical effectiveness. drks.de, DRKS00031741, Registration date: 21 April 2023, https://drks.de/search/de/trial/DRKS00031741/details.","openalex, scopus, wos, dblp",human,0.960,human,
