status,title,authors,year,venue,doi,url,tags,abstract,provider,decision_source,llm_confidence,llm_review_outcome,llm_change_direction
discarded,"Ethnobotanical inventory and medicinal applications of plants used by the local people of Cholistan desert, Pakistan",Esan Ali; Muhammad Farooq Azhar; Rainer W. Bussmann,2023,Ethnobotany Research and Applications,10.32859/era.25.21.1-23,https://openalex.org/W4322009538,ethnobotany; non-education; unrelated-term-match-other-field,"Background: The Cholistan desert has been inhabited by people who have a long tradition of utilizing medicinal plants to heal human diseases. The current study includes a detailed ethnobotanical inventory and the traditional therapeutic applications of medicinal plants in the Cholistan desert. Methods: The primary data was obtained through field observations, interviews, and questionnaires between December 2021 and March 2022. Informant Consensus Factor (ICF), Relative frequency citation (RFCs), and fidelity level (FL) were used to access the relevance of medicinal plants. Pearson’s chi-square test, One-way ANOVA and multiple logistic regression were performed to compare indigenous knowledge among respondents of various socio-demographic groups. Results: 93 plants from 31 families were recorded. The Fic was calculated for sixteen different disease categories value range (0.82 to 0.50). Heliotropium strigosum, Grewia villosa, and Capparis decidua exhibited high RFCs value (0.49). The FL of Chenopodium album and Farsetia hamiltonii were 92.9 and 91.4%. Gender, age, educational status, and source of livelihood showed a significant positive impact (p-value < 0.001) on the respondents' indigenous knowledge about medicinal plants. Multiple logistic regression analysis confirmed that gender and education significantly affect (p-value < 0.001) the level of respondents’ indigenous knowledge followed by age and source of livelihood. Conclusion: This investigation revealed that traditional medicine based on ancient indigenous knowledge is still practiced as the first line of health care in the study area. Women are having vast ethnobotanical knowledge as compared to men and there is a significant gap in transmission of information from elder to younger generations. Keywords: Medicinal plants, Indigenous Knowledge, Ethnobotanical indices, Socio-demographic factors, Regression analysis","openalex, scopus, wos, dblp, ieee",human,0.990,human,
discarded,"Drug Shortage: Causes, Impact, and Mitigation Strategies",Sundus Shukar; Fatima Zahoor; Khezar Hayat; Amna Saeed; Ali Hassan Gillani; Sumaira Omer; Shuchen Hu; Zaheer‐Ud‐Din Babar; Yu Fang; Caijun Yang,2021,Frontiers in Pharmacology,10.3389/fphar.2021.693426,https://openalex.org/W3178673937,pharmacology-review; non-education; unrelated-term-match-other-field,"Drug shortage is a global issue affecting low, middle, and high-income countries. Many countries have developed various strategies to overcome the problem, while the problem is accelerating, affecting the whole world. All types of drugs, such as essential life-saving drugs, oncology medicines, antimicrobial drugs, analgesics, opioids, cardiovascular drugs, radiopharmaceutical, and parenteral products, are liable to the shortage. Among all pharmaceutical dosage forms, sterile injectable products have a higher risk of shortage than other forms. The causes of shortage are multifactorial, including supply issues, demand issues, and regulatory issues. Supply issues consist of manufacturing problems, unavailability of raw materials, logistic problems, and business problems. In contrast, demand issues include just-in-time inventory, higher demand for a product, seasonal demand, and unpredictable demand. For regulatory issues, one important factor is the lack of a unified definition of drug shortage. Drug shortage affects all stakeholders from economic, clinical, and humanistic aspects. WHO established global mitigation strategies from four levels to overcome drug shortages globally. It includes a workaround to tackle the current shortage, operational improvements to reduce the shortage risk and achieve early warning, changes in governmental policies, and education and training of all health professionals about managing shortages.","openalex, scopus, wos, dblp, ieee",human,0.980,human,
discarded,"Linking norms, ratings, and relations of words and concepts across multiple language varieties",Annika Tjuka; Robert Forkel; Johann‐Mattis List,2021,Behavior Research Methods,10.3758/s13428-021-01650-1,https://openalex.org/W3091950984,database-resource; non-education; unrelated-term-match-other-field,"Psychologists and linguists collect various data on word and concept properties. In psychology, scholars have accumulated norms and ratings for a large number of words in languages with many speakers. In linguistics, scholars have accumulated cross-linguistic information about the relations between words and concepts. Until now, however, there have been no efforts to combine information from the two fields, which would allow comparison of psychological and linguistic properties across different languages. The Database of Cross-Linguistic Norms, Ratings, and Relations for Words and Concepts (NoRaRe) is the first attempt to close this gap. Building on a reference catalog that offers standardization of concepts used in historical and typological language comparison, it integrates data from psychology and linguistics, collected from 98 data sets, covering 65 unique properties for 40 languages. The database is curated with the help of manual, automated, semi-automated workflows and uses a software API to control and access the data. The database is accessible via a web application, the software API, or using scripting languages. In this study, we present how the database is structured, how it can be extended, and how we control the quality of the data curation process. To illustrate its application, we present three case studies that test the validity of our approach, the accuracy of our workflows, and the integrative potential of the database. Due to regular version updates, the NoRaRe database has the potential to advance research in psychology and linguistics by offering researchers an integrated perspective on both fields.","openalex, scopus, wos, dblp, ieee",human,0.900,human,
discarded,The taxonomic name resolution service: an online tool for automated standardization of plant names,Brad Boyle; Nicole Hopkins; Zhenyuan Lu; Juan A. Raygoza Garay; Dmitry Mozzherin; Tony Rees; Naim Matasci; Martha L. Narro; William H. Piel; Sheldon McKay; Sonya Lowry; Chris Freeland; Robert K. Peet; Brian J. Enquist,2013,BMC Bioinformatics,10.1186/1471-2105-14-16,https://openalex.org/W2107347656,bioinformatics-tool; non-education; unrelated-term-match-other-field,"BACKGROUND: The digitization of biodiversity data is leading to the widespread application of taxon names that are superfluous, ambiguous or incorrect, resulting in mismatched records and inflated species numbers. The ultimate consequences of misspelled names and bad taxonomy are erroneous scientific conclusions and faulty policy decisions. The lack of tools for correcting this 'names problem' has become a fundamental obstacle to integrating disparate data sources and advancing the progress of biodiversity science. RESULTS: The TNRS, or Taxonomic Name Resolution Service, is an online application for automated and user-supervised standardization of plant scientific names. The TNRS builds upon and extends existing open-source applications for name parsing and fuzzy matching. Names are standardized against multiple reference taxonomies, including the Missouri Botanical Garden's Tropicos database. Capable of processing thousands of names in a single operation, the TNRS parses and corrects misspelled names and authorities, standardizes variant spellings, and converts nomenclatural synonyms to accepted names. Family names can be included to increase match accuracy and resolve many types of homonyms. Partial matching of higher taxa combined with extraction of annotations, accession numbers and morphospecies allows the TNRS to standardize taxonomy across a broad range of active and legacy datasets. CONCLUSIONS: We show how the TNRS can resolve many forms of taxonomic semantic heterogeneity, correct spelling errors and eliminate spurious names. As a result, the TNRS can aid the integration of disparate biological datasets. Although the TNRS was developed to aid in standardizing plant names, its underlying algorithms and design can be extended to all organisms and nomenclatural codes. The TNRS is accessible via a web interface at http://tnrs.iplantcollaborative.org/ and as a RESTful web service and application programming interface. Source code is available at https://github.com/iPlantCollaborativeOpenSource/TNRS/.","openalex, scopus, wos, dblp, ieee",human,0.940,human,
discarded,Automated market maker inventory management with deep reinforcement learning,Óscar Fernández Vicente; Fernando Fernández; Javier García,2023,Applied Intelligence,10.1007/s10489-023-04647-9,https://openalex.org/W4381996893,reinforcement-learning; finance; non-education; unrelated-term-match-other-field,"Abstract Stock markets are the result of the interaction of multiple participants, and market makers are one of them. Their main goal is to provide liquidity and market depth to the stock market by streaming bids and offers at both sides of the order book, at different price levels. This activity allows the rest of the participants to have more available prices to buy or sell stocks. In the last years, reinforcement learning market maker agents have been able to be profitable. But profit is not the only measure to evaluate the quality of a market maker. Inventory management arises as a risk source that must be under control. In this paper, we focus on inventory risk management designing an adaptive reward function able to control inventory depending on designer preferences. To achieve this, we introduce two control coefficients, AIIF (Alpha Inventory Impact Factor) and DITF (Dynamic Inventory Threshold Factor), which modulate dynamically the behavior of the market maker agent according to its evolving liquidity with good results. In addition, we analyze the impact of these factors in the trading operative, detailing the underlying strategies performed by these intelligent agents in terms of operative, profitability and inventory management. Last, we present a comparison with other existing reward functions to illustrate the robustness of our approach. Graphic Abstract","openalex, scopus, wos, dblp, ieee",human,0.990,human,
discarded,"eddy4R: A community-extensible processing, analysis and modeling framework for eddy-covariance data based on R, Git, Docker and HDF5",Stefan Metzger; David Durden; Cove Sturtevant; Hongyan Luo; Natchaya Pingintha‐Durden; Torsten Sachs; Andrei Serafimovich; Jörg Hartmann; Jiahong Li; Ke Xu; Ankur R. Desai,2017,,10.5194/gmd-2016-318,https://openalex.org/W2584434056,reproducible-research; scientific-software; non-education; git-or-software-tooling-without-learner-understanding-findings,"Abstract. This study presents the systematic development of an open-source, flexible and modular eddy-covariance (EC) data processing framework. This is achieved through adopting a Development and Systems Operation (DevOps) philosophy, building on the eddy4R family of EC code packages in the R Language for Statistical Computing as foundation. These packages are community-developed via the GitHub distributed version control system and wrapped into a portable and reproducible Docker filesystem that is independent of the underlying host operating system. The HDF5 hierarchical data format then provides a streamlined mechanism for highly compressed and fully self-documented data ingest and output. This framework is applicable beyond EC, and more generally builds the capacity to deploy complex algorithms developed by scientists in an efficient and scalable manner. In addition, modularity permits meeting project milestones while retaining extensibility with time. The efficiency and consistency of this framework is demonstrated in the form of three application examples. These include tower EC data from first instruments installed at a National Ecological Observatory (NEON) field site, aircraft flux measurements in combination with remote sensing data, as well as a software intercomparison. In conjunction with this study, the first two eddy4R packages and simple NEON EC data products are released publicly. While this proof-of-concept represents a significant advance, substantial work remains to arrive at the automated framework needed for the streaming generation of science-grade EC fluxes.","openalex, scopus, wos, dblp, ieee",human,0.900,human,
discarded,Making sense of subcellular H2O2 in mammals,Waldeck-Weiermair M.,2026,Redox Biochemistry and Chemistry,10.1016/j.rbc.2026.100080,https://www.scopus.com/inward/record.uri?partnerID=HzOxMe3b&scp=105043189392&origin=inward,biochemistry; non-education; diagnostic-test-or-misconception-study-other-domain,,"openalex, scopus, wos, dblp, ieee",human,0.990,human,
discarded,Impact of a Follow-Up Care Model on the Lifestyle and Self-Care of Patients with Chronic Obstructive Pulmonary Disease: A Randomized Clinical Trial,Sargazishad T.,2026,Evidence Based Care Journal,10.22038/ebcj.2026.89677.3174,https://www.scopus.com/inward/record.uri?partnerID=HzOxMe3b&scp=105042455535&origin=inward,clinical-trial; non-education; unrelated-term-match-other-field,,"openalex, scopus, wos, dblp, ieee",human,0.990,human,
discarded,Unraveling Chronic Pain: From Mechanisms and Risks to Diagnosis and Treatment,Dai X.,2026,Medcomm,10.1002/mco2.70685,https://www.scopus.com/inward/record.uri?partnerID=HzOxMe3b&scp=105034320519&origin=inward,medical-review; non-education; unrelated-term-match-other-field,"Chronic pain is a globally prevalent and complex condition, encompassing three primary subtypes, that is, nociceptive, neuropathic, and nociplastic, each with distinct biopsychosocial mechanisms. Chronic pain was historically viewed as a monolithic symptom and managed with opioid‐centric models, causing widespread therapeutic failure. While recognition of its heterogeneity has driven a paradigm shift toward precision medicine, tailoring multimodal strategies to the dominant pain mechanism, critical challenges persist. These include difficulty in identifying treatable root causes, limited long‐term efficacy of therapies, and significant side‐effect burdens. To address these gaps, this review systematically synthesized contemporary knowledge, predominantly from the last decade, on the molecular mechanisms, risk factors, diagnostic frameworks, and therapeutic modalities for chronic pain, framed by its pathophysiological subtypes. Furthermore, it explored two novel frontiers aimed at advancing personalized pain medicine. First, it proposed cold atmospheric plasma as an innovative therapeutic intervention capable of modulating key molecular pathways underlying diverse pain manifestations. Second, it introduced an original neurobiological model positing the hippocampus as a putative sensor for nociplastic pain, interfacing with higher‐dimensional information fields. These insights may offer transformative potential for refining diagnostic and therapeutic strategies, potentially revolutionizing the management of chronic pain.","openalex, scopus, wos, dblp, ieee",human,0.990,human,
discarded,The Mental Health–Acute Coronary Syndrome Continuum: Bidirectional Pathophysiological Links and Clinical Implications,Herlaș-Pop A.,2026,Medical Sciences,10.3390/medsci14010138,https://www.scopus.com/inward/record.uri?partnerID=HzOxMe3b&scp=105033970815&origin=inward,medical-review; non-education; unrelated-term-match-other-field,"Mental health disorders (MHDs) and acute coronary syndromes (ACSs) demonstrate reciprocal pathophysiological connections with substantial prognostic implications. Despite robust evidence linking MHDs to adverse cardiovascular outcomes, the bidirectional relationship remains inadequately characterized in clinical practice, with limited integration of mental health screening into routine cardiac care pathways. The present narrative review comprehensively presents contemporary data on epidemiology, shared biological mechanisms, clinical consequences, and integrated management strategies across the MHD–ACS continuum. A synthesis of peer-reviewed literature, meta-analyses, observational cohorts, randomized trials, and international guideline documents was performed, focusing on depression, anxiety, post-traumatic stress disorder, bipolar disorder, schizophrenia, and suicidality in relation to ACSs. MHDs are highly prevalent in ACS populations and independently predict increased mortality, major adverse cardiac events, and poorer functional recovery. Shared mechanisms include chronic low-grade inflammation, autonomic imbalance, hypothalamic–pituitary–adrenal axis hyperactivation, platelet hyperreactivity, and endothelial dysfunction. Selective serotonin reuptake inhibitors and cognitive behavioral therapy demonstrate the strongest evidence for treating depression in cardiac populations. Collaborative, stepped-care, and integrated cardiac rehabilitation models consistently improve psychological outcomes, with variable effects on cardiovascular endpoints. MHDs and ACSs form a self-reinforcing clinical continuum. Routine mental health screening and integrated cardio-psychiatric care represent essential components of secondary prevention and long-term outcome optimization.","openalex, scopus, wos, dblp, ieee",human,0.990,human,
discarded,Protocol for a cohort comparison treatment study evaluating the efficacy of a dimensional adaptation of GPM (GPM-extended) compared to a classic outpatient GPM treatment for patient fulfilling criteria for BPD: the EPSYLIA project,Blay M.,2026,Frontiers in Psychiatry,10.3389/fpsyt.2025.1687987,https://www.scopus.com/inward/record.uri?partnerID=HzOxMe3b&scp=105030033442&origin=inward,psychiatry-protocol; non-education; unrelated-term-match-other-field,"Personality disorders (PD) are common and debilitating psychiatric conditions, often characterized by severe interpersonal and self-dysfunction. Borderline personality disorder (BPD) is the most studied PD, with treatments like Good Psychiatric Management (GPM) demonstrating effectiveness. To address the current state of the personality disorder field, where most evidence-based treatments have been developed using a categorical approach, while the most empirically supported approach is the dimensional one, we developed an adaptation of GPM (GPM-extended) integrating concepts of dimensional personality dysfunction into an established therapeutic framework. This prospective “here-there” study will compare GPM-extended with standard GPM in two outpatient facilities. This methodological choice is due to organizational and institutional limitations. Participants (≥18 years) meeting BPD criteria per the SCID-II will be included. The GPM-extended group incorporates a dimensional diagnostic framework focusing on three personality dilemmas (rejection/abandonment fears, self-esteem dysregulation, and perfection/control issues), with tailored psychoeducation and treatment priorities. The standard GPM group will follow the validated GPM protocol, emphasizing interpersonal hypersensitivity and standard psychoeducation. Both groups will receive weekly individual therapy and group interventions for one year. Between-group differences at 1-year follow-up will be assessed using multiple regression models adjusted for baseline scores. The primary outcome is the change in BPD symptom severity (ZAN-BPD). Secondary outcomes include personality functioning, traits, and various clinical dimensions such as impulsivity, emotional regulation, and social functioning. All patients having initiated the program and having initial data will be included in the analysis, with multiple imputations for missing data and sensitivity analyses planned. Altogether, this study seeks to evaluate the feasibility and efficacy of integrating dimensionality into GPM, offering a pragmatic pathway to improve PD treatment and bridging gaps between evidence-based conceptualizations and treatments of PD. Clinical trial registration ClinicalTrials.gov, identifier NCT06913738.","openalex, scopus, wos, dblp, ieee",human,0.990,human,
