status,title,authors,year,venue,doi,url,tags,abstract,provider,decision_source,llm_confidence,llm_review_outcome,llm_change_direction
discarded,"Using a structured clinical coaching program to improve clinical skills training and assessment, as well as teachers’ and students’ satisfaction",Patricia Régo; Ray Peterson; Leonie Callaway; Michael Ward; Carol Ann O'Brien; Ken Donald,2009,Medical Teacher,10.3109/01421590903193588,https://openalex.org/W2087919316,medical-education; clinical-skills; non-computing; unrelated-term-match-other-field,"INTRODUCTION: The ability to deliver the traditional apprenticeship method of teaching clinical skills is becoming increasingly more difficult as a result of greater demands in health care delivery, increasing student numbers and changing medical curricula. Serious consequences globally include: students not covering all elements of clinical skills curricula; insufficient opportunity to practise clinical skills; and increasing reports of graduates' incompetence in some clinical skills. METHODS: A systematic Structured Clinical Coaching Program (SCCP) for a large cohort of Year 1 students was developed, providing explicit learning objectives for both students and paid generalist clinical tutors. It incorporated ongoing multi-source formative assessment and was evaluated using a case-study methodology, a control-group design, and comparison of formative assessment scores with summative Objective Structured Clinical Examination (OSCE) scores. RESULTS: Students demonstrated a higher level of competence and confidence, and the formative assessment scores correlated with the Research students' summative OSCE scores. SCCP tutors reported greater satisfaction and confidence through knowing what they were meant to teach. At-risk students were identified early and remediated. DISCUSSION: The SCCP ensures consistent quality in the teaching and assessment of all relevant clinical skills of all students, despite large numbers. It improves student and teacher confidence and satisfaction, ensures clinical skills competence, and could replace costly OSCEs.","openalex, scopus, wos, ieee",human,0.900,human,
discarded,AI in teaching English as a foreign language: Effectiveness and prospects in Kazakh higher education,Zada Kemelbekova; Xeniya Degtyareva; Saule Yessenaman; D.T. Ismailova; Guldana Seidaliyeva,2024,XLinguae,10.18355/xl.2024.17.01.05,https://openalex.org/W4391344668,ai-in-language-learning; efl; non-computing; unrelated-term-match-other-field,"The article analyses the implementation and efficacy of artificial intelligence in teaching English to first-year students at the Abai Kazakh National Pedagogical University. The present study examined the effects of AI chatbots on students' speaking abilities and overall experiences in the English as a Foreign Language (EFL) classroom. The participants were 11 EFL teachers and 51 Abai University students, who were randomly assigned into two groups: an experimental cohort and a control cohort. The experimental group, consisting of over 26 students, received instruction through AI-based educational programs, while the control group, comprising over 25 students, received instruction through traditional teaching methods. Employing a pre-and post-test research design, the present study undertook a comparative analysis of students' progress in English speaking skills, both within and between experimental and control groups. The findings of the conducted tests have indicated that both groups exhibited a significant improvement in their oral communicative abilities, as evidenced by their performance in the two speaking tasks, namely reading a text aloud and answering questions. As for the student's proficiency and fluency, it was observed that there was no significant difference between the two groups in terms of pronunciation. However, a discernible variation was detected in their intonation and stress patterns during the reading task. The results of this questionnaire offer an analysis of students' attitudes and opinions regarding integrating AI chatbots into language learning. This sheds light on the potential benefits and limitations of utilising such technology in the EFL context. Furthermore, the recent study explores the potential of AI chatbots as an effective tool to facilitate language learning and their future applications in the EFL setting. The implications of the research findings are thoroughly discussed, considering how AI chatbots can potentially enhance language learning and their potential usefulness in EFL education in the future.","openalex, scopus, wos, ieee",human,0.810,human,
discarded,PhD student training: principles and implementation,Liubov Panchenko; Hennadii Korzhov; Tetiana Kolomiiets; M N Yenin,2021,Journal of Physics Conference Series,10.1088/1742-6596/1840/1/012056,https://openalex.org/W3138024834,phd-training; reproducible-research; general-research-education; diagnostic-test-or-misconception-study-other-domain,"Abstract The article deals with the problem of PhD student training. The Salzburg Principles about the improvement and quality assurance of doctoral programs at universities in every country from European University Association are analysed and materials of LERU on quality culture in Doctoral Education in Europe are used. The three focuses of the research component of doctoral program are proposed. The first focus relates to reproducible research principle. The second focus is related to the use of multivariate models of phenomena’s study and SEM methodology. The SEM methodology is mostly based on deductive logic, involves the preliminary construction of a structural model of the relationships between the variables in order to further check for consistency with the experimental data. The third focus combines qualitative and quantitative methods and the use of triangulation (data triangulation, investigation triangulation, theory triangulation etc.). The content of selected courses for doctorate students is proposed: Reproducible Research and Multivariate Methods in Scientific Research courses. The importance of courses related to the future career is demonstrated, in particular the career of academic researcher. Further development of our work is the creation of teaching and methodological support for selected course “Twitter for professional development of PhD students”.","openalex, scopus, wos, ieee",human,0.710,human,
kept,Assessing Student Proficiency in Foundational Developer Tools Through Live Checkoffs,McMahon C.,2026,SIGCSE TS 2026 Proceedings of the 57th ACM Technical Symposium on Computer Science Education V 1,10.1145/3770762.3772618,https://www.scopus.com/inward/record.uri?partnerID=HzOxMe3b&scp=105031885727&origin=inward,developer-tools-education; version-control; checkoffs; systems-course; skill-checkoff-assessment-incl-git; cited,"Most undergraduate computer science programs still treat core developer tools including the command-line interface (CLI), symbolic debuggers, and version control systems as skills students will acquire on their own outside of class. We believe that these skills deserve the same explicit instruction, practice, and assessment that computer science programs dedicate to core topics such as data structures and algorithms. This experience report presents a practical, scalable method to assess students' proficiency through checkoffs: one-on-one sessions where students demonstrate skills and verbalize concepts to a teaching assistant (TA). This live, interactive format allows TAs to probe student understanding and provide immediate feedback, offering a more effective assessment than traditional paper-based exams. As generative AI tools become increasingly capable of completing take-home work, in-person checkoffs will also help to verify authentic skill proficiency. In a semester-long Systems Fundamentals course enrolling 237 students, we designed and administered three checkoffs, one each for the CLI, debugging, and Git. Final scores on each checkoff demonstrated that the vast majority of students achieved a baseline proficiency with each tool. Additionally, survey results indicated the checkoff format boosted students' confidence with the tools, encouraged earlier help-seeking on other assignments, and fostered a stronger sense of community. Given these positive outcomes, we plan to continue using checkoffs to evaluate tool-based skills. To enable other educators to replicate this system, we have detailed key design decisions for scaling checkoffs effectively including logistics, a breakdown of skills assessed, and sample questions.","openalex, scopus, wos, ieee",human,0.990,human,
discarded,Experimentology: An open science approach to experimental psychology methods,Frank M.C.,2025,Experimentology an Open Science Approach to Experimental Psychology Methods,10.7551/mitpress/14810.001.0001,https://www.scopus.com/inward/record.uri?partnerID=HzOxMe3b&scp=105012159272&origin=inward,research-methods; open-science; psychology; non-computing; unrelated-term-match-other-field,"An engaging research methods text integrating a classic approach to conducting experiments in psychology with open science practices and values.
 How does a researcher run a high-quality psychology experiment? What time-tested methods should be used, and how can more robust and accurate results be achieved? A dynamic collaboration between groundbreaking cognitive scientist Michael Frank and a diverse cohort of researchers innovating in the field—Mika Braginsky, Julie Cachia, Nicholas Coles, Tom Hardwicke, Robert Hawkins, Maya Mathur, and Rondeline Williams—Experimentology introduces the art of the modern psychological experiment with an emphasis on open science values of accessibility and transparency.
 
 Experimentology follows the timeline of an experiment, with sections covering basic foundations, planning, execution, data-gathering and analysis, and reporting. Narrative examples from a range of subdisciplines, including cognitive, developmental, and social psychology, model each component and account for the pitfalls that can undermine the reliability, validity, and replicability of results. Through an embrace of open science strategies such as data sharing and preregistration, Experimentology shows how the challenges of the replication crisis can be met constructively and collaboratively. Written for a global audience, Experimentology updates a classic research methods textbook with a new focus on ethics and the benefits of open science.","openalex, scopus, wos, ieee",human,0.790,human,
discarded,Applying Just-In-Time Learning Strategies to Equip Students with Project Management Tools and Knowledge,Nadhirah Binti Ayub Khan; Alex Qiang Chen; Qi Cao; Malcolm Yoke Hean Low,2025,2025 IEEE Frontiers in Education Conference (FIE),10.1109/FIE63693.2025.11328146,https://ieeexplore.ieee.org/document/11328146/,git-education; project-management-tools; just-in-time-teaching; software-engineering-education; unrelated-term-match-other-field,"This innovative practice full paper explores how just-in-time teaching can improve students' practical skills in Git and project management tools within undergraduate software engineering courses. Many students struggle with applying GitHub workflows confidently, often resorting to self-learning via inconsistent or unreliable sources, including large language models. To address this, we designed and evaluated an instructional model that combines short, instructor-curated video tutorials, guided hands-on exercises, and immediate formative quizzes. These modules cover essential Git commands (git init, branching, merges), collaborative workflows (pull requests, project boards), and best practices. Our findings suggest that this just-in-time approach supports strong short-term knowledge acquisition, with students performing well in topic-aligned quizzes. However, some confidence gaps remain in complex topics, such as GitHub Projects and advanced. gitignore usage. These results highlight the potential of just-in-time, quiz-embedded instruction while suggesting the need for extended team-based practice to support deeper mastery.","openalex, scopus, wos, ieee",human,0.990,human,
discarded,Formative Assessment and Feedback in Post-Digital Learning Environments: Disciplinary Case Studies in Higher Education,Elkington S.,2025,Formative Assessment and Feedback in Post Digital Learning Environments Disciplinary Case Studies in Higher Education,10.4324/9781003360254,https://www.scopus.com/inward/record.uri?partnerID=HzOxMe3b&scp=105001367225&origin=inward,formative-assessment; higher-education; general-edtech; unrelated-term-match-other-field,,"openalex, scopus, wos, ieee",human,0.770,human,
discarded,Design for Humanity: Creating Products That Matter,Goonetilleke R.S.,2025,Design for Humanity Creating Products that Matter,10.1201/9781003476177,https://www.scopus.com/inward/record.uri?partnerID=HzOxMe3b&scp=105027621805&origin=inward,design-book; non-education-focus; unrelated-term-match-other-field,"The book is a comprehensive guide for anyone who wants to design with purpose, empathy, and impact. Rather than rushing to solutions, the book champions the art of framing and refining a problem, revealing how powerful design begins with asking smarter questions. It takes readers on a journey from uncovering user needs to creating and validating meaningful solutions. Built around the new GRIP (gather, refine, ideate, produce) framework, the book emphasizes designing with people, not just for them. It introduces themes like design for all, empathy, creativity and ideation, sustainability, and ethics while offering hands- on tools such as storytelling, persona building, advanced prototyping techniques, including augmented reality/ virtual reality (AR/ VR) testing. From shaping lovable products to aligning designs with market needs, the book combines the artistry of empathy with the rigor of engineering. The book is ideal for students of design, engineering, and innovation as well as educators, entrepreneurs, and early- career professionals. It covers different methods and is intended to spark a mindset shift. Readers will be equipped to build better products to shape experiences that are accessible and delightful to use. This is more than a book on design; it is a roadmap for creating solutions that matter.","openalex, scopus, wos, ieee",human,0.920,human,
discarded,Educational innovation to address complex societal challenges,Ocaña A.C.,2024,Educational Innovation to Address Complex Societal Challenges,10.4018/9798369330739,https://www.scopus.com/inward/record.uri?partnerID=HzOxMe3b&scp=85189130716&origin=inward,educational-innovation; book; too-broad; unrelated-term-match-other-field,,"openalex, scopus, wos, ieee",human,0.820,human,
discarded,Leadership skills development in medical student education: systematic review,Ruiz-Chaves W.,2024,Revista Digital De Investigacion En Docencia Universitaria,10.19083/ridu.2024.1801,https://www.scopus.com/inward/record.uri?partnerID=HzOxMe3b&scp=85216381417&origin=inward,medical-education; systematic-review; non-computing; unrelated-term-match-other-field,"Introducción: La formación en habilidades de liderazgo por parte del estudiantado de Medicina es un tema cada vez más abordado en virtud de la necesidad de que este profesional responda a las cambiantes circunstancias de su entorno. Objetivo: Analizar las tendencias investigativas sobre el desarrollo de habilidades de liderazgo en la formación de grado y posgrado de la persona estudiante de Medicina durante los años 2018 y 2023. Método: Se realiza una revisión sistemática utilizando la metodología PRISMA, de modo que cumplan con una serie de indicadores para las publicaciones de este tipo, dicha revisión, con un alcance mundial, utilizó las bases de datos electrónicas Scopus, Education Research Complete, PubMed y Web of Science. Discusión: A partir del cribado y respectivo análisis se concluye que existe un interés científico en tres áreas investigativas: desarrollo de habilidades de liderazgo en el estudiantado, desarrollo de programas y proyectos educativos y, por último, estudios por género.","openalex, scopus, wos, ieee",human,0.920,human,
discarded,FACILITATING TEAM-BASED DATA SCIENCE: LESSONS LEARNED from the DSC-WAV PROJECT,Legacy C.,2023,Foundations of Data Science,10.3934/fods.2022003,https://www.scopus.com/inward/record.uri?partnerID=HzOxMe3b&scp=85147960130&origin=inward,data-science-education; teamwork; collaboration-tools; unrelated-term-match-other-field,"While coursework provides undergraduate data science students with some relevant analytic skills, many are not given the rich experiences with data and computing they need to be successful in the workplace. Additionally, students often have limited exposure to team-based data science and the principles and tools of collaboration that are encountered outside of school.In this paper, we describe the DSC-WAV program, an NSF-funded data science workforce development project in which teams of undergraduate sophomores and juniors work with a local non-profit organization on a data-focused problem. To help students develop a sense of agency and improve confidence in their technical and non-technical data science skills, the project promoted a team-based approach to data science, adopting several processes and tools intended to facilitate this collaboration.Evidence from the project evaluation, including participant survey and interview data, is presented to document the degree to which the project was successful in engaging students in team-based data science, and how the project changed the students' perceptions of their technical and non-technical skills. We also examine opportunities for improvement and offer insight to other data science educators who may want to implement a similar team-based approach to data science projects at their own institutions.","openalex, scopus, wos, ieee",human,0.940,human,
discarded,Improving Grading Outcomes in Software Engineering Projects Through Automated Contributions Summaries,Presler-Marshall K.,2023,Proceedings International Conference on Software Engineering,10.1109/ICSE-SEET58685.2023.00030,https://www.scopus.com/inward/record.uri?partnerID=HzOxMe3b&scp=85171743330&origin=inward,software-engineering-education; git-metrics; assessment; repository-metrics-grading-tool-not-understanding,"Teaming is a key aspect of most professional software engineering positions, and consequently, team-based learning (TBL) features heavily in many undergraduate computer science (CS) and software engineering programs. However, while TBL offers many pedagogical benefits, it is not without challenges. One such challenge is assessment, as the course teaching staff must be able to accurately identify individual students’ contributions to both encourage and reward participation. In this paper, we study improvements to grading practises in the context of a CS1.5 introductory software engineering course, where assessing individual students’ contributions to weekly lab assignments is done manually by teaching assistants (TAs). We explore the impact of presenting TAs with automated summaries of individual student contributions to their team’s GitHub repository. To do so, we propose a novel algorithm, and implement a tool based off of it, AutoVCS. We measure the impact on grading metrics in terms of grading speed, grading consistency, and TA satisfaction. We evaluate our algorithm, as implemented in AutoVCS, in a controlled experimental study on Java-based lab assignments from a recent offering of NC State University’s CS1.5 course. We find our automated summaries help TAs grade more consistently and provides students with more actionable feedback. Although TAs grade no faster using automated summaries, they nonetheless strongly prefer grading with the support of them than without. We conclude with recommendations for future work to explore improving consistency in contribution grading for student software engineering teams.","openalex, scopus, wos, ieee",human,0.980,human,
