status,title,authors,year,venue,doi,url,tags,abstract,provider,decision_source,llm_confidence,llm_review_outcome,llm_change_direction
discarded,Telling Stories with Data: With Applications in R,Alexander R.,2023,Telling Stories with Data with Applications in R,10.1201/9781003229407,https://www.scopus.com/inward/record.uri?partnerID=HzOxMe3b&scp=85168486792&origin=inward,data-science-education; reproducible-workflows; r; git-or-software-tooling-without-learner-understanding-findings,"The book equips students with the end-to-end skills needed to do data science. That means gathering, cleaning, preparing, and sharing data, then using statistical models to analyse data, writing about the results of those models, drawing conclusions from them, and finally, using the cloud to put a model into production, all done in a reproducible way. At the moment, there are a lot of books that teach data science, but most of them assume that you already have the data. This book fills that gap by detailing how to go about gathering datasets, cleaning and preparing them, before analysing them. There are also a lot of books that teach statistical modelling, but few of them teach how to communicate the results of the models and how they help us learn about the world. Very few data science textbooks cover ethics, and most of those that do, have a token ethics chapter. Finally, reproducibility is not often emphasised in data science books. This book is based around a straight-forward workflow conducted in an ethical and reproducible way: gather data, prepare data, analyse data, and communicate those findings. This book will achieve the goals by working through extensive case studies in terms of gathering and preparing data, and integrating ethics throughout. It is specifically designed around teaching how to write about the data and models, so aspects such as writing are explicitly covered. And finally, the use of GitHub and the open-source statistical language R are built in throughout the book. Key Features: Extensive code examples. Ethics integrated throughout. Reproducibility integrated throughout. Focus on data gathering, messy data, and cleaning data. Extensive formative assessment throughout.","openalex, scopus, wos, ieee",human,0.800,human,
discarded,Multi-Layer Perception model with Elastic Grey Wolf Optimization to predict student achievement,Song Y.,2022,Plos One,10.1371/journal.pone.0276943,https://www.scopus.com/inward/record.uri?partnerID=HzOxMe3b&scp=85145424458&origin=inward,student-performance-prediction; machine-learning; general-education; unrelated-term-match-other-field,"This study proposes a Grey Wolf Optimization (GWO) variant named Elastic Grey Wolf Optimization algorithm (EGWO) with shrinking, resilient surrounding, and weighted candidate mechanisms. Then, the proposed EGWO is used to optimize the weights and biases of Multi-Layer Perception (MLP), and the EGWO-MLP model for predicting student achievement is thus obtained. The training and verification of the EGWO-MLP prediction model are conducted based on the thirty attributes from the University of California (UCI) Machine Learning Repository dataset’s student performance dataset, including family features and personal characteristics. For the Mathematics (Mat.) subject achievement prediction, the EGWO-MLP model outperforms one model’s prediction accuracy, and the standard deviation possesses the stable ability to predict student achievement. And for the Portuguese (Por.) subject, the EGWO-MLP outperforms three models’ Mathematics (Mat.) subject achievement prediction through the training process and takes first place through the testing process. The results show that the EGWO-MLP model has made fewer test errors, indicating that EGWO can effectively feedback weights and biases due to the strong exploration and local stagnation avoidance. And the EGWO-MLP model is feasible for predicting student achievement. The study can provide reference for improving school teaching programs and enhancing teachers’ teaching quality and students’ learning effect.","openalex, scopus, wos, ieee",human,0.840,human,
discarded,Developing programme theories of leadership for integrated health and social care teams and systems: a realist synthesis,Harris R.,2022,Health and Social Care Delivery Research,10.3310/WPNG1013,https://www.scopus.com/inward/record.uri?partnerID=HzOxMe3b&scp=85133076524&origin=inward,healthcare-leadership; realist-synthesis; non-education; unrelated-term-match-other-field,"
 
 As the organisation of health and social care in England moves rapidly towards greater integration, the resulting systems and teams will require distinctive leadership. However, little is known about how the effective leadership of these teams and systems can be supported and improved. In particular, there is relatively little understanding of how effective leadership across integrated care teams and systems may be enacted, the contexts in which this might take place and the subsequent implications this has on integrated care.
 
 
 
 This realist review developed and refined programme theories of leadership of integrated health and social care teams and systems, exploring what works, for whom and in what circumstances.
 
 
 
 The review utilised a realist synthesis approach, informed by the Realist And Meta-narrative Evidence Syntheses: Evolving Standards (RAMESES) publication standards, to explore existing literature on the leadership of integrated care teams and systems, complemented by ongoing stakeholder consultation. Empirical evidence specifically addressing leadership of integrated teams or services was limited, with only 36 papers included in the review. The evidence collected from these 36 papers was synthesised to identify and build a comprehensive description of the mechanisms of leadership of integrated teams and systems and their associated contexts and outcomes. Consultation with key stakeholders with a range of expertise throughout the process ensured that the review remained grounded in the reality of health and social care delivery and addressed practice and policy challenges.
 
 
 
 Evidence was identified for seven potentially important components of leadership in integrated care teams and systems. These were ‘inspiring intent to work together’, ‘creating the conditions to work together’, ‘balancing multiple perspectives’, ‘working with power’, ‘taking a wider view’, ‘a commitment to learning and development’ and ‘clarifying complexity’. No empirical evidence was found for an eighth mechanism, ‘fostering resilience’, although stakeholders felt that this was potentially an important, long-term component of leadership. A key message of the review was that empirical research often focused on the importance of who the leader of an integrated team or service was (i.e. their personality traits and characteristics) rather than what they did (i.e. the specific role that they played in integrated working), although stakeholders considered that a focus on leader personality was not sufficient. Other key messages highlighted the way in which power and influence are used by integrated service leaders and identified the hierarchies between health and social care which complicate the leading of integrated teams and systems.
 
 
 
 Evidence specifically addressing leadership of integrated care teams and systems was limited and lacking in detail, which restricted the degree to which definitive conclusions could be drawn around what works, for whom and in what circumstances.
 
 
 
 Research into the leadership of integrated care teams and systems is limited and underdeveloped, with ideas often reverting to existing framings of leadership in which teams and organisations are less complex. In making explicit some of the assumptions about how leaders lead integrated care teams and systems this review has contributed significant new perspectives, offering fresh theoretical grounding that can be built on, developed and tested further.
 
 
 
 By making explicit some of the assumptions underlying the leadership of integrated care teams and systems, this review has generated new perspectives that can be built on, developed and tested further.
 
 
 
 This study is registered as PROSPERO CRD42018119291.
 
 
 
 This project was funded by the National Institute for Health Research (NIHR) Health and Social Care Delivery Research programme and will be published in full in Health and Social Care Delivery Research; Vol. 10, No. 7. See the NIHR Journals Library website for further project information.
","openalex, scopus, wos, ieee",human,0.950,human,
discarded,Reducing implicit gender biases in software development: Does intergroup contact theory work?,Wang Y.,2020,Esec Fse 2020 Proceedings of the 28th ACM Joint Meeting European Software Engineering Conference and Symposium on the Foundations of Software Engineering,10.1145/3368089.3409762,https://www.scopus.com/inward/record.uri?partnerID=HzOxMe3b&scp=85097181563&origin=inward,software-engineering-education; gender-bias; teamwork; computing-education-or-software-engineering-not-version-control,"The software development profession suffers from severe gender biases, which could be explicit and implicit. However, SE literature has not systematically explored and evaluated the methods for reducing gender biases, especially for implicit gender biases. This paper reports on a field experiment to examine whether the intergroup contact theory could reduce implicit gender biases in software development. In the field experiment, 280 undergraduate students taking a project-centric introductory software engineering course were assigned to 70 teams with different contact configurations. We measured and compared their explicit and implicit gender biases before and after contacts in their teams. The study yields a rich set of findings. First, we confirmed the positive effects of intergroup contact theory in reducing gender biases, particularly the implicit gender biases in both general and SE-specific contexts. We further revealed that such effects were subjected to different contact configurations. The intergroup contact theory's effects were maximized in teams where the number of females is greater than or equal to the number of males. When the female is the minority group in a team, contacts among members contribute to reducing male members' implicit gender biases but fail to result in the same scale of effects on female members' implicit gender biases. The findings provide insights into using intergroup contact theory in reducing implicit gender biases in software development contexts.","openalex, scopus, wos, ieee",human,0.860,human,
discarded,Opinions of preschool teachers and pre-service teachers on environmental education and environmental awareness for sustainable development in the preschool period,Türkoğlu B.,2019,Sustainability Switzerland,10.3390/su11184925,https://www.scopus.com/inward/record.uri?partnerID=HzOxMe3b&scp=85072600043&origin=inward,environmental-education; preschool; non-computing; unrelated-term-match-other-field,"This research is a qualitative study to determine the opinions of preschool teachers and pre-service teachers on environmental education and environmental awareness for sustainable development. The phenomenology approach, which focuses on individuals’ own experiences and the meaning of a phenomenon, was used in this direction. The study group of the research consisted of 68 preschool teachers and 72 pre-service preschool teachers. In the study, a semi-structured interview form consisting of open-ended questions was used as a data collection tool. The content analysis technique was used in the analysis of the data obtained from the interview form. According to the research results, it can be said that pre-service teachers have more theoretical knowledge than teachers and teachers have more practical knowledge than pre-service teachers. This can be explained by the fact that the knowledge that pre-service teachers obtain at university is quite new, they spend more limited time with children within the scope of applied courses, teachers communicate much more with children every day and they are more distant from theoretical knowledge. Furthermore, it can be said that teachers and pre-service teachers are sensitive towards environmental problems, interested in environmental education, willing and open to development.","openalex, scopus, wos, ieee",human,0.900,human,
discarded,Evidence-based clinical skills teaching and learning: What do we really know?,Malone E.,2019,Journal of Veterinary Medical Education,10.3138/jvme.0717-094r1,https://www.scopus.com/inward/record.uri?partnerID=HzOxMe3b&scp=85071708520&origin=inward,veterinary-education; non-computing; unrelated-term-match-other-field,"The recent programmatic focus on skills development in veterinary medicine means that many programs are devoting increased time to formal clinical skills teaching. This expansion makes it essential that we use the time as effectively as possible. This review examines current practices and veterinary training principles using the broader field of evidence-based motor skills learning as a lens. In many areas, current practices may be hindering learning. Proposed practices include using videos and discussions for pre-laboratory training, focusing on a single complex skill at a time, using more near-peer instructors rather than faculty, including assessments in each teaching or practice session, and encouraging supervised distributed practice by incorporating practice sessions into the formal curriculum. Ensuring mastery of a few core skills rather than exposure to many may be the new goal. Further research is urgently needed on block versus spiral curricula, optimum instructor-to-student ratios, learning and practice schedules, hours required for proficiency, and the benefits of exercise on motor skills learning.","openalex, scopus, wos, ieee",human,0.870,human,
discarded,An introduction to the advanced theory and practice of nonparametric econometrics: A replicable approach using R,Racine J.S.,2019,An Introduction to the Advanced Theory and Practice of Nonparametric Econometrics A Replicable Approach Using R,10.1017/9781108649841,https://www.scopus.com/inward/record.uri?partnerID=HzOxMe3b&scp=85098311856&origin=inward,reproducible-research; r; git; computational-training; git-or-software-tooling-without-learner-understanding-findings,"Interest in nonparametric methodology has grown considerably over the past few decades, stemming in part from vast improvements in computer hardware and the availability of new software that allows practitioners to take full advantage of these numerically intensive methods. This book is written for advanced undergraduate students, intermediate graduate students, and faculty, and provides a complete teaching and learning course at a more accessible level of theoretical rigor than Racine's earlier book co-authored with Qi Li, Nonparametric Econometrics: Theory and Practice (2007). The open source R platform for statistical computing and graphics is used throughout in conjunction with the R package np. Recent developments in reproducible research is emphasized throughout with appendices devoted to helping the reader get up to speed with R, R Markdown, TeX and Git.","openalex, scopus, wos, ieee",human,0.790,human,
discarded,"Circadian Physiology, Second Edition",Refinetti R.,2016,Circadian Physiology Second Edition,10.1201/9781420039016,https://www.scopus.com/inward/record.uri?partnerID=HzOxMe3b&scp=85106840674&origin=inward,textbook; non-computing; unrelated-term-match-other-field,"While the first edition of the critically acclaimed and highly popular Circadian Physiologyoffered a concise but rigorous review of basic and applied research on circadian rhythms, this newest edition provides educators with the primary textbook they need to support a course on this cutting-edge topic. Maintaining the same accessible multidi","openalex, scopus, wos, ieee",human,0.980,human,
discarded,Performance Analysis of Google Colaboratory as a Tool for Accelerating Deep Learning Applications,Tiago Carneiro; Raul Victor M. da Nóbrega; Thiago Nepomuceno; Gui‐Bin Bian; Victor Hugo C. de Albuquerque; Pedro P. Rebouças Filho,2018,IEEE Access,10.1109/access.2018.2874767,https://openalex.org/W2897722020,deep-learning-platform; non-education; unrelated-term-match-other-field,"Google Colaboratory (also known as Colab) is a cloud service based on Jupyter Notebooks for disseminating machine learning education and research. It provides a runtime fully configured for deep learning and free-of-charge access to a robust GPU. This paper presents a detailed analysis of Colaboratory regarding hardware resources, performance, and limitations. This analysis is performed through the use of Colaboratory for accelerating deep learning for computer vision and other GPU-centric applications. The chosen test-cases are a parallel tree-based combinatorial search and two computer vision applications: object detection/classification and object localization/segmentation. The hardware under the accelerated runtime is compared with a mainstream workstation and a robust Linux server equipped with 20 physical cores. Results show that the performance reached using this cloud service is equivalent to the performance of the dedicated testbeds, given similar resources. Thus, this service can be effectively exploited to accelerate not only deep learning but also other classes of GPU-centric applications. For instance, it is faster to train a CNN on Colaboratory's accelerated runtime than using 20 physical cores of a Linux server. The performance of the GPU made available by Colaboratory may be enough for several profiles of researchers and students. However, these free-of-charge hardware resources are far from enough to solve demanding real-world problems and are not scalable. The most significant limitation found is the lack of CPU cores. Finally, several strengths and limitations of this cloud service are discussed, which might be useful for helping potential users.","openalex, scopus, wos, dblp, ieee",human,0.910,human,
discarded,Fastai: A Layered API for Deep Learning,Jeremy Howard; Sylvain Gugger,2020,Information,10.3390/info11020108,https://openalex.org/W3006436762,deep-learning-library; non-education; unrelated-term-match-other-field,"fastai is a deep learning library which provides practitioners with high-level components that can quickly and easily provide state-of-the-art results in standard deep learning domains, and provides researchers with low-level components that can be mixed and matched to build new approaches. It aims to do both things without substantial compromises in ease of use, flexibility, or performance. This is possible thanks to a carefully layered architecture, which expresses common underlying patterns of many deep learning and data processing techniques in terms of decoupled abstractions. These abstractions can be expressed concisely and clearly by leveraging the dynamism of the underlying Python language and the flexibility of the PyTorch library. fastai includes: a new type dispatch system for Python along with a semantic type hierarchy for tensors; a GPU-optimized computer vision library which can be extended in pure Python; an optimizer which refactors out the common functionality of modern optimizers into two basic pieces, allowing optimization algorithms to be implemented in 4–5 lines of code; a novel 2-way callback system that can access any part of the data, model, or optimizer and change it at any point during training; a new data block API; and much more. We used this library to successfully create a complete deep learning course, which we were able to write more quickly than using previous approaches, and the code was more clear. The library is already in wide use in research, industry, and teaching.","openalex, scopus, wos, dblp, ieee",human,0.940,human,
discarded,Using student-built algorithm animations as learning aids,John Stasko,1997,Technical Symposium on Computer Science Education,10.1145/268084.268091,https://openalex.org/W2050648904,algorithm-education; visualization; student-generated-artifacts; diagnostic-test-or-misconception-study-other-domain,"The typical application of algorithm animation to assist instruction involves students viewing already prepared animations. An alternative strategy is to have the students themselves construct animations of algorithms. The Samba algorithm animation tool fosters such student-built animations. Samba was used in an undergraduate algorithms course in which students constructed algorithm animations as regular class assignments. This article describes Samba and documents our experiences using it in the algorithms course. Student reaction to the animation assignments was very positive, and the students appeared to learn the pertinent algorithms extremely well.","openalex, scopus, wos, dblp, ieee",human,0.970,human,
