status,title,authors,year,venue,doi,url,tags,abstract,provider,decision_source,llm_confidence,llm_review_outcome,llm_change_direction
discarded,The development of five-tier diagnostic test to identify misconceptions and causes of students’ misconceptions in waves and optics materials,Andry S. Utama Putra; Ida Hamidah; Nahadi Nahadi,2020,Journal of Physics Conference Series,10.1088/1742-6596/1521/2/022020,https://openalex.org/W3026764398,physics-education; diagnostic-test; non-computing; diagnostic-test-or-misconception-study-other-domain,"Abstract This study aims to develop a five-tier diagnostic test that can that be used to identify misconceptions and causes of students’ misconception on waves and optics materials. This type of research is development research using a 4-D model. The study was conducted in two junior high schools which in West Bandung, West Java with a sample of 193 students. Data analysis used is quantitative analysis by looking at the quality of the items. The results of the study showed that the content validity test obtained a CVI value of 0.833 which was included in the criteria as very appropriate. The empirical validity test obtained the value of MNSQ 0.98 outfit and ZSTD 0.3 outfit which means that the item corresponds to the measured construct. Item reliability 0.86 and Alpha cronbach 0.87 show good reliability. The differentiating problem showed it was not necessary to remove the question. While Point Measure Correlation shows that the level of difficulty of the questions varies greatly. Overall, it can be concluded that the five-tier diagnostic test developed has met the criteria and was declared feasible for identifying misconceptions and causes of students’ misconceptions in waves and optics materials.","openalex, scopus, wos",human,0.950,human,
discarded,Development and Application of a Novel Rasch-based Methodology for Evaluating Multi-Tiered Assessment Instruments: Validation and utilization of an undergraduate diagnostic test of the water cycle,William L. Romine; Dane L. Schaffer; Lloyd H. Barrow,2015,International Journal of Science Education,10.1080/09500693.2015.1105398,https://openalex.org/W2179929402,science-education; water-cycle; non-computing; diagnostic-test-or-misconception-study-other-domain,"We describe the development and validation of a three-tiered diagnostic test of the water cycle (DTWC) and use it to evaluate the impact of prior learning experiences on undergraduates’ misconceptions. While most approaches to instrument validation take a positivist perspective using singular criteria such as reliability and fit with a measurement model, we extend this to a multi-tiered approach which supports multiple interpretations. Using a sample of 130 undergraduate students from two colleges, we utilize the Rasch model to place students and items along traditional one-, two-, and three-tiered scales as well as a misconceptions scale. In the three-tiered and misconceptions scales, high confidence was indicative of mastery. In the latter scale, a ‘misconception’ was defined as mastery of an incorrect concept. We found that integrating confidence into mastery did little to change item functioning; however, three-tiered usage resulted in higher reliability and lower student ability estimates than two-tiered usage. The misconceptions scale showed high efficacy in predicting items on which particular students were likely to express misconceptions, and revealed several tenacious misconceptions that all students were likely to express regardless of ability. Previous coursework on the water cycle did little to change the prevalence of undergraduates’ misconceptions.","openalex, scopus, wos",human,0.940,human,
discarded,Development of a three-tier test to assess high school students’ understanding of acids and bases,Ayla Çetin‐Dindar; Ömer Geban,2011,Procedia - Social and Behavioral Sciences,10.1016/j.sbspro.2011.03.147,https://openalex.org/W2079727748,chemistry-education; acid-base; non-computing; diagnostic-test-or-misconception-study-other-domain,"Two-tier tests are such as assessment tools that can make available for teachers/researchers to determine students alternative conceptions and whether a student gives a correct response to a question by understanding the related subject since the secondtier of a test asks for a reason for the first-tier response. The purpose of this study was to develop a valid and reliable three-tier diagnostic test to assess students’ understanding of acids-bases concepts. For developing this test, interviews and open-ended questions were administered to high school students and related literature was reviewed; the findings obtained from these steps construct the three-tier test.","openalex, scopus, wos",human,0.950,human,
discarded,Diagnosing misconceptions in static electricity among junior high school students using a refined four – Tier test,Bessas N.,2026,Social Sciences and Humanities Open,10.1016/j.ssaho.2026.103216,https://www.scopus.com/inward/record.uri?partnerID=HzOxMe3b&scp=105043948371&origin=inward,science-education; static-electricity; non-computing; diagnostic-test-or-misconception-study-other-domain,"This study examines misconceptions about static electricity among Greek junior high school students, as this topic is taught in the third grade of junior high school. A refined four-tier diagnostic test was administered to 92 students aged 13–14 in Athens during the 2024–25 school year prior to formal instruction. The instrument was developed on the basis of student interviews and relevant literature and was validated by four experts using Aiken's V index. Student responses were analyzed using SPSS version 26 and revealed several common misconceptions concerning fundamental concepts of static electricity. The findings underscore the importance of identifying students' conceptual difficulties before instruction and highlight the value of four-tier diagnostic assessment in providing detailed insight into patterns of misunderstanding. Based on these findings, the study offers a diagnostically informed foundation for instructional planning specifically targeted at the misconceptions identified, as well as for potential improvements to textbook content and curriculum design, in order to better align instruction with students' conceptual difficulties.","openalex, scopus, wos",human,0.950,human,
discarded,Scientific Conceptual Understanding in Physics through Momentum and Material-Dependent Collisions Using the Dual Situated Learning Model: A Mixed Methods Action Research Study,Kromkhan C.,2026,Asean Journal for Science and Engineering in Materials,,https://www.scopus.com/inward/record.uri?partnerID=HzOxMe3b&scp=105046776990&origin=inward,physics-education; action-research; non-computing; diagnostic-test-or-misconception-study-other-domain,,"openalex, scopus, wos",human,0.900,human,
discarded,Students’ knowledge of plant anatomy and physiology as a reflection of interest in the teaching profession,Kováčik J.,2026,Scientific Reports,10.1038/s41598-026-46091-y,https://www.scopus.com/inward/record.uri?partnerID=HzOxMe3b&scp=105043446675&origin=inward,botany-knowledge; teacher-interest; non-computing; unrelated-term-match-other-field,"Not only in Slovakia, there is a debate about the low interest in the teaching profession and the decline in students’ knowledge in international tests. The aim of this work was to find out what knowledge in the field of botany high school graduates (ISCED 3 A) have and compare their results with those of first-year biology teaching students at universities (ISCED 5 A). Students from seven high schools/gymnasiums (n = 96 respondents) had significantly better knowledge of plant anatomy and physiology than first-year students from three universities (n = 95 respondents): however, there was no interest in becoming a teacher among the former group. Some questions yielded a success rate of only a few percent among university students, indicating an insufficient basis for university studies. On the contrary, high school students preferring socially attractive fields of study (medicine or pharmacy) achieved higher scores in our test (up to 14% of the absolute score) but no significant difference was observed between high school students who plan to study abroad (27% of our respondents) and those who want to study at a Slovak university. Despite this partly pessimistic result, the finding that plant biology knowledge improves during university studies was positive, as evidenced by comparison of our students in the beginning and final year (23% increase in absolute score). In addition to the identified botanical shortcomings, we also discuss the socio-economic causes of low interest in the teaching profession and possibilities for improvement.","openalex, scopus, wos",human,0.930,human,
discarded,Impact of a philosophical didactic approach on the development of critical thinking: qualitative evidence from the teaching of quantum physics,Tuero-O´Donnell J.D.,2026,Journal of New Approaches in Educational Research,10.1007/s44322-026-00059-y,https://www.scopus.com/inward/record.uri?partnerID=HzOxMe3b&scp=105030828382&origin=inward,physics-education; critical-thinking; non-computing; diagnostic-test-or-misconception-study-other-domain,"Critical thinking remains an underdeveloped cognitive skill among engineering students whose deficit is often associated with academic difficulties and school dropouts. This qualitative study evaluated the evolution of higher-order critical thinking skills —analysis, synthesis, and evaluation— using a philosophical strategy based on Socratic dialogue, oriented toward the learning of quantum physics basic principles. For this purpose, a ten-session didactic sequence was designed, focusing on the wave-particle duality topic and using an expert-validated assessment instrument composed of open-ended questions. The research was conducted with students from various engineering programs at a university from the Colombian Caribbean, in two cohorts of 14 and 11 students respectively. Based on content analysis and deductive categorization from Bloom's taxonomy, a polarisation ratio (varying between -1 and + 1 points) was used to assess response quality. Results showed an average increase in the analytical cognitive level, starting from the fourth session of 0.16 points/session in one cohort, and 0.20 points/session in the other. The synthesis cognitive level also showed improvements, although smaller, while the evaluation yielded less consistent results, with fluctuations in the range of (-0.33,0.17)\documentclass[12pt]{minimal} \usepackage{amsmath} \usepackage{wasysym} \usepackage{amsfonts} \usepackage{amssymb} \usepackage{amsbsy} \usepackage{mathrsfs} \usepackage{upgreek} \setlength{\oddsidemargin}{-69pt} \begin{document}$$(-0.33, 0.17)$$\end{document} points. With the help of ATLAS.ti software, the content analysis demonstrated the positive effect of the philosophical strategy on the development of the analysis elements and principles, as well as the importance of gathering and communicating information on the synthesis level. Accordingly, this proposal provides a flexible and replicable teaching sequence that allows for integration of philosophical reflection into STEM contexts, offering a practical path to foster critical thinking and understanding of the principles of quantum physics without relying on mathematical formalism.","openalex, scopus, wos",human,0.910,human,
discarded,Nature of heat inventory: Assessing students’ understanding of thermal processes in kinetic molecular terms,Volfson A.,2026,Physical Review Physics Education Research,10.1103/q4n2-d2w3,https://www.scopus.com/inward/record.uri?partnerID=HzOxMe3b&scp=105046957361&origin=inward,physics-education; concept-inventory; non-computing; diagnostic-test-or-misconception-study-other-domain,"The present study describes the development and field testing of the (NOHI) that examines high school and undergraduate students’ understanding of heat transfer processes in the terms of kinetic molecular theory. NOHI comprises 10 items. Based on preliminary study and the history of science, the 30 distractors of NOHI were designed to reflect the following three categories of possible misconceptions regarding heat: (a) , (b) , and (c) . Field testing, carried out on 81 students for science teaching, showed the materialistic misconceptions of heat still to be the most popular. NOHI has been proven to be a valid and reliable tool that could be used to determine students’ thinking regarding classical heat processes.","openalex, scopus, wos",human,0.950,human,
discarded,"A Comparative Analysis of Mental Models in Floating, Suspending, and Sinking Phenomena: Evidence from Students and Large Language Models (ChatGPT and DeepSeek)",Kaharu S.N.,2026,European Journal of Educational Research,10.12973/eu-jer.15.3.941,https://www.scopus.com/inward/record.uri?partnerID=HzOxMe3b&scp=105041196398&origin=inward,science-conceptions; llms; non-computing; computing-education-or-software-engineering-not-version-control,"The increasingly widespread use of Large Language Models (LLMs) in education creates opportunities for further investigation into epistemic reasoning abilities, particularly the characteristics of mental models. Therefore, this study aimed to characterize the mental models of LLMs, specifically the AI models DeepSeek and ChatGPT. The technologies were also compared to students in relation to the phenomena of floating, suspending, and sinking using descriptive-quantitative and a partial descriptive analysis. This study was conducted in a descriptive-quantitative design employing a cross-sectional comparative design.  The quantitative analysis compares test scores across all subject groups, while the descriptive analysis is used to characterize students’ and AIs’ mental models.  The study subjects consisted of 709 students and 120 chats for two AI models as respondents. Each AI was treated as comprising 60 respondents, with the item–test pair regarded as a distinct, independent chat instance. Based on the data analysis, mental models of students were predominantly categorized as initial, with only a limited decline following an increase in educational level. This decline was accompanied by a similarly limited increase in the proportion of scientific mental models, showing a modest influence of curricular interventions experienced by the students. The AI models exhibited higher proportions of scientific categories, but the mental models showed inconsistency when contexts changed, and the underlying aspects remained the same. Therefore, the reasoning was not classified as global coherence. The students and the AI models exhibited misapplications of density-based reasoning and Archimedes’ principle in several cases or phenomena presented in the test. The results showed that students and AI models have limitations in their mental models.","openalex, scopus, wos",human,0.890,human,
discarded,Evaluating Person-Parameter Estimation Methods in Cognitive-Diagnostic Models with Testlet Effects,You M.,2026,Education Sciences,10.3390/educsci16071128,https://www.scopus.com/inward/record.uri?partnerID=HzOxMe3b&scp=105045675514&origin=inward,psychometrics; testlets; non-computing-education; unrelated-term-match-other-field,"Testlet-based cognitive-diagnostic models involve both discrete attribute profiles and continuous testlet effects, making person-parameter estimation more challenging than in standard cognitive-diagnostic models. This study compares maximum likelihood estimation (MLE), maximum a posteriori (MAP), and expected a posteriori (EAP) under the IT-DINA model. A simulation study was conducted to evaluate the recovery of testlet effects and the accuracy of attribute classification under varying testlet lengths, numbers of testlets, and parameter settings. Furthermore, an empirical analysis using TIMSS 2023 mathematics data was carried out. Results showed that, under the studied model specifications and simulation conditions, Bayesian methods provided more stable recovery of continuous testlet effects than MLE. For attribute-pattern classification, Bayesian methods achieved higher accuracy in the baseline and moderately misspecified conditions, whereas their advantage weakened when the assumed attribute-profile prior was inconsistent with the true population distribution. In the empirical analysis, the IT-DINA model showed better relative fit than the DINA model and produced different person-level diagnostic classifications. These findings support considering Bayesian estimation in testlet-based cognitive diagnosis and highlight the importance of accounting for testlet effects in practice.","openalex, scopus, wos",human,0.930,human,
discarded,Analysis of students' conceptions and conceptional changes of chemical equilibrium materials on the temperature factor in physical chemistry study,Novita D.,2026,Aip Conference Proceedings,10.1063/5.0330185,https://www.scopus.com/inward/record.uri?partnerID=HzOxMe3b&scp=105043502844&origin=inward,chemistry-education; conceptions; non-computing; diagnostic-test-or-misconception-study-other-domain,,"openalex, scopus, wos",human,0.920,human,
discarded,"Effect of e-readiness skills, self-efficacy, and physics literacy on pre-service teachers’ misconceptions",Sunarti T.,2026,Physics Education,10.1088/1361-6552/ae62e9,https://www.scopus.com/inward/record.uri?partnerID=HzOxMe3b&scp=105038943225&origin=inward,physics-literacy; teacher-misconceptions; non-computing; diagnostic-test-or-misconception-study-other-domain,"This study investigates the influence of e-readiness skills (ERS), physics literacy (PL), and self-efficacy (SE) on pre-service teachers’ misconceptions in physics. This study utilised a quantitative design using a survey method. Data were collected from 122 participants using validated instruments measuring ERS, SE, PL, and misconceptions. Descriptive results indicate high ERS and SE levels, moderate PL proficiency, and persistent misconceptions across several physics topics. Multiple linear regression analysis reveals that PL significantly predicts misconceptions, whereas ERS and SE show no significant effects. The model accounts for 16.5% of the variance in misconceptions, suggesting that content mastery exerts greater influence than digital readiness or teaching confidence. These findings underscore the importance of strengthening pre-service teachers’ conceptual understanding and scientific reasoning through curriculum and teacher education programmes that integrate digital skills and scientific-based learning.","openalex, scopus, wos",human,0.910,human,
discarded,Developing an Artificial Intelligence Model to Determine Misconceptions About Cell Division of Secondary School Students,Kadirhanoğulları M.K.,2026,European Journal of Education,10.1111/ejed.70696,https://www.scopus.com/inward/record.uri?partnerID=HzOxMe3b&scp=105039951022&origin=inward,ai-for-misconception-detection; biology-education; non-computing; diagnostic-test-or-misconception-study-other-domain,"
 The aim of this study is to develop an AI‐based model to identify students' misconceptions about mitosis and meiosis and to evaluate their responses to open‐ended questions. The sample consisted of 400 secondary school students in a city in eastern Turkey. Two open‐ended questions with answers rated from 0 to 3 by the teacher were prepared and entered into a 3‐column Microsoft Excel spreadsheet. The responses were then examined for OCR errors and organized on a 6‐column table. Student responses were compared with all possible responses to determine similarity rates, and OCR errors were corrected. The responses were then used to build a model using the SequenceMatcher structure. Data analysis, including descriptive statistics, violin plots, box plots, and statistical metrics, was performed via Mathworks Matlab software. The results showed that the developed model was highly effective in identifying students' misconceptions and was both valid and high‐performing in assessing student understanding.","openalex, scopus, wos",human,0.850,human,
discarded,Assessing Chemistry Teachers’ Understanding of Electrochemistry,Shan Y.,2026,Science and Education,10.1007/s11191-025-00680-x,https://www.scopus.com/inward/record.uri?partnerID=HzOxMe3b&scp=105013587467&origin=inward,chemistry-teachers; assessment; non-computing; diagnostic-test-or-misconception-study-other-domain,"Electrochemistry, a fundamental subject in chemistry education, is frequently regarded as challenging by chemistry teachers. This study developed an assessment instrument to measure chemistry teachers' understanding of electrochemistry. By examining essential questions, we delineated four fundamental sub-domains of electrochemistry and constructed a three-level hypothetical model using the historical, educational, and systems thinking perspectives. The instrument underwent a pilot test with 54 chemistry teachers and received feedback for the instrument revision. Subsequently, a field test encompassed a broader demographic of 138 chemistry teachers. This study employed the Rasch modeling approach to analyze the data that provides evidence for the instrument's reliability and validity. The final vision of the Teachers' Understanding of Electrochemistry Measurement (TUEM) comprises four two-tier multiple-choice questions and eleven open-ended questions, with empirical results that align well with the hypothetical understanding levels. The findings have practical implications for chemistry teachers' assessment, professional development, and electrochemistry education.","openalex, scopus, wos",human,0.910,human,
