status,title,authors,year,venue,doi,url,tags,abstract,provider,decision_source,llm_confidence,llm_review_outcome,llm_change_direction
discarded,"When, how, and why developers (do not) test in their IDEs",Moritz Beller; Georgios Gousios; Annibale Panichella; Andy Zaidman,2015,2015 10TH JOINT MEETING OF THE EUROPEAN SOFTWARE ENGINEERING CONFERENCE AND THE ACM SIGSOFT SYMPOSIUM ON THE FOUNDATIONS OF SOFTWARE ENGINEERING (ESEC/FSE 2015) PROCEEDINGS,10.1145/2786805.2786843,https://openalex.org/W1997090065,developer-assistants; chatbot; non-education; computing-education-or-software-engineering-not-version-control,"The research community in Software Engineering and Software Testing in particular builds many of its contributions on a set of mutually shared expectations. Despite the fact that they form the basis of many publications as well as open-source and commercial testing applications, these common expectations and beliefs are rarely ever questioned. For example, Frederic Brooks’ statement that testing takes half of the development time seems to have manifested itself within the community since he first made it in the “Mythical Man Month” in 1975. With this paper, we report on the surprising results of a large-scale field study with 416 software engineers whose development activity we closely monitored over the course of five months, resulting in over 13 years of recorded work time in their integrated development environments (IDEs). Our findings question several commonly shared assumptions and beliefs about testing and might be contributing factors to the observed bug proneness of software in practice: the majority of developers in our study does not test; developers rarely run their tests in the IDE; Test-Driven Development (TDD) is not widely practiced; and, last but not least, software developers only spend a quarter of their work time engineering tests, whereas they think they test half of their time.","openalex, scopus, wos, dblp",human,0.840,human,
discarded,Context-aware conversational developer assistants,N Bradley; Thomas Fritz; Reid Holmes,2018,PROCEEDINGS 2018 IEEE/ACM 40TH INTERNATIONAL CONFERENCE ON SOFTWARE ENGINEERING (ICSE),10.1145/3180155.3180238,https://openalex.org/W2795319782,software-evolution; topic-models; non-education; computing-education-or-software-engineering-not-version-control,"Building and maintaining modern software systems requires developers to perform a variety of tasks that span various tools and information sources. The crosscutting nature of these development tasks requires developers to maintain complex mental models and forces them (a) to manually split their high-level tasks into low-level commands that are supported by the various tools, and (b) to (re)establish their current context in each tool. In this paper we present Devy, a Conversational Developer Assistant (CDA) that enables developers to focus on their high-level development tasks. Devy reduces the number of manual, often complex, low-level commands that developers need to perform, freeing them to focus on their high-level tasks. Specifically, Devy infers high-level intent from developer's voice commands and combines this with an automatically-generated context model to determine appropriate workflows for invoking low-level tool actions; where needed, Devy can also prompt the developer for additional information. Through a mixed methods evaluation with 21 industrial developers, we found that Devy provided an intuitive interface that was able to support many development tasks while helping developers stay focused within their development environment. While industrial developers were largely supportive of the automation Devy enabled, they also provided insights into several other tasks and workflows CDAs could support to enable them to better focus on the important parts of their development tasks.","openalex, scopus, wos, dblp",human,0.900,human,
discarded,Studying software evolution using topic models,Stephen W. Thomas; Bram Adams; Ahmed E. Hassan; Dorothea Blostein,2012,Science of Computer Programming,10.1016/j.scico.2012.08.003,https://openalex.org/W2128799871,llm; software-development; non-education; computing-education-or-software-engineering-not-version-control,"Topic models are generative probabilistic models which have been applied to information retrieval to automatically organize and provide structure to a text corpus. Topic models discover topics in the corpus, which represent real world concepts by frequently co-occurring words. Recently, researchers found topics to be effective tools for structuring various software artifacts, such as source code, requirements documents, and bug reports. This research also hypothesized that using topics to describe the evolution of software repositories could be useful for maintenance and understanding tasks. However, research has yet to determine whether these automatically discovered topic evolutions describe the evolution of source code in a way that is relevant or meaningful to project stakeholders, and thus it is not clear whether topic models are a suitable tool for this task.

In this paper, we take a first step towards evaluating topic models in the analysis of software evolution by performing a detailed manual analysis on the source code histories of two well-known and well-documented systems, JHotDraw and jEdit. We define and compute various metrics on the discovered topic evolutions and manually investigate how and why the metrics evolve over time. We find that the large majority (87%-89%) of topic evolutions correspond well with actual code change activities by developers. We are thus encouraged to use topic models as tools for studying the evolution of a software system. (C) 2012 Elsevier B.V. All rights reserved.","openalex, scopus, wos, dblp",human,0.870,human,
discarded,The Programmer’s Assistant: Conversational Interaction with a Large Language Model for Software Development,Steven Ross; Fernando Martinez; Stephanie Houde; Michael Müller; Justin D. Weisz,2023,"PROCEEDINGS OF 2023 28TH ANNUAL CONFERENCE ON INTELLIGENT USER INTERFACES, IUI 2023",10.1145/3581641.3584037,https://openalex.org/W4321013654,socio-environmental-modeling; non-education; computing-education-or-software-engineering-not-version-control,"Large language models (LLMs) have recently been applied in software engineering to perform tasks such as translating code between programming languages, generating code from natural language, and autocompleting code as it is being written. When used within development tools, these systems typically treat each model invocation independently from all previous invocations, and only a specific limited functionality is exposed within the user interface. This approach to user interaction misses an opportunity for users to more deeply engage with the model by having the context of their previous interactions, as well as the context of their code, inform the model’s responses. We developed a prototype system – the Programmer’s Assistant – in order to explore the utility of conversational interactions grounded in code, as well as software engineers’ receptiveness to the idea of conversing with, rather than invoking, a code-fluent LLM. Through an evaluation with 42 participants with varied levels of programming experience, we found that our system was capable of conducting extended, multi-turn discussions, and that it enabled additional knowledge and capabilities beyond code generation to emerge from the LLM. Despite skeptical initial expectations for conversational programming assistance, participants were impressed by the breadth of the assistant’s capabilities, the quality of its responses, and its potential for improving their productivity. Our work demonstrates the unique potential of conversational interactions with LLMs for co-creative processes like software development.","openalex, scopus, wos, dblp",human,0.980,human,
discarded,Eight grand challenges in socio-environmental systems modeling,Sondoss Elsawah; Tatiana Filatova; Anthony J. Jakeman; Albert J. Kettner; Moira Zellner; Ioannis N. Athanasiadis; Serena H. Hamilton; Robert L. Axtell; Daniel G. Brown; Jonathan M. Gilligan; Marco A. Janssen; Derek T. Robinson; Julie Rozenberg; Isaac Ullah; Steve J. Lade,2019,Socio-Environmental Systems Modeling,10.18174/sesmo.2020a16226,https://openalex.org/W2970509049,agile-teams; software-practice; non-education; unrelated-term-match-other-field,"Modeling is essential to characterize and explore complex societal and environmental issues in systematic and collaborative ways. Socio-environmental systems (SES) modeling integrates knowledge and perspectives into conceptual and computational tools that explicitly recognize how human decisions affect the environment. Depending on the modeling purpose, many SES modelers also realize that involvement of stakeholders and experts is fundamental to support social learning and decision-making processes for achieving improved environmental and social outcomes. The contribution of this paper lies in identifying and formulating grand challenges that need to be overcome to accelerate the development and adaptation of SES modeling. Eight challenges are delineated: bridging epistemologies across disciplines; multi-dimensional uncertainty assessment and management; scales and scaling issues; combining qualitative and quantitative methods and data; furthering the adoption and impacts of SES modeling on policy; capturing structural changes; representing human dimensions in SES; and leveraging new data types and sources. These challenges limit our ability to effectively use SES modeling to provide the knowledge and information essential for supporting decision making. Whereas some of these challenges are not unique to SES modeling and may be pervasive in other scientific fields, they still act as barriers as well as research opportunities for the SES modeling community. For each challenge, we outline basic steps that can be taken to surmount the underpinning barriers. Thus, the paper identifies priority research areas in SES modeling, chiefly related to progressing modeling products, processes and practices.","openalex, scopus, wos, dblp",human,0.890,human,
discarded,Performance Alignment Work: How software developers experience the continuous adaptation of team performance in Lean and Agile environments,Fabian Fagerholm; Marko Ikonen; Petri Kettunen; Jürgen Münch; Virpi Roto; Pekka Abrahamsson,2015,Information and Software Technology,10.1016/j.infsof.2015.01.010,https://openalex.org/W2010474629,developer-decision-making; web-search; non-education; computing-education-or-software-engineering-not-version-control,"Context: Companies increasingly strive to adapt to market and ecosystem changes in real time. Gauging and understanding team performance in such changing environments present a major challenge.

Objective: This paper aims to understand how software developers experience the continuous adaptation of performance in a modern, highly volatile environment using Lean and Agile software development methodology. This understanding can be used as a basis for guiding formation and maintenance of high-performing teams, to inform performance improvement initiatives, and to improve working conditions for software developers.

Method: A qualitative multiple-case study using thematic interviews was conducted with 16 experienced practitioners in five organisations.

Results: We generated a grounded theory, Performance Alignment Work, showing how software developers experience performance. We found 33 major categories of performance factors and relationships between the factors. A cross-case comparison revealed similarities and differences between different kinds and different sizes of organisations.

Conclusions: Based on our study, software teams are engaged in a constant cycle of interpreting their own performance and negotiating its alignment with other stakeholders. While differences across organisational sizes exist, a common set of performance experiences is present despite differences in context variables. Enhancing performance experiences requires integration of soft factors, such as communication, team spirit, team identity, and values, into the overall development process. Our findings suggest a view of software development and software team performance that centres around behavioural and social sciences. (C) 2015 Elsevier B.V. All rights reserved.","openalex, scopus, wos, dblp",human,0.840,human,
discarded,Unakite: Scaffolding Developers' Decision-Making Using the Web,Michael Xieyang Liu; Jane Hsieh; Nathan Hahn; Angelina Zhou; Emily Deng; Shaun Burley; Cynthia Taylor; Aniket Kittur; Brad A. Myers,2019,PROCEEDINGS OF THE 32ND ANNUAL ACM SYMPOSIUM ON USER INTERFACE SOFTWARE AND TECHNOLOGY (UIST 2019),10.1145/3332165.3347908,https://openalex.org/W2980877729,developer-coordination; ide-support; non-education; computing-education-or-software-engineering-not-version-control,"Developers spend a significant portion of their time searching for solutions and methods online. While numerous tools have been developed to support this exploratory process, in many cases the answers to developers' questions involve trade-offs among multiple valid options and not just a single solution. Through interviews, we discovered that developers express a desire for help with decision-making and understanding trade-offs. Through an analysis of Stack Overflow posts, we observed that many answers describe such trade-offs. These findings suggest that tools designed to help a developer capture information and make decisions about trade-offs can provide crucial benefits for both the developers and others who want to understand their design rationale. In this work, we probe this hypothesis with a prototype system named Unakite that collects, organizes, and keeps track of information about trade-offs and builds a comparison table, which can be saved as a design rationale for later use. Our evaluation results show that Unakite reduces the cost of capturing tradeoff-related information by 45%, and that the resulting comparison table speeds up a subsequent developer's ability to understand the trade-offs by about a factor of three.","openalex, scopus, wos, dblp",human,0.860,human,
discarded,Supporting Developers' Coordination in the IDE,Anja Guzzi; Alberto Bacchelli; Yann Riche; Arie van Deursen,2015,PROCEEDINGS OF THE 2015 ACM INTERNATIONAL CONFERENCE ON COMPUTER-SUPPORTED COOPERATIVE WORK AND SOCIAL COMPUTING (CSCW'15),10.1145/2675133.2675177,https://openalex.org/W2072653937,open-source-activity; non-education; computing-education-or-software-engineering-not-version-control,"Teamwork in software engineering is time-consuming and problematic. In this paper, we explore how to better support developers' collaboration in teamwork, focusing on the software implementation phase happening in the integrated development environment (IDE). Conducting a qualitative investigation, we learn that developers' teamwork needs mostly regard coordination, rather than concurrent work on the same (sub)task, and that developers successfully deal with scenarios considered problematic in literature, but they have problems dealing with breaking changes made by peers on the same project. We derive implications and recommendations. Based on one of the latter, we analyze the current IDE support for receiving code changes, finding that historical information is neither visible nor easily accessible. Consequently, we devise and qualitatively evaluate BELLEVUE, the design of an IDE extension to make received changes always visible and code history accessible in the editor.","openalex, scopus, wos, dblp",human,0.870,human,
discarded,Unveiling Elite Developers’ Activities in Open Source Projects,Zhendong Wang; Yang Feng; Yi Wang; James A. Jones; David Redmiles,2020,ACM Transactions on Software Engineering and Methodology,10.1145/3387111,https://openalex.org/W3033375835,git-education; student-difficulties; version-control-learning; git-or-software-tooling-without-learner-understanding-findings,"Open source developers, particularly the elite developers who own the administrative privileges for a project, maintain a diverse portfolio of contributing activities. They not only commit source code but also exert significant efforts on other communicative, organizational, and supportive activities. However, almost all prior research focuses on specific activities and fails to analyze elite developers’ activities in a comprehensive way. To bridge this gap, we conduct an empirical study with fine-grained event data from 20 large open source projects hosted on G IT H UB . We investigate elite developers’ contributing activities and their impacts on project outcomes. Our analyses reveal three key findings: (1) elite developers participate in a variety of activities, of which technical contributions (e.g., coding) only account for a small proportion; (2) as the project grows, elite developers tend to put more effort into supportive and communicative activities and less effort into coding; and (3) elite developers’ efforts in nontechnical activities are negatively correlated with the project’s outcomes in terms of productivity and quality in general, except for a positive correlation with the bug fix rate (a quality indicator). These results provide an integrated view of elite developers’ activities and can inform an individual’s decision making about effort allocation, which could lead to improved project outcomes. The results also provide implications for supporting these elite developers.","openalex, scopus, wos, dblp",human,0.970,human,
kept,Challenges and Confusions in Learning Version Control with Git,Ville Isomöttönen; Michael Cochez,2014,Communications in computer and information science,10.1007/978-3-319-13206-8_9,https://openalex.org/W2233942639,developer-discussions; covid; non-education; git-misconceptions-course-observation; already-cited,,"openalex, scopus, wos, dblp",human,0.890,human,
discarded,A qualitative study of developers’ discussions of their problems and joys during the early COVID-19 months,Gias Uddin; Omar Alam; Alexander Serebrenik,2022,Empirical Software Engineering,10.1007/s10664-022-10156-z,https://openalex.org/W4281627483,git-experience; scholarly-researchers; non-education; computing-education-or-software-engineering-not-version-control,"Many software developers started to work from home on a short notice during the early periods of COVID-19. A number of previous papers have studied the wellbeing and productivity of software developers during COVID-19. The studies mainly use surveys based on predefined questionnaires. In this paper, we investigate the problems and joys that software developers experienced during the early months of COVID-19 by analyzing their discussions in online forum devRant, where discussions can be open and not bound by predefined survey questionnaires. The devRant platform is designed for developers to share their joys and frustrations of life. We manually analyze 825 devRant posts between January and April 12, 2020 that developers created to discuss their situation during COVID-19. WHO declared COVID-19 as pandemic on March 11, 2020. As such, our data offers us insights in the early months of COVID-19. We manually label each post along two dimensions: the topics of the discussion and the expressed sentiment polarity (positive, negative, neutral). We observed 19 topics that we group into six categories: Workplace & Professional aspects, Personal & Family well-being, Technical Aspects, Lockdown preparedness, Financial concerns, and Societal and Educational concerns. Around 49% of the discussions are negative and 26% are positive. We find evidence of developers' struggles with lack of documentation to work remotely and with their loneliness while working from home. We find stories of their job loss with little or no savings to fallback to. The analysis of developer discussions in the early months of a pandemic will help various stakeholders (e.g., software companies) make important decision early to alleviate developer problems if such a pandemic or similar emergency situation occurs in near future. Software engineering research can make further efforts to develop automated tools for remote work (e.g., automated documentation).","openalex, scopus, wos, dblp",human,0.800,human,
discarded,A Behavioral Approach to Understanding the Git Experience,Genevieve Milliken; Sarah Nguyễn; Vicky Steeves,2021,Proceedings of the ... Annual Hawaii International Conference on System Sciences/Proceedings of the Annual Hawaii International Conference on System Sciences,10.24251/hicss.2021.872,https://openalex.org/W3127491018,quantum-chemistry-software; non-education; scope-academic-researchers-not-students,"The Investigating and Archiving the Scholarly Git Experience (IASGE) project is multi-track study focused on understanding the uses of Git by students, faculty, and staff working in academic research institutions as well as the ways source code repositories and their associated contextual ephemera can be better preserved. This research, in turn, has implications regarding how to support Git in the scholarly process, how version control systems contribute to reproducibility, and how Library and Information Science (LIS) professionals can support Git through instruction and sustainability efforts. In this paper, we focus on a subset of our larger project and take a deep look at what code hosting platforms offer researchers in terms of productivity and collaboration. For this portion, a survey, focus groups, and user experience interviews were conducted to gain an understanding of how and why scholarly researchers use Version Control Systems (VCS) as well as some of the pain points in learning and using VCS for daily work.","openalex, scopus, wos, dblp",human,0.950,human,
