status,title,authors,year,venue,doi,url,tags,abstract,provider,decision_source,llm_confidence,llm_review_outcome,llm_change_direction
discarded,Analyzing Perceived Psychological and Social Stress of University Students: A Machine Learning Approach,Ishrak Jahan Ratul; Mirza Muntasir Nishat; Fahim Faisal; Sadia Sultana; Ashik Ahmed; Md Abdullah Al Mamun,2023,Heliyon,10.1016/j.heliyon.2023.e17307,https://openalex.org/W4380989978,student-stress; machine-learning; general-education; unrelated-term-match-other-field,"The COVID-19 pandemic has worsened the psychological and social stress levels of university students due to physical illness, enhanced dependence on mobile devices and internet, a lack of social activities, and home confinement. Therefore, early stress detection is crucial for their successful academic performance and mental well-being. The advent of machine learning (ML)-based prediction models can have a crucial impact in predicting stress at its early stages and taking necessary steps for the well-being of individuals. This study aims to develop a reliable machine learning-based prediction model for perceived stress prediction and validate the model using real-world data collected through an online survey among 444 university students from different ethnicity. The machine learning models were built using supervised machine learning algorithms. Principal Component Analysis (PCA) and the chi-squared test were employed as feature reduction techniques. Moreover, Grid Search Cross-Validation (GSCV) and Genetic Algorithm (GA) were employed for hyperparameter optimization (HPO). According to the findings, around 11.26% of individuals were identified with high levels of social stress. In comparison, approximately 24.10% of people were found to be suffering from extremely high psychological stress, which is quite alarming for students' mental health. Furthermore, the prediction results of the ML models demonstrated the most remarkable accuracy (80.5%), precision (1.000), F1 score (0.890), and recall value (0.826). The Multilayer Perceptron model was shown to have the maximum accuracy when combined with PCA as a feature reduction approach and GSCV for HPO. The convenience sampling technique used in this study only considers self-reported data, which may have biased results and lack generalizability. Future research should consider a large sample of data and focus on tracking long-term impacts with coping strategies and interventions. The results of this study can be used to develop strategies to mitigate adverse effects of the overuse of mobile devices and promote student well-being during pandemics and other stressful situations.","openalex, scopus, wos, ieee",human,0.840,human,
discarded,A Survey of Learning-based Automated Program Repair,Quanjun Zhang; Chunrong Fang; Yuxiang Ma; Weisong Sun; Zhenyu Chen,2023,ACM Transactions on Software Engineering and Methodology,10.1145/3631974,https://openalex.org/W4388422146,program-repair-survey; software-engineering; non-education; computing-education-or-software-engineering-not-version-control,"Automated program repair (APR) aims to fix software bugs automatically and plays a crucial role in software development and maintenance. With the recent advances in deep learning (DL), an increasing number of APR techniques have been proposed to leverage neural networks to learn bug-fixing patterns from massive open-source code repositories. Such learning-based techniques usually treat APR as a neural machine translation (NMT) task, where buggy code snippets (i.e., source language) are translated into fixed code snippets (i.e., target language) automatically. Benefiting from the powerful capability of DL to learn hidden relationships from previous bug-fixing datasets, learning-based APR techniques have achieved remarkable performance. In this article, we provide a systematic survey to summarize the current state-of-the-art research in the learning-based APR community. We illustrate the general workflow of learning-based APR techniques and detail the crucial components, including fault localization, patch generation, patch ranking, patch validation, and patch correctness phases. We then discuss the widely adopted datasets and evaluation metrics and outline existing empirical studies. We discuss several critical aspects of learning-based APR techniques, such as repair domains, industrial deployment, and the open science issue. We highlight several practical guidelines on applying DL techniques for future APR studies, such as exploring explainable patch generation and utilizing code features. Overall, our article can help researchers gain a comprehensive understanding about the achievements of the existing learning-based APR techniques and promote the practical application of these techniques. Our artifacts are publicly available at the repository: https://github.com/iSEngLab/AwesomeLearningAPR .","openalex, scopus, wos, ieee",human,0.960,human,
discarded,An Extended Learning Analytics Framework Integrating Machine Learning and Pedagogical Approaches for Student Performance Prediction and Intervention,Khalid Alalawi; Rukshan Athauda; Raymond Chiong,2024,International Journal of Artificial Intelligence in Education,10.1007/s40593-024-00429-7,https://openalex.org/W4402621180,learning-analytics; student-performance-prediction; general-education; unrelated-term-match-other-field,"The use of educational data mining and machine learning to analyse large data sets collected by educational institutions has the potential to discover valuable insights for decision-making. One such area that has gained attention is to predict student performance by analysing large educational data sets. In the relevant literature, many studies have focused on developing prediction models on student performance but comparatively less work exists on actions taken based on predicted at-risk students and evaluating their impact. Learning Analytics Intervention (LAI) studies have emerged as an approach that aims to address this gap. In LAI studies, student risk levels are predicted and disseminated to relevant stakeholders (academics, administrators and students) using learning analytics (LA) tools for targeted interventions. The interventions themselves are mainly left under the discretion of the academics and/or administrators, who are aware of the learning context and have the authority to make decisions, with LA tools facilitating this process. LAI studies have shown success in improving outcomes (e.g. improve pass rates, retention, grades), but their uptake has been slow. The main impediment to piloting LAIs by academics has been the lack of access to LAI infrastructure, which requires institutional investments to develop predictive models collecting data from diverse IT systems. Another challenge in LAIs is the development of effective interventions. This paper presents an extended LAI framework, termed Student Performance Prediction and Action (SPPA), which provides access to LAI infrastructure for academics to pilot LAIs in their courses without the need for institution-wide efforts. SPPA and its features are seamlessly accessed via a web browser and academics can develop course-specific predictive models based on historical course assessment data. Furthermore, SPPA integrates sound pedagogical approaches and provides relevant information (such as students’ knowledge gaps, personalised study plans) to assist academics in providing effective interventions. SPPA was evaluated by a number of academics piloting LAIs in their courses. Quantitative and qualitative data was collected and analysed. Academics were able to provide effective interventions using SPPA and also had a positive outlook on using SPPA and its features. SPPA is also provided as an open-source project for further development and can be a catalyst for widescale uptake in LAIs. Furthermore, a model for continuous improvement in LAIs is outlined along with a number of areas for future research and development.","openalex, scopus, wos, ieee",human,0.820,human,
discarded,The efficacy of self-directed learning versus problem-based learning for teaching and learning ophthalmology: a comparative study,Ihab Shafek Atta; Ali Al-Ghamdi,2018,Advances in Medical Education and Practice,10.2147/amep.s171328,https://openalex.org/W2889173463,medical-education; pbl; non-computing; unrelated-term-match-other-field,"Introduction: Self-directed learning (SDL) and problem-based learning (PBL) are fundamental tools to achieve lifelong learning in an integrated medical curriculum. However, the efficacy of SDL in some clinical courses is debated. Aim: The aim of the study was to measure the effectiveness of SDL for an ophthalmology course in comparison with PBL. Methods: A cross-sectional study was conducted with fifth-year medical students enrolled in an ophthalmology course. SDL comprised four case-based scenarios guided by several questions. PBL comprised three sessions. An ear, nose, and throat (ENT) course was selected for comparison as a control. At the end of the course, 30 multiple-choice questions (MCQs) for both SDL and PBL were assessed and analyzed against their counterparts in the ENT course by an independent t -test. Results: For the SDL component of the ophthalmology course, the number and percentages of students attaining high (n = 6/60, 10%) and moderate (n = 15/60, 28.3%) scores on an MCQs written exam were evaluated. For the PBL component, high scores were seen for 23.3% (n = 14/60), and moderate scores for 33.3% (n = 20/60) of the participants. For the SDL component of the ENT course, the number and percentages of students attaining high (n = 14/60, 23.3%) and moderate (n = 17/60, 28.3%) scores were recorded. For the PBL component, high (16/60, 26.6%) and moderate (17/60, 28%) scores were recorded. Significant p -values were obtained between the results for SDL and PBL in the ophthalmology course ( p = 0.009), as well as between SDL results for both courses ( p = 0.0308). Moreover, differences between the SDL results of ophthalmology and the PBL results of ENT ( p = 0.0372) were significant. Conclusion: SDL appears to be less valuable for promotion of self-readiness. Periodic discussions in small groups or by panel discussion are strongly recommended for students to enhance readiness with SDL. Keywords: SDL, PBL, ophthalmology, ENT, lifelong learning, teaching tools","openalex, scopus, wos, ieee",human,0.870,human,
discarded,Skills and Knowledge for Data-Intensive Environmental Research,Stephanie E. Hampton; Matthew B. Jones; Leah Wasser; Mark Schildhauer; Sarah R. Supp; Julien Brun; Rebecca R. Hernandez; Carl Boettiger; Scott L. Collins; Louis J. Gross; Denny S. Fernández; Amber E Budden; Ethan P. White; Tracy Teal; Stephanie Labou; Juliann E. Aukema,2017,BioScience,10.1093/biosci/bix025,https://openalex.org/W2610439671,data-intensive-research-skills; computational-skills; training; unrelated-term-match-other-field,"The scale and magnitude of complex and pressing environmental issues lend urgency to the need for integrative and reproducible analysis and synthesis, facilitated by data-intensive research approaches. However, the recent pace of technological change has been such that appropriate skills to accomplish data-intensive research are lacking among environmental scientists, who more than ever need greater access to training and mentorship in computational skills. Here, we provide a roadmap for raising data competencies of current and next-generation environmental researchers by describing the concepts and skills needed for effectively engaging with the heterogeneous, distributed, and rapidly growing volumes of available data. We articulate five key skills: (1) data management and processing, (2) analysis, (3) software skills for science, (4) visualization, and (5) communication methods for collaboration and dissemination. We provide an overview of the current suite of training initiatives available to environmental scientists and models for closing the skill-transfer gap.","openalex, scopus, wos, ieee",human,0.760,human,
discarded,Knowledge and Practices of Indian Dental Students Regarding the Prescription of Antibiotics and Analgesics,Astha Doshi; Kailash Asawa; Nagesh Bhat; Mridula Tak; Priyanjali Dutta; Tajinder Bansal; Ruchika Gupta,2017,Medicine and Pharmacy Reports,10.15386/cjmed-768,https://openalex.org/W2755428255,dental-education; non-computing; unrelated-term-match-other-field,"BACKGROUND AND AIM: Making a diagnosis and prescribing medicine is the most important skill required by any doctor in the colleges, hospitals or clinical practice. Prescribing is the intervention that has the greatest influence on patients' health requiring complex series of sub-competencies like making a diagnosis, setting a therapeutic goal, choosing the approach, choosing the best drug, route and frequency of administration, duration of therapy, writing the prescription, patient information, monitoring drug effects and, lastly, review the prescription.The aim of this research is to assess the knowledge and practices of Indian dental students regarding the prescription of antibiotics and analgesics. METHODS: A cross-sectional study was conducted among 870 Undergraduate and Post-graduate dental students of Udaipur city. A close ended, pretested questionnaire was administered to students. The data were analyzed using the student's t -test and one-way ANOVA with post hoc Bonferroni test. RESULTS: A total of 870 students participated in the study. Most of them were females and were pursuing undergraduate studies. Post graduate students had greater medication prescription knowledge than the undergraduate students. Nevertheless, practice of medication prescription among these two was found adequate. CONCLUSION: Undergraduate dental students have lower knowledge about medication prescription as compared to post-graduate students. Also, knowledge of prescription of medicines in males were higher in comparison to females, though prescription practices of all the dental students was found almost similar.","openalex, scopus, wos, ieee",human,0.950,human,
discarded,Revisiting assessment in project management education: A systematic review of demandingness and competence alignment,Jiang J.,2026,Project Leadership and Society,10.1016/j.plas.2026.100233,https://www.scopus.com/inward/record.uri?partnerID=HzOxMe3b&scp=105042644344&origin=inward,systematic-review; project-management-education; non-computing-specific; unrelated-term-match-other-field,"This systematic review synthesises empirical research on assessment practices in project management education (PME) published between 2016 and July 2025. Drawing on 52 peer-reviewed studies, the review examines (1) the distribution of assessment forms, purposes, methods and learning outcomes; (2) the demandingness of assessment practices through a four-dimensional burden framework (cognitive, collaboration, feedback/grading, technical); and (3) the extent to which assessments target and demonstrate competences aligned with the IPMA ICB4 framework. A structure–process perspective and a Purpose–Process–Impact lens guided analysis at both study and episode levels (n = 240 assessment episodes). Findings show a field-level shift toward mixed-purpose, iterative assessment cycles that integrate feedback, reflection and moderation, particularly in postgraduate programmes. Tests/scales and project-based artefacts dominate the landscape, while simulations, games and AI-assisted assessment remain less common. Burden analysis shows that demandingness is patterned and design-dependent: cognitive load is highest in exams and design tasks, collaboration load in peer and team-based activities, feedback/grading load in project artefacts, and technical load in simulations and game-based assessments. Competence mapping reveals strong representation of People competences and partial coverage of Practice competences, but consistent underrepresentation of Perspective competences such as governance, strategy and cultural awareness. These patterns highlight structural tendencies in PME to privilege operational performance over contextual judgement. The review concludes by identifying opportunities to broaden competence coverage, enhance process traceability and design sustainable workload configurations across assessment systems.","openalex, scopus, wos, ieee",human,0.710,human,
discarded,A new experimental approach to manipulate social identity and social norms about protective behaviors in a virtual social environment,Kittelberger S.,2026,BMC Psychology,10.1186/s40359-026-04591-6,https://www.scopus.com/inward/record.uri?partnerID=HzOxMe3b&scp=105041658295&origin=inward,health-behavior; protocol; non-education; unrelated-term-match-other-field,"Focus theory of normative conduct and social identity theory propose that the degree of social identification with a group moderates the influence of social norms on behavior. The current study protocal reports two studies testing this causal assumption in the context of health protective behaviors during a health crisis using a newly developed experimental manipulation of both social identity and social norms regarding protective behaviors during a health crisis in a virtual social environment. A new virtual social environment was co-created with Citizen Scientists and will be used in two experiments covering several online sessions to test (a) the manipulation of social identity, and (b) the manipulation of social norms regarding protective behaviors in a simulated health crisis (Study 1: using a vignette approach; Study 2: using the virtual social environment). The main outcome is adherence to protective behaviors (Study 1: self-reported; Study 2: behavior within the virtual social environment). We successfully developed and implemented the virtual social environment using a Citizen Scientist approach. The Citizen Scientists report high overall participation experiences co-creating the virtual social environment, as well as high learning gains in coordinating with others, using GitHub/Git, and game mechanics. Both studies will provide insights into (1) the development of a virtual social environment in collaboration with Citizen Scientists, (2) methods for experimentally manipulating social identity and social norms, and (3) the causal mechanisms linking social identity, and social norms to protective behaviors. We expect that the findings inform methodological approaches for experimentally simulating social situations that typically lay outside experimental control (here: a health crisis) and assessing health-related behaviors, future Citizen Science-based approaches, and theory on social influence on behavior during a health crisis. The trial registration ID is ISRCTN97703902. We registered the studies with ISRCTN on February 6, 2025, with the last update on March 5, 2025.","openalex, scopus, wos, ieee",human,0.980,human,
discarded,"A scoping review of generative AI-powered agentic AI in education: Research landscape, agentic capabilities, and insights from the frontier agent paradigm, exemplified by OpenClaw",Wang N.,2026,Computers and Education Artificial Intelligence,10.1016/j.caeai.2026.100653,https://www.scopus.com/inward/record.uri?partnerID=HzOxMe3b&scp=105047159482&origin=inward,scoping-review; agentic-ai-in-education; too-broad; unrelated-term-match-other-field,"Generative AI-powered agentic systems are increasingly proposed for educational applications. However, the research landscape remains fragmented, and the relationship between technical capabilities and pedagogical design remains poorly understood. To address this gap, this scoping review systematically mapped 474 studies published between January 2020 and May 2026. Guided by three research questions, we analysed publication characteristics, study designs, agent roles, AI models and architectures, six dimensions of agentic capability, and the extent to which educational theory was incorporated. The results show that the field has expanded rapidly, particularly since 2025. At the same time, the literature is dominated by conference papers and is primarily concentrated in higher education, STEM disciplines, and text-based tutoring scenarios. In terms of technical implementation, GPT-series models and LangChain are the most widely adopted technologies, whereas OpenClaw and other frontier agent paradigms remain largely absent. Across the reviewed studies, agentic capabilities tend to remain at relatively modest levels: although many systems demonstrate single-task autonomy, sequential planning, and, increasingly, multi-agent collaboration, they rarely exhibit strong tool orchestration or robust embedded governance. From an educational perspective, theoretical grounding remains limited. Only 138 studies explicitly drew on educational theory, revealing a clear disciplinary divide between technically oriented research and pedagogically oriented work. Methodologically, empirical evaluations are also limited, with most studies relying on small-scale and short-term designs. Accordingly, the gaps identified across the literature converge on several priorities: longitudinal and real-world validation, stronger pedagogical grounding, more governed adoption of emerging agent infrastructures, and more systematic integration of ethics and human oversight. Overall, this review provides researchers, developers, and educators with an evidence-based map of the current capabilities and limitations of agentic AI in education, while also highlighting concrete directions for its more responsible and educationally meaningful development.","openalex, scopus, wos, ieee",human,0.680,human,
