status,title,authors,year,venue,doi,url,tags,abstract,provider,decision_source,llm_confidence,llm_review_outcome,llm_change_direction
kept,Do students Git it?: A Lightweight Intervention to Increase Usage of Advanced Git Features.,Todd Sproull,2022,SIGCSE,10.1145/3478432.3499053,https://dblp.org/rec/conf/sigcse/Sproull21,git-education; collaborative-learning; engineering-programming-course; perception-survey-pre-post-poster; cited,"Version control software, such as Git, is commonly used in Computer Science courses. Often students simply learn a few commands to submit an assignment without really understanding how the advanced features work and the benefits of version control. This research investigates the impact of introducing a Git tutorial in an introductory full-stack Web Development course. The semester with the tutorial intervention is compared to a previous semester with no tutorial intervention. The research consists of a survey at the beginning and end of the semester. From the surveys, we observe that students' perceptions of major Git concepts increased in both semesters. Also, when introducing a lightweight intervention of a tutorial, students' perceptions of concepts of how and why to create a branch in Git improve in a statistically significant manner. This research provides preliminary evidence that using lightweight interventions in assignments to engage students with tooling without reducing instructional time on other course concepts can encourage learning and usage of advanced tool features.",dblp,human,0.910,human,
discarded,Collaborative Learning Using Git with GitLab in Students of the Engineering Programming Course.,Renzo Gustavo Bolivar Valdivia,2019,CISETC,,https://dblp.org/rec/conf/cisetc/Valdivia19,ai-in-software-engineering-education; github-copilot; open-source-projects; experience-report-no-abstract-no-learner-findings-retrievable,,dblp,human,0.940,human,
discarded,Engineering Students&apos; Usage and Perceptions of GitHub Copilot in Open-Source Projects.,Neha Rani; Jeevan Ram Munnangi; Austin Matthew Spangler; Donald R. Honeycutt,2026,CoRR,10.48550/ARXIV.2604.10747,https://dblp.org/rec/journals/corr/abs-2604-10747,github-copilot; student-programming; brownfield-tasks; git-or-software-tooling-without-learner-understanding-findings,"The evolution of LLM has resulted in coding-focused models that are able to produce code snippets with high accuracy. More and more AI coding assistant tools are now available, leading to greater integration of AI coding assistants into integrated development environments (IDEs). These tools introduce new possibilities for enhancing software development workflows and changing programming processes. GitHub Copilot, a popular AI coding assistant, offers features including inline code autocompletion, comment-driven code generation, repository-aware suggestions, and a chat interface for code explanation and debugging. Different users use these tools differently due to differences in their perception, prior experience, and demographics. Furthermore, differences in feature use may affect users' programming process and skills, especially for programming learners such as computer science students. While prior work has evaluated the performance of LLM-driven code generation tools, their use and usefulness for developers, especially computer science students, remain underexplored. For our investigation, we conducted an exploratory survey-based study in which participants completed a survey after completing an open-source project issue using GitHub Copilot as part of a course. We analyzed students' use of each feature and their perceived usefulness. Further, we explore and analyze significant differences in GitHub Copilot usage and students' perceptions of it based on demographic factors. Our results show that students used the GitHub Copilot chat feature and code generation feature more than other features. Gender, programming proficiency, and familiarity with AI impacted the usage of the GitHub Copilot feature for assistance in completing the open-source project contribution.",dblp,human,0.990,human,
discarded,"The Effects of GitHub Copilot on Computing Students&apos; Programming Effectiveness, Efficiency, and Processes in Brownfield Coding Tasks.",Md. Istiak Hossain Shihab; Christopher D. Hundhausen; Ahsun Tariq; Summit Haque; Yunhan Qiao; Brian Wise Mulanda,2025,ICER,10.1145/3702652.3744219,https://dblp.org/rec/conf/icer/ShihabHTHQM25,github-copilot; large-codebases; student-programming; git-or-software-tooling-without-learner-understanding-findings,"When graduates of computing degree programs enter the software industry, they will most likely join teams working on legacy code bases developed by people other than themselves. In these so-called brownfield software development settings, generative artificial intelligence (GenAI) coding assistants like Gitl lub Copilot are rapidly transforming software development practices, yet the impact of GenAI on student programmers performing brownfield development tasks remains underexplored. This paper investigates how GitHub Copilot influences undergraduate students' programming performance, behaviors, and understanding when completing brownfield programming tasks in which they add new code to an unfamiliar code base. We conducted a controlled experiment 41 which 10 undergraduate computer science students completed highly similar brownfield development tasks with and without Copilot in a legacy web application. Using a mixed -methods approach combining performance analysis, behavioral analysis, and exit interviews, we found that students completed tasks 34.9% lister (p < 0.05) arid made 50.0% more solution progress (p < 0.05) when using Copilot. Moreover, our analysis revealed that, when using Copilot, students spent 10.6% less time manually writing code (p < 0.05), and 11.6% less time conducting web searches (p < 0.05), providing evidence of a fundamental shift in how they engaged in programming. In exit interviews, students reported concerns about not understanding how or why Copilot suggestions work. ""fhis rese in h suggests the need for computing educators to develop new pedagogical approaches that leverage GenAl assistants' benefits while fostering reflection on how and why GenAl suggestion's address brownfield programming tasks. Complete study results and analysis are presented at glscopilot-icer.github.io.",dblp,human,0.980,human,
discarded,Students&apos; Use of GitHub Copilot for Working with Large Code Bases.,Anshul Shah 0002; Anya Chernova; Elena Tomson; Leo Porter 0001; William G. Griswold; Adalbert Gerald Soosai Raj,2025,SIGCSE,10.1145/3641554.3701800,https://dblp.org/rec/conf/sigcse/ShahCT0GR25,github-copilot; student-programming; brownfield-tasks; preprint; git-or-software-tooling-without-learner-understanding-findings,"Large language models (LLMs) are already heavily used by professional software engineers. An important skill for new university graduates to possess will be the ability to use such LLMs to effectively navigate and modify a large code base. While much of the prior work related to LLMs in computing education focuses on novice programmers learning to code, less work has focused on how upper-division students use and trust these tools, especially while working with large code bases. In this study, we taught students about various GitHub Copilot features, including Copilot chat, in an upper-division software engineering course and asked students to add a feature to a large code base using Copilot. Our analysis revealed a novel interaction pattern that we call one-shot prompting, in which students ask Copilot to implement the entire feature at once and spend the next few prompts asking Copilot to debug the code or asking Copilot to regenerate its incorrect response. Finally, students reported significantly more trust in the code comprehension features than code generation features of Copilot, perhaps due to the presence of trust affordances in the Copilot chat that are absent in the code generation features. Our study takes the first steps in understanding how upper-division students use Github Copilot so that our instruction can adequately prepare students for a career in software engineering.",dblp,human,0.950,human,
discarded,"The Effects of GitHub Copilot on Computing Students&apos; Programming Effectiveness, Efficiency, and Processes in Brownfield Programming Tasks.",Md. Istiak Hossain Shihab; Christopher D. Hundhausen; Ahsun Tariq; Summit Haque; Yunhan Qiao; Brian Mulanda,2025,CoRR,10.48550/ARXIV.2506.10051,https://dblp.org/rec/journals/corr/abs-2506-10051,github; software-engineering-course; student-learning; engagement; git-or-software-tooling-without-learner-understanding-findings,"When graduates of computing degree programs enter the software industry, they will most likely join teams working on legacy code bases developed by people other than themselves. In these so-called brownfield software development settings, generative artificial intelligence (GenAI) coding assistants like GitHub Copilot are rapidly transforming software development practices, yet the impact of GenAI on student programmers performing brownfield development tasks remains underexplored. This paper investigates how GitHub Copilot influences undergraduate students' programming performance, behaviors, and understanding when completing brownfield programming tasks in which they add new code to an unfamiliar code base. We conducted a controlled experiment in which 10 undergraduate computer science students completed highly similar brownfield development tasks with and without Copilot in a legacy web application. Using a mixed-methods approach combining performance analysis, behavioral analysis, and exit interviews, we found that students completed tasks 35% faster (p < 0.05) and made 50% more solution progress p (< 0.05) when using Copilot. Moreover, our analysis revealed that, when using Copilot, students spent 11% less time manually writing code (p < 0.05), and 12% less time conducting web searches (p < 0.05), providing evidence of a fundamental shift in how they engaged in programming. In exit interviews, students reported concerns about not understanding how or why Copilot suggestions work. This research suggests the need for computing educators to develop new pedagogical approaches that leverage GenAI assistants' benefits while fostering reflection on how and why GenAI suggestions address brownfield programming tasks. Complete study results and analysis are presented at https://ghcopilot-icer.github.io/.",dblp,human,0.980,human,
kept,The impact of GitHub on students&apos; learning and engagement in a software engineering course.,Prutha Patani; Saurabh Tiwari 0001; Santosh Singh Rathore,2024,Comput. Appl. Eng. Educ.,10.1002/CAE.22775,https://dblp.org/rec/journals/caee/PataniTR24,github-copilot; engineering-students; programming-performance; perception-survey-pre-post; cited,"GitHub, a widely used software development platform, facilitates organization of projects and collaboration. Its popularity extends to students who use it to host code and create open repositories for class projects. However, despite its potential benefits, the use of GitHub in education has often been unplanned and lacked structure. Consequently, the effectiveness of GitHub in improving student learning and project development skills remains unclear. This study explores the impact of using GitHub as a tool in a software engineering course on students' skill sets and perspectives. We present the results of an experiment conducted with 319 undergraduate students to assess whether using GitHub improves their engagement in teamwork and subsequently enhances learning. The study conducted pre- and postsurveys to capture students' perspectives and experiences. Additionally, we analyzed the number of commits, pull requests (PRs), and issues from group repositories to assess learning outcomes. Our findings revealed that most students had limited knowledge of collaborative development and teamwork before using GitHub in the course. However, after using GitHub, they demonstrated effective use of teamwork skills and collaborative development, resulting in significant improvements in their overall learning.",dblp,human,0.950,human,
discarded,Assessing the Use of GitHub Copilot on Students of Engineering of Information Systems.,Federico Cirett Galán; Raquel Torres Peralta; René Navarro-Hernández; José Luis Ochoa-Hernández; San Contreras-Rivera; Luis Arturo Estrada-Ríos; Germán Machado-Encinas,2024,Int. J. Softw. Eng. Knowl. Eng.,10.1142/S0218194024500335,https://dblp.org/rec/journals/ijseke/GalanPNOCEM24,software-maintenance-education; unknown-codebase; student-learning; git-or-software-tooling-without-learner-understanding-findings,"This study examines the impact of AI programming assistants like GitHub Copilot and ChatGPT on software engineering efficiency, an area that has seen limited empirical research. We experimentally evaluated the performance of programmers (n=16) in Python coding tasks with and without AI assistance, measuring time-to-completion and feature implementation. Results indicate that participants utilizing AI assistance completed tasks significantly faster (p = 0.033) and implemented more required features (p = 0.012) compared to those relying solely on unaided coding. These findings offer empirical insights into the integration of AI tools in software development workflows, highlighting their potential to enhance efficiency without compromising code quality or completeness, with implications for organizational pipelines and practitioner skills. Responses to exit surveys suggest that participants without IA tools assistance encountered frustrations related to code recall, time constraints, and problem-solving, while assisted participants reported no negative experiences, focusing instead on successful completion of tasks within the allotted time.",dblp,human,0.890,human,
discarded,&apos;Gitting&apos; Their Feet Wet - A Classroom Intervention Exploring Students&apos; Learning Experience When Maintaining an Unknown Codebase.,Thomas Hvid Spangsberg; Dan Okkels Brendstrup,2024,MIPRO,10.1109/MIPRO60963.2024.10569744,https://dblp.org/rec/conf/mipro/SpangsbergB24,student-performance-prediction; github-metrics; software-engineering-education; intervention-evaluated-by-reflections-on-project-work-not-vcs-understanding,,dblp,human,0.920,human,
discarded,Predicting Students&apos; Software Engineering Class Performance with Machine Learning and Pre-Class GitHub Metrics.,Jialin Cui; Fangtong Zhou; Runqiu Zhang; Ruochi Li; Chengyuan Liu; Edward F. Gehringer,2023,FIE,10.1109/FIE58773.2023.10343357,https://dblp.org/rec/conf/fie/CuiZZLLG23,ai-in-programming-education; instructor-perspectives; chatgpt; github-copilot; repository-metrics-performance-prediction-not-understanding,,dblp,human,0.990,human,
discarded,From &quot;Ban It Till We Understand It&quot; to &quot;Resistance is Futile&quot;: How University Programming Instructors Plan to Adapt as More Students Use AI Code Generation and Explanation Tools such as ChatGPT and GitHub Copilot.,Sam Lau; Philip J. Guo,2023,ICER,10.1145/3568813.3600138,https://dblp.org/rec/conf/icer/LauG22,github-metrics; student-performance; computing-education; git-or-software-tooling-without-learner-understanding-findings,"Over the past year (2022-2023), recently-released AI tools such as ChatGPT and GitHub Copilot have gained significant attention from computing educators. Both researchers and practitioners have discovered that these tools can generate correct solutions to a variety of introductory programming assignments and accurately explain the contents of code. Given their current capabilities and likely advances in the coming years, how do university instructors plan to adapt their courses to ensure that students still learn well? To gather a diverse sample of perspectives, we interviewed 20 introductory programming instructors (9 women + 11 men) across 9 countries (Australia, Botswana, Canada, Chile, China, Rwanda, Spain, Switzerland, United States) spanning all 6 populated continents. To our knowledge, this is the first empirical study to gather instructor perspectives about how they plan to adapt to these AI coding tools that more students will likely have access to in the future. We found that, in the short-term, many planned to take immediate measures to discourage AI-assisted cheating. Then opinions diverged about how to work with AI coding tools longer-term, with one side wanting to ban them and continue teaching programming fundamentals, and the other side wanting to integrate them into courses to prepare students for future jobs. Our study findings capture a rare snapshot in time in early 2023 as computing instructors are just starting to form opinions about this fast-growing phenomenon but have not yet converged to any consensus about best practices. Using these findings as inspiration, we synthesized a diverse set of open research questions regarding how to develop, deploy, and evaluate AI coding tools for computing education.",dblp,human,0.970,human,
discarded,Correlating Students&apos; Class Performance Based on GitHub Metrics: A Statistical Study.,Jialin Cui; Runqiu Zhang; Ruochi Li; Yang Song 0019; Fangtong Zhou; Edward F. Gehringer,2023,ITiCSE,10.1145/3587102.3588799,https://dblp.org/rec/conf/iticse/CuiZL0ZG23,online-learning; primary-school; general-education; repository-metrics-performance-prediction-not-understanding,"What skills does a student need to succeed in a programming class? Ostensibly, previous programming experience may affect a student's performance. Most past studies on this topic use self-reporting questionnaires to query students about their programming experience. This paper presents a novel, unified, and replicable way to measure previous programming experience using students' pre-class GitHub contributions. To our knowledge, we are the first to use GitHub contributions in this way. We conducted a comprehensive statistical study of students in an object-oriented design and development class from 2017 to 2022 (n = 751) to explore the relationships between GitHub contributions (commits, comments, pull requests, etc.) and students' performance on exams, projects, designs, etc. in the class. Several kinds of contributions were shown to have statistically significant correlations with performance in the class. A set of two-sample t-tests demonstrate statistical significance of the difference between the means of some contributions from the high-performing and low-performing groups.",dblp,human,0.910,human,
discarded,"The Impact of Online Learning toward the Independence of Primary School Students During the Pandemic in Jakarta, Indonesia.",Ivan Stevanus; Maria Gita; Debor,2022,Int. J. Online Biomed. Eng.,10.3991/IJOE.V18I08.31965,https://dblp.org/rec/journals/ijoe/StevanusGD22,github; student-survey; computing-education; unrelated-term-match-other-field,"The implementation of physical distancing policy serves as the basis for the administration of online learning from home, which in turn encourages the use of information necessitating the students to change their learning method. Due to the use of digital apps, students are no longer participating in face-to-face learning and therefore required to independently complete the learning tasks assigned daily by the school. The purpose of this research is to measure the impact of online learning towards the character of independence displayed by fifth-graders during the pandemic. The research collected its data using quantitative method, namely distributing questionnaires to elementary school students in Jakarta. The samples of the research are mostly students performing online learning, with the primary variables used being online learning and the character of independence. The data obtained were processed using regression analysis and t test, which were used to measure the influence and significance level of online learning towards students' character of independence. The research reveals that the significance level is 0.000 < 0.05 and the t count value is 6.465, which is greater than the t table value of 2.002. It can be concluded that online learning affects the character of independence possessed by the fifth-graders in Jakarta. This shows that traits suggesting independence, such as being capable of performing key activities in learning, as well as realizing and understanding what needs to be done to appreciate family members, teachers and the school by acting wisely and responsibly in completing learning tasks, have become new values that they believe in. To ensure that students keep developing their character of independence during the pandemic, improvements need to be made in terms of the quality and quantity of online learning facilities. Such improvements can be done through a collaboration between the government, schools, teachers, students and the society in general.",dblp,human,0.940,human,
kept,How Students Are Using GitHub? A Survey.,Saurabh Tiwari 0001; Santosh Singh Rathore; Sheikh Umar Farooq; Prutha Patani,2022,ISEC,10.1145/3511430.3511454,https://dblp.org/rec/conf/indiaSE/0001RFP22,programming-environments; docker; github-codespaces; computing-education; perception-survey; cited,,dblp,human,0.980,human,
discarded,Standardizing Students&apos; Programming Environments with Docker Containers: Using Visual Studio Code in the Cloud with GitHub Codespaces.,David J. Malan,2022,ITiCSE,10.1145/3502717.3532164,https://dblp.org/rec/conf/iticse/Malan22,git-metrics; student-contributions; software-projects; git-or-software-tooling-without-learner-understanding-findings,,dblp,human,0.980,human,
