status,title,authors,year,venue,doi,url,tags,abstract,provider,decision_source,llm_confidence,llm_review_outcome,llm_change_direction
kept,Using git metrics to measure students&apos; and teams&apos; code contributions in software development projects.,Sivana Hamer; Christian Quesada-López; Alexandra Martínez 0001; Marcelo Jenkins,2021,CLEI Electron. J.,10.19153/CLEIEJ.24.2.8,https://dblp.org/rec/journals/cleiej/HamerQMJ21,hbcu; github; computational-thinking; computing-education; repository-metrics-contribution; already-cited,,dblp,human,0.860,human,
discarded,Making a Case for Studying the Effects of Using GitHub on HBCU Students&apos; Computational Thinking Skills.,Andrea E. Johnson,2021,RESPECT,10.1109/RESPECT51740.2021.9620585,https://dblp.org/rec/conf/respect/Johnson21,git-education; student-errors; software-engineering-students; position-paper-no-learner-findings,"While preparing students for careers beyond graduation, HBCU faculty often have to balance the priorities of bridging the gap between the level of student preparation and the expected level of preparedness as influenced by industry and discipline standards. Prioritization of these standards does not always align with the experience of students at Historically Black College and Universities (HBCU) and Minority Serving Institutions (MSI). The Association of Computing Machinery (ACM) 2013 Computer Science Curricula guidelines highlight version control as one of many core tools in the Social Issues and Professional Practice (SP) Knowledge Area students should experience in their upper-level software engineering courses. Research has demonstrated that at this level, students receive exposure to the tool but are not able to gain sufficient mastery. Other researchers have advocated for version control being introduced earlier in the computer science curricula. There is limited research that indicates that this particular tool improves the learning outcomes for students or significantly complements the other ACM Knowledge Areas. This paper explores the challenges experienced by an HBCU faculty member while integrating GitHub into an advanced programming class. It is important to note, there is no research that directly addresses the use of version control in predominately African American classrooms.",dblp,human,0.990,human,
kept,Errors and Poor Practices of Software Engineering Students in Using Git.,Sukru Eraslan; Julio César Cortés Ríos; Kamilla Kopec-Harding; Suzanne M. Embury; Caroline Jay; Christopher Page; Robert Haines,2020,CEP,10.1145/3372356.3372364,https://dblp.org/rec/conf/cep/EraslanRKEJPH20,git-error-catalogue-teacher-focus-group; cited,"Git is one of the most popular version control systems used by software developers to work collaboratively. Using Git in an educational context allows students to gain skills for real-life projects but they also face challenges when interacting with Git. In this paper, we present a list of errors and poor practices obtained through a focus group study with teaching staff. This list can be used to improve the learning experience and to help teach Git in a more efficient way. The list includes many more items, and has a wider coverage of the elements of collaborative software development, than other studies in this field.",dblp,human,,human,
discarded,Perceived and objective usability and visual appeal in a website domain with a less developed mental model.,Milica Stojmenovic; Chris Pilgrim; Gitte Lindgaard,2014,OZCHI,10.1145/2686612.2686660,https://dblp.org/rec/conf/ozchi/StojmenovicPL14,method-paper-not-about-version-control,,"openalex, dblp, ieee",human,,human,
discarded,Dynamic help generation by estimating user²s mental model in spoken dialogue systems.,Yuichiro Fukubayashi; Kazunori Komatani; Tetsuya Ogata; Hiroshi G. Okuno,2006,INTERSPEECH,10.21437/INTERSPEECH.2006-534,https://dblp.org/rec/conf/interspeech/FukubayashiKOO06,unrelated-term-match-other-field,,"openalex, dblp, ieee",human,,human,
discarded,The Effects of Starter Template Scaffoldings on Coding Anxiety in Introductory Programming Courses,Bolloju N.,2026,ACM Transactions on Computing Education,10.1145/3796506,https://www.scopus.com/inward/record.uri?partnerID=HzOxMe3b&scp=105041880373&origin=inward,computing-education-or-software-engineering-not-version-control,,"openalex, scopus, wos",human,,human,
discarded,Beyond the lab: a review on neurophysiological mental states assessment in real-world settings,Capotorto R.,2026,Progress in Biomedical Engineering,10.1088/2516-1091/ae7863,https://www.scopus.com/inward/record.uri?partnerID=HzOxMe3b&scp=105042400936&origin=inward,unrelated-term-match-other-field,,"openalex, scopus, wos",human,,human,
discarded,The Effect of Comments on Program Comprehension: An Eye-tracking Study,Abdelsalam Y.,2026,Empirical Software Engineering,10.1007/s10664-025-10721-2,https://www.scopus.com/inward/record.uri?partnerID=HzOxMe3b&scp=105033982092&origin=inward,method-paper-not-about-version-control,,"openalex, scopus, wos",human,,human,
discarded,How to learn computer versus human languages: A scoping review of behavioral and neural evidence,Huang X.,2026,Cognitive Development,10.1016/j.cogdev.2026.101736,https://www.scopus.com/inward/record.uri?partnerID=HzOxMe3b&scp=105042733506&origin=inward,unrelated-term-match-other-field,,"openalex, scopus, wos",human,,human,
discarded,Meaningful Human-in-the-Loop Checking of GenAI Synthesis for Restricted Languages,Prasad S.,2026,Leibniz International Proceedings in Informatics Lipics,10.4230/LIPIcs.ECOOP.2026.22,https://www.scopus.com/inward/record.uri?partnerID=HzOxMe3b&scp=105043961800&origin=inward,ai-decision-support; hci; non-education; unrelated-term-match-other-field,,"openalex, scopus, wos",human,0.890,human,
discarded,Programming Challenges and Perceptions: A Study of Separate Groups before and after the Release of ChatGPT,Bikanga Ada M.,2026,ACM Transactions on Computing Education,10.1145/3777904,https://www.scopus.com/inward/record.uri?partnerID=HzOxMe3b&scp=105034724103&origin=inward,computing-education-or-software-engineering-not-version-control,,"openalex, scopus, wos",human,,human,
discarded,Navigating AND–OR Graph Modifications to Debug Failing Proof Search,Lubin J.,2026,Proceedings of the ACM on Programming Languages,10.1145/3808344,https://www.scopus.com/inward/record.uri?partnerID=HzOxMe3b&scp=105041336559&origin=inward,computing-education-or-software-engineering-not-version-control,,"openalex, scopus, wos",human,,human,
discarded,Tracing vs. comprehension: On different levels of understanding Boolean expressions,Baron A.,2026,Empirical Software Engineering,10.1007/s10664-026-10818-2,https://www.scopus.com/inward/record.uri?partnerID=HzOxMe3b&scp=105035295602&origin=inward,computing-education-or-software-engineering-not-version-control,,"openalex, scopus, wos",human,,human,
discarded,Bridging strategy gaps in programming: the role of visual scaffolding for learners with low cognitive ability,Huang S.C.F.,2026,Educational Technology Research and Development,10.1007/s11423-026-10684-1,https://www.scopus.com/inward/record.uri?partnerID=HzOxMe3b&scp=105046893647&origin=inward,computing-education-or-software-engineering-not-version-control,,"openalex, scopus, wos",human,,human,
discarded,Assessing the Impact of the LearnOOP Tool on Enhancing the Understanding of Object-Oriented Programming-An Experimental Study Across Three Semesters,Ahmed S.,2026,2026 IEEE 5th International Maghreb Meeting of the Conference on Sciences and Techniques of Automatic Control and Computer Engineering Mi Sta 2026 Conference Proceedings,10.1109/MI-STA68962.2026.11511253,https://www.scopus.com/inward/record.uri?partnerID=HzOxMe3b&scp=105042069866&origin=inward,computing-education-or-software-engineering-not-version-control,,"openalex, scopus, wos",human,,human,
discarded,The Effect of Mindfulness Training and Cognitive Restructuring Techniques in Reducing Music Performance Anxiety and Enhancing Music Performance Quality Among Undergraduate Music Majors,Luan T.,2026,Mindfulness,10.1007/s12671-026-02931-6,https://www.scopus.com/inward/record.uri?partnerID=HzOxMe3b&scp=105044860954&origin=inward,unrelated-term-match-other-field,,"openalex, scopus, wos",human,,human,
discarded,Immersive Technologies (AR/VR) for Computer Science and Computational Thinking Education: A Systematic Literature Review of Trends and Gaps,Jang J.,2026,IEEE Access,10.1109/ACCESS.2026.3680395,https://www.scopus.com/inward/record.uri?partnerID=HzOxMe3b&scp=105034866133&origin=inward,computing-education-or-software-engineering-not-version-control,,"openalex, scopus, wos",human,,human,
discarded,"The AI Competency Paradox: Why AI Doesn’t Replace Jobs, but Reshapes Organizational Competence",Yadav P.S.,2026,Future of Business and Finance,10.1007/978-3-032-11748-9,https://www.scopus.com/inward/record.uri?partnerID=HzOxMe3b&scp=105036972872&origin=inward,unrelated-term-match-other-field,,"openalex, scopus, wos",human,,human,
discarded,Emotions matter—Targeting adult learners' achievement emotions in online instructional settings: Systematic literature review,Edisherashvili N.,2025,Review of Education,10.1002/rev3.70110,https://www.scopus.com/inward/record.uri?partnerID=HzOxMe3b&scp=105016574205&origin=inward,unrelated-term-match-other-field,,"openalex, scopus, wos",human,,human,
discarded,Effects of AI-generated adaptive feedback on statistical skills and interest in statistics: A field experiment in higher education,Bauer E.,2025,British Journal of Educational Technology,10.1111/bjet.13609,https://www.scopus.com/inward/record.uri?partnerID=HzOxMe3b&scp=105009862725&origin=inward,unrelated-term-match-other-field,,"openalex, scopus, wos",human,,human,
discarded,Artificial intelligence in computer programming education: A systematic literature review,Manorat P.,2025,Computers and Education Artificial Intelligence,10.1016/j.caeai.2025.100403,https://www.scopus.com/inward/record.uri?partnerID=HzOxMe3b&scp=105002488335&origin=inward,computing-education-or-software-engineering-not-version-control,,"openalex, scopus, wos",human,,human,
discarded,Scaffolding middle school mathematics curricula with large language models,Malik R.,2025,British Journal of Educational Technology,10.1111/bjet.13571,https://www.scopus.com/inward/record.uri?partnerID=HzOxMe3b&scp=105002269548&origin=inward,diagnostic-test-or-misconception-study-other-domain,,"openalex, scopus, wos",human,,human,
discarded,AABC: A Tool for Assessing Arduino Basic Coding Skills,Tselegkaridis S.,2025,Computer Applications in Engineering Education,10.1002/cae.70029,https://www.scopus.com/inward/record.uri?partnerID=HzOxMe3b&scp=105002113501&origin=inward,computing-education-or-software-engineering-not-version-control,,"openalex, scopus, wos",human,,human,
discarded,"Slowness, Politics, and Joy: Values That Guide Technology Choices in Creative Coding Classrooms",McNutt A.M.,2025,Conference on Human Factors in Computing Systems Proceedings,10.1145/3706598.3713472,https://www.scopus.com/inward/record.uri?partnerID=HzOxMe3b&scp=105005770140&origin=inward,computing-education-or-software-engineering-not-version-control,,"openalex, scopus, wos",human,,human,
kept,Understanding Coding Behavior: An Incremental Process Mining Approach,"Ardimento, Pasquale; Bernardi, Mario Luca; Cimitile, Marta; Redavid, Domenico; Ferilli, Stefano",2022,ELECTRONICS,10.3390/electronics11030389,https://www.webofscience.com/wos/woscc/full-record/WOS:000755301100001,vcs-log-process-mining; already-cited,"Capturing and analyzing interaction data in real-time from development environments can help in understanding how programmers handle coding activities. We propose the use of process mining to learn coding behavior from event logs captured from a customized Integrated Development Environment, concerning interactions with both such an environment and a Version Control System. In particular, by using an incremental approach, the discovered model can be refined after every single development session, which avoids the need to for the model to learn from scratch from previous sessions. It would also allow one to provide the programmer timely suggestions to improve their performance. In this paper, we applied off-line incremental behavior, so as to be able to analyze it at several levels of depth and at different moments. As a preliminary evaluation of our approach, we investigated the coding activities of six novice students of a Java academic programming course working on a programming case study. The results provide some useful information about the initial difficulties in coding activities faced by programmers and show that their coding behavior could be considered as ""formed"" after a development task requiring approximately 4000 rows of code.","openalex, scopus, wos",human,,human,
discarded,CodeStream: Augmenting Timelines with Code Annotation for Navigating Large Coding Histories,Ge Zhang A.,2026,Conference on Human Factors in Computing Systems Proceedings,10.1145/3772318.3791873,https://www.scopus.com/inward/record.uri?partnerID=HzOxMe3b&scp=105038752352&origin=inward,computing-education-or-software-engineering-not-version-control,,"openalex, scopus",human,,human,
discarded,"Species literacy on the Philippine tarsier (Carlito syrichta) in Biliran, Philippines",de la Cruz J.O.,2026,Primates,10.1007/s10329-026-01239-2,https://www.scopus.com/inward/record.uri?partnerID=HzOxMe3b&scp=105029171180&origin=inward,unrelated-term-match-other-field,,"openalex, scopus",human,,human,
discarded,The Strategic Use of Fidelity in Romantic Relationships: Defensive Monogamy and Self-Protection,Beggan J.K.,2026,Strategic Use of Fidelity in Romantic Relationships Defensive Monogamy and Self Protection,,https://www.scopus.com/inward/record.uri?partnerID=HzOxMe3b&scp=105023921483&origin=inward,unrelated-term-match-other-field,,"openalex, scopus",human,,human,
discarded,LLM-Driven Feature Inference for Analyzing Student Git Collaboration,Gedeon R.,2026,IEEE Access,10.1109/ACCESS.2026.3685720,https://www.scopus.com/inward/record.uri?partnerID=HzOxMe3b&scp=105036561862&origin=inward,medical-imaging; semi-supervised-learning; non-education; repository-mining-llm-labels-not-understanding,,"openalex, scopus",human,0.990,human,
discarded,"GENDER DIFFERENCES IN AFRICULTURAL COPING, PSYCHOLOGICAL DISTRESS, AND INTENTIONS TO PERSIST IN STEM AMONG BLACK STUDENTS AT HBCUS",Dickens D.,2026,Journal of Women and Minorities in Science and Engineering,10.1615/jwomenminorscieneng.2025053092,https://www.scopus.com/inward/record.uri?partnerID=HzOxMe3b&scp=105033175094&origin=inward,unrelated-term-match-other-field,,"openalex, scopus",human,,human,
discarded,Exploring cybercrime and traditional crime on Telegram in the Netherlands,Bekkers L.,2026,Global Crime,10.1080/17440572.2025.2604738,https://www.scopus.com/inward/record.uri?partnerID=HzOxMe3b&scp=105025217709&origin=inward,unrelated-term-match-other-field,,"openalex, scopus",human,,human,
discarded,Trajectories of Deviant Peer Association During Late Childhood Through Middle Adolescence: A Case for Extending the Dual Systems Model to Childhood,Wojciechowski T.,2026,Crime and Delinquency,10.1177/00111287261466993,https://www.scopus.com/inward/record.uri?partnerID=HzOxMe3b&scp=105046130579&origin=inward,unrelated-term-match-other-field,,"openalex, scopus",human,,human,
discarded,Cyber Law and Ethics: Regulation of the Connected World,Grabowski M.,2026,Cyber Law and Ethics Regulation of the Connected World,10.4324/9781003465713,https://www.scopus.com/inward/record.uri?partnerID=HzOxMe3b&scp=105040855412&origin=inward,unrelated-term-match-other-field,,"openalex, scopus",human,,human,
discarded,Promoting Sustainable Consumption in Fashion With AI,Arantes L.,2026,Promoting Sustainable Consumption in Fashion with AI,10.4018/979-8-3373-5525-2,https://www.scopus.com/inward/record.uri?partnerID=HzOxMe3b&scp=105033542518&origin=inward,unrelated-term-match-other-field,,"openalex, scopus",human,,human,
discarded,"Foundation Models in Software Engineering: A Taxonomy, Systematic Review, and In-Depth Analysis of Testing Support",Banitaan S.,2026,Information Switzerland,10.3390/info17010073,https://www.scopus.com/inward/record.uri?partnerID=HzOxMe3b&scp=105028573867&origin=inward,computing-education-or-software-engineering-not-version-control,,"openalex, scopus",human,,human,
discarded,"Disinformation, Marginalization, and Complicit News Media",Clark B.,2026,Disinformation Marginalization and Complicit News Media,10.4324/9781003625124,https://www.scopus.com/inward/record.uri?partnerID=HzOxMe3b&scp=105044599879&origin=inward,unrelated-term-match-other-field,,"openalex, scopus",human,,human,
discarded,"Why We Must Work: Economic Freedom, Fulfilling Work, and Workplace Democracy",Wisman J.D.,2026,Why We Must Work Economic Freedom Fulfilling Work and Workplace Democracy,10.1007/978-3-031-98505-8,https://www.scopus.com/inward/record.uri?partnerID=HzOxMe3b&scp=105041592731&origin=inward,unrelated-term-match-other-field,,"openalex, scopus",human,,human,
discarded,Treating and Preventing Adolescent Mental Health Disorders: What We Know and What We Dont Know,Evans D.L.,2026,Treating and Preventing Adolescent Mental Health Disorders What We Know and What We Dont Know,10.1093/oso/9780197683705.001.0001,https://www.scopus.com/inward/record.uri?partnerID=HzOxMe3b&scp=105035244082&origin=inward,psychometrics; higher-education; non-computing; unrelated-term-match-other-field,,"openalex, scopus",human,0.890,human,
discarded,PLATFORM CRIMINALITY AND POST-CRIME: How Cybercrime (and Everything Else) Changed,McGuire M.R.,2026,Platform Criminality and Post Crime how Cybercrime and Everything Else Changed,10.4324/9781003034834,https://www.scopus.com/inward/record.uri?partnerID=HzOxMe3b&scp=105034955890&origin=inward,unrelated-term-match-other-field,,"openalex, scopus",human,,human,
discarded,Gamified Education: Innovating Learning Through Play and Technology,Kurni M.,2026,Gamified Education Innovating Learning Through Play and Technology,10.1007/978-3-032-04718-2,https://www.scopus.com/inward/record.uri?partnerID=HzOxMe3b&scp=105033311908&origin=inward,unrelated-term-match-other-field,,"openalex, scopus",human,,human,
discarded,"Gang Networks and the Evolving Security Threat Landscape, Volume 1: Gang Variability, Gang Transformation and the Threat Multiplier of Gang Networks",Roberts R.J.,2026,Gang Networks and the Evolving Security Threat Landscape Volume 1 Gang Variability Gang Transformation and the Threat Multiplier of Gang Networks,10.1007/978-3-032-14238-2,https://www.scopus.com/inward/record.uri?partnerID=HzOxMe3b&scp=105031331379&origin=inward,unrelated-term-match-other-field,,"openalex, scopus",human,,human,
discarded,Ethnic Stereotypes and the Letters of Paul: History and Reception,Dulk M.D.,2026,Ethnic Stereotypes and the Letters of Paul History and Reception,10.1017/9781009718127,https://www.scopus.com/inward/record.uri?partnerID=HzOxMe3b&scp=105035976797&origin=inward,unrelated-term-match-other-field,,"openalex, scopus",human,,human,
discarded,Terrorism as Moralistic Violence: An Integrated Theory of Terrorism’s Lethal Nature,Michalski J.H.,2026,Terrorism as Moralistic Violence an Integrated Theory of Terrorisms Lethal Nature,10.4324/9781003039853,https://www.scopus.com/inward/record.uri?partnerID=HzOxMe3b&scp=105028079031&origin=inward,unrelated-term-match-other-field,,"openalex, scopus",human,,human,
discarded,Inspiring Criminal Jurisprudence: Festschrift Essays,Roberts P.,2026,Inspiring Criminal Jurisprudence Festschrift Essays,,https://www.scopus.com/inward/record.uri?partnerID=HzOxMe3b&scp=105043483177&origin=inward,unrelated-term-match-other-field,,"openalex, scopus",human,,human,
discarded,The increased role of advanced technology and automation in audit: A delphi study,Lombardi D.R.,2025,International Journal of Accounting Information Systems,10.1016/j.accinf.2025.100733,https://www.scopus.com/inward/record.uri?partnerID=HzOxMe3b&scp=85217420176&origin=inward,unrelated-term-match-other-field,,"openalex, scopus",human,,human,
kept,Computer science concept inventories: past and future,Taylor C.,2014,Computer Science Education,10.1080/08993408.2014.970779,https://www.scopus.com/inward/record.uri?partnerID=HzOxMe3b&scp=84908119032&origin=inward,cs-concept-inventory-review; cited,,scopus,human,,human,
kept,Developing a pre- And post-course concept inventory to gauge operating systems learning,Webb K.C.,2014,SIGCSE 2014 Proceedings of the 45th ACM Technical Symposium on Computer Science Education,10.1145/2538862.2538886,https://www.scopus.com/inward/record.uri?partnerID=HzOxMe3b&scp=84899749161&origin=inward,os-concept-inventory-nearest-instrument; cited,,scopus,human,,human,
kept,An Approach to Discover Students' Conceptions in Online Computing Education: A Case Study of Students' Understanding of Virtual Memory,Pamplona S.,2024,IEEE Access,10.1109/ACCESS.2024.3442440,https://www.scopus.com/inward/record.uri?partnerID=HzOxMe3b&scp=85201259576&origin=inward,conceptions-from-pre-post-tests-in-os-course; cited,,scopus,human,,human,
kept,Implementing Version Control With Git and GitHub as a Learning Objective in Statistics and Data Science Courses,Beckman M.D.,2021,Journal of Statistics and Data Science Education,10.1080/10691898.2020.1848485,https://www.scopus.com/inward/record.uri?partnerID=HzOxMe3b&scp=85107176262&origin=inward,git-learning-objective-course-assessment; cited,,scopus,human,,human,
kept,Student experiences using GitHub in software engineering courses: A case study,Feliciano J.,2016,Proceedings International Conference on Software Engineering,10.1145/2889160.2889195,https://www.scopus.com/inward/record.uri?partnerID=HzOxMe3b&scp=85016426715&origin=inward,perception-interviews-github-students; cited,,scopus,human,,human,
