status,title,authors,year,venue,doi,url,tags,abstract,provider,decision_source,llm_confidence,llm_review_outcome,llm_change_direction
discarded,Teacher conceptions of assessment and feedback predicting formative feedback practices: helping students to not ignore improvement-oriented feedback,Brown G.T.L.,2026,Scandinavian Journal of Educational Research,10.1080/00313831.2025.2468183,https://www.scopus.com/inward/record.uri?partnerID=HzOxMe3b&scp=86000003711&origin=inward,teacher-feedback; general-education; diagnostic-test-or-misconception-study-other-domain,"Teachers' formative feedback provides motivational and cognitive support for student engagement in learning and raises their achievement. Because feedback arises from assessment, teacher conceptions of both assessment and feedback matter to how feedback is practised. This study determines how teacher conceptions of assessment and feedback are linked to each other and to self-reported practices in a repeated measures survey 18 months apart. All factors in the Swedish Teachers Conceptions of Assessment inventory predicted all six Conceptions of Feedback, which fully mediated influence of assessment conceptions on teachers' self-reported formative feedback practices. Two conceptions of feedback (i.e., feedback improves learning, and students ignore feedback) were important predictors of teachers' practice, and these feedback conceptions were predicted by the corresponding conceptions of assessment (i.e., it improves learning and it is ignored by students). The results imply that teacher formative feedback practices depend on an improvement-oriented conception of assessment as a prior belief.","openalex, scopus, wos",human,0.900,human,
discarded,The Moderating Effect of Creative Transformation on the Relationship Between Community College Teachers’ Savoring Traits and Flourishing Life,Chen P.L.,2026,Journal of Research in Education Sciences,10.6209/JORIES.202603_71(1).0011,https://www.scopus.com/inward/record.uri?partnerID=HzOxMe3b&scp=105036574795&origin=inward,vocational-rehabilitation; non-computing-education; unrelated-term-match-other-field,"Research Background and Purpose Community colleges in Taiwan have experienced substantial growth since the establishment of the first institution in Taipei's Wenshan District in 1998. Currently, 90 community colleges serve over 400,000 students nationwide, fostering a culture of lifelong learning and civic participation. These institutions serve a dual purpose: providing educational opportunities and strengthening community identity while addressing deficiencies in higher education regarding public engagement and critical thinking skills. Community college teachers face unique challenges compared to their counterparts in formal education. They must accommodate adult learners with diverse backgrounds, integrate public concerns into their teaching, and often lack traditional teacher training. Many have developed expertise through practical experience rather than academic study, with some transitioning from student to teacher roles through mentorship. This distinctive professional development pathway creates a rich context for studying how teachers maintain positive psychological functioning amid challenges. The primary purposes of this study were to: (1) explore the relationships among community college teachers' savoring traits, creative transformation, and flourishing life, and (2) examine whether creative transformation moderates the relationship between savoring traits and flourishing life. Literature Review Savoring traits represent an individual's capacity to attend to, appreciate, and enhance positive experiences through cognitive and behavioral strategies. These traits include dampening savoring (strategies that reduce positive emotional intensity), amplifying savoring (strategies that enhance positive emotions), and suffering savoring (a Chinese cultural concept emphasizing the value of experiencing both joy and sorrow). Creative transformation refers to teachers' ability to transform theoretical knowledge and personal experiences into educational practice in novel and valuable ways. For community college teachers, this process involves three levels: theoretical learning transformation (internalizing knowledge and values), practical application transformation (implementing knowledge in teaching practices), and teaching resilience transformation (adapting to challenges like enrollment pressures and student diversity). Flourishing life extends beyond mere happiness to encompass overall life fulfillment. In Chinese cultural contexts, this concept includes five elements: mercifulness-positive emotions, playfulness-engagement, peacefulness-identify meaning, respectfulness-competent requirements, and cheerfulness-optimistic attitude. Previous research suggests positive correlations between savoring and psychological well-being, and between creativity and life satisfaction, but few studies have examined how creative transformation might moderate the relationship between savoring traits and flourishing life, particularly among community college teachers. Research Methods The study employed a mixed survey method, collecting data through both paper and online questionnaires. Participants included 274 community college teachers primarily from northern Taiwan (including Keelung, New Taipei, Taipei, Taoyuan, and Hsinchu). The sample comprised 154 females (56.2%) and 120 males (43.8%), with an average age of 56.3 years and average teaching experience of 8.1 years. Research instruments 1.

Savoring Traits Scale (STS) The Savoring Traits Scale (STS) was developed by Chen (2021) and uses a 6-point Likert scale to measure three factors: Dampening Savoring (4 items, e.g., ""I often remind myself that nothing lasts forever""), Amplifying Savoring (5 items, e.g., ""I seek opportunities to share positive experiences with others""), and Suffering Savoring (3 items, e.g., ""I believe that experiencing some setbacks in life is not necessarily a bad thing""). Participants responded based on their personal situation using a six-point scale ranging from ""1-strongly disagree"" to ""6-strongly agree,"" with higher scores indicating better savoring traits. The Cronbach's alpha reliability coefficients for these three factors were .83, .86, and .77 respectively, with a total scale reliability of .91. Confirmatory factor analysis showed acceptable fit indices (chi(2) = 274.26, df = 51, CFI = .96, NFI = .95, RMSEA = .08), with standardized factor loadings ranging from .58 to .88, all reaching significant levels. 2. Creative Transformation Scale (CTS) The Creative Transformation Scale (CTS) was developed with reference to Yang's (2007) items and incorporating interview results from Chen et al. (2021) on community college teachers' creative transformation. The scale uses a 5-point Likert format to measure three factors: Theoretical Learning Transformation (8 items, e.g., ""I integrate theory and practice, adjusting teaching content according to community college local objectives"" and ""When designing courses, I simultaneously consider community needs, student interests, and innovative teaching activities""). Practical Application Transformation (5 items, e.g., ""I actively participate in community college teacher empowerment activities, sharing personal teaching experiences and innovative practices"" and ""I regularly reflect on the teaching process, transforming community college teaching experiences into motivation for personal professional growth""). Teaching Resilience Transformation (9 items, e.g., ""When facing student complaints or dissatisfaction, I maintain a professional attitude and seek constructive problem-solving solutions"" and ""When students express dissatisfaction with course arrangements, I calmly explain my professional considerations""). Participants rated each item from 1 to 5 points (very inconsistent to very consistent), with higher scores indicating better creative transformation. The Cronbach's alpha reliability coefficients for these three factors were .83, .88, and .92 respectively, with a total scale reliability of .93. Confirmatory factor analysis showed acceptable fit indices (chi(2) = 594.86, df = 206, CFI = .97, NFI = .95, RMSEA = .08), with standardized factor loadings ranging from .55 to .88, all reaching significant levels. 3. Flourishing Life Scale (FLS) The Flourishing Life Scale (FLS) was developed by Chen and Yu (2018) and uses a 4-point Likert scale ranging from strongly disagree to strongly agree. The scale measures five factors: Mercifulness-Positive Emotions (4 items, e.g., ""I feel very happy""). Playfulness-Engagement (4 items, e.g., ""I am willing to invest my time and energy in my current work""). Peacefulness-Identity Meaning (5 items, e.g., ""I strive to implement the direction and meaning of life""). Respectfulness-Competent Requirements (5 items, e.g., ""I know how to use effective methods to successfully complete my current work""). Cheerfulness-Optimistic Attitude (5 items, e.g., ""I treat encountered difficulties as life challenges and growth opportunities"").

The Cronbach's alpha reliability coefficients for these five factors were .86, .89, .92, .86, and .88 respectively, with a total scale reliability of .96. Confirmatory factor analysis showed acceptable fit indices (chi 2 = 718.22, df = 225, CFI = .98, NFI = .96, RMSEA = .08), with second-order standardized factor loadings ranging from .78 to .91, all reaching significant levels. Data analysis included correlation analysis to examine relationships among variables and hierarchical regression to assess the moderating effects of creative transformation. Results The findings revealed significant positive correlations among all three variables. Dampening savoring showed a strong correlation with positive emotions (r = .68). Practical application transformation correlated with engagement (r = .77). Suffering savoring correlated with meaning identification (r = .71). Amplifying savoring correlated with optimistic attitude (r = .64). More importantly, creative transformation demonstrated a significant moderating effect (beta=-.11, p < .01) on the relationship between savoring traits and flourishing life. The interaction between savoring traits and creative transformation explained an additional 1% of variance in flourishing life beyond the main effects. The moderation analysis revealed that the positive relationship between savoring traits and flourishing life was stronger for teachers with high levels of creative transformation compared to those with low levels. Among the three dimensions of creative transformation, teaching resilience showed the strongest moderating effect (beta =-.15, p < .001), followed by theoretical learning (beta=-.10, p < .05) and practical application (beta=-.09, p < .05). These results indicate that the ability to adapt to teaching challenges particularly enhances the positive impact of savoring traits on flourishing life. Discussion and Implications This study contributes to understanding the distinctive characteristics of community college teachers and how they achieve psychological well-being. The findings suggest that: 1. Cultural context matters in savoring: The significant correlation between suffering savoring and meaning identification reflects Chinese cultural values that emphasize finding meaning through adversity. This contrasts with Western conceptualizations focused primarily on positive emotion enhancement. 2. Teaching resilience is crucial: The strong moderating effect of teaching resilience transformation highlights the importance of teachers' ability to adapt to challenges, particularly in non-formal educational settings with diverse student populations. 3. Creative transformation enhances savoring benefits: When teachers can creatively transform their experiences and knowledge, they derive greater well-being benefits from their savoring abilities, creating a synergistic effect. These findings have important implications for community college teacher development. Professional development programs should integrate both savoring cultivation and creative transformation training. Specifically, teachers should be encouraged to: develop diverse savoring strategies appropriate to Eastern cultural contexts. Cultivate reflective practices and emotional regulation skills. Actively participate in professional growth activities. Build supportive professional networks. Strengthen problem-solving abilities, especially regarding teaching resilience. Limitations and Future Research This study focused exclusively on community college teachers and may not generalize to other educational contexts.

Future research should extend to other lifelong learning institutions (such as elder learning centers) to examine whether similar patterns exist. Additionally, more in-depth theoretical work is needed to understand the mechanisms underlying the relationships among savoring traits, creative transformation, and flourishing life. In conclusion, this study highlights the importance of cultivating both savoring traits and creative transformation abilities to enhance community college teachers' flourishing life, with particular emphasis on developing teaching resilience to navigate the unique challenges of non-formal adult education.","openalex, scopus, wos",human,0.930,human,
discarded,Vocational Rehabilitation for Students with Developmental Disabilities: Transition from Education to Employment,Seino K.,2026,Vocational Rehabilitation for Students with Developmental Disabilities Transition from Education to Employment,10.4018/979-8-3693-9541-7,https://www.scopus.com/inward/record.uri?partnerID=HzOxMe3b&scp=105031197395&origin=inward,communication-book; non-education; unrelated-term-match-other-field,,"openalex, scopus, wos",human,0.960,human,
discarded,Interpersonal Communication: Putting Theory into Practice,Solomon D.,2026,Interpersonal Communication Putting Theory into Practice,10.4324/9781003496083,https://www.scopus.com/inward/record.uri?partnerID=HzOxMe3b&scp=105039870136&origin=inward,music-culture; non-education; unrelated-term-match-other-field,,"openalex, scopus, wos",human,0.980,human,
discarded,"Understanding Popular Music Culture, Sixth edition",Strachan R.,2026,Understanding Popular Music Culture,10.4324/9781003095026,https://www.scopus.com/inward/record.uri?partnerID=HzOxMe3b&scp=105044765877&origin=inward,therapy-book; non-education; unrelated-term-match-other-field,,"openalex, scopus, wos",human,0.980,human,
discarded,THE CULTURAL THERAPIST: Papers on Culture and Therapy,Tudor K.,2026,Cultural Therapist Papers on Culture and Therapy,10.4324/9781003671169,https://www.scopus.com/inward/record.uri?partnerID=HzOxMe3b&scp=105027708291&origin=inward,international-higher-education; general-education; unrelated-term-match-other-field,,"openalex, scopus, wos",human,0.910,human,
discarded,"Rethinking Mobility, Access, and Belonging in International Higher Education",Herridge A.S.,2026,Rethinking Mobility Access and Belonging in International Higher Education,10.4018/979-8-3373-4427-0,https://www.scopus.com/inward/record.uri?partnerID=HzOxMe3b&scp=105037226444&origin=inward,research-methods-book; non-domain-specific; unrelated-term-match-other-field,,"openalex, scopus, wos",human,0.950,human,
discarded,"Research Methods for Criminal Justice and Criminology: A Text and Reader, Second Edition",Tartaro C.,2026,Research Methods for Criminal Justice and Criminology A Text and Reader Second Edition,10.4324/9781003661511,https://www.scopus.com/inward/record.uri?partnerID=HzOxMe3b&scp=105040330201&origin=inward,value-sensitive-design; non-education; unrelated-term-match-other-field,,"openalex, scopus, wos",human,0.920,human,
discarded,Value Sensitive Design: Shaping Technology with Moral Imagination,Friedman B.,2026,Value Sensitive Design Shaping Technology with Moral Imagination,10.7551/mitpress/14621.001.0001,https://www.scopus.com/inward/record.uri?partnerID=HzOxMe3b&scp=105035928644&origin=inward,literature; non-education; unrelated-term-match-other-field,,"openalex, scopus, wos",human,0.990,human,
discarded,ETHICS AND LITERARY WORLDMAKING: Imaginative Discourse in Oral and Early Scribal Cultures,Wehrs D.R.,2026,Ethics and Literary Worldmaking Imaginative Discourse in Oral and Early Scribal Cultures,10.4324/9781003667087,https://www.scopus.com/inward/record.uri?partnerID=HzOxMe3b&scp=105027121731&origin=inward,clinical-book; non-education; unrelated-term-match-other-field,,"openalex, scopus, wos",human,0.980,human,
discarded,Family-Based Treatment for Transition-Aged Youth with Anorexia Nervosa: A Framework for Working with Young People and Their Families,Dimitropoulos G.,2026,Family Based Treatment for Transition Aged Youth with Anorexia Nervosa A Framework for Working with Young People and their Families,10.4324/9781003463351,https://www.scopus.com/inward/record.uri?partnerID=HzOxMe3b&scp=105045331336&origin=inward,gender-violence; non-education; unrelated-term-match-other-field,,"openalex, scopus, wos",human,0.990,human,
discarded,"Women and Gendered Violence in Canada: An Intersectional Approach, Second Edition",Bruckert C.,2026,Women and Gendered Violence in Canada an Intersectional Approach Second Edition,10.3138/9781049801681,https://www.scopus.com/inward/record.uri?partnerID=HzOxMe3b&scp=105033595115&origin=inward,economics-book; non-education; unrelated-term-match-other-field,,"openalex, scopus, wos",human,0.990,human,
discarded,"Keynes and macroeconomics: An alternative theory of employment, finance and sustainability",Heise A.,2026,Keynes and Macroeconomics an Alternative Theory of Employment Finance and Sustainability,10.4324/9781003710226,https://www.scopus.com/inward/record.uri?partnerID=HzOxMe3b&scp=105039566869&origin=inward,mental-health-book; non-education; unrelated-term-match-other-field,,"openalex, scopus, wos",human,0.980,human,
discarded,"The ""Stela Effect"" of bright and dark narcissism on educational innovation in higher education: exploratory psychometric validation",Barrios L.,2025,Discover Psychology,10.1007/s44202-025-00517-2,https://www.scopus.com/inward/record.uri?partnerID=HzOxMe3b&scp=105026219411&origin=inward,health-inequality; non-education; unrelated-term-match-other-field,"In higher education, where we investigate emotional competencies, we displayed 1045 questionnaires, 817 of which were ultimately processed, with 779 students and 38 teachers from 9 architectural and engineering schools in Spain. We designed the Empathic Survey by asking teachers how they considered their students had answered to the questions. Thirty-eight variables were employed: 32 first-generation variables (22 operationalized emotion items and 10 sociodemographic items), 4 s-generation variables, and 2 third-generation variables. The second- and third-generation variables were inferred. We conducted an initial psychometric validation focused on reliability and internal structure. The results of the statistical analyses revealed several items with p-values less than 0.001. The values depict a sigmoidal shape whose interpretation fits with the literature about bright and dark narcissism. The Stela Effect name comes from the fact that it explains the behavior of students fascinated by teachers with narcissistic traits as if they were attracted to a comet tail. To contrast its meaning and coherence, as it is a graphic representation without antecedents, we present its correlations in various areas of knowledge and disciplines, such as Theory of Mind (ToM), Attachment, the Unconscious, Self-esteem, Dissociation, Shame, Empathy, Teaching, different aspects and approaches to Narcissism (continuous and dual) and its measurement, and the field of Contradictions. At the same time, we discuss its meaning from biases and different schools of psychological thought. We consider the Stela Effect the operationalization of a dual and dynamic model of narcissism sustained by several authors, and it helps us to understand many contradictions around narcissistic behavior. We conclude the presentation of the study in its current state with a practical implication: as an educational innovation, we propose using the Stela Effect framework as a pedagogical enhancement. Specifically, we outline a six-phase intervention protocol designed to help individuals develop awareness of their maladaptive tendencies and work through them, thereby transitioning toward more collaborative and effective modes of functioning.","openalex, scopus, wos",human,0.990,human,
discarded,Death by Design: PRODUCING RACIAL HEALTH INEQUALITY IN THE SHADOW OF THE CAPITOL,Mojola S.A.,2025,Death by Design Producing Racial Health Inequality in the Shadow of the Capitol,,https://www.scopus.com/inward/record.uri?partnerID=HzOxMe3b&scp=105023742614&origin=inward,language-book; non-education; unrelated-term-match-other-field,,"openalex, scopus, wos",human,0.980,human,
discarded,The Oxford Handbook of Language and Prejudice,Setter J.,2025,Oxford Handbook of Language and Prejudice,10.1093/oxfordhb/9780192869203.001.0001,https://www.scopus.com/inward/record.uri?partnerID=HzOxMe3b&scp=105026224978&origin=inward,testing-practice; professional-developers; non-education; unrelated-term-match-other-field,,"openalex, scopus, wos",human,0.840,human,
