status,title,authors,year,venue,doi,url,tags,abstract,provider,decision_source,llm_confidence,llm_review_outcome,llm_change_direction
discarded,Evaluation and Treatment of Compulsive Sexual Behavior Disorder and Co-Morbid Addictive Disorders: A Narrative Review,Baenas I.,2026,Current Addiction Reports,10.1007/s40429-026-00717-3,https://www.scopus.com/inward/record.uri?partnerID=HzOxMe3b&scp=105035019107&origin=inward,addiction-review; non-education; unrelated-term-match-other-field,"Purpose of Review This review aimed to synthesize recent literature on the comorbidity between compulsive sexual behav-ior disorder (CSBD) and addictive disorders, including substance use disorders (SUD) and behavioral addictions (BA). It sought to examine assessment practices, clinical profiles, treatment strategies, and transdiagnostic mechanisms to inform integrated interventions.<br /> Recent Findings CSBD frequently co-occurs with SUD, though less research has emerged on the co-existence with BA. Compulsive sexual behavior often occurs as a maladaptive coping strategy for emotional distress and shared transdiagnostic factors-such as emotion regulation difficulties, impulsivity, and specific personality traits-underlie these comorbidities. Clinical assessments are heterogeneous and evidence for integrated treatment in dual diagnosis remains scarce, though inter-ventions targeting emotion regulation and impulsivity emerged as useful strategies.<br /> Summary The literature reveals substantial gaps in standardized assessment and integrated treatment for CSBD with comor-bid addictive disorders. Findings underscore the need for multidisciplinary, transdiagnostic care frameworks and further research on shared mechanisms. Future studies should evaluate combined psychotherapeutic and pharmacological interven-tions to improve clinical outcomes and guide public mental health strategies","openalex, scopus, wos, dblp",human,0.980,human,
kept,Developing and validating test items for first-year computer science courses,"Vahrenhold, Jan; Paul, Wolfgang",2014,COMPUTER SCIENCE EDUCATION,10.1080/08993408.2014.970782,https://www.webofscience.com/wos/woscc/full-record/WOS:000211835900005,misconceptions; first-year-computer-science; assessment; cs1-test-items-corroboration; cited,"We report on the development, validation, and implementation of a collection of test items designed to detect misconceptions related to first-year computer science courses. To this end, we reworked the development scheme proposed by Almstrum et al. (SIGCSE Bulletin 38(4): 132-145, 2006) to include students' artifacts and to simultaneously incorporate think-aloud interviews and flash tests. We also investigated to what extent the practical efficiency of detecting certain misconceptions could be increased without significantly affecting the sensitivity of the instrument, and present positive and negative results regarding this goal. The results of a first transfer and implementation study suggest that it is indeed possible to use the test items in a large-scale practical setting - both as diagnostic instruments and as interventions.","openalex, scopus, wos, dblp",human,0.960,human,
kept,"Learning study: helping teachers to use theory, develop professionally, and produce new knowledge to be shared",Ming Fai Pang; Lo Mun Ling,2011,Instructional Science,10.1007/s11251-011-9191-4,https://openalex.org/W2085394039,lesson-study; general-education; learning-study-corroboration,"The lesson study approach is a systematic process for producing professional knowledge about teaching by teachers, and has spread rapidly and extensively in the United States. The learning study approach is essentially a kind of lesson study with an explicit learning theory—the variation theory of learning. In this paper, we argue that having an explicit learning theory adds value to lesson study, as the variation theory of learning serves as a source of guiding principles for the teachers when they engage in pedagogical design, lesson analysis and evaluation. Through the use of two Hong Kong learning study cases, one from each of the two major ways of conducting learning study, we demonstrate the power of variation theory in explaining and predicting the relationship between what has taken place in the classroom and what the learners learn, and subsequently identifying ways to improve student learning through promoting teacher professional learning in a learning study setting.","openalex, scopus, wos",human,0.870,human,
kept,Learning Theory as Teaching Resource: Enhancing Students’ Understanding of Economic Concepts,Ming-fai Pang; Ference Marton,2005,Instructional Science,10.1007/s11251-005-2811-0,https://openalex.org/W2077778489,economics-education; variation-theory; non-computing; learning-study-pre-post-test; cited,"A group of experienced secondary school teachers used a novel learning theory as a resource for planning and carrying out their teaching of a difficult economic concept. Their students’ mastery of this concept after a series of three lessons was compared with the mastery of the same concept by students who were taught by another group of teachers under the same conditions except for the use of the theory. The difference in learning outcomes was extreme. Observations of what was happening in the classrooms showed subtle but decisive differences correlated with the differences in outcome. These differences were interpreted in terms of the theory used by the first group, and the results seem to give support to the theoretical claim that for any specific object of learning there is a necessary pattern of variation and invariance that the learners must experience in order to appropriate the object of learning in question and thus by bringing out that pattern in the learning situation, the likelihood of that object of learning being appropriated is enhanced. Furthermore, this study shows how the understanding of the simultaneous change in the supply of and the demand for a certain good affects its market price can be brought about in a powerful way.","openalex, scopus, wos",human,0.900,human,
kept,What is made possible to learn when using the variation theory of learning in teaching mathematics?,Angelika Kullberg; Ulla Runesson Kempe; Ference Marton,2017,ZDM,10.1007/s11858-017-0858-4,https://openalex.org/W2605824804,mathematics-education; variation-theory; non-computing; learning-study-pre-post-test; cited,"The variation theory of learning emphasizes variation as a necessary condition for learners to be able to discern new aspects of an object of learning. In a substantial number of studies, the theory has been used to analyze teaching and students’ learning in classrooms. In mathematics education, variation theory has also been used to explore variation in sets of instructional examples. For example, it has been reported how teachers, by using variation and invariance within and between examples, can help learners to engage with mathematical structure. In this paper, we describe the variation theory of learning, its underlying principles, and how it might be appropriated by teachers. We illustrate this by an analysis of one teacher’s teaching before and after he participated in three lesson studies based on variation theory. Both the theory and the empirical illustration focus on ‘what is made possible to learn’ in different learning situations. We show that in the two analyzed lessons, different things were made possible to learn.","openalex, scopus, wos",human,0.900,human,
kept,Interaction between the learners’ initial grasp of the object of learning and the learning resource afforded,Ming Fai Pang; Ference Marton,2013,Instructional Science,10.1007/s11251-013-9272-7,https://openalex.org/W2055066724,economics-education; variation-theory; non-computing; learning-study-corroboration,"Two studies are reported in this paper. The object of learning in both is the economic principle of changes in price as a function of changes in the relative magnitude of changes in demand and supply. The patterns of variation and invariance, defining the conditions compared were built into pedagogical tools (text, graphs, and worksheets). The first study is the latest in a series of studies aiming to test the fundamental conjecture of the Variation Theory of Learning that new meanings are acquired from experiencing differences against a background of sameness, rather than experiencing sameness against a background of differences. The study compares the learning outcomes under conditions consistent with the basic conjecture with the learning outcomes under conditions not consistent with the theory. The results support the conjecture. The second study shows, however, that the conditions that are consistent with the theory cannot be decided unless the learners’ pre-requisites for the task in question are taken into consideration. One set of the pedagogical tools was found to be highly effective for learners with a better initial grasp of the object of learning, while another set was found to be equally effective for learners with a weaker initial grasp of the object of learning. The two sets were equally ineffective when used for the “wrong” group of learners.","openalex, scopus, wos",human,0.900,human,
kept,"Meanings are acquired from experiencing differences against a background of sameness, rather than from experiencing sameness against a background of difference: Putting a conjecture to the test by embedding it in a pedagogical tool",Ference Marton; Ming Fai Pang,2013,Frontline Learning Research,10.14786/flr.v1i1.16,https://openalex.org/W1991349500,learning-theory; general-education; learning-study-corroboration,"In helping learners to make a novel meaning their own, such as when helping children to understand what a word means or teaching students a new concept in school, we frequently point to examples that share the aimed-at meaning but differ otherwise. This type of approach rests on the assumption that novel meanings can be acquired through the experience of sameness against a background of difference. This paper argues that this assumption is unfounded and that the opposite is the case: we make novel meanings our own through the experience of differences against a background of sameness. We put this conjecture to the test in an experimental study by embedding it in a computer game and the results support the conjecture.","openalex, scopus, wos",human,0.860,human,
discarded,Improving teacher learning: variation in conceptions of learning study,Guy Durden,2017,International Journal for Lesson and Learning Studies,10.1108/ijlls-09-2017-0041,https://openalex.org/W2767779118,teacher-learning; learning-study; general-education; diagnostic-test-or-misconception-study-other-domain,Purpose The purpose of this paper is to identify teachers’ conceptions of learning study in order to provide the basis for an application of phenomenography/variation theory (PVT) to the improvement of teachers’ learning about learning study. Design/methodology/approach A phenomenographic study based on semi-structured interviews with 18 beginner teachers of business and economics in England taking part in a learning study during their initial teacher education. Findings The study identified five conceptions of learning study and five associated critical aspects. Results raise questions about the relationship between the process and instructional design elements of learning study. Originality/value The study offers a framework for exploring differences in the quality of learning studies and the relationship between teacher conceptions of learning study and the degree of conceptual change in students in a learning study. It also enables facilitator/researchers to design and manage interventions to develop teacher understanding of learning study that are consistent with the principles of PVT.,"openalex, scopus, wos",human,0.880,human,
kept,The Learning study: recent trends and developments,Ming Fai Pang; Ulla Runesson,2019,International Journal for Lesson and Learning Studies,10.1108/ijlls-07-2019-093,https://openalex.org/W2955982781,lesson-study; general-education; learning-study-corroboration,,"openalex, scopus, wos",human,0.850,human,
discarded,Modulation of learning and memory by natural polyamines,Gustavo Petri Guerra; Maribel Antonello Rubin; Carlos Fernando Mello,2016,Pharmacological Research,10.1016/j.phrs.2016.03.023,https://openalex.org/W2311117491,neuroscience-review; non-education; unrelated-term-match-other-field,"Spermine and spermidine are natural polyamines that are produced mainly via decarboxylation of L-ornithine and the sequential transfer of aminopropyl groups from S-adenosylmethionine to putrescine by spermidine synthase and spermine synthase. Spermine and spermidine interact with intracellular and extracellular acidic residues of different nature, including nucleic acids, phospholipids, acidic proteins, carboxyl- and sulfate-containing polysaccharides, Therefore, multiple actions have been suggested for these polycations, including modulation of the activity of ionic channels, protein synthesis, protein kinases, and cell proliferation/death, within others. In this review we summarize these neurochemical/neurophysiological/morphological findings, particularly those that have been implicated in the improving and deleterious effects of spermine and spermidine on learning and memory of naive animals in shock-motivated and nonshock-motivated tasks, from a historical perspective. The interaction with the opioid system, the facilitation and disruption of morphine-induced reward and the effect of polyamines and putative polyamine antagonists on animal models of cognitive diseases, such as Alzheimer's, Huntington, acute neuroinflammation and brain trauma are also reviewed and discussed. The increased production of polyamines in Alzheimer's disease and the biphasic nature of the effects of polyamines on memory and on the NMDA receptor are also considered. In light of the current literature on polyamines, which include the description of an inborn error of the metabolism characterized by mild-to moderate mental retardation and polyamine metabolism alterations in suicide completers, we can anticipate that polyamine targets may be important for the development of novel strategies and approaches for understanding the etiopathogenesis of important central disorders and their pharmacological treatment. (C) 2016 Elsevier Ltd. All rights reserved.","openalex, scopus, wos",human,0.980,human,
discarded,What matters for students’ learning in the laboratory? Do not neglect the role of experimental equipment!,Jonte Bernhard,2018,Instructional Science,10.1007/s11251-018-9469-x,https://openalex.org/W2883602567,physics-lab; variation-theory; non-computing; unrelated-term-match-other-field,"According to variation theory, it is essential to enable students to focus on the object of learning and discern its critical features, but the features that it is possible to discern often depend on the equipment used. Thus, in labs, the experimental technologies used may shape students’ experience of focal phenomena, in a human–mediating tools–world manner, by placing some aspects of reality in the foreground, others in the background, and visualizing certain aspects that would otherwise be invisible. However, this mediating role is often neglected, and instruments and devices are often seen as having little cognitive value. Hence, the role of experimental technologies in labs as tools for learning is examined here through a case study, in which three sets of students investigated the same physical relationships (Newtonian motion in an inclined plane), but using different measurement technologies. The results demonstrate that what it is possible for students to experience in a laboratory is heavily influenced by the chosen technology. Some technologies do not afford the discernment of features regarded as crucial for students to learn. Furthermore, analysis of video recordings shows that the three sets of students’ discourses differed, although they studied the “same physics”. Hence, the role of experimental technologies in students’ learning in labs should not be neglected, and their courses of action should be seen as material-discursive practice. Moreover, general conclusions about learning in labs should be drawn cautiously, specifying the conditions and technology used, and discussions about learning technologies should not be limited to the use of computers.","openalex, scopus, wos",human,0.900,human,
discarded,ICME international survey on teachers working and learning through collaboration: June 2016,Ornella Robutti; Annalisa Cusi; Alison Clark‐Wilson; Barbara Jaworski; Olive Chapman; Cristina Esteley; Merrilyn Goos; Masami Isoda; Marie Joubert,2016,ZDM,10.1007/s11858-016-0797-5,https://openalex.org/W2472655993,teacher-collaboration; survey; general-education; unrelated-term-match-other-field,"This article presents preliminary results from a survey commissioned for ICME 13 (2016) focusing on “Teachers Working and Learning Through Collaboration”. It takes as a starting point a previous survey, commissioned for ICME 10 in 2004 that focused on Mathematics Teacher Education. The current survey focuses centrally on teachers involved in collaborations, sometimes in formal settings of professional development, but also in a more diverse range of collaborative settings including research initiatives. The roles of teachers involved in the collaboration, survey methods, decisions and limitations are described. While some of the findings to date resonate with those of the earlier survey, other findings highlight characteristics and issues relating to the differing ways in which teachers collaborate, either with other teachers or the various ‘others’, most notably mathematics teacher educator researchers. The roles and relationships that contribute to learning in such collaborations, as well as theories and methodologies found in survey sources, are a focus of the findings presented here. Studies rarely theorised collaboration, and few of those that did so reported explicitly on how their theoretical frame shaped the design of research methodologies/approaches guiding activities with teachers. One significant outcome has been the difficulty of relating teachers’ learning to collaboration within a project, although many initiatives report developments in teaching, teacher learning and students’ learning.","openalex, scopus, wos",human,0.870,human,
discarded,A teacher’s learning process in dual design research: learning to scaffold language in a multilingual mathematics classroom,Jantien Smit; H.A.A. van Eerde,2011,ZDM,10.1007/s11858-011-0350-5,https://openalex.org/W1535110412,mathematics-education; teacher-learning; non-computing; diagnostic-test-or-misconception-study-other-domain,"In this paper, we argue that dual design research (DDR) is a fruitful way to promote and trace the development of a mathematics teacher’s expertise. We address the question of how a teacher participating in dual design research can learn to scaffold students’ development of the language required for mathematical learning in multilingual classrooms. Empirical data were collected from two teaching experiments (each with 8 lessons, and 21 and 22 students, aged 11–12 years), for which lesson series about line graphs were co-designed by the researchers and the teacher. The teacher’s learning process was promoted (e.g. by conducting stimulated recall interviews and providing feedback) and traced (e.g. by carrying out 5 pre- and post-interviews before and after the teaching experiments). An analytic framework for teachers’ reported and derived learning outcomes was used to analyse pre- and post-interviews. The teacher’s learning process was analysed in terms of changes in knowledge and beliefs, changes in practice and intentions for practice. Further analysis showed that this learning process could be attributed to the characteristics of dual design research, for instance the cyclic and interventionist character, the continuous process of prediction and reflection that lies at its heart, and the process of co-designing complemented with stimulated recall interviews.","openalex, scopus, wos",human,0.900,human,
