status,title,authors,year,venue,doi,url,tags,abstract,provider,decision_source,llm_confidence,llm_review_outcome,llm_change_direction
discarded,"Diagnostic domains, differential diagnosis and conditions requiring further medical attention that are considered important in the assessment for Achilles tendinopathy: a Delphi consensus study",Peter Malliaras; Karin Grävare Silbernagel; Robert‐Jan de Vos; Jaryd Bourke; Igor Sancho; Shawn L. Hanlon; Anne‐Sofie Agergaard; Roald Bahr; Natália Franco Netto Bittencourt; Marcelo Bordalo Rodrigues; Annelie Brorsson; Victoria Tzortziou Brown; Tanusha Cardoso; S. Child; Ruth L. Chimenti; Emma Cowley; Pieter D’Hooghe; Wayne Derman; Jonathan T. Finnoff; Siu Ngor Fu; Jill Halstead; Bruce Hamilton; Katarina Maria Nilsson-Helander; Per Hölmich; Jonathan Houghton; Alicia M. James; Kornelia Kulig; Amanda Lau; Samuel Ka-Kin Ling; Nicola Maffulli; Lorenzo Masci; Sue Mayes; Seán Mc Auliffe; Carol McCrum; Dylan Morrissey; Shannon E Munteanu; Myles Murphy; Richard Newsham‐West; Seth O’Neill; Nat Padhiar; Theodora Papadopoulou; Jonathan D Rees; Ebonie Rio; Diego Ruffino; Alex Scott; Suzy Speirs; Yang Sun; Kristian Thorborg; Larissa Trease; Jan A.N. Verhaar; Evi Wezenbeek; Susan W. White; Jennifer A. Zellers; Shiping Zhang; Vasileios Korakakis; Bill Vicenzino,2025,British Journal of Sports Medicine,10.1136/bjsports-2024-109185,https://openalex.org/W4409497743,sports-medicine; delphi-study; non-education; unrelated-term-match-other-field,"The absence of agreed methods to diagnose Achilles tendinopathy impedes research and clinical practice. This gap results in heterogeneous and/or poorly described study samples, making it challenging to apply findings in clinical practice. The aim of this Delphi study was to define consensus on (1) diagnostic domains; (2) differential diagnoses; and (3) conditions requiring further medical attention, when assessing for Achilles tendinopathy.We conducted a sequential three-stage process which included: (1) identifying diagnostic domains, differential diagnoses and conditions requiring further medical attention based on existing scoping reviews and clinical practice guidelines; (2) developing Delphi survey questions; and (3) administering a five-round Delphi online survey. Consensus was defined as ≥70% agreement.52 participants completed the surveys. Four diagnostic domains were deemed essential and reached consensus (pain location (93%); pain during activity (97%); tests that provoke pain (87%); palpation to assess pain (83%)). 15 differential diagnoses reached consensus: 2 for both midportion and insertional (partial tear (80%); posterior ankle impingement (78%)), 6 for midportion (plantaris tendinopathy (84%); tibialis posterior or flexor hallucis longus tendinopathy/tenosynovitis (72%); flexor digitorum longus tendinopathy (77%); accessory soleus muscle (74%); paratendinopathy (86%); sural nerve neuropathy (81%)) and 7 for insertional (superficial (88%) and retrocalcaneal bursitis (86%); Haglund's/calcaneal exostosis (80%), intratendinous calcifications (73%); Sever's disease (78%); calcaneal stress reaction/fracture (80%); subtalar/ankle pain (71%)). Six conditions requiring further medical attention reached consensus: (Achilles tendon rupture (83%); systemic inflammatory joint disease (86%); metabolic syndrome (75%); familial hypercholesterolaemia (77%); endocrine and hormonal disorders (80%); drug reactions (77%)).This consensus identified essential diagnostic domains, differential diagnoses and conditions requiring further medical attention that should be considered when assessing for Achilles tendinopathy.","openalex, scopus, wos, dblp",human,0.990,human,
discarded,The Theatre of Tennessee Williams,Brenda Murphy,2014,OAPEN (The OAPEN Foundation),10.5040/9781472515452,https://openalex.org/W621409225,theatre; non-education; unrelated-term-match-other-field,"In Brenda Murphy's major study of his work she examines Williams' life and career and provides an analysis of more than a score of his key plays, including in-depth studies of major works such as A Streetcar Named Desire, The Glass Menagerie, Cat on a Hot Tin Roof and others. She traces the artist figure who features in many of Williams' plays to broaden the discussion beyond the normal reference points. Included are essays by Bruce McConachie, John S. Bak, Felicia Hardison Londré and Annette Saddik, showcasing different critical perspectives and approaches.","openalex, scopus, wos, dblp",human,0.990,human,
discarded,"Staging Civil Rights: African American Literature, Performance, and innovation",Julius B. Fleming,2014,ScholarlyCommons (University of Pennsylvania),,https://openalex.org/W66255913,literature-performance; non-education; unrelated-term-match-other-field,"This dissertation examines the relationship between African American literature and performance during the modern Civil Rights Movement. It traces the ways in which the movement was acted out on the theatrical stage as creatively as it was at those sites of embodied activism that have survived in intellectual and popular memories: lunch counters and buses, schools and courtrooms, streets and prisons. Whereas television and photography have served as primary ways of knowing the movement, this project turns to African American literature, and the live performances it inspired, to provide a more complex framework for analyzing the movement's cultural arm.\nFocusing in particular on African American drama and poetry, I argue that critically analyzing the intersections of literature and performance uncovers conceptual and epistemological frameworks that productively reorient traditional accounts of the modern Civil Rights Movement. In this vein, I examine the works of relatively well-known artists, such as Lorraine Hansberry, James Baldwin, Alice Childress, Langston Hughes, Margaret Walker, Amiri Baraka, and Gil Scott-Heron, and lesser known artists and performance collectives, such as Paul Carter Harrison, Pearl Cleage, the Free Southern Theater, and the Broadside Press Poets.\nBuilding upon this archival intervention, I argue that black writers and performers develop what I term acts of black performative revealing , in which they use their bodies, the stage, and literature to play with and challenge iconographies of race, gender, sexuality, nation, and modernity that circulated in U.S. public discourse and international media. Despite preoccupations with ""making it new"" in the realm of art, science, and technology, there was a troubling, diametrical desire to constrict people of African descent to antiquated modes of being in the domain of rights, equality, and justice. Yet, from the revered stages of Broadway to community theater performances that were produced in the cotton fields of Mississippi, blacks crafted innovative performance and aesthetic techniques that creatively challenged and repurposed the very lexicon of scientific and technological innovation. Utilizing these practices to reimagine race, gender, sexuality, nation, and U.S. modernity, the artists studied here invite more nuanced conceptions of the movement's ""classical"" phase, which has, of late, fallen out of critical vogue because of a ""dominant"" narrative that the intersection of literature and performance fruitfully unsettles.","openalex, scopus, wos, dblp",human,0.990,human,
discarded,An Overview of Biological Warfare and SARS-CoV-2 as a Potential Biological Agent,Basem Mohammad Mansour; Deaa Mohammad Alsuleman; Suhail Alghanem,2022,World Family Medicine Journal/Middle East Journal of Family Medicine,10.5742/mewfm.2022.9525010,https://openalex.org/W4280558581,biowarfare; non-education; unrelated-term-match-other-field,"The conflict between humans did not stop throughout the ages, and humans have used everything in nature to serve this conflict since the first ages of history, during the First World War when the world witnessed the actual use of chemical weapons, and nuclear weapons during World War II By the United States of America against Japan, which greatly developed a biological warfare program before and during World War II, and a lot of information regarding this program was withheld by an agreement between Japan and the USA after Japan’s defeat in the war. Finally, the countries of the world succeeded in signing a Biological Warfare Convention (BWC) in 1972, and the Ninth Review Conference will be held for this convention during 2021 to discuss its articles and try to develop its mechanisms to prevent the development and use of biological weapons in the conflict between nations. According to the British novelist George Orwell, “Life is a race between education and catastrophe”. As the great development in the field of genetic technologies and the production of vaccines collided with the emergence of new pathogens, the latest of which is the emerging SARS-CoV-2 virus that caused the COVID-19 pandemic around the world, and once again the major countries have been accused by each other of spreading this virus in the world intentionally or by accident. We must carefully examine these allegations before making decisions, because these allegations may have negative repercussions on the future of humanity. Key words: biological, warfare, weapons, BWC, genetic engineering, COVID-19 pandemic","openalex, scopus, wos, dblp",human,0.990,human,
discarded,Predictors of Flourishing in University Students,Sarah Glencross,2016,USC Research Bank (University of the Sunshine Coast),,https://openalex.org/W3216251706,student-wellbeing; general-education; unrelated-term-match-other-field,"Well-being in university students has received increasing attention in recent years. Whilst definitions vary, there is a general consensus that well-being is a complex, multi-faceted construct incorporating optimal experience and functioning. Distinctions have been made between different aspects of well-being which it is possible to influence through the university experience. These include hedonic well-being, which is characterised by subjective happiness; and eudaimonic wellbeing, which is indicated by objective measures of capabilities and opportunities for optimal functioning. Previous research has combined measures of psychological and subjective wellbeing and introduced the concept of flourishing to describe the highest levels of mental health. More recent work has also integrated hedonist and eudaemonist approaches to define a new flourishing theory of well-being. As a result, it has been proposed that the term flourishing describes a desirable state in which both hedonist and eudaemonist components of well-being are simultaneously present within an individual. The positive outcomes of flourishing are apparent in educational environments, they go beyond self-reported well-being and manifest in positive performance related outcomes. Research has shown that flourishing students experience more positive emotions, greater engagement, and anticipate more future personal resources. They have higher levels of self-control and academic performance, procrastinate less, and adopt a mastery approach towards goals. Furthermore, flourishing can act as a buffer against performance-inhibiting factors. The present research uses multiple regression to identify predictors of flourishing in students at a regional Australian university. It examines whether participants’ locus of control, the balance between their positive and negative experience, their degree of optimism and their perception of their material and time affluence predict flourishing. Demographic variables are also measured to identify whether they predict flourishing including: age, gender, socio-economic status, and whether the participant is the first in their family to attend university. The direction of effects will be discussed.","openalex, scopus, wos, dblp",human,0.920,human,
discarded,Byznys plán eForce FEE Prague Formula 2018,Szeles Marek,2018,Cvut DSpace (Czech Technical University),,https://openalex.org/W2953745103,business-plan; student-project; non-education-research; unrelated-term-match-other-field,"Studentský tým eForce FEE Prague Formula, působící na Fakultě elektrotechnické ČVUT, se každoročně účastní inženýrské soutěže Formula Student. Tato práce se zabývá přípravou materiálů pro tým eForce na soutěžní sezonu 2018, a to zejména v disciplíně ""Business Plan"". Kromě ekonomického aspektu tvořeného byznys plánu zaujímá tato práce sofwarově inženýrský přístup k celému procesu tvorby materiálů zvolením byznysového konceptu, který se zaměřuje na technologické inovace a také vytvořením několika podpůrných digitálních materiálů, včetně mobilní aplikaci využívající technologie rozšířené reality. Jak softwarová řešení, tak byznys plán samotný jsou v práci také otestovány.","openalex, scopus, wos, dblp",human,0.850,human,
discarded,"Frank Zappa, Captain Beefheart and the Secret History of Maximalism",Michel Delville; Andrew Norris,2005,Open Repository and Bibliography (University of Liège),,https://openalex.org/W2247858901,music-history; non-education; git-or-software-tooling-without-learner-understanding-findings,"A comparative account of the musical and cultural acts of Zappa and his cohort, collaborator and antagonist Captain Beefheart. Written in the iconoclastic spirit of Zappa’s art, this book traces the mixed media experiments of California freakdom through the dada blues of Beefheart, mapping out the pleasures of imaginative excess.","openalex, scopus, wos, dblp",human,0.990,human,
discarded,Dibuixar un arbre / Drawing a Tree,Àlex Nogué,2013,Dipòsit Digital de la Universitat de Barcelona (Universitat de Barcelona),,https://openalex.org/W104594734,art-book; non-education; unrelated-term-match-other-field,"L’arbre, un dels símbols més universals i un element intrínsecament vinculat al desenvolupament de la nostra cultura, esdevé, en aquest llibre, el pretext idoni per donar a conèixer alguns dels interrogants que la vivència de l’art contemporani planteja. L’artista Àlex Nogué obre les portes del seu procés de creació per fer visible com es desencadena la gènesi d’una obra d’art i posa a la llum les incerteses, les intuïcions i les aspiracions que comporta la creació artística. Dibuixar un arbre tracta de les similituds entre l’emoció que produeix un plançó al mig d’un bosc i l’emoció de traslladar-lo fins a l’interior d’una presó. De les diferències de dibuixar un xiprer dret o abatut. Dels silencis i dels sorolls de les imatges. Del que una obra pretén i del que mai aconsegueix. Les imatges i els textos d’aquest llibre ens permeten transitar per l’interior de vuit processos de creació i ens mostren com els treballs artístics neixen i creixen. Per emmarcar l’experiència creativa en el context cultural contemporani, Dibuixar un arbre s’inicia amb cinc reflexions d’autors que han viscut amb empatia aquest recorregut creatiu. Ells mateixos estan immersos de manera apassionada en la creació, producció, difusió o direcció de projectes creatius, i són: Eudald Camps, Xavier Franquesa, Rosa Pera, Víctor Sunyol i Àngels Viladomiu.","openalex, scopus, wos, dblp",human,0.990,human,
discarded,"Pediatric Overweight and Obesity: Comorbidities, Trajectories, Prevention and Treatments",Moya M.,2023,Pediatric Overweight and Obesity Comorbidities Trajectories Prevention and Treatments,10.1007/978-3-031-26727-7,https://www.scopus.com/inward/record.uri?partnerID=HzOxMe3b&scp=85181654265&origin=inward,medical-book; non-education; unrelated-term-match-other-field,This book focuses on the worldwide frequent and growing problem with its projective trajectory that encompasses pediatric overweight and obesity,"openalex, scopus, wos, dblp",human,0.990,human,
discarded,"McDonald’s Blood Flow in Arteries: Theoretical, Experimental and Clinical Principles: Seventh Edition",Nichols W.W.,2022,Mcdonalds Blood Flow in Arteries Theoretical Experimental and Clinical Principles Seventh Edition,10.1201/9781351253765,https://www.scopus.com/inward/record.uri?partnerID=HzOxMe3b&scp=85152826937&origin=inward,medical-book; non-education; unrelated-term-match-other-field,,"openalex, scopus, wos, dblp",human,0.990,human,
discarded,"Meyler’s Side Effects of Drugs: The International Encyclopedia of Adverse Drug Reactions and Interactions, Sixteenth Edition",Aronson J.K.,2015,Meyler S Side Effects of Drugs the International Encyclopedia of Adverse Drug Reactions and Interactions,,https://www.scopus.com/inward/record.uri?partnerID=HzOxMe3b&scp=85152345773&origin=inward,medical-reference; non-education; unrelated-term-match-other-field,,"openalex, scopus, wos, dblp",human,0.990,human,
discarded,Meyler’s side effects of drugs: The international encyclopedia of adverse drug reactions and interactions,Aronson J.K.,2006,Meylers Side Effects of Drugs 15e the International Encyclopedia of Adverse Drug Reactions and Interactions,,https://www.scopus.com/inward/record.uri?partnerID=HzOxMe3b&scp=85115041783&origin=inward,medical-reference; non-education; unrelated-term-match-other-field,,"openalex, scopus, wos, dblp",human,0.990,human,
discarded,Evaluating the Gap Between the Skills and Abilities of Senior Undergraduate Computer Science Students and the Expectations of Industry,Alex Radermacher,2012,NDSU Repository (North Dakota State University),,https://openalex.org/W2281554575,systematic-review; software-engineering-education; industry-skills; student-preparedness; git-or-software-tooling-without-learner-understanding-findings,"A large emphasis is placed on improving student education. Every year researchers propose new teaching methods and suggest improvements to existing methods. However, recent computer science and software engineering graduates continue to face difficulties when beginning their professional careers. This thesis reports the results of a systematic literature review that examined the knowledge deficiency among graduating students beginning work in the software industry. Following the literature review, interviews with industry managers and surveys of graduating students were undertaken to examine additional knowledge deficiencies among graduating students. The results from the literature review and the additional studies show that students lack proficiency with software development tools, knowledge of software testing, and teamwork and communication skills. The results of this research can be used by both educators and industry managers to identify potential areas of improvement for students and new hires.","openalex, scopus, wos, ieee",human,0.960,human,
discarded,Improving Student Engagement Through Visualization of Course Activities,Alexandra E. Vermeulen,2014,The Atrium (University of Guelph),,https://openalex.org/W2532798186,e-learning; engagement-visualization; general-education; unrelated-term-match-other-field,"E-learning is becoming increasingly popular in post-secondary education. However, the engagement levels in an online learning environment remain lower that those in a traditional classroom. This study explores an approach to im- proving engagement levels in e-learning without the need for extensive student modelling. A Moodle plug-in was created to introduce the aspects of peer competition, comparison, and self progress monitoring. Log data was used to examine any changes in engagement due to the addition of the plug-in. Statis- tical analysis was inconclusive as to whether or not engagement was improved. However, feedback from the participants was positive and clustering of the data revealed trends that could be incorporated into future iterations of the experi- ment. The researcher feels that a repeat of either this, or a similar experiment carried out in an experimental environment rather than a classroom may yield better quantitative evaluations.","openalex, scopus, wos, ieee",human,0.770,human,
discarded,Supporting ICT-students to make the most out of their projects,Tineke Jacobs; Uwe van Heesch,2022,European Conference on Pattern Languages of Programs,10.1145/3551902.3551972,https://openalex.org/W4319430715,ict-students; project-guidance; higher-education; unrelated-term-match-other-field,"As most teachers in higher education are selected because of their abilities in the domain of software engineering, it is understandable that they lack expertise in teaching. A common misconception is that they will be able to teach, as they are experts in their own domain, and as they have lots of experience from their own time as students. But teaching is a profession itself. In higher education, teaching is not only a matter of managing a classroom. Students often work in project teams, requiring the guidance of a teacher. As a teacher, you are closely interacting with the team, without doing the work yourself. In the end, you need to be confident enough to grade every individual team member.","openalex, scopus, wos, ieee",human,0.750,human,
