status,title,authors,year,venue,doi,url,tags,abstract,provider,decision_source,llm_confidence,llm_review_outcome,llm_change_direction
kept,An Interactive Approach to Teaching Git Version Control System,Jabrayilzade E.,2022,Proceedings of the Annual Hawaii International Conference on System Sciences,,https://www.scopus.com/inward/record.uri?partnerID=HzOxMe3b&scp=85152236686&origin=inward,perception-survey-pre-post; cited,,scopus,human,,human,
kept,A case of computational thinking: The subtle effect of hidden dependencies on the user experience of version control.,Luke Church; Emma Söderberg; Elayabharath Elango,2014,PPIG,,https://dblp.org/rec/conf/ppig/ChurchSE14,git-hidden-dependencies-professionals; cited,,dblp,human,,human,
