status,title,authors,year,venue,doi,url,tags,abstract,provider,decision_source,llm_confidence,llm_review_outcome,llm_change_direction
discarded,A bee colony optimization (BCO) and type-2 fuzzy approach to measuring the impact of speed perception on motor vehicle crash involvement,Čubranić-Dobrodolac M.,2022,Soft Computing,10.1007/s00500-021-06516-4,https://www.scopus.com/inward/record.uri?partnerID=HzOxMe3b&scp=85119014519&origin=inward,traffic-safety; fuzzy-modeling; non-education; computing-education-or-software-engineering-not-version-control,"The major challenge of this paper is to examine how various forms of speed perception affect motor vehicle crash (MVC) involvement. To model this relationship, we use a type-2 fuzzy inference system (T2FIS). Another general challenge is to improve the performance of seven created T2FISs in a sense of compliance with the empirical data. This is achieved by a proposal of an algorithm based on the bee colony optimization (BCO) metaheuristic. The main novelty of this algorithm is the way how the testing points are selected in a type-2 fuzzy environment, which influences the execution efficiency. Data collection was carried out in twelve experiments. A total of 178 young drivers assessed the speed level from four positions; three of them relate to the speed perception of other vehicles on the road, while the remaining one represents the assessment of their own speed. At each position, three speed levels were assessed: 30, 50, and 70 km/h. As a result of the implemented methodology, a relationship between the various forms of speed perception and participation in MVCs can be quantified. The BCO-based algorithm achieved an average improvement of 21.17% in the performance of the initial T2FIS structures. The final results indicate that the drivers whose speed perception of the vehicle they are looking at from the rear side, as well as of the own vehicle, is poor have an elevated risk toward participation in MVCs compared to other forms of speed perception. This can be useful in various educational and recruitment procedures.","openalex, scopus, wos",human,0.990,human,
discarded,Risk Identification and Conflict Prediction from Videos Based on TTC-ML of a Multi-Lane Weaving Area,Xia Y.,2022,Sustainability Switzerland,10.3390/su14084620,https://www.scopus.com/inward/record.uri?partnerID=HzOxMe3b&scp=85128783617&origin=inward,traffic-risk; machine-learning; non-education; unrelated-term-match-other-field,"Crash risk identification and prediction are expected to play an important role in traffic accident prevention. However, most of the existing studies focus only on highways, not on multi-lane weaving areas. In this paper, a potential collision risk identification and conflict prediction model based on extending Time-to-Collision-Machine Learning (TTC-ML) for multi-lane weaving zone was proposed. The model can accurately learn various features, such as vehicle operation characteristics, risk and conflict distributions, and physical zoning characteristics in the weaving area. Specifically, TTC was used to capture the collision risk severity, and ML extracted vehicle trajectory features. After normalizing and dimensionality reduction of the vehicle trajectory dataset, Naive Bayes, Logistic Regression, and Gradient Boosting Decision Tree (GBDT) models were selected for traffic conflict prediction, and the experiments showed that the GBDT model outperforms two remaining models in terms of prediction accuracy, precision, false-positive rate (FPR) and Area Under Curve (AUC). The research findings of this paper help traffic management departments develop and optimize traffic control schemes, which can be applied to Intelligent Vehicle Infrastructure Cooperative Systems (IVICS) dynamic warning.","openalex, scopus, wos",human,0.990,human,
discarded,Collaborative Writing Workflows in the Data-Driven Classroom: A Conversation Starter,Stoudt S.,2022,Journal of Statistics and Data Science Education,10.1080/26939169.2022.2082602,https://www.scopus.com/inward/record.uri?partnerID=HzOxMe3b&scp=85132829699&origin=inward,data-science-education; collaborative-writing; version-control; workflow-proposal-no-learner-findings,"Abstract To paraphrase John Tukey, the beauty of working with data is that you get to “play in everyone’s backyard.” A corollary to this statement is that working with data necessitates collaboration. Although students often learn technical workflows to wrangle and analyze data, these workflows may break down or require adjustment to accommodate the different stages of the writing process when it is time to face the communication phase of the project. In this article, I propose two writing workflows for use by students in a final-project setting. One workflow involves version control and aims to minimize the chance of a merge conflict throughout the writing process, and the other aims to add some level of reproducibility to a Google-Doc-heavy writing workflow (i.e., avoid manual copying and pasting). Both rely on a division of the labor, require a plan (and structure) to be created and followed by members of a team, and involve communication outside of the final report document itself. This article does not aim to solve all collaborative writing pain points but instead aims to start the conversation on how to explicitly teach students not only how to code collaboratively but to write collaboratively.","openalex, scopus, wos",human,0.920,human,
discarded,Interactive Media and Society,Dalelio C.M.,2022,Interactive Media and Society,,https://www.scopus.com/inward/record.uri?partnerID=HzOxMe3b&scp=105028351373&origin=inward,media-studies; non-education; unrelated-term-match-other-field,,"openalex, scopus, wos",human,0.970,human,
discarded,"Reducing uncertainty by anticipation in traffic – The effect of situational characteristics and criticality on behavioral, subjective, and psychophysiological parameters",Mühl K.,2020,Transportation Research Part F Traffic Psychology and Behaviour,10.1016/j.trf.2020.10.004,https://www.scopus.com/inward/record.uri?partnerID=HzOxMe3b&scp=85096109795&origin=inward,driving-psychology; non-education; unrelated-term-match-other-field,"Abstract Uncertainty in traffic may have fatal consequences when operating a vehicle. Enabling drivers to anticipate the behavior of other traffic participants can help reduce uncertainty and thus increase traffic safety. A multi-method approach using behavioral, subjective, and psychophysiological measures was applied to investigate the relation of uncertainty and anticipation. Participants (N = 30) observed simulated, video-based urban traffic scenarios while skin conductance responses were recorded. They had to indicate, by pressing a button, (1) the moment they first thought another vehicle might merge into their lane (low certainty anticipation) and (2) the moment they were sure another vehicle would merge (high certainty anticipation). Situational characteristics served as anticipatory cues that helped predict the other vehicle’s action. On the one hand, in this study, target cues (which are clearly related to the target’s activity) served to indicate an imminent lane change. On the other hand, context cues represented visible precursors in the traffic environment, e.g. a traffic sign pointing to upcoming road work. In addition, causal cues were used to determine a reason for the other vehicle to change lanes (in this instance, a construction site blocking the lane). These situational characteristics, as well as the situational criticality, were manipulated to gain insights into factors influencing the process of anticipation. Results offered an effect of target cue moderated by criticality: especially in more critical situations, the anticipation rate and subjective certainty increased, and physiological activation was reduced with target cues. Overall, the anticipatory performance was found to be a predictor of subjective certainty (through its impact on skin conductance responses). The findings are discussed in the context of the methodological approach for applications in traffic.","openalex, scopus, wos",human,0.990,human,
discarded,Left-Turn Phasing - State-of-the-Art Review and the Outlook for Future Improvements,Jolovic D.,2016,Cictp 2016 Green and Multimodal Transportation and Logistics Proceedings of the 16th Cota International Conference of Transportation Professionals,10.1061/9780784479896.149,https://www.scopus.com/inward/record.uri?partnerID=HzOxMe3b&scp=84979755903&origin=inward,traffic-engineering; non-education; unrelated-term-match-other-field,"Left-turns are one of the most critical maneuvers at signalized intersections. There are several types of left turn signal phasing in use: protected-only, permitted/protected, permitted-only, and prohibited. If the protected part of a left turn phase is assigned before the through phase starts, a left-turn sequence is called lead. If the opposite is true, it is called lag. Currently there are no uniform guidelines on left-turn installations. Furthermore, the practice on left-turns is not consistent. This paper summarizes a literature on left turn phasing, sequencing and left-turn signal displays (e.g., flashing yellow arrows) and points out the key findings and shortcomings. The authors propose computational and simulation tools—driving simulators, microsimulation, surrogate safety models and augmented reality for future research which could lead toward the unification of left-turn set of guidelines.","openalex, scopus, wos",human,0.980,human,
discarded,Conceptual Exploration,Ganter B.,2016,Conceptual Exploration,10.1007/978-3-662-49291-8,https://www.scopus.com/inward/record.uri?partnerID=HzOxMe3b&scp=84991686022&origin=inward,book; non-education; unrelated-term-match-other-field,,"openalex, scopus, wos",human,0.950,human,
discarded,Technology entrepreneurship: A treatise on entrepreneurs and entrepreneurship for and in technology ventures,Runge W.,2014,Technology Entrepreneurship A Treatise on Entrepreneurs and Entrepreneurship for and in Technology Ventures,10.5445/KSP/1000036460,https://www.scopus.com/inward/record.uri?partnerID=HzOxMe3b&scp=84938496320&origin=inward,entrepreneurship; non-education; unrelated-term-match-other-field,,"openalex, scopus, wos",human,0.970,human,
discarded,Palantír: Early detection of development conflicts arising from parallel code changes,Sarma A.,2012,IEEE Transactions on Software Engineering,10.1109/TSE.2011.64,https://www.scopus.com/inward/record.uri?partnerID=HzOxMe3b&scp=84864606061&origin=inward,collaboration-tools; software-engineering; non-education; computing-education-or-software-engineering-not-version-control,"The earlier a conflict is detected, the easier it is to resolve-this is the main precept of workspace awareness. Workspace awareness seeks to provide users with information of relevant ongoing parallel changes occurring in private workspaces, thereby enabling the early detection and resolution of potential conflicts. The key approach is to unobtrusively inform developers of potential conflicts arising because of concurrent changes to the same file and dependency violations in ongoing parallel work. This paper describes our research goals, approach, and implementation of workspace awareness through Palantír and includes a comprehensive evaluation involving two laboratory experiments. We present both quantitative and qualitative results from the experiments, which demonstrate that the use of Palantír, as compared to not using Palantír 1) leads to both earlier detection and earlier resolution of a larger number of conflicts, 2) leaves fewer conflicts unresolved in the code base that was ultimately checked in, and 3) involves reasonable overhead. Furthermore, we report on interesting changes in users' behavior, especially how conflict resolution strategies changed among Palantír users.","openalex, scopus, wos",human,0.860,human,
discarded,"A Three-Tier Diagnostic Test to Assess Pre-Service Teachers’ Misconceptions about Global Warming, Greenhouse Effect, Ozone Layer Depletion, and Acid Rain",Harika Özge Arslan; Ceyhan Çiğdemoğlu; Christine Moseley,2012,International Journal of Science Education,10.1080/09500693.2012.680618,https://openalex.org/W2043828830,science-misconceptions; diagnostic-test; non-computing; diagnostic-test-or-misconception-study-other-domain,"This study describes the development and validation of a three-tier multiple-choice diagnostic test, the atmosphere-related environmental problems diagnostic test (AREPDiT), to reveal common misconceptions of global warming (GW), greenhouse effect (GE), ozone layer depletion (OLD), and acid rain (AR). The development of a two-tier diagnostic test procedure as described by Treagust constitutes the framework for this study. To differentiate a lack of knowledge from a misconception, a certainty response index is added as a third tier to each item. Based on propositional knowledge statements, related literature, and the identified misconceptions gathered initially from 157 pre-service teachers, the AREPDiT was constructed and administered to 256 pre-service teachers. The Cronbach alpha reliability coefficient of the pre-service teachers’ scores was estimated to be 0.74. Content and face validations were established by senior experts. A moderate positive correlation between the participants’ both-tiers scores and their certainty scores indicated evidence for construct validity. Therefore, the AREPDiT is a reliable and valid instrument not only to identify pre-service teachers’ misconceptions about GW, GE, OLD, and AR but also to differentiate these misconceptions from lack of knowledge. The results also reveal that a majority of the respondents demonstrated limited understandings about atmosphere-related environmental problems and held six common misconceptions. Future studies could test the AREPDiT as a tool for assessing the misconceptions held by pre-service teachers from different programs as well as in-service teachers and high school students.","openalex, scopus, wos",human,0.960,human,
discarded,Development and application of a two‐tier diagnostic test measuring college biology students' understanding of diffusion and osmosis after a course of instruction,Arthur Louis Odom; Lloyd H. Barrow,1995,Journal of Research in Science Teaching,10.1002/tea.3660320106,https://openalex.org/W2068231696,biology-education; diagnostic-test; non-computing; diagnostic-test-or-misconception-study-other-domain,"Abstract This study involved the development and application of a two‐tier diagnostic test measuring college biology students' understanding of diffusion and osmosis after a course of instruction. The development procedure had three general steps: defining the content boundaries of the test, collecting information on students' misconceptions, and instrument development. Misconception data were collected from interviews and multiple‐choice questions with free response answers. The data were used to develop 12 two‐tier multiple choice items in which the first tier examined content knowledge and the second examined understanding of that knowledge. The conceptual knowledge examined was the particulate and random nature of matter, concentration and tonicity, the influence of life forces on diffusion and osmosis, membranes, kinetic energy of matter, the process of diffusion, and the process of osmosis. The diagnostic instrument was administered to 240 students (123 non‐biology majors and 117 biology majors) enrolled in a college freshman biology laboratory course. The students had completed a unit on diffusion and osmosis. The content taught was carefully defined by propositional knowledge statements, and was the same content that defined the content boundaries of the test. The split‐half reliability was .74. Difficulty indices ranged from 0.23 to 0.95, and discrimination indices ranged from 0.21 to 0.65. Each item was analyzed to determine student understanding of, and identify misconceptions about, diffusion and osmosis.","openalex, scopus, wos",human,0.950,human,
kept,A Review and Comparison of Diagnostic Instruments to Identify Students’ Misconceptions in Science,Derya Kaltakci-Gurel; Ali Eryılmaz; Lillian C. McDermott,2015,Eurasia Journal of Mathematics Science and Technology Education,10.12973/eurasia.2015.1369a,https://openalex.org/W2472851532,science-education; diagnostic-tools; non-computing; diagnostic-instrument-typology; cited,"Different diagnostic tools have been developed and used by researchers to identify students' conceptions. The present study aimed to provide an overview of the common diagnostic instruments in science to assess students' misconceptions. Also the study provides a brief comparison of these common diagnostic instruments with their strengths and weaknesses. A total of 273 articles published (from the year 1980 to 2014) in main journals were investigated thoroughly through document analysis method. The study reveals interviews (53%), open-ended tests (34%), multiple-choice tests (32%) and multiple tier tests (13%) as the most commonly used diagnostic tools. However, each tool has some advantages as well as disadvantages over the others that should be kept in mind in their usages. A careful user of a diagnostic instrument such as a classroom teacher or a researcher would be aware of the diagnostic instruments and selects the most effective one for his/her purposes.","openalex, scopus, wos",human,0.950,human,
discarded,DEVELOPMENT OF A TWO-TIER MULTIPLE-CHOICE (TTMC) DIAGNOSTIC TEST FOR GEOMETRY MATERIALS TO IDENTIFY MISCONCEPTIONS OF MIDDLE SCHOOL STUDENTS,Mohammad Syaifuddin; Rani Darmayanti; Nopia Rizki,2022,Jurnal Silogisme Kajian Ilmu Matematika dan Pembelajarannya,10.24269/silogisme.v7i2.5456,https://openalex.org/W4364321620,math-misconceptions; diagnostic-test; non-computing; diagnostic-test-or-misconception-study-other-domain,"Tujuan dari penelitian ini adalah untuk membuat instrumen diagnostik two-tier yang dapat mendeteksi miskonsepsi siswa tentang materi segitiga dan segiempat. Metode deskriptif digunakan untuk membuat instrumen dari bahan segitiga, sedangkan metode RD digunakan untuk membuat instrumen dari bahan segi empat. Validitas dan reliabilitas instrumen diagnostik two-tier dievaluasi. Uji validitas instrumen menunjukkan bahwa 8 soal dari 10 soal materi segitiga dan 7 soal dari 10 soal materi segi empat dinyatakan valid. Instrumen tersebut kemudian diujicobakan pada siswa SMP kelas tujuh dan delapan. Hasil tes dianalisis dan ditafsirkan untuk mengidentifikasi kesalahpahaman. Berdasarkan temuan penelitian ini, miskonsepsi siswa tentang materi segitiga antara lain mengidentifikasi jenis-jenis segitiga berdasarkan panjang sisi dan besar sudut, serta menentukan tinggi segitiga yang menyebabkan mereka salah menghitung luas segitiga. Kesalahpahaman tentang materi segi empat di kalangan siswa termasuk indikator teoritis untuk mendefinisikan segiempat dan jajaran genjang.","openalex, scopus, wos",human,0.960,human,
discarded,Development and Application of a Two-Tier Diagnostic Test for High School Students’ Understanding of Flowering Plant Growth and Development,Sheau‐Wen Lin,2004,International Journal of Science and Mathematics Education,10.1007/s10763-004-6484-y,https://openalex.org/W2077278326,biology-education; diagnostic-test; non-computing; diagnostic-test-or-misconception-study-other-domain,,"openalex, scopus, wos",human,0.940,human,
