status,title,authors,year,venue,doi,url,tags,abstract,provider,decision_source,llm_confidence,llm_review_outcome,llm_change_direction
discarded,Intervention and regulatory mechanism of multimodal fusion natural interactions on AR embodied cognition,Yong J.,2025,Information Fusion,10.1016/j.inffus.2024.102910,https://www.scopus.com/inward/record.uri?partnerID=HzOxMe3b&scp=85213830063&origin=inward,ar-interaction; non-education; unrelated-term-match-other-field,"Multiple interaction modes, such as gestures and physical objects, coexist in the process of AR (Augmented Reality) embodied cognition. On the basis of the unified representation of AR embodied cognition and the complementary advantages of different modal information, multimodal interaction information can be semantically aligned and organically fused to achieve efficient and reliable transmission of uncertain or ambiguous interaction information between humans and AR systems. However, the impact mechanism of multimodal fusion natural interactions on higher-level interaction intention understanding, higher-quality cognitive behaviour utility, and lower interaction cognitive load in dynamic and complex AR embodied cognitive scenes is uncertain and limited in existing research. This article provides an in-depth analysis of the intervention and regulatory mechanism of multimodal fusion natural interactions on AR embodied cognition. By rational organization and redesign for AR multimodal fusion interactions methods, AR-EMFNI (AR Embodied Multimodal Fusion Natural Interactions) method is proposed that includes five stages: deep interaction intention knowledge base construction, interaction mode enhancement fusion, real interaction intention reasoning, trust evaluation and optimization, and interaction task assistance guidance. A total of 109 participants were recruited from the majoring in Rail Transit Signal and Control, and five AR multimodal interactive situation systems and 3D-printed embodied cognitive interactive behaviour systems were developed using the ZD6 switch machine assembly interactive task forms. The experiments were designed to collect four types of data: knowledge acquisition, interactive intention reasoning, embodied interactive behaviour, and questionnaires. ANOVA was conducted with the AR interactive mode as the moderating variable. The experimental results indicate that AR gesture interaction enhances learners' natural closeness and direct presence in AR interaction behaviour, but robust recognition of AR learners' dynamic and complex hand interaction actions is needed. AR physical interaction improves the coverage and systematic of knowledge transfer, but limits the selective construction and interactive presentation of AR embodied cognitive content. AR touch interaction reduces learners' cognitive load on AR devices, but reasonable implicit interaction parameter settings need to be considered during the AR interaction process. AR-SMFI (AR Simple Multimodal Fusion Interaction) interaction indicates that AR multimodal humancomputer interaction is not simply the superposition and aggregation of input information, but rather the mutual supplementation and organic integration of information between different interaction modalities. Compared with the other four AR interaction methods, AR-EMFNI interaction improved cognitive test scores performance by 15%, achieved 81% accuracy in intention reasoning, and reduced the cognitive load by 36%, which effectively solves the concurrent transmission problem of uncertainty and ambiguity multimodal interaction information in AR embodied cognition, and which effectively promotes higher-level knowledge transfer, higher-quality embodied interaction behaviour, and stronger flow experience in AR embodied cognition.","openalex, scopus, wos",human,0.950,human,
discarded,Awareness support in collaborative programming tools: An evaluation based on programmer's perception and eye tracking,Molina A.I.,2025,Journal of Systems and Software,10.1016/j.jss.2024.112276,https://www.scopus.com/inward/record.uri?partnerID=HzOxMe3b&scp=85208285071&origin=inward,collaborative-programming-tools; non-education; method-paper-not-about-version-control,"Groupware technology is an essential asset for organizations and a successful medium to support social meetings and teacher-learning processes when people are geographically distributed. Computer programming is a domain that can take advantage of the Collaborative Work paradigm and of this technology. However, to be truly effective, groupware systems must provide suitable awareness support, i.e., be capable of informing users of the activity taking place and of the team outcome, so that they can build a setting for their work. The study of awareness mechanisms and their influence on collaborative programming processes is an open research question. In this context, this article contributes an experimental study to evaluate the mechanisms to support coordination, communication, and awareness of COLLECE, a distributed group programming system rich in awareness support. This study brings as a novel approach the combination of subjective and objective information sources, specifically eye tracking techniques, and incorporates a heuristic evaluation of awareness support based on a well-known framework. Thanks to this experiment, we have been able to verify that this blended approach, in which users participate intensively, provides a more comprehensive and deeper assessment of awareness and other coordination and communication mechanisms, and thus a better understanding of how their use can influence the collaborative programming process and outcome (program or piece of software). The study has revealed strengths, weaknesses and opportunities for improvement of the evaluated system, and has yielded concrete results as to which are the most useful awareness components of the user interface not related to the activity supported by the system (programming), these being the traffic lights; the easiest to use, such as the session panel; or the components that impose a greater cognitive load, such as the multi-scrollbar. Regarding the relationship between the supported awareness dimensions and the quality of the collaboration outcome (computer program), the results point to the need to adequately support the What-Artifact dimension, i.e., highlighting in which part of the shared workspace (the source code) the user with floor control is working.","openalex, scopus, wos",human,0.820,human,
discarded,The fundamentals of eye tracking part 4: Tools for conducting an eye tracking study,Niehorster D.C.,2025,Behavior Research Methods,10.3758/s13428-024-02529-7,https://www.scopus.com/inward/record.uri?partnerID=HzOxMe3b&scp=85214364007&origin=inward,eye-tracking-methods; non-education; method-paper-not-about-version-control,"Researchers using eye tracking are heavily dependent on software and hardware tools to perform their studies, from recording eye tracking data and visualizing it, to processing and analyzing it. This article provides an overview of available tools for research using eye trackers and discusses considerations to make when choosing which tools to adopt for one’s study.","openalex, scopus, wos",human,0.930,human,
discarded,Operational Psychology and National Security: An Ethics Casebook,Staal M.A.,2025,Operational Psychology and National Security an Ethics Casebook,10.4324/9781003564195,https://www.scopus.com/inward/record.uri?partnerID=HzOxMe3b&scp=105020486550&origin=inward,ethics-casebook; non-education; unrelated-term-match-other-field,"This book offers a comprehensive guide to ethical decision-making for practitioners of operational psychology working in national security and defense. The terrorist attacks of 9/11 led to the mass recruitment, training, and employment of psychologists to support national security, national defense, and public safety initiatives. The result was a confluence of advances in the field, alongside highly controversial missteps and calls for greater guidance. This book aims to improve practitioners’ ability to recognize ethical dilemmas before they arise, assess the risks they present, and respond to them in a manner characterized by thoughtful engagement and virtuous behavior. The work adopts an integrated approach, providing a holistic treatment of ethics and ethical decision-making. It begins with the establishment of a broad theoretical foundation of moral reasoning and ends with presentations of relevant rule-based codes, illustrative case studies, real-world contemporary issues, and practical solutions to common ethical problems. The book is unique in its comprehensive ethics case analysis of operational psychology, and ethical dilemmas are presented both by issue and by practitioner core competencies. As such, it enables readers to easily cross-reference ethical dilemmas by the nature of the dilemma and by its context (where it is most likely to occur). This book will be essential reading for psychologists working in national security, national defense, and public safety sectors and of much interest to students of ethics and ethical decision-making.","openalex, scopus, wos",human,0.970,human,
discarded,Humanizing online teaching and learning in higher education,Gray L.E.,2024,Humanizing Online Teaching and Learning in Higher Education,10.4018/979-8-3693-0762-5,https://www.scopus.com/inward/record.uri?partnerID=HzOxMe3b&scp=85189819350&origin=inward,online-teaching; higher-education; general-education; unrelated-term-match-other-field,,"openalex, scopus, wos",human,0.770,human,
discarded,Effectiveness of road safety interventions: An evidence and gap map,Goel R.,2024,Campbell Systematic Reviews,10.1002/cl2.1367,https://www.scopus.com/inward/record.uri?partnerID=HzOxMe3b&scp=85181480758&origin=inward,road-safety; evidence-gap-map; non-education; unrelated-term-match-other-field,"Abstract Background Road Traffic injuries (RTI) are among the top ten leading causes of death in the world resulting in 1.35 million deaths every year, about 93% of which occur in low‐ and middle‐income countries (LMICs). Despite several global resolutions to reduce traffic injuries, they have continued to grow in many countries. Many high‐income countries have successfully reduced RTI by using a public health approach and implementing evidence‐based interventions. As many LMICs develop their highway infrastructure, adopting a similar scientific approach towards road safety is crucial. The evidence also needs to be evaluated to assess external validity because measures that have worked in high‐income countries may not translate equally well to other contexts. An evidence gap map for RTI is the first step towards understanding what evidence is available, from where, and the key gaps in knowledge. Objectives The objective of this evidence gap map (EGM) is to identify existing evidence from all effectiveness studies and systematic reviews related to road safety interventions. In addition, the EGM identifies gaps in evidence where new primary studies and systematic reviews could add value. This will help direct future research and discussions based on systematic evidence towards the approaches and interventions which are most effective in the road safety sector. This could enable the generation of evidence for informing policy at global, regional or national levels. Search Methods The EGM includes systematic reviews and impact evaluations assessing the effect of interventions for RTI reported in academic databases, organization websites, and grey literature sources. The studies were searched up to December 2019. Selection Criteria The interventions were divided into five broad categories: (a) human factors (e.g., enforcement or road user education), (b) road design, infrastructure and traffic control, (c) legal and institutional framework, (d) post‐crash pre‐hospital care, and (e) vehicle factors (except car design for occupant protection) and protective devices. Included studies reported two primary outcomes: fatal crashes and non‐fatal injury crashes; and four intermediate outcomes: change in use of seat belts, change in use of helmets, change in speed, and change in alcohol/drug use. Studies were excluded if they did not report injury or fatality as one of the outcomes. Data Collection and Analysis The EGM is presented in the form of a matrix with two primary dimensions: interventions (rows) and outcomes (columns). Additional dimensions are country income groups, region, quality level for systematic reviews, type of study design used (e.g., case‐control), type of road user studied (e.g., pedestrian, cyclists), age groups, and road type. The EGM is available online where the matrix of interventions and outcomes can be filtered by one or more dimensions. The webpage includes a bibliography of the selected studies and titles and abstracts available for preview. Quality appraisal for systematic reviews was conducted using a critical appraisal tool for systematic reviews, AMSTAR 2. Main Results The EGM identified 1859 studies of which 322 were systematic reviews, 7 were protocol studies and 1530 were impact evaluations. Some studies included more than one intervention, outcome, study method, or study region. The studies were distributed among intervention categories as: human factors (n = 771), road design, infrastructure and traffic control (n = 661), legal and institutional framework (n = 424), post‐crash pre‐hospital care (n = 118) and vehicle factors and protective devices (n = 111). Fatal crashes as outcomes were reported in 1414 records and non‐fatal injury crashes in 1252 records. Among the four intermediate outcomes, speed was most commonly reported (n = 298) followed by alcohol (n = 206), use of seatbelts (n = 167), and use of helmets (n = 66). Ninety‐six percent of the studies were reported from high‐income countries (HIC), 4.5% from upper‐middle‐income countries, and only 1.4% from lower‐middle and low‐income countries. There were 25 systematic reviews of high quality, 4 of moderate quality, and 293 of low quality. Authors' Conclusions The EGM shows that the distribution of available road safety evidence is skewed across the world. A vast majority of the literature is from HICs. In contrast, only a small fraction of the literature reports on the many LMICs that are fast expanding their road infrastructure, experiencing rapid changes in traffic patterns, and witnessing growth in road injuries. This bias in literature explains why many interventions that are of high importance in the context of LMICs remain poorly studied. Besides, many interventions that have been tested only in HICs may not work equally effectively in LMICs. Another important finding was that a large majority of systematic reviews are of low quality. The scarcity of evidence on many important interventions and lack of good quality evidence‐synthesis have significant implications for future road safety research and practice in LMICs. The EGM presented here will help identify priority areas for researchers, while directing practitioners and policy makers towards proven interventions.","openalex, scopus, wos",human,0.980,human,
discarded,Enhancing Novice Developer Efficacy through UX Journey: Integrating User Experience and User Requirement to Develop Developer Skills,Kusuma W.A.,2024,International Journal on Informatics Visualization,10.62527/joiv.8.3.1848,https://www.scopus.com/inward/record.uri?partnerID=HzOxMe3b&scp=85207015655&origin=inward,ux; developer-skills; non-education-study; computing-education-or-software-engineering-not-version-control,"User experience and user requirements are two different approaches to software development. User requirements focus on meeting customer expectations and demands for software solutions, while user experience covers all aspects of software interaction with users. To increase the value of the software, the software must have usable and easy-to-use features with an attractive design or work environment that fits the user's behavior. Integrating software requirements and user experience can increase developer productivity by focusing on features that meet user requirements and expectations. This integration can also increase software development efficiency by addressing issues arising during development. This article addresses developers' challenges when addressing user needs and provides practical solutions widely accepted in industry and academia. Combining user experience and user needs into the UX Journey approach can increase developer productivity and confidence in software development. The design of the UX Journey is carried out by evaluating several existing design solution methods such as Design Thinking, IDEO, HPI, and Double Diamond to determine the existing conditions and needs for the problems faced. Then, by mapping the user, context, and domain, the model is obtained. appropriate. The proposed model comprises Discover, Explore, Test, and Listen activities. A trial was carried out on the respondents to test the method, and a feasibility test and an implementation schedule were obtained based on the statistical analysis of the initial user. It took 980-1500 minutes to complete the design solution. Focusing on features that align with user needs and improve problem-solving efficiency throughout development gives developers greater confidence in producing high-quality software.","openalex, scopus, wos",human,0.740,human,
discarded,A Bayesian correlated grouped random parameters duration model with heterogeneity in the means for understanding braking behaviour in a connected environment,Ali Y.,2022,Analytic Methods in Accident Research,10.1016/j.amar.2022.100221,https://www.scopus.com/inward/record.uri?partnerID=HzOxMe3b&scp=85129517673&origin=inward,driving-simulator; non-education; unrelated-term-match-other-field,"Driver's response to a pedestrian crossing requires braking, whereby both excess and inadequate braking is directly associated with crash risk. The highly anticipated connected environment aims to increase drivers' situational awareness by providing advanced information and assisting them during critical driving tasks such as braking. Focussing on this crucial behaviour and combined with the promise of a connected environment, the objective of this study is to examine the braking behaviour of drivers in response to a pedestrian at a zebra crossing in a connected environment. Seventy-eight participants from diverse backgrounds performed this driving task in the CARRS-Q Advanced Driving Simulator in two randomised driving scenarios: a baseline scenario (without driving aids) and a connected environment (with driving aids) scenario. A Weibull accelerated failure time duration modelling approach is adopted to model the braking behaviour of drivers. In particular, this duration model is specified to capture the panel nature of the data and unobserved heterogeneity through correlated grouped random parameters with heterogeneity-in-the-means in the Bayesian framework. Results indicate that, for most drivers in the connected environment, it takes longer to reduce their speed with less speed variation and a larger safety margin. In addition, a decision tree analysis for the braking time suggests that for older drivers, when the distance to the zebra crossing is larger in the connected environment than that in the baseline scenario, braking time is likely to increase. The model also reveals that the braking time of female drivers is longer in the connected environment compared to that of male drivers. Overall, the connected environment is associated with increased braking time by providing advanced information, giving drivers additional time to smoothly reduce their speed in response to a pedestrian at a zebra crossing, and ultimately making the vehicle-pedestrian interaction safer.(c) 2022 Elsevier Ltd. All rights reserved.","openalex, scopus, wos",human,0.990,human,
