status,title,authors,year,venue,doi,url,tags,abstract,provider,decision_source,llm_confidence,llm_review_outcome,llm_change_direction
discarded,Human Computer Interaction and Emerging Technologies,Fernando Loizides; Marco Winckler; Usashi Chatterjee; José Abdelnour-Nocera; Antigoni Parmaxi,2020,Directory of Open access Books (OAPEN Foundation),10.18573/book3,https://openalex.org/W3025546067,hci-proceedings; non-education; unrelated-term-match-other-field,"The INTERACT Conferences are an important platform for researchers and practitioners in the field of human-computer interaction (HCI) to showcase their work. They are organised biennially by the International Federation for Information Processing (IFIP) Technical Committee on Human–Computer Interaction (IFIP TC13), an international committee of 30 member national societies and nine Working Groups. INTERACT is truly international in its spirit and has attracted researchers from several countries and cultures. With an emphasis on inclusiveness, it works to lower the barriers that prevent people in developing countries from participating in conferences. As a multidisciplinary field, HCI requires interaction and discussion among diverse people with different interests and backgrounds. The 17th IFIP TC13 International Conference on Human-Computer Interaction (INTERACT 2019) took place during 2-6 September 2019 in Paphos, Cyprus. The conference was held at the Coral Beach Hotel Resort, and was co-sponsored by the Cyprus University of Technology and Tallinn University, in cooperation with ACM and ACM SIGCHI. This volume contains the Adjunct Proceedings to the 17th INTERACT Conference, comprising a series of selected papers from workshops, the Student Design Consortium and the Doctoral Consortium. The volume follows the INTERACT conference tradition of submitting adjunct papers after the main publication deadline, to be published by a University Press with a connection to the conference itself. In this case, both the Adjunct Proceedings Chair of the conference, Dr Usashi Chatterjee, and the lead Editor of this volume, Dr Fernando Loizides, work at Cardiff University which is the home of Cardiff University Press.","openalex, scopus, wos, ieee",human,0.940,human,
discarded,,,,,,,missing-information; unrelated-term-match-other-field,,"openalex, scopus, wos, ieee",human,0.500,human,
discarded,The voice of nurses: Novice nurses’ first experiences in a clinical setting. A longitudinal diary study,Yvonne ten Hoeve; Saskia Kunnen; Jasperina Brouwer; Pétrie F. Roodbol,2018,Journal of Clinical Nursing,10.1111/jocn.14307,https://openalex.org/W2789804793,nursing; qualitative; non-education; computing-education-or-software-engineering-not-version-control,"AIMS AND OBJECTIVES: To gain greater understanding of which personal and professional demands novice nurses are confronted with and what can be done to improve the transition from novice to professional staff nurse. BACKGROUND: Novice nurses are confronted with a lot of physical, emotional and intellectual changes in the role-transition process from student nurse to professional staff nurse, which are often related to feelings of confusion, uncertainty and stress. Few studies have investigated, on a longitudinal basis, the lived experiences of novice nurses in the clinical setting. DESIGN: The study adopted a qualitative longitudinal approach to investigate the described experiences of novice nurses during their first 2 years after graduation. Written diaries were selected for optimal data collection. METHODS: A sample of eighteen novice nurses was recruited from several wards at a University Medical Center in the Netherlands. The inclusion criteria were a Bachelor's degree in nursing, aged under 30, and no more than 1 year's work experience. Data were collected from weekly measurements from September 2013-September 2014. RESULTS: Eight major themes emerged from the diaries (n = 580): relatedness, competence, development, organisational context, existential events, goals, autonomy and fit. This study revealed that the need for relatedness was by far the most reported theme. Support and positive feedback from colleagues appeared to be crucial for novices starting work in a highly complex environment. CONCLUSION: This study showed that one of the strategies novice nurses use to deal with challenging and existential situations is to share their experiences with colleagues. Therefore, novice nurses should always work in a safe environment which enables this. RELEVANCE TO CLINICAL PRACTICE: Identification of key issues around understanding novice nurses' first clinical experiences may help to improve their transition from novice to professional staff nurse. The presence and support from supervisors and mentors are inevitable to keep novice nurses motivated for the profession.","openalex, scopus, wos",human,0.950,human,
discarded,The Conflict of the Faculties. Perspectives on Artistic Research and Academia,Henk Borgdorff,2012,Leiden University Press eBooks,10.26530/oapen_595042,https://openalex.org/W159465013,artistic-research; non-computing-education; unrelated-term-match-other-field,"The thesis is about artistic research – what it is, or what it could be. And it is about the place that artistic research could have in academia, within the whole of academic research. It is also about the ways we speak about such issues, and about how the things we say (in this study and elsewhere) cause the practices involved to manifest themselves in specific ways, while also setting them into motion. In this sense, the thesis not only explores the phenomenon of artistic research in relation to academia, but it also engages with that relationship. This performative dimension of the thesis is interwoven with its constative and interpretive dimensions. If the thesis succeeds in its aims, it will not only advance knowledge and understanding of artistic research, but it will further the development of this emerging field.","openalex, scopus, wos",human,0.910,human,
discarded,Literature reviews as independent studies: guidelines for academic practice,Sascha Kraus; Matthias Breier; Weng Marc Lim; Marina Dabić; Satish Kumar; Dominik K. Kanbach; Debmalya Mukherjee; Vincenzo Corvello; Juan Piñeiro Chousa; Eric W. Liguori; Daniel Palacios-Marqués; Francesco Schiavone; Alberto Ferraris; Cristina Fernandes; João J. Ferreira,2022,Review of Managerial Science,10.1007/s11846-022-00588-8,https://openalex.org/W4306178549,literature-review-methodology; non-domain-specific; unrelated-term-match-other-field,"Abstract Review articles or literature reviews are a critical part of scientific research. While numerous guides on literature reviews exist, these are often limited to the philosophy of review procedures, protocols, and nomenclatures, triggering non-parsimonious reporting and confusion due to overlapping similarities. To address the aforementioned limitations, we adopt a pragmatic approach to demystify and shape the academic practice of conducting literature reviews. We concentrate on the types, focuses, considerations, methods, and contributions of literature reviews as independent, standalone studies. As such, our article serves as an overview that scholars can rely upon to navigate the fundamental elements of literature reviews as standalone and independent studies, without getting entangled in the complexities of review procedures, protocols, and nomenclatures.","openalex, scopus, wos",human,0.790,human,
discarded,Long-term training modifies the modular structure and organization of walking balance control,Andrew Sawers; Jessica L. Allen; Lena H. Ting,2015,Journal of Neurophysiology,10.1152/jn.00758.2015,https://openalex.org/W2175042399,motor-control; non-education; unrelated-term-match-other-field,"How does long-term training affect the neural control of movements? Here we tested the hypothesis that long-term training leading to skilled motor performance alters muscle coordination during challenging, as well as nominal everyday motor behaviors. Using motor module (a.k.a., muscle synergy) analyses, we identified differences in muscle coordination patterns between professionally trained ballet dancers (experts) and untrained novices that accompanied differences in walking balance proficiency assessed using a challenging beam-walking test. During beam walking, we found that experts recruited more motor modules than novices, suggesting an increase in motor repertoire size. Motor modules in experts had less muscle coactivity and were more consistent than in novices, reflecting greater efficiency in muscle output. Moreover, the pool of motor modules shared between beam and overground walking was larger in experts compared with novices, suggesting greater generalization of motor module function across multiple behaviors. These differences in motor output between experts and novices could not be explained by differences in kinematics, suggesting that they likely reflect differences in the neural control of movement following years of training rather than biomechanical constraints imposed by the activity or musculoskeletal structure and function. Our results suggest that to learn challenging new behaviors, we may take advantage of existing motor modules used for related behaviors and sculpt them to meet the demands of a new behavior.","openalex, scopus, wos",human,0.990,human,
discarded,Systematic review of research on artificial intelligence applications in higher education – where are the educators?,Olaf Zawacki‐Richter; Victoria I. Marín; Melissa Bond; Franziska Gouverneur,2019,International Journal of Educational Technology in Higher Education,10.1186/s41239-019-0171-0,https://openalex.org/W2981863007,ai-in-higher-education; systematic-review; too-broad; unrelated-term-match-other-field,"Abstract According to various international reports, Artificial Intelligence in Education (AIEd) is one of the currently emerging fields in educational technology. Whilst it has been around for about 30 years, it is still unclear for educators how to make pedagogical advantage of it on a broader scale, and how it can actually impact meaningfully on teaching and learning in higher education. This paper seeks to provide an overview of research on AI applications in higher education through a systematic review. Out of 2656 initially identified publications for the period between 2007 and 2018, 146 articles were included for final synthesis, according to explicit inclusion and exclusion criteria. The descriptive results show that most of the disciplines involved in AIEd papers come from Computer Science and STEM, and that quantitative methods were the most frequently used in empirical studies. The synthesis of results presents four areas of AIEd applications in academic support services, and institutional and administrative services: 1. profiling and prediction, 2. assessment and evaluation, 3. adaptive systems and personalisation, and 4. intelligent tutoring systems. The conclusions reflect on the almost lack of critical reflection of challenges and risks of AIEd, the weak connection to theoretical pedagogical perspectives, and the need for further exploration of ethical and educational approaches in the application of AIEd in higher education.","openalex, scopus, wos",human,0.720,human,
discarded,Are Perfectionism Dimensions Vulnerability Factors for Depressive Symptoms after Controlling for Neuroticism? A Meta–analysis of 10 Longitudinal Studies,Martin M. Smith; Simon Sherry; Katerina Rnic; Donald H. Saklofske; Murray W. Enns; Tara M. Gralnick,2016,European Journal of Personality,10.1002/per.2053,https://openalex.org/W2294207663,personality; meta-analysis; non-education; unrelated-term-match-other-field,"Extensive evidence suggests neuroticism is a higher–order personality trait that overlaps substantially with perfectionism dimensions and depressive symptoms. Such evidence raises an important question: Which perfectionism dimensions are vulnerability factors for depressive symptoms after controlling for neuroticism? To address this, a meta–analysis of research testing whether socially prescribed perfectionism, concern over mistakes, doubts about actions, personal standards, perfectionistic attitudes, self–criticism and self–oriented perfectionism predict change in depressive symptoms, after controlling for baseline depression and neuroticism, was conducted. A literature search yielded 10 relevant studies (N = 1,758). Meta–analysis using random–effects models revealed that all seven perfectionism dimensions had small positive relationships with follow–up depressive symptoms beyond baseline depression and neuroticism. Perfectionism dimensions appear neither redundant with nor captured by neuroticism. Results lend credence and coherence to theoretical accounts and empirical studies suggesting perfectionism dimensions are part of the premorbid personality of people vulnerable to depressive symptoms. Copyright © 2016 European Association of Personality Psychology","openalex, scopus, wos",human,0.980,human,
discarded,Heuristic Evaluation for Novice Programming Systems,Michael Kölling; Fraser McKay,2016,ACM Transactions on Computing Education,10.1145/2872521,https://openalex.org/W2411485894,novice-programming; heuristic-evaluation; programming-systems; computing-education-or-software-engineering-not-version-control,"The past few years has seen a proliferation of novice programming tools. The availability of a large number of systems has made it difficult for many users to choose among them. Even for education researchers, comparing the relative quality of these tools, or judging their respective suitability for a given context, is hard in many instances. For designers of such systems, assessing the respective quality of competing design decisions can be equally difficult. Heuristic evaluation provides a practical method of assessing the quality of alternatives in these situations and of identifying potential problems with existing systems for a given target group or context. Existing sets of heuristics, however, are not specific to the domain of novice programming and thus do not evaluate all aspects of interest to us in this specialised application domain. In this article, we propose a set of heuristics to be used in heuristic evaluations of novice programming systems. These heuristics have the potential to allow a useful assessment of the quality of a given system with lower cost than full formal user studies and greater precision than the use of existing sets of heuristics. The heuristics are described and discussed in detail. We present an evaluation of the effectiveness of the heuristics that suggests that the new set of heuristics provides additional useful information to designers not obtained with existing heuristics sets.","openalex, scopus, wos",human,0.940,human,
discarded,Difficulties that a Novice Online Instructor Faced: A Case Study.,Hee Jun Choi; Ji-Hye Park,2006,,,https://openalex.org/W36532969,online-instruction; case-study; general-education; computing-education-or-software-engineering-not-version-control,,"openalex, scopus, wos",human,0.800,human,
discarded,Emergence of the Online-Merge-Offline (OMO) Learning Wave in the Post-COVID-19 Era: A Pilot Study,Ronghuai Huang; Ahmed Tlili; Huanhuan Wang; Yihong Shi; Curtis J. Bonk; Junfeng Yang; Daniel Burgos,2021,Sustainability,10.3390/su13063512,https://openalex.org/W3136647444,online-merge-offline-learning; general-education; git-or-software-tooling-without-learner-understanding-findings,"The COVID-19 pandemic revealed the need for new innovative methods to effectively maintain education in times of crisis and uncertainty. This study first presents the Online-Merge-Offline (OMO) learning approach, a way of learning that caters to the new needs of students and teachers in the post-COVID-19 era. OMO learning utilizes a hybrid infrastructure that combines Open Educational Practices and real-time learning spaces, both online and offline. This study then discusses the early results of a pilot experiment investigating OMO learning in China for three months from three dimensions: space design requirements, technological considerations, and pedagogical considerations. A qualitative, two-stage study focused on content analysis and a multiple-case study were carried out in the context of courses about English language learning with 30 teachers and students. The obtained findings showed that, although both teachers and students had a positive attitude towards OMO learning, they mentioned that a comprehensive set of core and functional competencies are needed—including the use of online platforms, communication skills, class management, and the effective use of resources. Additionally, the findings showed that more effort should be paid to classroom design, such as infrastructure, to efficiently support OMO learning. This study exemplifies a new approach toward the future of education to ensure sustainable education in this complex and uncertain world.","openalex, scopus, wos",human,0.780,human,
discarded,Towards Creative Version Control,Sarah Sterman; Molly Jane Nicholas; Eric Paulos,2022,Proceedings of the ACM on Human-Computer Interaction,10.1145/3555756,https://openalex.org/W4308764899,version-control; creative-practice; non-education; git-or-software-tooling-without-learner-understanding-findings,"Version control systems are powerful tools for managing history information and shaping personal and collaborative processes. While many complex tools exist for software engineering, and basic functionality for capturing versions is often found in collaborative applications such as text editors and design layout tools, these systems are not attuned to the needs and behaviors of creative practitioners within those domains, and fail to support creative practitioners in many others. Through 18 semi-structured interviews across diverse domains of creativity, we investigate how creative practitioners use version histories in their process. With the familiar paradigms and features of software version control as an organizing structure, we discuss how these creative practitioners embrace, challenge, and complicate uses of version histories in four ways: using versions as a palette of materials, providing confidence and freedom to explore, leveraging low-fidelity version capture, and reflecting on and reusing versions across long time scales. We discuss how the themes present across this wide range of mediums and domains can provide insight into future designs and uses of version control systems to support creative process.","openalex, scopus, wos",human,0.790,human,
discarded,"Researching Interpersonal Relationships: Qualitative Methods, Studies, and Analysis",Jimmie Manning; Adrianne Kunkel,2014,,10.4135/9781452270142,https://openalex.org/W153567291,qualitative-methods; non-computing-education; unrelated-term-match-other-field,"In 2009, we issued a special call for papers, Along the GT Learning Curve, to focus on the novice experience in learning and doing Classic Grounded Theory (CGT). We especially welcomed papers that demonstrate the challenges, rewards and lessons learned and that offered advice to others undertaking their first CGT study. It has taken some time to bring this issue to publication; to select the papers and to work through various iterations of review and revision. We are very pleased to finally present this issue with six papers from a wide range of professional fields including business, psychology, education, social work and medical sociology. The range of disciplines alone speaks to the reach of CGT as a research methodology.","openalex, scopus, wos",human,0.920,human,
discarded,Variable Impedance Control and Learning—A Review,"Abu-Dakka, Fares J.; Matteo Saveriano",2020,Institutional Research Information System (Università degli Studi di Trento),10.3389/frobt.2020.590681,https://openalex.org/W3115157241,robotics-review; non-education; unrelated-term-match-other-field,"Robots that physically interact with their surroundings, in order to accomplish some tasks or assist humans in their activities, require to exploit contact forces in a safe and proficient manner. Impedance control is considered as a prominent approach in robotics to avoid large impact forces while operating in unstructured environments. In such environments, the conditions under which the interaction occurs may significantly vary during the task execution. This demands robots to be endowed with online adaptation capabilities to cope with sudden and unexpected changes in the environment. In this context, variable impedance control arises as a powerful tool to modulate the robot's behavior in response to variations in its surroundings. In this survey, we present the state-of-the-art of approaches devoted to variable impedance control from control and learning perspectives (separately and jointly). Moreover, we propose a new taxonomy for mechanical impedance based on variability, learning, and control. The objective of this survey is to put together the concepts and efforts that have been done so far in this field, and to describe advantages and disadvantages of each approach. The survey concludes with open issues in the field and an envisioned framework that may potentially solve them.","openalex, scopus, wos",human,0.960,human,
