status,title,authors,year,venue,doi,url,tags,abstract,provider,decision_source,llm_confidence,llm_review_outcome,llm_change_direction
discarded,Social information processing and peer interaction in gifted preschool children,Şenol F.B.,2026,BMC Psychology,10.1186/s40359-026-04728-7,https://www.scopus.com/inward/record.uri?partnerID=HzOxMe3b&scp=105043476488&origin=inward,gifted-children; psychology; non-education-focus; unrelated-term-match-other-field,"During early childhood, the foundation for social information processing skills is laid, enabling children to understand their social environment and interactions with peers and adapt to them. Although social interaction skills have generally been studied in young children, there are limited studies that directly address the relationship between social information processing and social interaction in gifted children. Therefore, the development of early interventions to support the social adaptation of gifted children is of critical importance. This study aims to examine the relationship between social information processing and social interaction skills in gifted children during the early developmental period. The study was designed as a cross-sectional analysis. This study relied on convenience sampling, a type of purposive sampling technique. Thirty gifted children were included in the investigation. The study employed the Social Information Processing Interview–Preschool Version and the Interaction Rating Scale between Children. The study found a significant and positive connection between the Benign Intent aspect of social information processing skills in gifted children and their cooperation and assertiveness abilities in relationships. A significant and positive correlation was found between the positive response structure of social information processing skills and the self-regulation dimension of interaction skills. Gifted children’s advanced ability to interact positively in social situations plays a significant role in fostering unity within their peer groups and strengthening their confident communication abilities. Having strong self-regulation abilities affects one’s capacity to create positive responses.","openalex, scopus, wos",human,0.950,human,
discarded,Delivering safe sleep and breastfeeding education to pregnant and new mothers through private Facebook groups: study protocol for a 4-armed randomized controlled trial,Carlin R.F.,2026,BMC Pediatrics,10.1186/s12887-026-06900-9,https://www.scopus.com/inward/record.uri?partnerID=HzOxMe3b&scp=105041053496&origin=inward,health-education; social-media; non-computing; unrelated-term-match-other-field,"Annually, more than 3500 US infants die suddenly and unexpectedly. Many sudden unexpected infant deaths (SUID) are preventable with greater adherence to safe infant sleep guidelines. There are racial and economic disparities in guideline adherence and SUID rates. Education alone has proven ineffective at altering behavior for many parents, and social networks and social norms regarding infant care have been found to influence rates of unsafe sleep. Using the power of social networks to shape social norms by delivering education through moderated online social media groups provides a unique opportunity to influence these practices in large groups of parents. Our five-year study is a 4-armed RCT to determine if delivering safe sleep and breastfeeding educational curricula in moderated private Facebook (FB) groups, starting in the third trimester of pregnancy and continuing until infant age 6 months, changes perceived social norms regarding these behaviors and shapes infant care practices among mothers with low income. To achieve a target analytic sample of 1536, we plan to randomize approximately 2400 pregnant women enrolled in Women Infant and Children (WIC) or seen at Federally Qualified Health Centers (FQHC) at 32–34 weeks’ gestation to receive one of 4 interventions via FB groups: 1) Safe Sleep (SS), 2) Breastfeeding (BF), 3) SS + BF, and 4) attention-matched control. We will utilize mixed-method analyses. Quantitative data (surveys, text message queries, FB posts) will allow us to examine the influence of social media groups and norms therein on parental practices regarding infant sleep and breastfeeding. Social network analysis will ascertain the structure of mothers’ social networks, the influence of network members, and changes in these networks and influences over the study period. Qualitative analysis of FB posts and in-depth interviews will allow us to probe systematically for differential influences (i.e., social media group vs other influences) on decision-making. Findings from this clinical trial will inform future strategies to broadly utilize social media groups to change social norms around safe sleep practices among groups with historically high rates of SUID. This trial is registered on ClinicalTrials.gov (NCT05767658; date of initial release March 2, 2023). Protocol version 1. Date December 15, 2025.","openalex, scopus, wos",human,0.960,human,
discarded,Moving through pets’ end of life: South Korean pet owners’ experiences and implications for veterinary practices,Joo S.,2026,BMC Veterinary Research,10.1186/s12917-026-05486-9,https://www.scopus.com/inward/record.uri?partnerID=HzOxMe3b&scp=105040831597&origin=inward,veterinary; qualitative; non-education; unrelated-term-match-other-field,"Many pet owners inevitably face their animals’ end-of-life stage and often struggle with the associated challenges. Understanding owners’ holistic lived experiences regarding end-of-life care and decision-making is crucial to supporting appropriate veterinary practices for all involved stakeholders. This study focuses on pet owners’ experiences of the complex interplay between emotional, practical, and ethical dimensions involved in moving through the end-of-life stage of their pets. It aims to support more compassionate and contextually sensitive veterinary practices and to contribute to the development of relational and ethically grounded approaches to caring for pets at the end of their lives. We used in-depth individual interviews to explore pet owners’ detailed experiences. Twenty-four participants were recruited; all were aged 19 or older, had lived with a dog and/or cat for at least 10 years, and had experienced the end-of-life stage of their pets. The interviews followed a semi-structured format, exploring personal anecdotes, daily caregiving routines, challenges, concerns, and positive aspects related to pet care, particularly in relation to pets’ aging, illness, and end of life. Thematic analysis was used to identify key patterns in the data using MAXQDA and Microsoft Excel. Pet owners’ experiences during their pets’ end-of-life stage were represented by four key thematic categories: Confronting the Pet’s End-of-Life Stage; Carrying the Weight of End-of-Life Care; Making Tough Decisions for the Final Moment; and Interacting with Veterinarians. The first theme includes participants’ experiences of facing their pets’ aging, illness, or turning points in the end-of-life stage. The second theme captures the experiential and multidimensional nature of living with and caring for pets in the end-of-life stage. The third theme discusses the complexities and dilemmas involved in the decision-making process regarding end-of-life care and death. The last theme focuses on the role of veterinarians and their influence during the end-of-life stage. Our findings reveal that caregiving during the end-of-life stage is not merely a source of sadness or stress, but a deeply transformative process in which owners navigate multidimensional challenges through their interactions with their pets. Veterinarians emerge not only as providers of clinical knowledge or guidance but also as ethical allies in this process. These insights underscore the need to reorient veterinary practice and education toward a relationship-centered, ethically grounded model of end-of-life care.","openalex, scopus, wos",human,0.970,human,
discarded,School-based interventions for sexual education and sexual violence prevention in adolescence: systematic review,dos Santos K.B.,2026,Psicologia Reflexao E Critica,10.1186/s41155-026-00390-5,https://www.scopus.com/inward/record.uri?partnerID=HzOxMe3b&scp=105039677709&origin=inward,school-interventions; sexual-education; non-computing; unrelated-term-match-other-field,"Sexual violence against adolescents constitutes a serious violation of human rights, with negative repercussions on the physical, emotional, and social development of this population. Comprehensive Sexuality Education interventions have proven to be promising strategies for preventing violence in school contexts, as they promote adolescent empowerment and recognize sexuality as a fundamental dimension of human development. This systematic review examined interventions conducted with high school adolescents in school contexts, focusing on comprehensive sexuality education and the universal prevention of sexual violence in adolescence. The PRISMA guidelines and PICOS criteria were used to identify, select, evaluate, and synthesize the included studies. The databases searched were SciELO, Virtual Health Library, Web of Science, PsycINFO, DOAJ and PubMed. Risk of bias was systematically assessed using design-specific tools according to study type, including the Standards for Reporting Qualitative Research for qualitative studies, ROBUST for observational designs, RoB 2 for randomized trials, and ROBINS-I for non-randomized interventions, ensuring methodological rigor and comparability across study designs. A total of 15 studies published between 2019 and 2024 were identified through electronic databases. The findings indicated that interventions were most effective in increasing knowledge about sexually transmitted infections, contraceptive methods, and consent. However, low consistency was observed in translating such knowledge into behavioral change, with limited outcomes in improving protective practices and effectively reducing indicators of sexual violence. The main limitations involved the use of convenience samples, lack of follow-up, absence of analyses considering the intersectionality of race, gender, and sexuality, and the exclusion of content related to LGBTQIAPN+ populations. The findings of this review reveal limitations stemming from the heterogeneity of methodological designs, restricting the potential for broader generalizations. While the studies demonstrated efficacy in knowledge promotion, limitations were observed regarding the effective prevention of sexual violence against adolescents, possibly related to the evaluation measures employed and the stigmatized nature of the topics addressed. Future research should adopt more robust methodologies, include longitudinal follow-ups of interventions, and engage social actors from the context to develop content that is more socially relevant and tailored to participants’ needs.","openalex, scopus, wos",human,0.950,human,
discarded,Emotion regulation and body image across the eating disorder symptom severity spectrum: a comparative analysis of young and middle-aged women,Bazo Perez M.,2026,Journal of Eating Disorders,10.1186/s40337-026-01531-y,https://www.scopus.com/inward/record.uri?partnerID=HzOxMe3b&scp=105030502941&origin=inward,eating-disorders; non-education; unrelated-term-match-other-field,"Eating disorders (EDs) are rising, yet research predominantly focuses on younger women, leaving midlife women understudied. This study examined how emotion dysregulation and body image concerns relate to disordered eating symptoms across emerging adulthood (EA, 18–30 years) and middle adulthood (MA, 45–65 years) and across levels of ED symptom severity. Participants were 1055 women (317 EA lower-symptom-severity, 298 MA lower-symptom-severity, 211 EA higher-symptom-severity, 229 MA higher-symptom-severity). Emotion dysregulation was measured with the Difficulties in Emotion Regulation Scale-18 (DERS-18), body image concerns with the Body Image Concerns Inventory (BICI), and disordered eating symptoms with the Eating Disorder Examination Questionnaire (EDE-Q) and the Eating Attitudes Test-26 (EAT-26). Psychometric analyses, including confirmatory factor analyses and measurement invariance testing are detailed in the Supplemental Materials. Multiple-group structural equation modeling (MGSEM) was conducted to examine whether associations between predictors and outcomes differed by age and symptom severity. Associations varied across age and symptom severity. Difficulties with emotional clarity, impulse control, and appearance dissatisfaction were consistently associated with higher ED symptoms, whereas greater emotional awareness was linked to lower symptoms in some groups. Difficulties with goal-directed behaviors, nonacceptance, limited access to emotion regulation strategies, and social avoidance showed both positive and negative associations depending on age and symptom severity. Findings underscore the need for developmentally informed, transdiagnostic approaches to ED prevention beyond early adulthood. Subscale-level analyses revealed that commonly defined “risk factors” may also be associated with adaptive or protective patterns, highlighting the complexity of these associations across the female lifespan. These insights support more nuanced, strength-based approaches to inform early detection, prevention, and intervention across the ED spectrum. Eating disorders (EDs) can affect individuals at any age, yet most research has focused on young women, leaving women in midlife underrepresented. This study explored how difficulties with managing emotions and concerns about body image relate to ED symptoms in younger (emerging adult) and middle-aged women, and across different levels of symptom severity. We found that body image concerns were strongly linked to ED symptoms in all groups, though in some cases, appearance-related avoidance was also associated with lower body dissatisfaction, suggesting a more complex role. Emotion regulation difficulties were more strongly tied to ED symptoms in middle-aged women, and some aspects of emotion regulation—such as emotional awareness—were consistently linked to lower ED symptoms, showing potential resilience. These findings highlight the importance of considering both age and severity when understanding and treating EDs. They also point to the need for prevention and treatment approaches that are tailored to women’s emotional and body image experiences at different stages of life.","openalex, scopus, wos",human,0.990,human,
discarded,From building robots to cultivating robotics literacy? A systematic review of educational robotics research and its future directions,Yeung R.C.Y.,2026,Computers and Education,10.1016/j.compedu.2026.105659,https://www.scopus.com/inward/record.uri?partnerID=HzOxMe3b&scp=105037898399&origin=inward,educational-robotics; systematic-review; non-programming-specific; unrelated-term-match-other-field,"Emerging technologies are increasingly recognized for their transformative potential in education. Robotics, in particular, represents a growing frontier in teaching and learning, yet research trends, application characteristics, and educational outcomes remain insufficiently synthesized. Adhering to the PRISMA guidelines, this systematic review examines 373 empirical studies investigating educational robotics (ER) in Grades 1-12, published from 2000 to 2025. The analysis traces the evolution of ER over a 25-year period, delineating application patterns of application, pedagogical orientations, and learning outcomes. Based on this synthesis, the construct of “robotics literacy” (RL) is proposed as an integrative learning objective. To operationalize this concept, a Robotics Literacy Coding Framework is developed, synthesizing theoretical constructs from technological literacy, STEM literacy, computational thinking, and artificial intelligence literacy, thereby identifying four dimensions of RL and associated engagement outcomes. Findings indicate a marked increase in publications after 2011, with most studies focusing on programming skills, systems understanding, and computational thinking. ER interventions were implemented across all grade levels, peaking in middle grades (Grades 4-9), where construction-based kits predominated. Pedagogically, project-based and problem-oriented approaches were most common, supplemented by exploratory and contextualized strategies in lower grades and humanities-integrated settings. Reported outcomes highlight a strong emphasis on coding proficiency and conceptual knowledge of robotic systems, whereas engineering design, socio-ethical reasoning, and engagement were underrepresented, particularly in upper secondary education. These trends reflect both the consolidation of ER as an avenue for developing RL and persistent gaps that warrant more balanced and longitudinally coherent instructional frameworks. This review establishes a baseline for advancing ER research toward broader disciplinary integration, enriched literacy dimensions, and alignment with evolving technological and curricular demands, while providing a conceptual framework for guiding future RL evaluation.","openalex, scopus, wos",human,0.710,human,
discarded,Assessing the Czech Version of the Inventory of Personality Organization in Relation to Borderline Personality Disorder in the ICD-11,Riegel K.D.,2026,Journal of Clinical Psychology,10.1002/jclp.70157,https://www.scopus.com/inward/record.uri?partnerID=HzOxMe3b&scp=105040400472&origin=inward,clinical-psychometrics; non-education; unrelated-term-match-other-field,"ABSTRACT Objectives This study assessed the Czech version of the Inventory of Personality Organization (IPO‐CZ) in relation to borderline personality disorder (BPD) as defined in the ICD‐11 model for PDs and defensive functioning in BPDs. The IPO‐CZ was used as a proxy measure of personality functioning (PF), although not fully identical to the conception of PF within the ICD‐11 framework defined by the severity of self‐other impairment. Methods The IPO‐57, Borderline Personality Questionnaire, and Defense Style Questionnaire were administered to general population volunteers (n = 371) and mixed psychiatric patients (n = 293). Results Three‐factor solution of the IPO‐CZ (i.e., Instability of self and others [ISO]; Instability of goals and behaviors [IGB]; and Psychosis) was confirmed, to a large extent reflecting Kernberg's initial concept of personality organization. Since the measurement invariance of the 57‐item version was not confirmed across samples, a 14‐item version of the IPO‐CZ was developed. ISO was strongly associated with self‐other pathology in both samples, IGB showed to be an indicator of immature defensive functioning in both samples and mature‐neurotic defenses in clinical sample when IPO‐14 was used. Conclusion While ISO appears to be an indicator of PF in terms of general self‐other disturbance, IGB may be considered a specifier of the defense mechanism‐based management of impulsive aggression typical of BPD patients that should not be ignored. Moreover, the study found measurement invariance across general and clinical sample for IPO‐14.","openalex, scopus, wos",human,0.980,human,
discarded,Contributors to co-occurring chronic loneliness and depression and anxiety and the role of adverse childhood experiences,Rudenstine S.,2026,Psychology and Psychotherapy Theory Research and Practice,10.1111/papt.70066,https://www.scopus.com/inward/record.uri?partnerID=HzOxMe3b&scp=105036575373&origin=inward,psychology; loneliness; non-education; unrelated-term-match-other-field,"Loneliness, a universal human experience, manifests in distinct forms with varied implications for psychological health. This study explores ‘toxic loneliness’, defined as chronic loneliness accompanied by psychological distress, and investigates its associations with adverse childhood experiences (ACEs), perceived social support and trait emotional intelligence.","openalex, scopus, wos",human,0.980,human,
discarded,"The role of defendant race, expert testimony and interrogation coerciveness on Canadian mock jurors' perceptions of recanted confessions",Ewanation L.,2026,Legal and Criminological Psychology,10.1111/lcrp.70018,https://www.scopus.com/inward/record.uri?partnerID=HzOxMe3b&scp=105025524368&origin=inward,legal-psychology; non-education; unrelated-term-match-other-field,"In some contexts, US‐based White jurors appear to exhibit a heightened focus on legally relevant information when the defendant is Black as compared to White. The current study tested this ‘watchdog’ effect in the Canadian context by examining mock jurors' decisions using a trial involving a recanted confession with an Indigenous or a White defendant. We also aimed to enhance our understanding of whether expert testimony sensitizes jurors to issues surrounding confessions, or if such testimony engenders a general scepticism towards this form of evidence.","openalex, scopus, wos",human,0.980,human,
discarded,The Role of Interactive New-Media Arts Applications in Managing Knowledge in the Public Domain,Ahmedien D.A.M.,2026,Wiley Interdisciplinary Reviews Data Mining and Knowledge Discovery,10.1002/widm.70125,https://www.scopus.com/inward/record.uri?partnerID=HzOxMe3b&scp=105047013061&origin=inward,knowledge-management; arts; non-education; unrelated-term-match-other-field,"
