status,title,authors,year,venue,doi,url,tags,abstract,provider,decision_source,llm_confidence,llm_review_outcome,llm_change_direction
discarded,MorphoCloud: Democratizing Access to High-Performance Computing for Morphological Data Analysis,Maga A.M.,2026,F1000research,10.12688/f1000research.176328.1,https://www.scopus.com/inward/record.uri?partnerID=HzOxMe3b&scp=105035478104&origin=inward,duplicate; nlp; non-computing-education; computing-education-or-software-engineering-not-version-control,,scopus,human,0.900,human,
discarded,VisCGEC: Benchmarking the Visual Chinese Grammatical Error Correction,Wang X.,2025,Proceedings of the 2025 Annual Conference of the Nations of the Americas Chapter of the Association for Computational Linguistics Human Language Technologies Long Papers Naacl Hlt 2025,10.18653/v1/2025.naacl-long.261,https://www.scopus.com/inward/record.uri?partnerID=HzOxMe3b&scp=105027459742&origin=inward,remote-sensing; knowledge-distillation; non-education; unrelated-term-match-other-field,,scopus,human,0.990,human,
discarded,Dual-Stream Spectral Decoupling Distillation for Remote Sensing Object Detection,Gao X.,2025,IEEE Transactions on Geoscience and Remote Sensing,10.1109/TGRS.2025.3600098,https://www.scopus.com/inward/record.uri?partnerID=HzOxMe3b&scp=105013788810&origin=inward,medical-imaging; knowledge-distillation; non-education; unrelated-term-match-other-field,"Knowledge distillation is an effective and hardware-friendly method, which plays a key role in lightweighting remote sensing object detection. However, existing distillation methods often encounter the issue of mixed features in remote sensing images (RSIs) and neglect the discrepancies caused by subtle feature variations, leading to entangled knowledge confusion. To address these challenges, we propose an architecture-agnostic distillation method named dual-stream spectral decoupling distillation (DS2D2) for universal remote sensing object detection tasks. Specifically, DS2D2 integrates explicit and implicit distillation grounded in spectral decomposition. First, the first-order wavelet transform is applied for spectral decomposition to preserve the critical spatial characteristics of RSIs. Leveraging this spatial preservation, a density-independent scale weight (DISW) is designed to address the challenges of dense and small-object detection common in RSIs. Second, we show implicit knowledge hidden in subtle student-teacher feature discrepancies, which significantly influence predictions when activated by detection heads. This implicit knowledge is extracted via full-frequency and high-frequency amplifiers, which map feature differences to prediction deviations. Extensive experiments on DIOR and DOTA datasets validate the effectiveness of the proposed method. Specifically, on DIOR dataset, (DSD2)-D-2 achieves improvements of 4.2% in AP(50) for RetinaNet and 3.8% in AP(50) for Faster R-CNN, outperforming existing distillation approaches. The source code will be available at: https://github.com/PolarAid/DS2D2",scopus,human,0.990,human,
discarded,REACT-KD: Region-Aware Cross-Modal Topological Knowledge Distillation for Interpretable Medical Image Classification,Chen H.,2025,Proceedings 2025 IEEE International Conference on Bioinformatics and Biomedicine Bibm 2025,10.1109/BIBM66473.2025.11357187,https://www.scopus.com/inward/record.uri?partnerID=HzOxMe3b&scp=105033562213&origin=inward,remote-sensing; semi-supervised-learning; non-education; unrelated-term-match-other-field,,scopus,human,0.990,human,
discarded,Dual Teacher: Improving the Reliability of Pseudo Labels for Semi-Supervised Oriented Object Detection,Fang Z.,2025,IEEE Transactions on Geoscience and Remote Sensing,10.1109/TGRS.2024.3519173,https://www.scopus.com/inward/record.uri?partnerID=HzOxMe3b&scp=85212756755&origin=inward,remote-sensing; semantic-segmentation; non-education; unrelated-term-match-other-field,"Oriented object detection in remote sensing is a critical task for accurately location and measurement of the interested targets. Despite of its success in object detection, deep learning-based detectors rely heavily on extensive data annotation. However, variations in object appearance significantly increase the difficulty and the cost of creating large-scale annotated datasets. Semi-supervised learning (SSL) aims to utilize unlabeled data to enhance object detectors. Among these, pseudo-label-based methods have shown promising results recently. Nonetheless, as training progresses, the accumulation of errors in pseudo labels leads to prediction bias without corrections. To tackle this particular challenge, we present a SSL pipeline, named ""dual teacher,"" for improving the reliability of pseudo labels in the semi-supervised oriented object detection. First, to mitigate the bias caused by limited annotated data, a global burn-in (GBI) strategy is introduced at the beginning of training, which guides the student detector to learn the feature extraction on a global scale. In addition, an online bounding box (bbox) correction module is proposed to decrease the occurrence of mislabeled instances and enhance the reliability of detection. These improvements are facilitated by an additional detector, instead of a single teacher model in the teacher-student architecture. Dual teacher reduces the dependency on the quality of pseudo labels related to the model complexity and combines the strengths of both the two-stage and one-stage detectors. With only 20% labeled data, dual teacher outperforms fully supervised rotated fully convolutional one-stage object detection (R-FCOS), you only look once X-small (YOLOX-s), and rotated region-based convolutional neural network (R-RCNN) by up to 2% on both a large-scale dataset for object detection in aerial images (DOTA) and SODA-A datasets. This reveals its potential in reducing labor-intensive tasks and enhancing robustness against environmental interference and noisy labels. The code is available at: https://github.com/ZYFFF-CV/DualTeacher-semisup.git.",scopus,human,0.990,human,
discarded,Unsupervised Domain Adaptation Semantic Segmentation of Remote Sensing Images With Mask Enhancement and Balanced Sampling,Li X.,2025,IEEE Transactions on Geoscience and Remote Sensing,10.1109/TGRS.2025.3529028,https://www.scopus.com/inward/record.uri?partnerID=HzOxMe3b&scp=85215418615&origin=inward,cybersecurity-education; hands-on-learning; browser-based-platform; unrelated-term-match-other-field,"Unsupervised domain adaptation (UDA) aims to improve model performance in the target domain by leveraging labeled data from the source domain while not requiring labeled data in the target domain. It has been widely applied in cross-domain semantic segmentation of remote sensing images (RSIs). Despite some advancements in this area, challenges such as class confusion due to color and texture similarities, class imbalance due to significant scale variations and sample imbalance continue to impede progress in UDA for RSI segmentation. To address these challenges, we propose a novel self-supervised teacher-student network framework, including two innovative techniques: mask-enhanced class mix (MECM) and scale-based rare class sampling (SRCS). The MECM method applies a high proportion of masks to mixed images derived from both source-domain images and target-domain images, which encourages the model to infer the semantic information of masked areas from the surrounding context, enhancing cross-domain contextual semantic learning and improving the recognition accuracy of similar classes. Additionally, SRCS increases the sampling proportion of small-scale rare classes, mitigating the issue of class imbalance. Experiments show that our method outperforms existing UDA techniques in terms of PA, mF1, and mIoU, achieving state-of-the-art results on three public datasets. Notably, in the Potsdam IRRG to Vaihingen UDA scenario, our method's performance on the key metric, mIoU, even surpasses that of supervised training, demonstrating the superiority of our approach. Codes are available at https://github.com/Qiuyb-ai/UDA-With-ME-and-BS.",scopus,human,0.950,human,
discarded,DOJO: Applied Cybersecurity Education in the Browser,Nelson C.,2024,SIGCSE 2024 Proceedings of the 55th ACM Technical Symposium on Computer Science Education,10.1145/3626252.3630836,https://www.scopus.com/inward/record.uri?partnerID=HzOxMe3b&scp=85189348299&origin=inward,remote-sensing; few-shot-learning; non-education; diagnostic-test-or-misconception-study-other-domain,"This paper introduces DOJO, a state-of-the-art, open-source learning platform for hands-on cybersecurity education that aims to minimize barriers for both students and instructors. DOJO draws insight and inspiration from the Capture The Flag (CTF) community, which has pioneered the use of hands-on challenges to teach cybersecurity concepts. DOJO improves upon the accessibility and usability of existing platforms by making available a pre-configured, full-featured learning environment immediately accessible from any device in the browser. Students are able to write code, interact with a shell, explore complex network configurations, debug processes and kernel modules, and more, all from the browser. Instructors can easily deploy DOJO to their own servers with a single docker run command, or use our already-deployed instance to host their own challenges or already existing challenges with a single git push command. DOJO has been successfully used in multiple university courses and workshops, and is available for free to the world, with more than 10,000 students from around the world having already benefited from using DOJO. In this paper, we discuss the infrastructure, design, implementation, and effectiveness of DOJO, and compare it to related work.",scopus,human,0.990,human,
discarded,Few-Shot Object Detection in Remote Sensing: Lifting the Curse of Incompletely Annotated Novel Objects,Zhang F.,2024,IEEE Transactions on Geoscience and Remote Sensing,10.1109/TGRS.2023.3347329,https://www.scopus.com/inward/record.uri?partnerID=HzOxMe3b&scp=85182375142&origin=inward,domain-adaptation; semantic-segmentation; non-education; unrelated-term-match-other-field,"Object detection (OD) is an essential and fundamental task in computer vision (CV) and satellite image processing. Existing deep learning methods have achieved impressive performance thanks to the availability of large-scale annotated datasets. Yet, in real-world applications, the availability of labels is limited. In this article, few-shot OD (FSOD) has emerged as a promising direction, which aims at enabling the model to detect novel objects with only few of them annotated. However, many existing FSOD algorithms overlook a critical issue: when an input image contains multiple novel objects and only a subset of them are annotated, the unlabeled objects will be considered as background during training. This can cause confusions and severely impact the model's ability to recall novel objects. To address this issue, we propose a self-training-based FSOD (ST-FSOD) approach, which incorporates the self-training mechanism into the few-shot fine-tuning process. ST-FSOD aims to enable the discovery of novel objects that are not annotated and take them into account during training. On the one hand, we devise a two-branch region proposal networks (RPNs) to separate the proposal extraction of base and novel objects. On the another hand, we incorporate the student-teacher mechanism into RPN and the region-of-interest (RoI) head to include those highly confident yet unlabeled targets as pseudolabels. Experimental results demonstrate that our proposed method outperforms the state of the art in various FSOD settings by a large margin. The codes will be publicly available at: https://github.com/zhu-xlab/ST-FSOD.",scopus,human,0.990,human,
discarded,DTBS: Dual-Teacher Bi-Directional Self-Training for Domain Adaptation in Nighttime Semantic Segmentation,Huang F.,2023,Frontiers in Artificial Intelligence and Applications,10.3233/FAIA230382,https://www.scopus.com/inward/record.uri?partnerID=HzOxMe3b&scp=85175837931&origin=inward,open-source-prs; software-engineering; non-education; unrelated-term-match-other-field,"Due to the poor illumination and the difficulty in annotating, nighttime conditions pose a significant challenge for autonomous vehicle perception systems. Unsupervised domain adaptation (UDA) has been widely applied to semantic segmentation on such images to adapt models from normal conditions to target nighttime-condition domains. Self-training (ST) is a paradigm in UDA, where a momentum teacher is utilized for pseudo-label prediction, but a confirmation bias issue exists. Because the one0directional knowledge transfer from a single teacher is insufficient to adapt to a large domain shift. To mitigate this issue, we propose to alleviate domain gap by incrementally considering style influence and illumination change. Therefore, we introduce a one-stage Dual-Teacher Bi-directional Self-training (DTBS) framework for smooth knowledge transfer and feedback. Based on two teacher models, we present a novel pipeline to respectively decouple style and illumination shift. In addition, we propose a new Re-weight exponential moving average (EMA) to merge the knowledge of style and illumination factors, and provide feedback to the student model. In this way, our method can be embedded in other UDA methods to enhance their performance. For example, the Cityscapes to ACDC night task yielded 53.8 mIoU (%), which corresponds to an improvement of +5% over the previous state-of-the-art. The code is available at https://github.com/hf618/DTBS.",scopus,human,0.870,human,
discarded,On Wasted Contributions: Understanding the Dynamics of Contributor-Abandoned Pull Requests-A Mixed-Methods Study of 10 Large Open-Source Projects,Khatoonabadi S.,2023,ACM Transactions on Software Engineering and Methodology,10.1145/3530785,https://www.scopus.com/inward/record.uri?partnerID=HzOxMe3b&scp=85152596575&origin=inward,distributed-software-development-education; pandemic-teaching; experience-report; git-or-software-tooling-without-learner-understanding-findings,"Pull-based development has enabled numerous volunteers to contribute to open-source projects with fewer barriers. Nevertheless, a considerable amount of pull requests (PRs) with valid contributions are abandoned by their contributors, wasting the effort and time put in by both the contributors and maintainers. To better understand the underlying dynamics of contributor-abandoned PRs, we conduct a mixed-methods study using both quantitative and qualitative methods. We curate a dataset consisting of 265,325 PRs including 4,450 abandoned ones from ten popular and mature GitHub projects and measure 16 features characterizing PRs, contributors, review processes, and projects. Using statistical and machine learning techniques, we find that complex PRs, novice contributors, and lengthy reviews have a higher probability of abandonment and the rate of PR abandonment fluctuates alongside the projects' maturity or workload. To identify why contributors abandon their PRs, we also manually examine a random sample of 354 abandoned PRs. We observe that the most frequent abandonment reasons are related to the obstacles faced by contributors, followed by the hurdles imposed by maintainers during the review process. Finally, we survey the top core maintainers of the studied projects to understand their perspectives on dealing with PR abandonment and on our findings.",scopus,human,0.940,human,
discarded,Teaching Development of Distributed Software during COVID-19: An experience report in Brazil,Trinta F.,2020,ACM International Conference Proceeding Series,10.1145/3422392.3422480,https://www.scopus.com/inward/record.uri?partnerID=HzOxMe3b&scp=85099406867&origin=inward,gis-education; spatial-thinking; non-computing-specific; computing-education-or-software-engineering-not-version-control,"In 2020, the COVID-19 pandemic affected all sectors of society worldwide, including education. Due to the social isolation requirement, several educational institutions used the Emergency Remote Teaching (ERT) approach to keep their courses active, at least partially. This document provides an experience report about using ERT in two courses (Distributed Systems and Software Development for the Cloud) that deal with the Development of Distributed Software Systems. In these two courses, we used three main approaches: synchronous online classes, asynchronous learning videos, and online material available on a Git repository. In some classes, we also adopted active methodologies such as problem-based learning and flipped classroom. Students were evaluated by seminars, tests, and programming activities. In the end, we collected their feedback from an online survey. Forty-two (42) graduate and undergraduate students reported a good level of acceptance of our ERT model. Part of the students had difficulties in doing their programming homework, and the main obstacles reported by them were: (i) their psychological context and (ii) to reconcile the course activities with home tasks as well as the demands of their jobs. Once practical experiences in ERT will be essential for a while given the uncertainty about how long COVID-19 pandemic will remain active, we expect the highlights and drawbacks of our experience could help other professors in planning their courses.",scopus,human,0.740,human,
discarded,The implementation of a geospatial information technology (GIT)-supported land use change curriculum with urban middle school learners to promote spatial thinking,Bodzin A.M.,2011,Journal of Research in Science Teaching,10.1002/tea.20409,https://www.scopus.com/inward/record.uri?partnerID=HzOxMe3b&scp=79951759376&origin=inward,git-education; student-misconceptions; version-control-learning; git-or-software-tooling-without-learner-understanding-findings,"This study investigated whether a geospatial information technology (GIT)-supported science curriculum helped students in an urban middle school understand land use change (LUC) concepts and enhanced their spatial thinking. Five 8th grade earth and space science classes in an urban middle school consisting of three different ability level tracks participated in the study. Data gathering methods included pre/posttest assessments, daily classroom observations, daily teacher meetings, and examination of student produced artifacts. Findings indicated that content knowledge about environmental issues associated with LUC and spatial thinking skills involved with aerial and remotely sensed (RS) imagery interpretation increased for all learners. In most content and skill area clusters, effect sizes were larger for lower and middle track learners than for upper track learners. Achievement for spatial thinking items increased for all ability level tracks. The curriculum implementation appeared effective for enhancing spatial thinking skills involved with RS image interpretation to identify objects and investigate ground cover features. Learners at all ability levels had difficulty interpreting time-sequenced images. Influencing learning contexts including curriculum design principles and instructional strategies are discussed. The findings from this study provide support that spatial thinking can be learned, can be taught formally to all students in an urban middle school, and can be supported by appropriately designed tools, technologies, and curriculum. (C) 2010 Wiley Periodicals, Inc. J Res Sci Teach 48: 281-300, 2011",scopus,human,0.990,human,
kept,Student Misconceptions and Strategies in Git/GitHub Processes.,Lori Postner; Darci Burdge; Heidi J. C. Ellis; Stoney Jackson; Gregory W. Hislop; Wesley Shumar; Karl R. Wurst; Cam Macdonell; Grant Braught,2026,ITiCSE,10.1145/3803401.3811998,https://dblp.org/rec/conf/iticse/PostnerBEJHSWMB26,git-education; open-source-education; teaching-materials; git-misconception-catalogue-poster; already-cited,,dblp,human,0.970,human,
discarded,GitKit: Learn Git and GitHub/GitLab Workflow in an Authentic Context (and How to Teach It to Your Students).,Grant Braught; Stoney Jackson; Karl R. Wurst,2025,SIGCSE,10.1145/3641555.3704766,https://dblp.org/rec/conf/sigcse/BraughtJW25,digital-comics; computer-science-students; unclear-impact; gitkit-tutorial-abstract-redundant-with-braught2024,,dblp,human,0.700,human,
discarded,The Digital Comic as a Study Tool for Caribbean Computer Science Students: A Pilot Study.,Curtis L. Gittens; Mechelle Gittens; Verna Knight; Ian Wade,2023,GEM,10.1109/GEM59776.2023.10390128,https://dblp.org/rec/conf/gamesem/GittensGKW23,git-education; student-tool-use; classroom-intervention; computing-education-or-software-engineering-not-version-control,"Despite the proven efficacy of digital comic books (digital comics for short) as an educational tool in various instructional settings across North America and Europe, there is a noticeable lack of studies examining their impact within the English-speaking Caribbean context. This paper aims to fill this gap by exploring digital comics in a West Indian educational setting, specifically in tertiary-level Computer Science in Barbados. The findings from our pilot study, present a complex picture. While students generally viewed comics positively and agreed on their potential as effective learning tools, the majority did not actually use the comic book for studying. Furthermore, these students did not report a better understanding of the subject compared to those who used traditional study materials.",dblp,human,0.980,human,
