status,title,authors,year,venue,doi,url,tags,abstract,provider,decision_source,llm_confidence,llm_review_outcome,llm_change_direction
discarded,Understanding developer well-being: measuring mental health and productivity in software teams,Johny Arriel; Theo Canuto; Júlia Azevedo; Maria Vitoria Lima; Paulo Mann; Alessandro Garcia; Juliana Alves Pereira,2026,Empirical Software Engineering,10.1007/s10664-026-10830-6,https://openalex.org/W7162309812,developer-wellbeing; software-engineering; non-education; computing-education-or-software-engineering-not-version-control,"Abstract The productivity of software developers is influenced by various factors encompassing technical, organizational, and individual aspects. Among these factors, mental health has emerged as a critical element for sustaining performance and well-being in this context. This work primary focus lies in understanding developers’ perceptions and acceptance of metrics related to mental health and productivity. Firstly, a mapping study was conducted to map the existing knowledge in this area. A total of 178 papers were retrieved using a predefined search string. After applying strict inclusion and exclusion criteria, five secondary studies were selected and 99 factors influencing productivity and/or mental health in the workplace were identified. Secondly, a metrics catalog was developed based on these influencing factors, combining established indicators from literature with new metrics designed to monitor developers’ mental health and productivity. The catalog includes 12 metrics along with their respective measurement formulas. Thirdly, an assessment of this catalog was performed through a survey and structured interviews with industry professionals, gathering insights on the applicability and relevance of the proposed metrics. The survey was completed by 47 software developers, 22 of whom also participated in the interviews. Our results reveal that while developers largely recognized the value of the catalog, resistance emerged when these metrics were positioned as evaluative mechanisms in the workplace.","openalex, scopus, wos, ieee",human,0.860,human,
discarded,How Domain Experts Create Conceptual Diagrams and Implications for Tool Design,Dor Ma’ayan; Wode Ni; Katherine Ye; Chinmay Kulkarni; Joshua Sunshine,2020,International Conference on Human Factors in Computing Systems,10.1145/3313831.3376253,https://openalex.org/W3031080112,diagramming; hci; non-education; computing-education-or-software-engineering-not-version-control,"Conceptual diagrams are used extensively to understand abstract relationships, explain complex ideas, and solve difficult problems. To illustrate concepts effectively, experts find appropriate visual representations and translate concepts into concrete shapes. This translation step is not supported explicitly by current diagramming tools. This paper investigates how domain experts create conceptual diagrams via semi-structured interviews with 18 participants from diverse backgrounds. Our participants create, adapt, and reuse visual representations using both sketches and digital tools. However, they had trouble using current diagramming tools to transition from sketches and reuse components from earlier diagrams. Our participants also expressed frustration with the slow feedback cycles and barriers to automation of their tools. Based on these results, we suggest four opportunities of diagramming tools — exploration support, representation salience, live engagement, and vocabulary correspondence — that together enable a natural diagramming experience. Finally, we discuss possibilities to leverage recent research advances to develop natural diagramming tools.","openalex, scopus, wos, ieee",human,0.900,human,
discarded,Helping Students Make Better Contributions to Open-Source Software Projects.,Zhewei Hu,2019,NCSU Libraries Repository (North Carolina State University Libraries),,https://openalex.org/W2948690651,open-source-education; student-contributions; thesis; thesis-oss-contribution-not-vcs-understanding,North Carolina State University Theses Computer Science.,"openalex, scopus, wos, ieee",human,0.750,human,
discarded,"Clinical skills education: outcomes of relationships between junior medical students, senior peers and simulated patients",Judith N Hudson; Anne Tonkin,2008,Medical Education,10.1111/j.1365-2923.2008.03107.x,https://openalex.org/W2045789669,medical-education; peer-assisted-learning; non-computing; unrelated-term-match-other-field,"OBJECTIVES: Peer-assisted learning (PAL) has been reported to have educational benefits in cross-year, small-group teaching in other contexts. Accordingly, we explored whether senior medical students are effective tutors for their junior peers in clinical skills education, and how the participants in the learning triad (tutors, learners and simulated patients [SPs]) perceive the learning environment created in PAL. METHODS: Year 2 students were randomly allocated to one of two groups for skills training. Group 1 (n = 64) were tutored by volunteer Year 6 students, and Group 2 (n = 67) by paid doctors. The results of both groups in a clinical skills examination were compared using an independent samples t-test. Qualitative data, obtained from Year 2 students (n = 125) by written questionnaire and Year 6 students (n = 11) and SPs (n = 3) by focus group interviews, were analysed for themes. RESULTS: Students receiving PAL did at least as well in the clinical skills examination as students with qualified tutors (difference in mean total score: 0.7 marks out of 112; 95% confidence interval--8 to 2.4). The PAL environment was perceived as 'comfortable' and fostered the development of confidence in all participants. Peer tutors created a more active learning environment than doctor tutors for both learners and SPs and reported personal benefits from teaching. CONCLUSIONS: With appropriate support, volunteer Year 6 student tutors are as effective as graduate doctors for small-group structured tutorials in clinical skills. Educational relationships were forged between all participants in the learning triad.","openalex, scopus, wos, ieee",human,0.860,human,
discarded,Medical Students’ Opinions of Anatomy Teaching Resources and Their Role in Achieving Learning Outcomes,Elias Abdullah; Mutahira Lone; James Cray; Peter Dvoracek; Joy Y. Balta,2021,Medical Science Educator,10.1007/s40670-021-01436-2,https://openalex.org/W3207853974,medical-education; anatomy; non-computing; unrelated-term-match-other-field,"Several teaching resources are used to enhance the learning of anatomy. The purpose of this study was to examine the preference of medical students on the use of various resources to learn anatomy and their link to 12 learning outcomes. A selected response item questionnaire was administered that asked students to rank six laboratory teaching resources from most to least preferred, and rate how useful these six resources were towards achieving 12 learning outcomes. These learning outcomes covered many of the learning domains such as demonstrating an understanding of anatomy, visualizing structures, appreciating clinical correlations, and understanding anatomical variations. Medical students ranked cadaveric prosections paired with an active learning clinical tutorial as the highest rank and most useful resource for learning anatomy, followed by dissection videos, electronic resources, and printed material, followed by plastinated specimens and plastic models. Overall, cadaveric prosections were also rated as the most helpful teaching resource in achieving various learning outcomes. In conclusion, anatomy teachers should provide prosections coupled with clinical tutorials as well as electronic resources as students prefer these and think they help them learn anatomy. Future studies will investigate the impact of using these resources on students' performance. SUPPLEMENTARY INFORMATION: The online version contains supplementary material available at 10.1007/s40670-021-01436-2.","openalex, scopus, wos, ieee",human,0.850,human,
discarded,"Basal-like breast cancer: molecular profiles, clinical features and survival outcomes",Heloisa Milioli; Inna Tishchenko; Carlos Riveros; Regina Berretta; Pablo Moscato,2017,BMC Medical Genomics,10.1186/s12920-017-0250-9,https://openalex.org/W2599572618,cancer-genomics; non-education; unrelated-term-match-other-field,"BACKGROUND: Basal-like constitutes an important molecular subtype of breast cancer characterised by an aggressive behaviour and a limited therapy response. The outcome of patients within this subtype is, however, divergent. Some individuals show an increased risk of dying in the first five years, and others a long-term survival of over ten years after the diagnosis. In this study, we aim at identifying markers associated with basal-like patients' survival and characterising subgroups with distinct disease outcome. METHODS: We explored the genomic and transcriptomic profiles of 351 basal-like samples from the METABRIC and ROCK data sets. Two selection methods, labelled Differential and Survival filters, were employed to determine genes/probes that are differentially expressed in tumour and control samples, and are associated with overall survival. These probes were further used to define molecular subgroups, which vary at the microRNA level and in DNA copy number. RESULTS: We identified the expression signature of 80 probes that distinguishes between two basal-like subgroups with distinct clinical features and survival outcomes. Genes included in this list have been mainly linked to cancer immune response, epithelial-mesenchymal transition and cell cycle. In particular, high levels of CXCR6, HCST, C3AR1 and FPR3 were found in Basal I; whereas HJURP, RRP12 and DNMT3B appeared over-expressed in Basal II. These genes exhibited the highest betweenness centrality and node degree values and play a key role in the basal-like breast cancer differentiation. Further molecular analysis revealed 17 miRNAs correlated to the subgroups, including hsa-miR-342-5p, -150, -155, -200c and -17. Additionally, increased percentages of gains/amplifications were detected on chromosomes 1q, 3q, 8q, 10p and 17q, and losses/deletions on 4q, 5q, 8p and X, associated with reduced survival. CONCLUSIONS: The proposed signature supports the existence of at least two subgroups of basal-like breast cancers with distinct disease outcome. The identification of patients at a low risk may impact the clinical decisions-making by reducing the prescription of high-dose chemotherapy and, consequently, avoiding adverse effects. The recognition of other aggressive features within this subtype may be also critical for improving individual care and for delineating more effective therapies for patients at high risk.","openalex, scopus, wos, ieee",human,0.990,human,
discarded,Impacts on Student Learning and Skills and Implementation Challenges of Two Student-Centered Learning Methods Applied in Online Education,Lama Soubra; Mohammad A. Al‐Ghouti; Mohammed H. Abu‐Dieyeh; Sérgio Crovella; Haissam Abou-Saleh,2022,Sustainability,10.3390/su14159625,https://openalex.org/W4290755569,online-education; student-centered-learning; general-education; unrelated-term-match-other-field,"Online education became more prevalent during the COVID-19 pandemic in many countries around the world, including the Gulf Cooperation Council (GCC) countries. This study aims at assessing the impacts on learning and skills of two student-centered instructional strategies (problem-based learning (PBL) and just-in-time teaching (JiTT)) used online and their implementation challenges. The PBL and JiTT were implemented in modules taught in various courses delivered at different bachelor’s study levels and disciplines. The research used a mixed design research method. Quantitative data were collected from exam scores and two self-administered surveys. Qualitative data were collected using individual structured interviews. The lecture-based learning method was used for comparisons. A total of 134 students participated in the quizzes and exams, 85 students completed the self-perceived impacts on learning and skills survey, and 82 students completed the implementation challenges survey. Ten students participated in the structured interviews. Tests and survey scores showed that both online PBL and JiTT had significant impacts on students learning and skills and that these effects are consistent across various disciplines. A non-conducive online learning climate, internet connectivity problems, heavy workloads, and time management issues were reported as the implementation challenges. The PBL and JiTT can be considered as effective teaching/learning strategies in online education.","openalex, scopus, wos, ieee",human,0.740,human,
discarded,Predicting Academic Success of College Students Using Machine Learning Techniques,Jorge Humberto Guanin-Fajardo; Javier Guaña–Moya; Jorge Casillas,2024,Data,10.3390/data9040060,https://openalex.org/W4395012452,student-performance-prediction; machine-learning; general-education; unrelated-term-match-other-field,"College context and academic performance are important determinants of academic success; using students’ prior experience with machine learning techniques to predict academic success before the end of the first year reinforces college self-efficacy. Dropout prediction is related to student retention and has been studied extensively in recent work; however, there is little literature on predicting academic success using educational machine learning. For this reason, CRISP-DM methodology was applied to extract relevant knowledge and features from the data. The dataset examined consists of 6690 records and 21 variables with academic and socioeconomic information. Preprocessing techniques and classification algorithms were analyzed. The area under the curve was used to measure the effectiveness of the algorithm; XGBoost had an AUC = 87.75% and correctly classified eight out of ten cases, while the decision tree improved interpretation with ten rules in seven out of ten cases. Recognizing the gaps in the study and that on-time completion of college consolidates college self-efficacy, creating intervention and support strategies to retain students is a priority for decision makers. Assessing the fairness and discrimination of the algorithms was the main limitation of this work. In the future, we intend to apply the extracted knowledge and learn about its influence of on university management.","openalex, scopus, wos, ieee",human,0.800,human,
discarded,On the assessment of generative AI in modeling tasks: an experience report with ChatGPT and UML,Javier Cámara; Javier Troya; Loli Burgueño; Antonio Vallecillo,2023,Software & Systems Modeling,10.1007/s10270-023-01105-5,https://openalex.org/W4377291442,llm; software-modeling; non-education; computing-education-or-software-engineering-not-version-control,"Abstract Most experts agree that large language models (LLMs), such as those used by Copilot and ChatGPT, are expected to revolutionize the way in which software is developed. Many papers are currently devoted to analyzing the potential advantages and limitations of these generative AI models for writing code. However, the analysis of the current state of LLMs with respect to software modeling has received little attention. In this paper, we investigate the current capabilities of ChatGPT to perform modeling tasks and to assist modelers, while also trying to identify its main shortcomings. Our findings show that, in contrast to code generation, the performance of the current version of ChatGPT for software modeling is limited, with various syntactic and semantic deficiencies, lack of consistency in responses and scalability issues. We also outline our views on how we perceive the role that LLMs can play in the software modeling discipline in the short term, and how the modeling community can help to improve the current capabilities of ChatGPT and the coming LLMs for software modeling.","openalex, scopus, wos, ieee",human,0.860,human,
discarded,Analysis of Learning Behavior in an Automated Programming Assessment Environment: A Code Quality Perspective,Hsi‐Min Chen; Bao-An Nguyen; Yi-Xiang Yan; Chyi‐Ren Dow,2020,IEEE Access,10.1109/access.2020.3024102,https://openalex.org/W3086838501,automated-programming-assessment; learning-analytics; code-quality; computing-education-or-software-engineering-not-version-control,"Automated programming assessment systems are useful tools to track the learning progress of students automatically and thereby reduce the workload of educators. They can also be used to gain insights into how students learn, making it easier to formulate strategies aimed at enhancing learning performance. Rather than functional code which is always inspected, code quality remains an essential aspect to which not many educators consider when designing an automated programming assessment system. In this study, we applied data mining techniques to analyze the results of an automated assessment system to reveal unexpressed patterns in code quality improvement that are predictive of final achievements in the course. Cluster analysis is first utilized to categorize students according to their learning behavior and outcomes. Cluster profile analysis is then leveraged to highlight actionable factors that could affect their final grades. Finally, the same factors are employed to construct a classification model by which to make early predictions of the students' final results. Our empirical results demonstrate the efficacy of the proposed scheme in providing valuable insights into the learning behaviors of students in novice programming courses, especially in code quality assurance, which could be used to enhance programming performance at the university level.","openalex, scopus, wos, ieee",human,0.970,human,
discarded,How do students deal with difficult physiological knowledge?,Kay Colthorpe; Haruna Abe; Louise Ainscough,2018,AJP Advances in Physiology Education,10.1152/advan.00102.2018,https://openalex.org/W2889774875,physiology-education; learning-strategies; non-computing; unrelated-term-match-other-field,"Physiology courses are considered to be challenging for students to master due to the highly conceptual nature of the discipline and the substantial cognitive effort required to understand disciplinary knowledge. Students must choose appropriate learning strategies to develop their understanding, as their choices may influence both their understanding and their academic achievement. The primary aim of this study was to develop an understanding of why students experience difficulties with physiology and how they respond when facing the challenge of learning this discipline. Undergraduate allied health students ( n = 231) studying physiology were asked to identify the topics they had difficulty understanding, the strategies they used to deal with that difficult knowledge, and the reasons for their difficulties. Consenting students' responses were subjected to inductive and deductive thematic analyses, and their performance on examinations were collated. Students reported that they found physiology difficult due to their lack of familiarity with it and the level of detail required. To aid their understanding of difficult topics, students commonly reported reviewing information, seeking further information, and seeking social assistance, with more high-achieving students reporting reviewing records, and fewer reporting seeking social assistance than poor-achieving students. Most notably, a disconnect was found between students' reporting of difficult modules and their academic achievement on those modules, with students who cited difficulties performing equally well, if not better, than those who do not. Importantly, these findings suggest that students, in recognizing their difficulties and the reasons for them, can implement effective learning strategies to overcome them.","openalex, scopus, wos, ieee",human,0.870,human,
