status,title,authors,year,venue,doi,url,tags,abstract,provider,decision_source,llm_confidence,llm_review_outcome,llm_change_direction
discarded,A New Perspective on the Evaluation of Pupils' Inquiry Skills Using Four-tier Test,"Smida, Dominik; Drozdikova, Anna; Nechajova, Rachel",2026,SCIENCE & EDUCATION,10.1007/s11191-026-00747-3,https://www.webofscience.com/wos/woscc/full-record/WOS:001771147000001,biology-education; inquiry-skills; non-computing; diagnostic-test-or-misconception-study-other-domain,"In biology education, it is essential to systematically develop pupils' inquiry skills, with a particular focus not only on their procedural component but also on understanding their scientific nature. However, conventional tests do not provide a comprehensive view of the pupils' acquired inquiry skills. For this reason, it is necessary to explore new approaches to assess them and provide deeper insights into pupils' thinking when solving various items through scientific methods. One perspective instrument can be a four-tier test, which has become increasingly popular among researchers. Nevertheless, it has more often been applied to assess conceptual understanding of knowledge rather than inquiry skills. However, the results of our research indicate that the four-tier test represents a valid and reliable instrument that provides more objective results in contrast to the one-tier and two-tier multiple-choice tests, which significantly overestimate the pupils' mean score, and in the case of the two-tier test, also overestimate the mean frequency of pupils' misconceptions associated with the application of inquiry skills. In addition, using the four-tier test, we identified frequent misconceptions among pupils associated with skills such as designing experiments, identifying variables, and formulating research questions. These findings can contribute to preventing or eliminating these misconceptions in biology education. Overall, the results show that the four-tier test can provide more detailed information about pupils' difficulties and problems, which can help us find more effective strategies for their development in biology education.","openalex, scopus, wos",human,0.910,human,
discarded,Development of a four-tier number sense test for sixth-grade students: cross-regional validity evidence in Hong Kong and Taiwan,"Yang, Der-Ching; Cheung, Ka Luen; Lin, Su-Wei",2026,EDUCATIONAL STUDIES,10.1080/03055698.2026.2660681,https://www.webofscience.com/wos/woscc/full-record/WOS:001747957100001,math-education; number-sense; non-computing; diagnostic-test-or-misconception-study-other-domain,"This study developed and validated a four-tier number sense test (4TNST) for sixth-grade students in Hong Kong and Taiwan. The 4TNST operationalises a five-component, second-order conceptualisation of number sense and extends earlier two-tier and three-tier instruments by differentiating confidence in answers from confidence in reasons. It was administered online to 1,735 Hong Kong and 997 Taiwanese sixth graders. Item analyses indicated adequate distributional properties. Reliability was acceptable for the five components and high for the overall scale. Confirmatory factor analyses supported a second-order five-component model, and supplementary exploratory analyses corroborated this structure. Multi-group analyses indicated approximate measurement invariance across regions and strong invariance across gender. Number sense performance was low, whereas confidence ratings were high, indicating overconfidence. As one of the first large-scale, online four-tier number sense tests in mathematics education, the 4TNST integrates performance and confidence into a single diagnostic score providing actionable information for instruction and curriculum design.","openalex, scopus, wos",human,0.920,human,
discarded,Development of a Two-Tier Cognitive Diagnostic Test to Identify Misconceptions of Basic Operations of Algebraic Expression,"Seng, Khong Wei; Lian, Lim Hooi",2026,MALAYSIAN JOURNAL OF LEARNING & INSTRUCTION,10.32890/mjli2026.23.1.9,https://www.webofscience.com/wos/woscc/full-record/WOS:001715266700003,math-education; algebra-misconceptions; non-computing; diagnostic-test-or-misconception-study-other-domain,"Purpose-This study aims to develop a two-tier Cognitive Diagnostic Test Instrument for Basic Algebraic Expressions Operations (UDKOMUA). The purpose is to identify misconceptions related to the basic operations (+, -,& times;, & +/-) of algebraic expressions among Form One students. Methodology-This quantitative study employed a survey method. The study involved 107 Form One students from a secondary school in Penang state. The Cognitive Diagnostic Assessment (CDA) model was applied in the development process of the UDKOMUA instrument, along with Item Response Theory (IRT). The UDKOMUA instrument consists of 24 two-tier multiple-choice items, and has demonstrated high content validity. Student data were collected using the UDKOMUA test, which included background information and multiple-choice items on algebraic expressions based on the four basic operations (+, -, & times;, & +/-). Data were analysed using the Rasch model to determine the validity and reliability of the UDKOMUA instrument. Finding-Analysis using the Rasch model of Winsteps showed that 23 items (95.8%) and 21 items (87.5%) had fulfilled the requirements in MNSQ infit and outfit. The standardized residual variance (PCA) was 60.8% and the item polarity value (PTMEA CORR) was between .41 to .73, which successfully differentiated the ability of respondents. The result of t-test in DIF (Differential Item Functioning) was between-1.75 to +1.47, which means showing no bias, and the rate scale used was quite good with the lowest observed count of 13 observations. The reliability index of respondents, items, and Cronbach Alpha (KR-20) was .88, .92, and .95 respectively. This has confirmed that the UDKOMUA and the result of study are reliable and valid. Significance-The UDKOMUA instrument built in this study can be used and utilized among Form One mathematics teachers.","openalex, scopus, wos",human,0.920,human,
discarded,Development and validation of a two-tier test instrument on simple electric circuits,"Gross, Benjamin; Ivanjek, Lana; Flegr, Salome; Glaesser, Judith; Kelava, Augustin; Burde, Jan-Philipp",2026,PHYSICAL REVIEW PHYSICS EDUCATION RESEARCH,10.1103/mf6b-5xcs,https://www.webofscience.com/wos/woscc/full-record/WOS:001688145400001,physics-education; electric-circuits; non-computing; diagnostic-test-or-misconception-study-other-domain,"In this article, we report the development and validation of a new two-tier concept inventory, the Basic Electricity Assessment of Students' Thinking (BEAST), designed to assess common conceptual difficulties (""student ideas,"" such as current consumption and sequential reasoning) and the understanding of fundamental electric circuit concepts (e.g., current, voltage, and resistance) among undergraduate students. The final version of the BEAST covers six student ideas, each linked to a distinct physical concept. Each student idea is assessed using three two-tier single-choice items. To refine the items and evaluate their content validity, including the correctness of answers and the intended categorization of student ideas based on response patterns, feedback and ratings from five experts were incorporated. The test was administered to a sample of N 1/4 176 students enrolled in introductory physics courses across six different German universities. Quantitative evaluation using classical test theory and structural analyses demonstrated strong evidence supporting the test's content and construct validity. Confirmatory factor analysis utilizing parsimonious bifactor models showed a good fit of the model to the data.","openalex, scopus, wos",human,0.920,human,
discarded,DEVELOPMENT AND APPLICATION OF A TWO-TIER ACID-BASE MISCONCEPTION DIAGNOSTIC TEST BASED ON PICTORIAL TO IDENTIFYING STUDENT MISCONCEPTIONS IN CHEMISTRY,"Nahadi, N.; Siswaningsih, Wiwi; Firman, Harry; Dewi, Elpha Purnama; Lestari, Tri; Rahmawati, Triannisa",2023,JOURNAL OF ENGINEERING SCIENCE AND TECHNOLOGY,,https://www.webofscience.com/wos/woscc/full-record/WOS:001024772800018,chemistry-education; acid-base; non-computing; diagnostic-test-or-misconception-study-other-domain,"The purpose of this study was to develop a two-tier diagnostic test based on pictorial that could identify students' misconceptions of acid-base concepts. This test is called the Acid-Base Misconception Diagnostic Test (ABMDT). This study used the Development and Validation method which consisted of design, development, validation, and application. Instrument validation sheets, interview guides, and essay tests were developed to obtain the data in this study. Based on the results of the design and development stage, obtained 15 items of ABMDT were valid with the Content Validity Ratio (CVR) value for each item being one. Based on the result of the reliability test, Cronbach's Alpha value was 0.771 or in other words, the test included acceptable categories. We then used valid and reliable items to identify misconceptions among high school students who learned the concept of acid-base. The application of tests showed that many misconceptions about an acid-base concept which was identified, such as strong acids reacting with metals resulting in H2 gas because strong acids ionized partially.","openalex, scopus, wos",human,0.930,human,
discarded,Exploring Indonesian student misconceptions in science concepts,"Soeharto, Soeharto; Csapo, Beno",2022,HELIYON,10.1016/j.heliyon.2022.e10720,https://www.webofscience.com/wos/woscc/full-record/WOS:000866417100024,science-misconceptions; indonesian-students; non-computing; diagnostic-test-or-misconception-study-other-domain,"This study aims to investigate the development and the differences in student misconceptions in science based on gender and grade level, and to evaluate the developed two-tier multiple-choice diagnostic test in confirming the test's validity and reliability. A sample of 856 participants from 10th-12th graders and prospective science teachers were collected. The two-tier multiple-choice diagnostic test with 32 items covering biology, chemistry, and physics was administered to evaluate students' science misconceptions at the senior high school and uni-versity levels. The results met validity and reliability criteria using confirmatory factor analysis and Rasch pa-rameters. The single-factor model has CFI = .973, RMSEA = .006, CI (.001, .014) and SRMR = .017 and the three -factor model has CFI = 0.939, RMSEA = .010, CI (.01, .017) and SRMR = .017. Based on the Rasch parameter, the infit and outfit MNSQ values achieve the acceptable fit (0.96 to 1) with good item reliability (.99) and person reliability (.80). All items have positive PTMA. Student misconceptions had significant differences in terms of grade and gender. We confirmed that prospective science teachers have higher misconceptions than 11th and 12th graders and slightly higher ones than 10th graders. Boys have a better conceptual understanding than girls based on the mean of correct answers. The multiple linear regression with the stepwise method confirmed that gender significantly predicted student misconceptions of science concepts, with 9% of variance explained. This study provided evidence that students and prospective teachers experience various misconceptions about science concepts.","openalex, scopus, wos",human,0.920,human,
discarded,The development and implementation of a two-tier multiple choice test related to the concepts of oxidation-reduction reactions and galvanic cells,"Sekerci, Ali Riza; Erdem, Ali Riza",2022,JOURNAL OF EDUCATIONAL SCIENCES & PSYCHOLOGY,10.51865/JESP.2022.1.05,https://www.webofscience.com/wos/woscc/full-record/WOS:000863331200005,chemistry-education; electrochemistry; non-computing; diagnostic-test-or-misconception-study-other-domain,"In recent years there has been growing interest in research concerning students' understanding of electrochemistry concepts. The two-tier multiple choice tests have played an important role in helping researchers determine students' level of understanding and in identifying specific misconceptions. The aim of current research was to develop a two-tier multiple choice test related to the concepts of oxidation-reduction reactions and galvanic cells, and to examine the applicability of this test. For this aim, primarily the students' misconceptions about related issues were identified in consideration of the literature. Then, a two-tier multiple choice test consisting of 19 items was developed based on the misconceptions identified. As a result, a valid and reliable two-tier multiple choice test was confirmed for the identification of 11th grade students' misconceptions about the concepts of oxidation-reduction reactions and galvanic cells. In addition, the students' misconceptions were discussed by evaluating answers given during the test.","openalex, scopus, wos",human,0.930,human,
discarded,Development of Concept Maps Diagnostic Test for Identification of Students' Misconceptions,"Halim, A.; Elmi; Elisa; Wahyuni, A.; Ngadimin; Musdar; Balqis, Novi Nanda",2020,3RD INTERNATIONAL CONFERENCE ON MATHEMATICS AND SCIENCE EDUCATION (ICOMSE) 2019: STRENGTHENING MATHEMATICS AND SCIENCE EDUCATION RESEARCH FOR THE CHALLENGE OF GLOBAL SOCIETY,10.1063/5.0000613,https://www.webofscience.com/wos/woscc/full-record/WOS:000558062000073,concept-maps; science-misconceptions; non-computing; diagnostic-test-or-misconception-study-other-domain,"Concept maps are usually used as learning media but rarely used as evaluation tools. In this study, concept maps were used as a substitute for diagnostic tests that are often applied to detect students' misconceptions. The research approaches used are quantitative, research & development and surveys. Diagnostic tests in the form of concept maps developed using the ADDIE model were tested for validity by using two-tier diagnostic tests as a The implementation of the CMDT (Concept Maps Diagnostic Test) uses a limited sample of 20 students of class XII 6 senior high school in Banda Aceh City. Based on the results of data analysis, it was found that students who experienced misconceptions were the relatively low category, knew the concepts in the medium category, lacked knowledge in the medium category and relatively low students who answered by guessing. These results did not differ significantly from the results of the two-tier diagnostic test. The findings through this study prove that the use of diagnostic concept maps to identify misconceptions is more effective in knowing the level of understanding and revealing student misconceptions.","openalex, scopus, wos",human,0.910,human,
discarded,Development of a three-tier number sense test for fifth-grade students,"Yang, Der-Ching",2019,EDUCATIONAL STUDIES IN MATHEMATICS,10.1007/s10649-018-9874-8,https://www.webofscience.com/wos/woscc/full-record/WOS:000473205200007,math-education; number-sense; non-computing; diagnostic-test-or-misconception-study-other-domain,"To assess the strength of conceptual understanding of number sense, a three-tier number sense test (TTNST) for fifth-grade students was developed and validated in this study. The three-tier test includes a content tier that assesses content knowledge of number sense, a reason tier that assesses a reason given for selecting a first-tier response, and a confidence tier that assesses how confident fifth-grade students are in their responses in the first two tiers. A total of 819 fifth-grade students from elementary schools in Taiwan participated in this study. Collected data showed that the test had good reliability and validity. The results revealed that many of the sample students performed poorly on number sense but maintained extremely high confidence; this indicated that many of the students held severe misconceptions and some were lacking in number sense. In addition, this study confirmed that the inclusion of a third tier (with confidence ratings) in the number sense test can mitigate the weaknesses of a previously used two-tier test. The educational implications of the findings are discussed in this paper.","openalex, scopus, wos",human,0.920,human,
discarded,Multilevel Rasch modeling of two-tier multiple choice test: A case study using Lawson's classroom test of scientific reasoning,"Xiao, Yang; Han, Jing; Koenig, Kathleen; Xiong, Jianwen; Bao, Lei",2018,PHYSICAL REVIEW PHYSICS EDUCATION RESEARCH,10.1103/PhysRevPhysEducRes.14.020104,https://www.webofscience.com/wos/woscc/full-record/WOS:000439289900001,scientific-reasoning; assessment; non-computing; diagnostic-test-or-misconception-study-other-domain,"Assessment instruments composed of two-tier multiple choice (TTMC) items are widely used in science education as an effective method to evaluate students' sophisticated understanding. In practice, however, there are often concerns regarding the common scoring methods of TTMC items, which include pair scoring and individual scoring schemes. The pair-scoring method is effective in suppressing ""false positives"" at the cost of missing possible middle states of progression of student understanding. On the other hand, the individual scoring method captures an undistinguished middle level but is prone to rewarding guessing, which leads to ""false positives"". In addition, this middle level does not discriminate the progression between knowing the result and explaining the reason, which limits the capacity of drawing meaningful implications from the assessment outcomes. To address the concerns with the current scoring methods, it is valuable to explore new scoring method(s) that can fully utilize the information measured with TTMC items. In this study, a number of scoring models are studied using Rasch analysis on data of a popular TTMC test, the Lawson classroom test of scientific reasoning (LCTSR), collected from four considerably different populations. The results show that the model fit quality of the scoring methods varies with student population and item design. In general, there is no one-fits-all solution; however, given the new information obtained in this study, a three-step process is suggested that can guide the development of new mixed scoring models tailored for a particular population and or test. The evaluation results show that the mixed models produce the most reliable model fitting and better than average goodness of fit. Furthermore, the results in this study also confirm previous studies, which suggest that it is harder to come up with a correct explanation than to just know the answer.","openalex, scopus, wos",human,0.890,human,
discarded,Development of <i>Two</i>-<i>Tier</i> Diagnostic Test Pictorial-Based for Identifying High School Students Misconceptions on the Mole Concept,"Siswaningsih, W.; Firman, H.; Zackiyah; Khoirunnisa, A.",2017,"INTERNATIONAL SEMINAR ON MATHEMATICS, SCIENCE, AND COMPUTER SCIENCE EDUCATION (MSCEIS 2016)",10.1088/1742-6596/812/1/012117,https://www.webofscience.com/wos/woscc/full-record/WOS:000399995000117,chemistry-education; mole-concept; non-computing; diagnostic-test-or-misconception-study-other-domain,"The aim of this study was to develop the two-tier pictorial-based diagnostic test for identifying student misconceptions on mole concept. The method of this study is used development and validation. The development of the test Obtained through four phases, development of any items, validation, determination key, and application test. Test was developed in the form of pictorial consisting of two tier, the first tier Consist of four possible answers and the second tier Consist of four possible reasons. Based on the results of content validity of 20 items using the CVR (Content Validity Ratio), a number of 18 items declared valid. Based on the results of the reliability test using SPSS, Obtained 17 items with Cronbach's Alpha value of 0703, the which means that items have accepted. A total of 10 items was conducted to 35 students of senior high school students who have studied the mole concept on one of the high schools in Cimahi. Based on the results of the application test, student misconceptions were identified in each label concept in mole concept with the percentage of misconceptions on the label concept of mole (60.15%), Avogadro's number (34.28%), relative atomic mass (62, 84%), relative molecule mass (77.08%), molar mass (68.53%), molar volume of gas (57.11%), molarity (71.32%), chemical equation (82.77%), limiting reactants (91.40%), and molecular formula (77.13%).","openalex, scopus, wos",human,0.930,human,
