status,title,authors,year,venue,doi,url,tags,abstract,provider,decision_source,llm_confidence,llm_review_outcome,llm_change_direction
discarded,Prompt-Driven Knowledge Distillation for Remote Sensing Object Detection,"Yang, Xi; Zhang, Hui; Zhang, Sheng; Wang, Nannan",2026,IEEE TRANSACTIONS ON IMAGE PROCESSING,10.1109/TIP.2026.3671649,https://www.webofscience.com/wos/woscc/full-record/WOS:001723046600011,eda; knowledge-distillation; non-education; unrelated-term-match-other-field,"Remote sensing object detection requires precise identification of multi-scale and multi-directional targets in com-plex backgrounds, demanding the model that achieves both high accuracy and real-time performance. While knowledge distillation proves effective for compressing natural image models, it exhibits limitations in more realistic remote sensing scenarios, including inadequate adaptability, biases from long-tail data distributions, and the propagation of errors from the teacher model. To address these challenges, we propose a Prompt Driven Knowledge Distillation (PDKD) framework for remote sensing object detection. This framework leverages prompt-based mechanisms to guide the student model in effectively acquiring and assimilating the teacher's knowledge, which integrates three core components: (1) Scale-Decoupled Feature Prompting (SDFP) module dynamically adjusts feature representation capabilities through scale decoupling, enabling differentiated distillation for targets of varying scales; (2) Semantic Visual Co-Prompting (SVCP) module, based on CLIP's multimodal prior knowledge, constructs category-specific semantic prompt vectors to enhance the focus on features of long-tail categories; (3) Self-Correcting Prompting (SCP) module that suppresses error propagation through a cross self-distillation mechanism. The experiments on the DOTA dataset show that with a 1x training schedule, the model achieves a 49.0% mAP . Source codes are available at https://github.com/Ningsui/PDKD.git",wos,human,0.990,human,
discarded,Bridging Layout and RTL: Knowledge Distillation based Timing Prediction,"Wang, Mingjun; Wen, Yihan; Sun, Bin; Mu, Jianan; Li, Juan; Wang, Xiaoyi; Ye, Jing; Yu, Bei; Li, Huawei",2025,INTERNATIONAL CONFERENCE ON MACHINE LEARNING,,https://www.webofscience.com/wos/woscc/full-record/WOS:001693167600179,robotics; sim-to-real; non-education; unrelated-term-match-other-field,"Accurate and efficient timing prediction at the register-transfer level (RTL) remains a fundamental challenge in electronic design automation (EDA), particularly in striking a balance between accuracy and computational efficiency. While static timing analysis (STA) provides high-fidelity results through comprehensive physical parameters, its computational overhead makes it impractical for rapid design iterations. Conversely, existing RTL-level approaches sacrifice accuracy due to the limited physical information available. We propose RTLDistil, a novel cross-stage knowledge distillation framework that bridges this gap by transferring precise physical characteristics from a layout-aware teacher model (Teacher GNN) to an efficient RTL-level student model (Student GNN), both implemented as graph neural networks (GNNs). RTLDistil efficiently predicts key timing metrics, such as arrival time (AT), and employs a multi-granularity distillation strategy that captures timing-critical features at node, subgraph, and global levels. Experimental results demonstrate that RTLDistil achieves significant improvement in RTL-level timing prediction error reduction, compared to state-of-the-art prediction models. This framework enables accurate early-stage timing prediction, advancing EDA's ""left-shift"" paradigm while maintaining computational efficiency. Our code and dataset will be publicly available at https://github.com/sklp-edalab/RTLDistil.",wos,human,0.990,human,
discarded,ClutterDexGrasp: A Sim-to-Real System for General Dexterous Grasping in Cluttered Scenes,"Chen, Zeyuan; Yan, Qiyang; Chen, Yuanpei; Wu, Tianhao; Zhang, Jiyao; Ding, Zihan; Li, Jinzhou; Yang, Yaodong; Dong, Hao",2025,CONFERENCE ON ROBOT LEARNING,,https://www.webofscience.com/wos/woscc/full-record/WOS:001676333500042,personalized-learning; data-warehousing; general-edtech; unrelated-term-match-other-field,"Dexterous grasping in cluttered scenes presents significant challenges due to diverse object geometries, occlusions, and potential collisions. Existing methods primarily focus on single-object grasping or grasp-pose prediction without interaction, which are insufficient for complex, cluttered scenes. Recent vision-language-action models offer a potential solution but require extensive real-world demonstrations, making them costly and difficult to scale. To address these limitations, we revisit the sim-to-real transfer pipeline and develop key techniques that enable zero-shot deployment in reality while maintaining robust generalization. We propose ClutterDexGrasp, a two-stage teacher-student framework for closed-loop target-oriented dexterous grasping in cluttered scenes. The framework features a teacher policy trained in simulation using clutter density curriculum learning, incorporating both a geometry- and spatially-embedded scene representation and a novel comprehensive safety curriculum, enabling general, dynamic, and safe grasping behaviors. Through imitation learning, we distill the teacher's knowledge into a student 3D diffusion policy (DP3) that operates on partial point cloud observations. To the best of our knowledge, this represents the first zero-shot sim-to-real closed-loop system for target-oriented dexterous grasping in cluttered scenes, demonstrating robust performance across diverse objects and layouts. More details and videos are available at https: //clutterdexgrasp.github.io/.",wos,human,0.730,human,
discarded,Enhancing Personalized Learning With Real-Time Data Warehousing and Linked Open Data Integration For Open Knowledge Domain,"Trang, Pham Ngoc Thuy; Zheng, Xianwen; Nguyen, Mau; Hasegawa, Shinobu",2025,"2025 17TH INTERNATIONAL CONFERENCE ON KNOWLEDGE AND SYSTEM ENGINEERING, KSE",10.1109/KSE68178.2025.11309428,https://www.webofscience.com/wos/woscc/full-record/WOS:001679963600036,object-detection; knowledge-distillation; non-education; unrelated-term-match-other-field,"Modern education is undergoing a dramatic transformation in the era of Artificial Intelligence (AI) and the Industrial Revolution 4.0. This shift is pushing education systems toward more flexible, data-driven, and learner-centric approaches. In this context, personalized learning has emerged to address individual differences and overcome the limitations of the traditional 'one size fits all' teaching approach, with numerous research studies exploring knowledge management and the challenges associated with this educational paradigm. However, current work has not yet resolved the issue of data, particularly the difficulty of continuously capturing learners' experiences in real-time within open-domain learning environments - unconstrained educational settings where learners freely access diverse resources and engage in various activities without predetermined boundaries. This challenge is compounded by the unrestricted nature of such learning contexts. To address this challenge, this paper proposes a novel architecture that dynamically integrates learners' data stored in a real-time data warehouse (DWH) with Linked Open Data (LOD). This integration aims to enhance personalized learning systems in an open-domain context and develop an educational temporal concept map. Our goal is to combine the DWH with a knowledge graph to create a robust foundation for personalized learning. This unified framework offers valuable resources for learners while generating rich data for researchers in the field of smart education. The code is available at: https://github.com/PikarryPham/PL-OpenDomain.",wos,human,0.990,human,
discarded,Dual-teacher fusion with augmented branch for semi-supervised object detection,"Xiong, Xiaolong; Leng, Tingting; Guo, Shuzhan; Chen, Shanxiong; Zhou, Jun",2026,PATTERN RECOGNITION,10.1016/j.patcog.2026.113176,https://www.webofscience.com/wos/woscc/full-record/WOS:001685165800006,knowledge-distillation; machine-learning; non-education; git-or-software-tooling-without-learner-understanding-findings,"Semi-Supervised Object Detection (SSOD) has gained widespread application by effectively reducing data labeling costs through the utilization of potential information from unlabeled data. However, the performance of SSOD algorithms is often challenged by two key issues: first, confirmation bias caused by pseudo-label noise; and second, limited consistency learning spaces that hinder the enhancement of the model's generalization capability. To address these challenges, we propose an innovative framework called Dual-Teacher Fusion with Augmented Branch (DTAB) to improve both the quality of pseudo-labels and the model's generalization capability. The proposed DTAB employs dual-teacher models to detect different views of the same image and fuses their complementary information through a prediction alignment module, reducing localization errors and enhancing the accuracy of pseudo-labels. In addition, the diversity of predictions from dual-teacher models helps mitigate issues arising from data scarcity. Furthermore, we introduce a feature-level perturbation branch that expands the scope of consistency learning by applying DropBlock perturbations in the feature space, further enhancing the generalization capability of the student model. Experimental results on the MS-COCO and PASCAL VOC datasets demonstrate that our proposed approach improves both accuracy and robustness compared to existing two-stage SSOD methods. The source code is available at https://github.com/peng5066/DTAB.",wos,human,0.990,human,
discarded,Dynamic curriculum knowledge distillation: optimizing knowledge transfer through temporal adaptation,"Zhou, Huaping; Wu, Jin; Meng, Xiangrui; Sun, Kelei; Wu, Tao; Deng, Bing",2026,MULTIMEDIA SYSTEMS,10.1007/s00530-025-02117-5,https://www.webofscience.com/wos/woscc/full-record/WOS:001680937300041,chinese-grammar-correction; nlp; non-computing-education; unrelated-term-match-other-field,"Existing knowledge distillation (KD) methods focus on constructing efficient spatial knowledge representations for student networks, which often neglect the temporal nature of knowledge transfer in KD. In this paper, we show empirically that using static loss function weights limits the students' ability to learn over time, and that focusing on low-noise tasks early in training facilitates their learning process. Building on these observations, we propose a temporal curriculum-based knowledge distillation method, which we call Dynamic Curriculum Knowledge Distillation (DCKD). DCKD comprises two complementary components: Adaptive Distillation Weight (ADW) and Crescendo Adversarial Distillation (CAD). In early training stages, ADW introduces a learnable task noise parameter based on homoscedastic uncertainty to measure task difficulty and automatically adjust weights, guiding the student network to focus on low-noise tasks. As training progresses, CAD leverages this same learnable noise parameter to reverse gradients, shifting the curriculum from simpler to more challenging tasks through an adversarial mechanism. The learnable noise parameter thus serves as a bridge connecting ADW and CAD, enabling smooth curriculum progression. As a general integration framework, DCKD can be seamlessly integrated into state-of-the-art (SOTA) knowledge distillation frameworks. Comprehensive evaluations on CIFAR-100, ImageNet, and MS-COCO benchmarks indicate that our approach significantly improves performance across ten SOTA knowledge distillation methods, yielding competitive results. Our code is available at https://github.com/ITVR-lab/DCKD.git.",wos,human,0.820,human,
discarded,VisCGEC: Benchmarking the Visual Chinese Grammatical Error Correction,"Wang, Xiaoman; Yuan, Dan; Liu, Xin; Zhao, Yike; Zhang, Xiaoxiao; Chen, Xizhi; Lan, Yunshi",2025,"PROCEEDINGS OF THE 2025 CONFERENCE OF THE NATIONS OF THE AMERICAS CHAPTER OF THE ASSOCIATION FOR COMPUTATIONAL LINGUISTICS: HUMAN LANGUAGE TECHNOLOGIES, VOL 1: LONG PAPERS",,https://www.webofscience.com/wos/woscc/full-record/WOS:001598852000261,remote-sensing; knowledge-distillation; non-education; unrelated-term-match-other-field,"Chinese Grammatical Error Correction (CGEC) plays a significant role in providing automatic feedback to students' writing, especially for Chinese as a Foreign Language Learner (CFL). Particularly, rudimentary CFLs write Chinese characters where phonological and visual confusion is constantly involved. However, existing CGEC studies ignore the multi-modality and potential faked errors (i.e., non-existent characters created due to writing errors), which pushes the techniques far away from real-world scenarios. To address this gap, we develop a dataset, namely VisCGEC, to benchmark the visual Chinese grammatical error correction for Chinese as a Foreign Language Learner (CFL). The dataset contains 2,451 images of handwritten sentences with grammatical errors and corresponding correction texts, which Chinese language experts meticulously annotate. In addition, we propose baseline approaches on VisCGEC and conduct experiments with two CGEC frameworks (i.e., a two-stage pipeline and an end-to-end system), providing a strong baseline for future research. Extensive empirical results and analyses demonstrate that VisCGEC is high-quality but challenging, where the best approach achieves an F0.5 score of only 28.9%. Our dataset and baseline methods are available at https://github.com/xiaoAugenstern/VisCGEC.",wos,human,0.990,human,
discarded,CoreKD: Adaptive core-aware knowledge distillation for tiny object detection in remote sensing imagery,Zhou Z.,2027,Expert Systems with Applications,10.1016/j.eswa.2026.133869,https://www.scopus.com/inward/record.uri?partnerID=HzOxMe3b&scp=105046976419&origin=inward,object-detection; remote-sensing; non-education; unrelated-term-match-other-field,"Minimizing satellite on-orbit interpretation latency is paramount in remote sensing. Due to the limited computational resources of edge devices, Knowledge Distillation (KD) serves as a natural solution for reducing inference costs through distilling powerful models into lightweight ones. However, traditional rigid feature imitation is suboptimal for tiny-sized object distillation in remote sensing. The difficulty arises from two aspects: successive downsampling attenuates the already weak signals of tiny objects; the structural gap between powerful and lightweight frameworks causes an intrinsic activation shift, making rigid feature matching ineffective for supervision. Consequently, we propose the adaptive core-aware knowledge distillation for tiny-sized object detection in remote sensing scene (CoreKD). Our method integrates three pivotal submodules: (i) Adaptive Core Feature Imitation (ACFI), which introduces a size-aware Gaussian prior to decouple sparse instance features from the background noise, guiding the student framework to focus on tiny-sized instance cores; (ii) Non-Rigid Distillation (NRD), which learns sampling offsets to geometrically rectify the student's receptive field, resolving the spatial feature misalignment induced by structural asymmetry; (iii) Foreground-Guided Relation Distillation (FGRD), which captures the global contextual dependencies to strengthen the student's robustness in complex scenarios. Extensive experiments confirm that CoreKD delivers consistent performance improvements for student models on the challenging DIOR, AI-TOD, SODA-D, and SSDD datasets. In lightweight networks, CoreKD cuts parameters by similar to 34.4%, at a marginal similar to 3.4% accuracy cost relative to the teacher model. The code is available at https://github.com/TinyOD/CoreKD.",scopus,human,0.990,human,
discarded,Image signal process with dynamic class-rebalanced and IoU-threshold for unsupervised domain adaptive dark object detection,Zhang Y.,2026,Pattern Recognition,10.1016/j.patcog.2026.113516,https://www.scopus.com/inward/record.uri?partnerID=HzOxMe3b&scp=105034142888&origin=inward,morphology-data; open-source-model; non-education; unrelated-term-match-other-field,"Object detection in dark conditions has always been a great challenge due to the complex formation process of low-light images. Currently, the mainstream methods usually adopt domain adaptation with Teacher-Student architecture to solve the dark object detection problem, and they imitate the dark conditions by using non-learnable data augmentation strategies on the annotated source daytime images. Note that these methods neglect to model the intrinsic imaging process, i.e. image signal processing (ISP), which is important for camera sensors to generate low-light images. Furthermore, the class imbalance in the dataset often leads to incorrectly detecting a minority class as a majority class, which exerts a huge impact on dark object detection as well. To solve the above problems, in this paper, we propose a novel method named ISP Dynamic Teacher for dark object detection by exploring Teacher-Student architecture from a new perspective (i.e. self-supervised learning based ISP degradation, dynamic class-rebalanced and IoU-threshold adjustment strategy). Specifically, we first crop all the instances of each image in a batch size according to their ground truth and save them into a Mix-Instances-Bank. Then, we propose a Class-Rebalanced Module (CRM) by creating a confusion matrix and use a weight sampling algorithm to identify the mixed instance from the Mix-Instance-Bank that best matches the base instance in the original source image. Subsequently, by mixing them together with the help of Mixup augmentation, we can address the problem of class imbalance in object detection. Moreover, we design a Day-to-night Transformation Module that is consistent with the ISP pipeline of the camera sensors (ISP-DTM) to make the augmented images look more in line with the natural low-light images captured by cameras, and the ISP-related parameters are learned in a self-supervised manner. Then, to avoid the conflict between the ISP degradation and detection tasks in a shared encoder, we propose a disentanglement regularization (DR) that minimizes the absolute value of cosine similarity to disentangle two tasks and push two gradient vectors as orthogonal as possible. Building upon this, we further devise a Dynamic IoU-threshold Adjustment (DIA) strategy to find the True-Positive (TP) pseudo-labels that are erroneously filtered out by a high static threshold. Extensive experiments show that we achieve state-of-the-art performance in dark object detection on the BDD100k dataset (49.6% in AP) and the SHIFT dataset (52.8% in AP) respectively. The code can be found at https://github.com/zhangyin1996/ISP-Teacher.",scopus,human,0.860,human,
discarded,Forking anatomy: How MorphoDepot applies the open-source development model to 3D digital morphology,Maga A.M.,2026,Methods in Ecology and Evolution,10.1111/2041-210x.70342,https://www.scopus.com/inward/record.uri?partnerID=HzOxMe3b&scp=105041039685&origin=inward,morphology-hpc; non-education; git-or-software-tooling-without-learner-understanding-findings,"1. The increasing use of 3D imaging technologies in biological sciences is generating vast repositories of anatomical data, yet significant barriers prevent these data from reaching its full potential in educational and collaborative contexts. While sharing raw computed tomography and magnetic resonance imaging scans has become routine, distributing value-added segmented datasets-where anatomical structures are precisely labelled and delineated-remains difficult and rare. Current repositories function primarily as static archives, lacking mechanisms for iterative refinement, community-driven curation and the controlled terminology essential for downstream computational applications, including artificial intelligence (AI). 2. We propose that segmented 3D morphological datasets should be reconceptualized as collaborative, version-controlled projects rather than static archival products. We introduce MorphoDepot, a framework that adapts the 'fork-and-contribute' model-a cornerstone of modern open-source software development-for collaborative management of 3D morphological data. 3. By integrating git version control and GitHub's collaborative infrastructure with 3D Slicer and its SlicerMorph extension, MorphoDepot transforms segmented anatomical datasets into dynamic, community-curated projects. By treating each anatomical dataset as an individual repository that can be forked, modified, reviewed and merged, MorphoDepot enables communities of researchers, educators and students to co-create high-quality, standardized anatomical atlases through a transparent, auditable process. This approach directly addresses the challenges of distributed collaboration, enforces transparent provenance tracking and creates high-quality, standardized training data for AI model development. 4. The result is a system that embodies FAIR (Findable, Accessible, Interoperable and Reusable) data principles while creating powerful new opportunities for remote learning and collaborative science. We argue that format accessibility and collaborative curation are inseparable, genuine community-driven data refinement requires open formats and open tools as prerequisites for participation.",scopus,human,0.880,human,
