status,title,authors,year,venue,doi,url,tags,abstract,provider,decision_source,llm_confidence,llm_review_outcome,llm_change_direction
discarded,A pilot randomized controlled trial of exercise to improve cognitive performance in patients with stable glioma: a proof of concept,Karin Gehring; Martijn M. Stuiver; Eva Visser; Corelien Kloek; Martin J. van den Bent; Monique C.J. Hanse; Cees Tijssen; Geert‐Jan Rutten; Martin Taphoorn; Neil K. Aaronson; Margriet M. Sitskoorn,2019,Neuro-Oncology,10.1093/neuonc/noz178,https://openalex.org/W2993069821,clinical-trial; non-education; unrelated-term-match-other-field,"BACKGROUND: Patients with glioma often suffer from cognitive deficits. Physical exercise has been effective in ameliorating cognitive deficits in older adults and neurological patients. This pilot randomized controlled trial (RCT) explored the possible impact of an exercise intervention, designed to improve cognitive functioning in glioma patients, regarding cognitive test performance and patient-reported outcomes (PROs). METHODS: Thirty-four clinically stable patients with World Health Organization grades II/III glioma were randomized to a home-based remotely coached exercise group or an active control group. Patients exercised 3 times per week for 20-45 minutes, with moderate to vigorous intensity, during 6 months. At baseline and immediate follow-up, cognitive performance and PROs were assessed with neuropsychological tests and questionnaires, respectively. Linear regression analyses were used to estimate effect sizes of potential between-group differences in cognitive performance and PROs at 6 months. RESULTS: The exercise group (n = 21) had small- to medium-sized better follow-up scores than the control group (n = 11) on several measures of attention and information processing speed, verbal memory, and executive function, whereas the control group showed a slightly better score on a measure of sustained selective attention. The exercise group also demonstrated small- to medium-sized better outcomes on measures of self-reported cognitive symptoms, fatigue, sleep, mood, and mental health-related quality of life. CONCLUSIONS: This small exploratory RCT in glioma patients provides a proof of concept with respect to improvement of cognitive functioning and PROs after aerobic exercise, and warrants larger exercise trials in brain tumor patients.","openalex, scopus, wos, dblp, ieee",human,0.990,human,
discarded,The Lagrangian particle dispersion model FLEXPART version 10.3,Ignacio Pisso; Espen Sollum; Henrik Grythe; N. I. Kristiansen; Massimo Cassiani; Sabine Eckhardt; Dèlia Arnold; Don Morton; Rona L. Thompson; Christine Groot Zwaaftink; Nikolaos Evangeliou; Harald Sodemann; Leopold Haimberger; Stephan Henne; Dominik Brunner; J. F. Burkhart; Anne Fouilloux; J. Brioude; Anne Philipp; Petra Seibert; A. Stohl,2019,Geoscientific Model Development,10.5194/gmd-2018-333,https://openalex.org/W2936771515,scientific-software; non-education; unrelated-term-match-other-field,"Abstract. The Lagrangian particle dispersion model FLEXPART was in its original version in the mid-1990s designed for calculating the long-range and mesoscale dispersion of hazardous substances from point sources, such as released after an accident in a nuclear power plant. Over the past decades, the model has evolved into a comprehensive tool for multi-scale atmospheric transport modelling and analysis and has attracted a global user community. Its application fields have been extended to a large range of atmospheric gases and aerosols, e.g. greenhouse gases, short-lived climate forcers like black carbon, or volcanic emissions, and it has also been used to study the atmospheric branch of the water cycle. Given suitable meteorological input data, it can be used for scales from dozens of meters to the global scale. In particular, inverse modelling based on source-receptor relationships from FLEXPART has become widely used. In this paper, we present FLEXPART version 10.3, which works with meteorological input data from the European Centre for Medium-Range Weather Forecasts' (ECMWF) Integrated Forecast System (IFS), and data from the United States' National Centers of Environmental Prediction (NCEP) Global Forecast System (GFS). Since the last publication of a detailed FLEXPART description (version 6.2), the model has been improved in different aspects such as performance, physico-chemical parametrizations, input/output formats and available pre- and post-processing software. The model code has also been parallelized using the Message Passing Interface (MPI). We demonstrate that the model scales well up to using 256 processors, with a parallel efficiency greater than 75 % for up to 64 processes on multiple nodes. The deviation from 100 % efficiency is almost entirely due to remaining non-parallelized parts of the code, suggesting large potential for further speed-up. A new turbulence scheme for the convective boundary layer has been developed that considers the skewness in the vertical velocity distribution (updrafts and downdrafts) and vertical gradients in air density. FLEXPART is the only model available considering both effects, making it highly accurate for small-scale applications, e.g. to quantify dispersion in the vicinity of a point source. The wet deposition scheme for aerosols has been completely rewritten and a new, more detailed gravitational settling parameterization for aerosols has also been implemented. FLEXPART has had the option for running backward in time from atmospheric concentrations at receptor locations since many years, but this has now been extended to work also for deposition values and may become useful, for instance, for the interpretation of ice core measurements. To our knowledge, to date FLEXPART is the only model with that capability. Furthermore, temporal variation and temperature dependence of chemical reactions with the OH radical have been included, allowing more accurate simulations for species with intermediate lifetimes against the reaction with OH, such as ethane. Finally, user settings can now be specified in a more flexible namelist format, and output files can be produced in NetCDF format instead of FLEXPART's customary binary format. In this paper, we describe these new developments. Moreover, we present some tools for the preparation of the meteorological input data and for processing of FLEXPART output data and briefly report on alternative FLEXPART versions.","openalex, scopus, wos, dblp, ieee",human,0.980,human,
discarded,National Forest Inventories capture the multifunctionality of managed forests in Germany,Nadja K. Simons; María R. Felipe‐Lucia; Peter Schall; Christian Ammer; Jürgen Bauhus; Nico Blüthgen; Steffen Boch; François Buscot; Markus Fischer; Kezia Goldmann; Martin M. Goßner; Falk Hänsel; Kirsten Jung; Peter Manning; Thomas Nauß; Yvonne Oelmann; Rodica Pena; Andrea Polle; Swen C. Renner; Michael Schloter; Ingo Schöning; Ernst‐Detlef Schulze; Emily F. Solly; Elisabeth Sorkau; Barbara Stempfhuber; Tesfaye Wubet; Jörg Müller; Sebastian Seibold; Wolfgang W. Weisser,2021,Forest Ecosystems,10.1186/s40663-021-00280-5,https://openalex.org/W3125360391,forest-ecology; non-education; unrelated-term-match-other-field,"Abstract Background Forests perform various important ecosystem functions that contribute to ecosystem services. In many parts of the world, forest management has shifted from a focus on timber production to multi-purpose forestry, combining timber production with the supply of other forest ecosystem services. However, it is unclear which forest types provide which ecosystem services and to what extent forests primarily managed for timber already supply multiple ecosystem services. Based on a comprehensive dataset collected across 150 forest plots in three regions differing in management intensity and species composition, we develop models to predict the potential supply of 13 ecosystem services. We use those models to assess the level of multifunctionality of managed forests at the national level using national forest inventory data. Results Looking at the potential supply of ecosystem services, we found trade-offs (e.g. between both bark beetle control or dung decomposition and both productivity or soil carbon stocks) as well as synergies (e.g. for temperature regulation, carbon storage and culturally interesting plants) across the 53 most dominant forest types in Germany. No single forest type provided all ecosystem services equally. Some ecosystem services showed comparable levels across forest types (e.g. decomposition or richness of saprotrophs), while others varied strongly, depending on forest structural attributes (e.g. phosphorous availability or cover of edible plants) or tree species composition (e.g. potential nitrification activity). Variability in potential supply of ecosystem services was only to a lesser extent driven by environmental conditions. However, the geographic variation in ecosystem function supply across Germany was closely linked with the distribution of main tree species. Conclusions Our results show that forest multifunctionality is limited to subsets of ecosystem services. The importance of tree species composition highlights that a lack of multifunctionality at the stand level can be compensated by managing forests at the landscape level, when stands of complementary forest types are combined. These results imply that multi-purpose forestry should be based on a variety of forest types requiring coordinated planning across larger spatial scales.","openalex, scopus, wos, dblp, ieee",human,0.990,human,
discarded,The relationship between neurocognition and social cognition with functional outcomes in schizophrenia: A meta-analysis,Anne‐Kathrin Fett; Wolfgang Viechtbauer; Maria-de-Gracia Dominguez; David L. Penn; Jim van Os; Lydia Krabbendam,2010,Neuroscience & Biobehavioral Reviews,10.1016/j.neubiorev.2010.07.001,https://openalex.org/W2144535302,meta-analysis; clinical-psychology; non-education; unrelated-term-match-other-field,"The current systematic review and meta-analysis provides an extended and comprehensive overview of the associations between neurocognitive and social cognitive functioning and different types of functional outcome. Literature searches were conducted in MEDLINE and PsycINFO and reference lists from identified articles to retrieve relevant studies on cross-sectional associations between neurocognition, social cognition and functional outcome in individuals with non-affective psychosis. Of 285 studies identified, 52 studies comprising 2692 subjects met all inclusion criteria. Pearson correlations between cognition and outcome, demographic data, sample sizes and potential moderator variables were extracted. Forty-eight independent meta-analyses, on associations between 12 a priori identified neurocognitive and social cognitive domains and 4 domains of functional outcome yielded a number of 25 significant mean correlations. Overall, social cognition was more strongly associated with community functioning than neurocognition, with the strongest associations being between theory of mind and functional outcomes. However, as three-quarters of variance in outcome were left unexplained, cognitive remediation approaches need to be combined with therapies targeting other factors impacting on outcome. (C) 2010 Elsevier Ltd. All rights reserved.","openalex, scopus, wos, dblp, ieee",human,0.980,human,
discarded,The ECSIM Concept (Environmental Control System for Intestinal Microbiota) and Its Derivative Versions to Help Better Understand Human Gut Biology,Jean‐François Brugère; David Feria-Gervasio; Zsolt Popse; William Tottey; Monique Alric,2011,InTech eBooks,10.5772/21602,https://openalex.org/W1575022332,gut-biology; non-education; diagnostic-test-or-misconception-study-other-domain,"Each meal reminds us of our energy needs. As heterotrophs, we have a whole set of organs for food digestion and conversion into substances usable by our body. The breakdown of food (mainly proteins, carbohydrates and lipids) takes place in the gastrointestinal tract (GIT) which assimilates these elements and transfers them into the bloodstream. In a","openalex, scopus, wos, dblp, ieee",human,0.990,human,
discarded,Current Perspectives of the Chicken Gastrointestinal Tract and Its Microbiome,Daniel Borda-Molina; Jana Seifert; Amélia Camarinha‐Silva,2018,Computational and Structural Biotechnology Journal,10.1016/j.csbj.2018.03.002,https://openalex.org/W2789399266,microbiome; non-education; unrelated-term-match-other-field,"The microbial communities inhabiting the gastrointestinal tract (GIT) of chickens are essential for the gut homeostasis, the host metabolism and affect the animals' physiology and health. They play an important role in nutrient digestion, pathogen inhibition and interact with the gut-associated immune system. Throughout the last years high-throughput sequencing technologies have been used to analyze the bacterial communities that colonize the different sections of chickens' gut. The most common methodologies are targeted amplicon sequencing followed by metagenome shotgun sequencing as well as metaproteomics aiming at a broad range of topics such as dietary effects, animal diseases, bird performance and host genetics. However, the respective analyses are still at the beginning and currently there is a lack of information in regard to the activity and functional characterization of the gut microbial communities. In the future, the use of multi-omics approaches may enhance research related to chicken production, animal and also public health. Furthermore, combinations with other disciplines such as genomics, immunology and physiology may have the potential to elucidate the definition of a ""healthy"" gut microbiota.","openalex, scopus, wos, dblp, ieee",human,0.990,human,
discarded,Geographic information systems and science,"Rocha, Jorge; Abrantes, Patrícia",2011,International Journal of Digital Earth,10.1080/17538947.2011.582276,https://openalex.org/W2512173100,book-review; gis; non-education; unrelated-term-match-other-field,"Geographic information systems and science, edited by P.A. Longley, M.A. Goodchild, D.J. Maguire and D.W. Rhind, Hoboken, NJ, John Wiley & Sons, 2011, 539 pp., €44.40 (paperback), ISBN 978-0-470-72...","openalex, scopus, wos, dblp, ieee",human,0.960,human,
discarded,Comparison of version control system tools,Nasraldeen Alnor Adam Khleel; Károly Nehéz,2020,Multidiszciplináris Tudományok,10.35925/j.multi.2020.3.7,https://openalex.org/W3041365775,version-control; tool-comparison; non-education; git-or-software-tooling-without-learner-understanding-findings,"Version control systems (VCS) are widely applied at software companies as a collaborative tool and to maintain multiple versions of source code and documentation. VCS is a software tool that manages development of software projects and provides methods to manage several developers working together and track them. Collaboration considers the master purpose of version control systems. Modern VCS supports the parallel development of artifacts using branches and merges. Currently, the version control system adopts on two approaches to software development, the Centralized Version Control System (CVCS) and the Distributed Version Control System (DVCS). This article introduces the concepts and comparison of Version Control Systems and some criteria to consider when selecting.","openalex, scopus, wos, dblp, ieee",human,0.800,human,
discarded,Google Earth Engine Cloud Computing Platform for Remote Sensing Big Data Applications: A Comprehensive Review,Meisam Amani; Arsalan Ghorbanian; Seyed Ali Ahmadi; Mohammad Kakooei; Armin Moghimi; S. Mohammad Mirmazloumi; Sayyed Hamed Alizadeh Moghaddam; Sahel Mahdavi; Masoud Ghahremanloo; Saeid Parsian; Qiusheng Wu; Brian Brisco,2020,IEEE Journal of Selected Topics in Applied Earth Observations and Remote Sensing,10.1109/jstars.2020.3021052,https://openalex.org/W3082766779,remote-sensing-review; non-education; computing-education-or-software-engineering-not-version-control,"Remote sensing (RS) systems have been collecting massive volumes of datasets for decades, managing and analyzing of which are not practical using common software packages and desktop computing resources. In this regard, Google has developed a cloud computing platform, called Google Earth Engine (GEE), to effectively address the challenges of big data analysis. In particular, this platform facilitates processing big geo data over large areas and monitoring the environment for long periods of time. Although this platform was launched in 2010 and has proved its high potential for different applications, it has not been fully investigated and utilized for RS applications until recent years. Therefore, this study aims to comprehensively explore different aspects of the GEE platform, including its datasets, functions, advantages/limitations, and various applications. For this purpose, 450 journal articles published in 150 journals between January 2010 and May 2020 were studied. It was observed that Landsat and Sentinel datasets were extensively utilized by GEE users. Moreover, supervised machine learning algorithms, such as Random Forest, were more widely applied to image classification tasks. GEE has also been employed in a broad range of applications, such as Land Cover/land Use classification, hydrology, urban planning, natural disaster, climate analyses, and image processing. It was generally observed that the number of GEE publications have significantly increased during the past few years, and it is expected that GEE will be utilized by more users from different fields to resolve their big data processing challenges.","openalex, scopus, wos, dblp, ieee",human,0.980,human,
discarded,The freshwater ichthyofauna of Greece - an update based on a hydrographic basin survey,Alcibiades N. Economou; Sofia Giakoumi; Leonidas Vardakas; Roberta Barbieri; Maria Th. Stoumboudi; Stamatis Zogaris,2007,Mediterranean Marine Science,10.12681/mms.164,https://openalex.org/W1966743603,ichthyofauna; non-education; unrelated-term-match-other-field,"Distribution records (historical, contemporary) for native and non-native freshwater fish species from 105 hydrographic basin areas were compiled and analysed in order to develop a nation-wide inventory (including transboundary river basins). Overall, 162 species, including diadromous and euryhaline, with documented occurrence records in freshwaters, and taxa of unclarified taxonomic status, are accommodated in the distributional compilation. An annotated checklist summarises the confirmed ichthyofauna of Greek freshwaters (161 species); a provisional supplementary list contains species recorded in brackish waters (55 species). In comparison to the last published (1991) checklist of freshwater fish of Greece, the present checklist shows an increase in species number of 53% (56 species). This increase has resulted mainly from taxonomic re-evaluations of existing taxa on the basis of new information and adoption of a new systematic concept. The current trend, as reflected in recent ichthyological publications, is towards abandonment of the biological species concept (BSC) and adoption of the phylogenetic species concept (PSC) for the delineation of species boundaries. The practical implications of the change in species concept on biodiversity conservation and watershed management are discussed. An overview of the composition and characteristics of the freshwater fish fauna of Greece is provided, especially with regard to the native and introduced status of species, and the spatial patterns of species richness and endemism. This systematic inventory may assist in efforts to develop nation-wide surface water bioassessment tools within the demands of the Water Framework Directive (WFD); it may further promote biodiversity conservation and biologically-orientated fishery management approaches.","openalex, scopus, wos, dblp, ieee",human,0.990,human,
