status,title,authors,year,venue,doi,url,tags,abstract,provider,decision_source,llm_confidence,llm_review_outcome,llm_change_direction
discarded,How conceptualisations of curriculum in higher education influence student-staff co-creation in and of the curriculum,Catherine Bovill; Cherie Woolmer,2018,Higher Education,10.1007/s10734-018-0349-8,https://openalex.org/W2906111153,curriculum-theory; higher-education; general-education; unrelated-term-match-other-field,"There is a wide range of activity taking place under the banner of ‘co-created curriculum’ within higher education. Some of this variety is due to the different ways people think about ‘co-creation’, but significant variation is also due to the ways in which higher education curriculum is conceptualised, and how these conceptualisations position the student in relation to the curriculum. In addition, little attention is paid to the differences between co-creation of the curriculum and co-creation in the curriculum. This paper addresses this gap by examining four theoretical frameworks used to inform higher education curriculum design. We examine how each framework considers the position of the learner and how this might influence the kinds of curricular co-creation likely to be enacted. We conclude by calling for more discussion of curriculum and curriculum theories in higher education—and for these discussions to include students. We argue that more clarity is needed from scholars and practitioners as to how they are defining curriculum, and whether they are focused on co-creation of the curriculum or co-creation in the curriculum. Finally, we suggest that paying greater attention to curriculum theories and their assumptions about the learner, offers enhanced understanding of curricular intentions and the extent to which collaboration is possible within any particular context.","openalex, scopus, wos, dblp",human,0.890,human,
discarded,Young People: A Phenomenographic Investigation into the Ways They Experience Information,Marian Smith; Mark Hepworth,2012,Libri,10.1515/libri-2012-0012,https://openalex.org/W2120867501,information-experience; thesis; non-computing; phenomenography-other-domain,A Doctoral Thesis. Submitted in partial fulfillment of the requirements for the award of Doctor of Philosophy of Loughborough University.,"openalex, scopus, wos, dblp",human,0.920,human,
discarded,A phenomenographic study on language assessment literacy: hearing from Iranian university teachers,Afsheen Rezai; Gudarz Alibakhshi; Sajjad Farokhipour; Mowla Miri,2021,Language Testing in Asia,10.1186/s40468-021-00142-5,https://openalex.org/W4200334916,language-assessment; phenomenography; non-computing; phenomenography-other-domain,"Abstract This study aims to disclose the Iranian university teachers’ perceptions of the fundamentals of language assessment literacy (LAL). To this aim, using purposive sampling, eighteen university teachers from two Iranian universities were invited to participate in semi-structured interviews. Their viewpoints were audio-recorded, transcribed, and subjected to a phenomenographic analysis. Findings yielded two overarching LAL domains: knowledge (e.g., having an acceptable level of digital LAL, satisfying ethical requirements, benefiting more from performance assessment, considering students’ individual differences, making assessment valid, assuring that tests are reliable, and having an acceptable level of pedagogical content knowledge) and skills (e.g., involving students in assessment, using alternative assessment methods, employing logically traditional assessment methods, informing students about test results, administering tests in standardized ways, using valid grading procedures, and bringing positive wash-back effects). After discussing the results, the study concludes with proposing a range of implications for different testing stakeholders and highlighting some avenues for further research.","openalex, scopus, wos, dblp",human,0.920,human,
discarded,The mediating role of digital informal learning in the relationship between students' digital competence and their academic performance,Mahboobe Mehrvarz; Elham Heidari; Mohammadreza Farrokhnia; Omid Noroozi,2021,Computers & Education,10.1016/j.compedu.2021.104184,https://openalex.org/W3135680541,digital-competence; academic-performance; general-education; unrelated-term-match-other-field,"Students' digital competencies are important for their academic performance. Although scholars have highlighted the importance of students' digital informal learning in developing their digital competence, the mediating role of digital informal learning between digital competence and academic performance have remained unexplored. Thus, this study aimed to investigate the mediating role of digital informal learning between higher education students' digital competence and their academic performance. The data were collected from 319 students from Shiraz University in Iran. Data were analysed using structural equation modeling via AMOS. The result showed a positive effect of the students' digital competence on their digital informal learning and academic performance. Moreover, digital informal learning as the mediator variable had a positive effect on the relationship between digital competence and students' academic performance. In conclusion, to improve students' academic performance, educators and curriculum designers should consider both their digital competence and their digital informal learning.","openalex, scopus, wos, dblp",human,0.760,human,
discarded,Teachers’ perception of STEM integration and education: a systematic literature review,Kelly C. Margot; Todd Kettler,2019,International Journal of STEM Education,10.1186/s40594-018-0151-2,https://openalex.org/W2909791928,systematic-review; stem-teachers; general-stem-education; unrelated-term-match-other-field,"For schools to include quality STEM education, it is important to understand teachers’ beliefs and perceptions related to STEM talent development. Teachers, as important persons within a student’s talent development, hold prior views and experiences that will influence their STEM instruction. This study attempts to understand what is known about teachers’ perceptions of STEM education by examining existing literature. Study inclusion criteria consisted of empirical articles, which aligned with research questions, published in a scholarly journal between 2000 and 2016 in English. Participants included in primary studies were preK-12 teachers. After quality assessment, 25 articles were included in the analysis. Thematic analysis was used to find themes within the data. Findings indicate that while teachers value STEM education, they reported barriers such as pedagogical challenges, curriculum challenges, structural challenges, concerns about students, concerns about assessments, and lack of teacher support. Teachers felt supports that would improve their effort to implement STEM education included collaboration with peers, quality curriculum, district support, prior experiences, and effective professional development. Recommendations for practice include quality in-service instruction over STEM pedagogy best practices and district support of collaboration time with peer teachers. Recommendations for future research are given.","openalex, scopus, wos, dblp",human,0.800,human,
discarded,How nursing students learn infection control education through undergraduate nursing programs: a phenomenographic research study,﻿Sung Ok ﻿Chang; Kyeong‐Yae Sohng; Kyunghee Kim; Jongsoon Won; Seung‐Kyo Chaung; Min‐Jung Choi,2023,BMC Nursing,10.1186/s12912-023-01465-9,https://openalex.org/W4386328586,nursing-education; phenomenography; non-computing; phenomenography-other-domain,"BACKGROUND: Competency in infection control is crucial for implementing nursing best practices to ensure patient safety. However, research is lacking on the infection control education received by nursing students prior to entering clinical settings as nurses. This study aimed to explore how nursing students conceptualize infection control care in undergraduate nursing programs. METHODS: years of five undergraduate programs. Data were collected from May 2019 to February 2020 through semi-structured interviews and analyzed using a phenomenographic analysis procedure. RESULTS: Six descriptive categories were derived inductively for nursing students' frames of reference regarding infection control care and six descriptive categories of how nursing students learned about infection control care. The structural framework of the identified categories, about how nursing students learn about infection control care, was presented as an outcome space. CONCLUSIONS: Given that nursing students demonstrate diverse conceptualizations of infection control and are at varying levels of learning, professors and clinical mentors need to develop theoretical education and clinical practice opportunities that consider these differences.","openalex, scopus, wos, dblp",human,0.920,human,
discarded,Students' Persistence and Academic Success in a First-Year Professional Bachelor Program: The Influence of Students' Learning Strategies and Academic Motivation,Gert Vanthournout; David Gijbels; Liesje Coertjens; Vincent Donche; Peter Van Petegem,2012,Education Research International,10.1155/2012/152747,https://openalex.org/W1979916210,higher-education; learning-strategies; general-education; unrelated-term-match-other-field,"The present study explores whether students' learning strategies and academic motivation predict persistence and academic success in the first year of higher education. Freshmen students in a professional bachelor program in teacher education were questioned on their learning strategy use and motivation at the start and at the end of the academic year. Students' learning strategies were assessed using the inventory of learning styles-SV. Motivation was measured using scales from the self-regulation questionnaire and the academic motivation scale. Gender and students' prior education were incorporated as control variables. Logistic regression analyses and general linear modelling were applied to predict persistence and academic success, respectively. In each case a stepwise approach in data analysis was used. Results on persistence indicate that lack of regulation and amotivation at the start of the year are significant predictors. For academic success, results showed that relating and structuring, lack of regulation, and lack of motivation at the end of the year are meaningful predictors. Overall, our study demonstrates that learning strategies and motivation have a moderate explanatory value regarding academic success and persistence, and that these effects remain even after controlling for the influence of background variables.","openalex, scopus, wos, dblp",human,0.880,human,
discarded,Effectiveness of L2 Instruction: A Research Synthesis and Quantitative Meta‐analysis,John M. Norris; Lourdes Ortega,2000,Language Learning,10.1111/0023-8333.00136,https://openalex.org/W2006181802,language-learning; meta-analysis; non-computing; unrelated-term-match-other-field,"This study employed (and reports in detail) systematic procedures for research synthesis and meta‐analysis to summarize findings from experimental and quasi‐experimental investigations into the effectiveness of L2 instruction published between 1980 and 1998. Comparisons of average effect sizes from 49 unique sample studies reporting sufficient data indicated that focused L2 instruction results in large target‐oriented gains, that explicit types of instruction are more effective than implicit types, and that Focus on Form and Focus on Forms interventions result in equivalent and large effects. Further findings suggest that the effectiveness of L2 instruction is durable and that the type of outcome measures used in individual studies likely affects the magnitude of observed instructional effectiveness. Generalizability of findings is limited because the L2 type‐of‐instruction domain has yet to engage in rigorous empirical operationalization and replication of its central research constructs. Changes in research practices are recommended to enhance the future accumulation of knowledge about the effectiveness of L2 instruction.","openalex, scopus, wos, dblp",human,0.970,human,
discarded,A phenomenographic study of Chinese primary school students’ conceptions about technology,Xun Su; Bangping Ding,2022,International Journal of Technology and Design Education,10.1007/s10798-022-09742-5,https://openalex.org/W4224242962,technology-conceptions; phenomenography; general-education; phenomenography-other-domain,"Although there are some researches conducted about students’ conceptions of technology, little research has been conducted to reveal the primary school students’ conceptions concerning technology in China. This research investigated Chinese primary school students’ (aged 9–12) conceptions of technology as regards their understanding of (a) the concept of technology, (b) the impact of technology on human life and nature, and (c) the relationship between technology and science. Phenomenography as the methodological framework was adopted for this study. A total of 63 primary school students were chosen as participants in the study to probe their conceptions about technology through picture/photo eliciting activities, and semi-structured, personal interviews in a website video format. It is found that the primary school students defined technology from diverse perspectives, including the dimensions of its attributes, production, operation and use, function, with most of them regarding technology as a double-edged sword. It is also found that they lack a comprehensive and rational understanding of the concept of technology and cannot understand the relationship between science and technology properly. This study contributes better to understanding primary school students’ conceptions about technology in mainland China and beyond, thus providing an empirical basis for improving technology education policy, curriculum, instruction, and assessment in the future for China and other countries.","openalex, scopus, wos, dblp",human,0.820,human,
discarded,What makes a good quantum outreach video? An evaluation framework for a quantum video playlist,Anttila D.,2026,EPJ Quantum Technology,10.1140/epjqt/s40507-025-00461-z,https://www.scopus.com/inward/record.uri?partnerID=HzOxMe3b&scp=105035519506&origin=inward,video-evaluation; quantum-outreach; non-computing-education; unrelated-term-match-other-field,"With increasing applications and industrialization of quantum-based technologies, quantum literacy is becoming progressively important for the general public. Online outreach videos are a popular tool due to their adaptability to complex contents. However, they can contain misinformation and foster inaccurate interpretations of quantum principles. The European Quantum Technology Flagship is addressing this by curating educational materials available to the public. Nevertheless, the community is still lacking an unambiguous method to assess the explanatory quality of quantum videos. Such a development would benefit teachers, science communicators and those who want to foster quantum knowledge outside of specialist endeavors. To close this gap, we iteratively developed an evaluative framework for quantum outreach videos, drawing on existing literature concerning educational videos. Two raters applied the final version of the framework to 20 videos (Cohen’s kappa 0.48). The results showed that some subcategories were coded rarely or not reliably enough, so a condensed version of the framework was introduced (Cohen’s kappa 0.59). We foresee an application of this framework to collections of quantum outreach videos. It illuminates the aspects to consider when creating such videos and highlights the importance of better defining how using certain subcategories can improve the explanatory quality of a video.","openalex, scopus, wos, dblp",human,0.850,human,
discarded,Development and preliminary psychometric evaluation of the exercise behavioral intention scale for hemodialysis patients,Kumakura R.,2026,Discover Psychology,10.1007/s44202-026-00671-1,https://www.scopus.com/inward/record.uri?partnerID=HzOxMe3b&scp=105037933721&origin=inward,scale-development; clinical-psychology; non-education; unrelated-term-match-other-field,"Exercise is clinically recommended for patients undergoing hemodialysis (HD); however, their physical activity levels remain low. Guided by the theory of planned behavior, this study developed the Exercise Behavioral Intention Scale for Hemodialysis Patients (EBISHP) and conducted an initial psychometric evaluation to assess exercise intention and support individualized interventions. Scale development proceeded in two phases: (1) item generation from literature and patient/nurse input with face and content validity testing, and (2) a multicenter cross-sectional survey in 26 Japanese HD facilities. In addition to the EBISHP, the short version of the International Physical Activity Questionnaire and the Self-Efficacy for Exercise Scale were used to assess physical activity and exercise self-efficacy. The EBISHP items were rated on a five-point Likert scale and analyzed as ordinal data using factor analytic methods. The psychometric evaluation included item analysis, exploratory factor analysis (principal factor, ProMax), confirmatory factor analysis, concurrent and known-groups validity, internal consistency, and test–retest reliability. Data from 273 completed surveys (191 retests) were analyzed. The final 29-item, eight-factor structure showed good model fit (CFI = 0.94, TLI = 0.93, RMSEA = 0.05, SRMR = 0.04). EBISHP correlated moderately with self-efficacy ( r = 0.642, p < 0.01) and weakly with physical activity ( r = 0.263, p < 0.01). Cronbach’s α was 0.925, and the ICC for the total score was 0.943 (95% CI: 0.924–0.957). The EBISHP showed preliminary evidence of structural validity, concurrent and known-groups validity, and reliability among HD patients. This tool may guide theory-based interventions and future research on behavioral motivation and change.","openalex, scopus, wos, dblp",human,0.980,human,
discarded,Delivering on person-centred fundamental care: how far have we (really) come? A 10-year retrospective,Feo R.,2026,International Journal of Nursing Studies,10.1016/j.ijnurstu.2026.105642,https://www.scopus.com/inward/record.uri?partnerID=HzOxMe3b&scp=105045706922&origin=inward,nursing-retrospective; non-education; unrelated-term-match-other-field,"The last decade has seen substantial efforts directed towards improving how fundamental care is delivered and experienced. This work was catalysed by landmark inquiries that demonstrated the devastating impacts of poor-quality fundamental care delivery. Much public and academic scrutiny ensued, including our own 2016 discussion paper, which argued that fundamental care was poorly delivered because it was invisible and devalued across healthcare systems. We proposed six strategies for overcoming this issue, ranging from re-conceptualising the value of fundamental care, to enhanced metrics and conceptual clarity. However, reports of poor-quality fundamental care remain, with adverse consequences for healthcare recipients, professionals, organisations, and systems alike. The significant challenges and tensions that have characterised the last decade, including workforce shortages, global pandemics, and geopolitical tensions, have put our healthcare systems under incredible strain, complicating the work of fundamental care transformation. Given these pervasive challenges, it is timely to reflect on the strategies we proposed ten years ago and ask: when it comes to delivering on fundamental care, how far have we (really) come? In this retrospective, we outline the contextual forces shaping our healthcare systems globally and propose what must be done over the next ten years to achieve our vision. We argue that fundamental care must be positioned not as an additional problem to be solved but as a solution to be implemented, one that is foundational to safe, high-quality, effective person-centred care, and which can work to address persistent system issues. Reframing fundamental care in this way requires the resolution of three key tensions: 1) task-driven versus relationship-driven approaches to care, 2) siloed and reductionist versus holistic approaches to care; and 3) incrementalist approaches to change predicated on individuals as the change agents versus whole-system redesign based on an ethics and humanity of care. These tensions create false dichotomies and competing priorities that monopolise energy and resources. The inevitable result is that fundamental care is distanced or isolated from the core work of healthcare systems, undermining its value and purpose. Resolving these tensions in ways that align with healthcare recipient and professional preferences will enable continued work on the strategies we proposed 10 years ago and precipitate a much-needed shift in our healthcare systems and the values underpinning them, seeing us one step closer to our goal of embedding an ethos of person-centred fundamental care in healthcare systems globally.","openalex, scopus, wos, dblp",human,0.950,human,
