status,title,authors,year,venue,doi,url,tags,abstract,provider,decision_source,llm_confidence,llm_review_outcome,llm_change_direction
discarded,Exploring Hong Kong Kindergarten Teachers’ Use of Technology (GenAI) to Support the Needs of L1 and L2 Chinese Language Learners,Zhou Y.,2026,Journal of Research in Childhood Education,10.1080/02568543.2025.2581709,https://www.scopus.com/inward/record.uri?partnerID=HzOxMe3b&scp=105024790577&origin=inward,early-childhood; genai; language-learning; unrelated-term-match-other-field,"ABSTRACT This study examined how Hong Kong kindergarten teachers integrate digital and non-digital technologies to support literacy development in L1 and L2 Chinese-speaking children, including perceptions of GenAI. Data from 108 teachers across 15 bilingual kindergartens revealed they primarily conceptualize language needs through basic literacy skills: listening, speaking, reading, and writing (70.37% L1, 59.26% L2), with significant perception differences between L1 and L2 learners regarding social integration and classroom support needs. Teachers predominantly used non-digital technology (70.2% of time), though younger teachers integrated digital tools more than senior colleagues. Key challenges were time constraints for non-digital tools (41.60%) and technical issues for digital tools (50.00%). While 54.4% expressed positive attitudes toward AI-powered technology, their understanding remained largely surface-level, not pedagogically transformative. The findings highlight a disconnect between teachers’ conceptual understanding of young L1/L2 learners’ needs and their teaching practices. This underscores an urgent need for professional development that bridges theoretical knowledge of L1/L2 learning with effective integration of both traditional and digital (AI-powered) technologies for pedagogical affordances in early bilingual education.","openalex, scopus, wos, dblp",human,0.810,human,
discarded,"Teachers’ perspectives on AI integration in K-12 education: challenges, opportunities, and preliminary assessment model–a systematic review",Kashif M.,2026,Computers in the Schools,10.1080/07380569.2025.2602507,https://www.scopus.com/inward/record.uri?partnerID=HzOxMe3b&scp=105026407518&origin=inward,systematic-review; k12-ai; general-education; unrelated-term-match-other-field,"The integration of Artificial Intelligence (AI) into K-12 education holds significant promise for transforming teaching and learning processes. Central to this transformation are teachers’ perspectives, which play a key role in shaping the adoption and effective use of AI technologies in classrooms. Existing literature has not systematically synthesized these perspectives through the lens of well-established theoretical frameworks, nor developed structured models to guide evaluation efforts. To address these gaps, this study applies constructs from the UTAUT and TPACK frameworks to guide a thematic synthesis of findings, with the aim of identifying enabling and constraining factors influencing AI integration in K-12 education from the standpoint of educators. The review process followed PRISMA guidelines to ensure rigorous and systematic literature selection and analysis. Findings suggest that teachers generally exhibit a blend of optimism and cautious concern regarding the adoption of AI in K-12 education. We identified three critical factors as particularly influential: teachers’ Technological Pedagogical Content Knowledge (TPACK), teacher agency, and teacher affective orientations. In response to the complexities of implementation, we propose a novel preliminary assessment model, guided by the evaluative principles of UNESCO’s Global Education Monitoring Report 2023. The proposed model offers a practice-grounded application of global policy dimensions: Equity, Sustainability, Appropriateness, and Scalability, linked with synthesized classroom-level insights. It further delineates ten essential subthemes, providing a structured approach for evaluating the effectiveness of AI integration in educational settings.","openalex, scopus, wos, dblp",human,0.780,human,
discarded,Bridging Theory and Application Through Practitioner Research in Higher Education,Shohel M.M.C.,2026,Bridging Theory and Application Through Practitioner Research in Higher Education,10.4018/979-8-3693-7142-8,https://www.scopus.com/inward/record.uri?partnerID=HzOxMe3b&scp=105032382256&origin=inward,higher-education; practitioner-research; general-education; unrelated-term-match-other-field,,"openalex, scopus, wos, dblp",human,0.900,human,
discarded,"Self-Compassion, Prolonged Grief, and Post-Traumatic Growth in Bereaved Young Adults: Network Analysis",Jiang L.,2026,Journal of Loss and Trauma,10.1080/15325024.2025.2523499,https://www.scopus.com/inward/record.uri?partnerID=HzOxMe3b&scp=105009498288&origin=inward,grief; psychology; non-education; unrelated-term-match-other-field,"Abstract Bereavement can present significant challenges for young adults, potentially leading to prolonged grief symptoms (PGS) while also facilitating post-traumatic growth (PTG). Self-compassion has emerged as a promising factor in the prevention and intervention of grief outcomes. This study examined the interconnections among self-compassion, PGS, and PTG elements using network analysis. Self-reported data from 365 bereaved young adults (Mage = 22.16 years, 59.5% female) were collected at least 8 months after the loss to identify the structural relationships between self-compassion and PGS/PTG elements. Central and bridge nodes were determined using strength and bridge strength metrics. Results showed that “reintegration difficulty”, “meaninglessness” and “identity disruption” were identified as having the highest centrality in PGS, with “identity disruption” emerging as the strongest bridge symptom linking PGS and self-compassion. The PTG element “do better things” was found to be both the central component of PTG and the most strongly associated with self-compassion. This study helps to clarify the symptom-level relationships between self-compassion and PGS/PTG in bereaved young adults. Future self-compassion interventions targeting the key bridge symptoms may relieve the severity of PGS and foster PTG following loss.","openalex, scopus, wos, dblp",human,0.990,human,
discarded,Reshaping Language and Cognition in Education Through AI,Yaqin L.N.,2026,Reshaping Language and Cognition in Education Through AI,10.4018/979-8-3373-4397-6,https://www.scopus.com/inward/record.uri?partnerID=HzOxMe3b&scp=105034826832&origin=inward,ai-in-education; book; too-broad; unrelated-term-match-other-field,,"openalex, scopus, wos, dblp",human,0.720,human,
discarded,Spellburst: A Node-based Interface for Exploratory Creative Coding with Natural Language Prompts,Tyler Angert; Miroslav Suzara; Jenny Yi-Chen Han; Christopher Pondoc; Hariharan Subramonyam,2023,ACM Symposium on User Interface Software and Technology,10.1145/3586183.3606719,https://openalex.org/W4385714563,creative-coding; llm-tool; non-education; computing-education-or-software-engineering-not-version-control,"Creative coding tasks are often exploratory in nature. When producing digital artwork, artists usually begin with a high-level semantic construct such as a “stained glass filter” and programmatically implement it by varying code parameters such as shape, color, lines, and opacity to produce visually appealing results. Based on interviews with artists, it can be effortful to translate semantic constructs to program syntax, and current programming tools don’t lend well to rapid creative exploration. To address these challenges, we introduce Spellburst, a large language model (LLM) powered creative-coding environment. Spellburst provides (1) a node-based interface that allows artists to create generative art and explore variations through branching and merging operations, (2) expressive prompt-based interactions to engage in semantic programming, and (3) dynamic prompt-driven interfaces and direct code editing to seamlessly switch between semantic and syntactic exploration. Our evaluation with artists demonstrates Spellburst’s potential to enhance creative coding practices and inform the design of computational creativity tools that bridge semantic and syntactic spaces.","openalex, scopus, wos, ieee",human,0.770,human,
discarded,"The Rise of Agentic AI: A Review of Definitions, Frameworks, Architectures, Applications, Evaluation Metrics, and Challenges",Ajay Bandi; Bhavani Kongari; Roshini Naguru; Sahitya Pasnoor; Sri Vidya Vilipala,2025,Future Internet,10.3390/fi17090404,https://openalex.org/W4414023998,agentic-ai-review; non-education; unrelated-term-match-other-field,"Agentic AI systems are a recently emerged and important approach that goes beyond traditional AI, generative AI, and autonomous systems by focusing on autonomy, adaptability, and goal-driven reasoning. This study provides a clear review of agentic AI systems by bringing together their definitions, frameworks, and architectures, and by comparing them with related areas like generative AI, autonomic computing, and multi-agent systems. To do this, we reviewed 143 primary studies on current LLM-based and non-LLM-driven agentic systems and examined how they support planning, memory, reflection, and goal pursuit. Furthermore, we classified architectural models, input–output mechanisms, and applications based on their task domains where agentic AI is applied, supported using tabular summaries that highlight real-world case studies. Evaluation metrics were classified as qualitative and quantitative measures, along with available testing methods of agentic AI systems to check the system’s performance and reliability. This study also highlights the main challenges and limitations of agentic AI, covering technical, architectural, coordination, ethical, and security issues. We organized the conceptual foundations, available tools, architectures, and evaluation metrics in this research, which defines a structured foundation for understanding and advancing agentic AI. These findings aim to help researchers and developers build better, clearer, and more adaptable systems that support responsible deployment in different domains.","openalex, scopus, wos, ieee",human,0.960,human,
discarded,Aide à l'Intégration de Branches Grâce à la Réification des Changements,Martín Dias,2015,HAL (Le Centre pour la Communication Scientifique Directe),,https://openalex.org/W2464999683,version-control; software-engineering; non-education; git-or-software-tooling-without-learner-understanding-findings,"Developers typically change codebases in parallel from each other, which results in diverging codebases. Such diverging codebases must be integrated when finished. Integrating diverging codebases involves difficult activities. For example, two changes that are correct independently can introduce subtle bugs when integrated together. Integration can be difficult with existing tools, which, instead of dealing with the evolution of the actual program entities being changed, handle code changes as lines of text in files. Tools are important: software development tools have greatly improved from generic text editors to IDEs by providing high-level code manipulation such as automatic refactorings and code completion. This improvement was possible by the reification of program entities. Nevertheless, integration tools did not benefit from a similarreification of change entities to improve productivity in integration.In this work we first conducted a study to learn which integration activities are important and have little tool support. We discovered that one of such activities is the detection of tangled commits (that contain unrelated tasks such as a bug fix and a refactoring). Then we proposed Epicea, a reified change model and associated IDE tools, and EpiceaUntangler, an approach to help developers share untangled commits based on Epicea. The results of our evaluations with real-world studies show the usefulness of our approaches.","openalex, scopus, wos, ieee",human,0.860,human,
discarded,A Survey on Large Language Model-Based Game Agents,"Sihao Hu; Tiansheng Huang; Gaowen Liu; Ramana Rao Kompella; Fatih İlhan; Selim Furkan Tekin; Xu, Yichang; Yahn, Zachary; Ling Liu",2024,arXiv (Cornell University),10.48550/arxiv.2404.02039,https://openalex.org/W4393942320,llm-survey; game-agents; non-education; computing-education-or-software-engineering-not-version-control,"Game environments provide rich, controllable settings that stimulate many aspects of real-world complexity. As such, game agents offer a valuable testbed for exploring capabilities relevant to Artificial General Intelligence. Recently, the emergence of Large Language Models (LLMs) provides new opportunities to endow these agents with generalizable reasoning, memory, and adaptability in complex game environments. This survey offers an up-to-date review of LLM-based game agents (LLMGAs) through a unified reference architecture. At the single-agent level, we synthesize existing studies around three core components: memory, reasoning, and perception-action interfaces, which jointly characterize how language enables agents to perceive, think, and act. At the multi-agent level, we outline how communication protocols and organizational models support coordination, role differentiation, and large-scale social behaviors. To contextualize these designs, we introduce a challenge-centered taxonomy linking six major game genres to their dominant agent requirements, from low-latency control in action games to open-ended goal formation in sandbox worlds. A curated list of related papers is available at https://github.com/git-disl/awesome-LLM-game-agent-papers","openalex, scopus, wos, ieee",human,0.950,human,
discarded,Gathering evidence: Model-driven software engineering in automated digital forensics,Jeroen van den Bos,2014,UvA-DARE (University of Amsterdam),,https://openalex.org/W2110265121,software-engineering; digital-forensics; non-education; computing-education-or-software-engineering-not-version-control,"Digital forensics concerns the acquisition, recovery and analysis of information on digital devices to answer legal questions. Exponential increases in available storage, as well as growing device adoption by the public, have made manual inspection of all information infeasible. A solution is automated digital forensics, which is the use of software to perform tasks in digital forensics automatically, reducing the time required. Software engineering techniques exist to construct high performance solutions. However, one requirement complicates the application of standard techniques: handling the high variability in how investigated information is stored. The number of different devices and applications is huge and constantly changing. This leads to a constant stream of required changes to digital forensics software in order to recover as much information as possible. Factoring out commonality so that the changing aspects of a solution can evolve separately is a supposed strength of model-driven software engineering (MDSE). This separation of concerns is achieved through the use of a domain-specific language (DSL). Changes expressed in this DSL are then automatically applied through the use of transformation tools, which handle fixed requirements such as high performance. The research in this thesis forms an extensive case study in the application of MDSE in the domain of automated digital forensics, using the Rascal metaprogramming language. It provides concrete evidence for the successful application of MDSE in automated digital forensics, and contributes to knowledge about the application of MDSE in general. The implementations illustrate the usefulness of Rascal in DSL engineering.","openalex, scopus, wos, ieee",human,0.940,human,
discarded,An Industry Interview Study of Software Signing for Supply Chain Security,Kelechi G. Kalu; Tanya Singla; Chinenye Okafor; Santiago Torres-Arias; James C. Davis,2024,arXiv (Cornell University),10.48550/arxiv.2406.08198,https://openalex.org/W4399657483,supply-chain-security; industry-study; non-education; computing-education-or-software-engineering-not-version-control,"Many software products are composed of components integrated from other teams or external parties. Each additional link in a software product's supply chain increases the risk of the injection of malicious behavior. To improve supply chain provenance, many cybersecurity frameworks, standards, and regulations recommend the use of software signing. However, recent surveys and measurement studies have found that the adoption rate and quality of software signatures are low. We lack in-depth industry perspectives on the challenges and practices of software signing. To understand software signing in practice, we interviewed 18 experienced security practitioners across 13 organizations. We study the challenges that affect the effective implementation of software signing in practice. We also provide possible impacts of experienced software supply chain failures, security standards, and regulations on software signing adoption. To summarize our findings: (1) We present a refined model of the software supply chain factory model highlighting practitioner's signing practices; (2) We highlight the different challenges-technical, organizational, and human-that hamper software signing implementation; (3) We report that experts disagree on the importance of signing; and (4) We describe how internal and external events affect the adoption of software signing. Our work describes the considerations for adopting software signing as one aspect of the broader goal of improved software supply chain security.","openalex, scopus, wos, ieee",human,0.950,human,
discarded,Exploring Context-Aware Conversational Agents in Software Development,Glaucia Melo; Edith Law; Paulo S. C. Alencar; Donald Cowan,2020,arXiv (Cornell University),10.48550/arxiv.2006.02370,https://openalex.org/W3034121359,chatbot; software-development; non-education; computing-education-or-software-engineering-not-version-control,"Software development is a complex endeavor that depends on a wide variety of contextual factors involving a large amount of distributed information. This knowledge could include: technology-related tasks, software operating environments and stakeholder requirements. A major roadblock to using this knowledge in software development is that most of this information is implicit and captured in the developers' minds (tacit) or spread through volumes of documentation. Developers, as they work often have to maintain mental models of these tasks as they produce the software. As a result, context can be easily lost or forgotten and developers often use trial-and-error approaches while finishing the project. This study aims at analyzing whether supporting software developers with a chatbot during task execution can improve the overall development experience. The chatbot can assist the developers in executing different tasks based on implicit contextual information. We propose an implementation to explore the viability of using textual chatbots to assist developers automatically and proactively with software development project activities that recur.","openalex, scopus, wos, ieee",human,0.830,human,
discarded,‘GHShot’: a collaborative and distributed visual version control for Grasshopper parametric programming,Verina Cristie; Sam Conrad Joyce,2019,Blucher Design Proceedings,10.5151/proceedings-ecaadesigradi2019_397,https://openalex.org/W3000878746,version-control; design; non-education; git-or-software-tooling-without-learner-understanding-findings,"When working with parametric models, architects typically focus on using rather structuring them (Woodbury, 2010). As a result, increasing design complexity typically means a convoluted parametric model, amplifying known problems: `hard to understand, modify, share and reuse' (Smith 2007; Davis 2011). This practice is in contrast with conventional software-programming where programmers are known to meticulously document and structure their code with versioning tool. In this paper, we argue that versioning tools could help to manage parametric modelling complexity, as it has been showing with software counterparts. Four key features of version control: committing, differentiating, branching, and merging, and how they could be implemented in a parametric design practice are discussed. Initial user test sessions with 5 student designers using GHShot Grasshopper version control plugin (Cristie and Joyce 2018, 2017) revealed that the plugin is useful to record and overview design progression, share model, and provide a fallback mechanism.","openalex, scopus, wos, ieee",human,0.780,human,
