status,title,authors,year,venue,doi,url,tags,abstract,provider,decision_source,llm_confidence,llm_review_outcome,llm_change_direction
discarded,Cultural adaptation and content validation of the WHO BeSD framework for HPV vaccination in Pakistan: A two-phase Delphi and cognitive interview study,Noreen K.,2026,Plos One,10.1371/journal.pone.0335358,https://www.scopus.com/inward/record.uri?partnerID=HzOxMe3b&scp=105030075013&origin=inward,neuroimaging; expertise; non-education; method-paper-not-about-version-control,"Background The BeSD Framework (Behavioral and Social Drivers of Vaccination), developed by the World Health Organization, provides a structured approach to understanding the behavior and social drivers of vaccine uptake. However, it's direct use in diverse cultural backgrounds especially in the context of HPV vaccination, is not yet established. Therefore, this study aimed to culturally adapt and establish content validity of the BeSD framework for assessing behavioral and social drivers of Human papillomavirus (HPV) vaccination in Pakistan.Methods A two-phase multi-method cross-cultural adaptation with expert content validation and cognitive interviews was used following the emic-etic paradigm and globally accepted Beaton's cross-cultural adaptation guidelines. The initial items of the BeSD-HPV tool were translated into Urdu through forward-backward translation and expert synthesis. Content validity was assessed using a two-round Delphi method with ten multidisciplinary experts, who rated items on a four-point relevance and clarity scale. Consensus was a priori defined as item-level content validity index scores of >= 0.80. A scale-level content validity index score was also calculated. Response-process validity was then evaluated through cognitive interviews with 30 caregivers of adolescent girls using think-aloud and probing techniques to assess comprehension and cultural appropriateness.Results Ten experts participated in both rounds of the online Delphi study. At the completion of the study, out of the initial 75 items, two items were dropped in round one and three items were dropped in round 2. Out of the total 73 left in round 1, 28 items were accepted by all experts without revision, 42 were revised in rounds 2 and 3 were dropped in round 2, resulting in a 70-item BeSD-HPV tool. The scale-level content validity index score for the final 70-item instrument was 0.96. Cognitive interviews using the think-aloud technique and probing were conducted with parents/caregivers of girls aged 9-16 years. A total of 30 interviews were conducted. Seventeen items categorized as having minor or major issues were revised by the authors based on participant feedback to improve comprehension.Conclusion The adapted BeSD-HPV tool demonstrated strong content and response-process validity for the Pakistani context. This culturally sensitive instrument will support future large-scale studies to determine the construct validity and reliability of the BeSD-HPV, thereby providing a validated tool to assess drivers of HPV vaccine acceptance and inform future context-specific demand generation strategies.","openalex, scopus, wos, dblp",human,0.970,human,
discarded,Expertise Related Changes in Resting-State Functional Connectivity Patterns Following a Clinical Reasoning and Decision-Making Task,Cortese F.,2026,Brain and Behavior,10.1002/brb3.71153,https://www.scopus.com/inward/record.uri?partnerID=HzOxMe3b&scp=105027108520&origin=inward,interface-design; elderly-users; non-education; unrelated-term-match-other-field,"Purpose This study investigated the behavioral and resting-state neural correlates of clinical decision-making among expert gastroenterologists and novice medical students, aiming to understand how diagnostic expertise is reflected in either pre-task and/or post-task brain activity.Method Participants completed a clinical decision-making task while behavioral measures (accuracy and response time) were recorded. Resting-state fMRI data were acquired immediately before and following the task. Group differences in brain connectivity were analyzed using seed-based connectivity and multivariate partial least squares (PLS) analyses, focusing on the frontopolar prefrontal cortex (FPPFC) and its associated networks.Finding Experts outperformed novices in diagnostic accuracy and speed, especially on ""easy"" cases, suggesting enhanced cognitive efficiency. Experts also showed more pronounced response time variation with task difficulty, potentially reflecting strategic modulation. Resting-state fMRI revealed that experts had increased post-task connectivity between the FPPFC and the paracingulate gyrus (PaCG), a brain area associated with the executive control network. Novices, by contrast, showed stronger FPPFC connectivity with the posterior cingulate cortex (PCC), part of the default mode network (DMN), indicating a return to internally directed cognition. PLS analyses further revealed that experts engaged executive and attentional network regions post-task, while novices primarily activated DMN regions. Notably, for the expert group only, increased brain activity in attention-related regions was associated with gastroenterologists who had slower, deliberate responses on easy cases.Conclusion Clinical expertise is associated with sustained engagement of goal-directed neural networks after task completion, potentially reflecting ongoing cognitive evaluation or preparation. In contrast, novices appear to disengage more readily, reverting to self-referential thought. These findings highlight distinct neural mechanisms that may support the development of diagnostic expertise.","openalex, scopus, wos, dblp",human,0.940,human,
discarded,The Impact of Interface Visual Complexity on the Visual Behavior of Elderly Users in Mobile Audiobook Application Recommendation Interfaces,Li P.,2026,International Journal of Human Computer Interaction,10.1080/10447318.2025.2531283,https://www.scopus.com/inward/record.uri?partnerID=HzOxMe3b&scp=105012413336&origin=inward,translation-studies; non-education; unrelated-term-match-other-field,"The visual complexity of mobile interfaces presents a significant challenge to enhancing information retrieval efficiency and user experience among elderly users, as it influences their visual behavior. Using the main interface of a mobile audiobook recommendation application as a case study, this research categorizes interface visual complexity into two types: quantitative visual complexity and layout visual complexity. An evaluation model, combining both objective data and subjective assessments, was developed through eye-tracking experiments to examine the impact of visual complexity on the visual behavior of elderly users. The findings indicate that under medium quantitative visual complexity, elderly users exhibit the highest proficiency in obtaining interface information, while under low to medium layout visual complexity, they demonstrate shorter search completion times and higher information processing efficiency. Additionally, the scanpath angles are most pronounced in the range of (0, 45] degrees, exhibiting the highest number of fixation points, which indicates greater visual attention from users.","openalex, scopus, wos, dblp",human,0.970,human,
discarded,New Developments in Cognitive Translation and Interpreting Studies,Wen X.,2026,New Developments in Cognitive Translation and Interpreting Studies,10.1007/978-981-95-5491-1,https://www.scopus.com/inward/record.uri?partnerID=HzOxMe3b&scp=105046226852&origin=inward,teacher-education; web-tool; non-computing; unrelated-term-match-other-field,,"openalex, scopus, wos, dblp",human,0.830,human,
discarded,A qualitative and quantitative preliminary analysis of a task design web-based tool and its applications for teacher education,Gilabert R.,2025,Task,10.1075/task.00041.gil,https://www.scopus.com/inward/record.uri?partnerID=HzOxMe3b&scp=105046378898&origin=inward,nursing; clinical-reasoning; scoping-review; non-computing; unrelated-term-match-other-field,,"openalex, scopus, wos, dblp",human,0.920,human,
discarded,Decision support strategies for bedside nursing clinical reasoning: A scoping review,Cunha L.D.M.,2025,International Journal of Nursing Studies Advances,10.1016/j.ijnsa.2025.100393,https://www.scopus.com/inward/record.uri?partnerID=HzOxMe3b&scp=105012404787&origin=inward,nursing-education; latent-profile-analysis; non-computing; unrelated-term-match-other-field,"Background: Proficiency in clinical reasoning is crucial for achieving positive patient outcomes in healthcare. Nurses should take an active role in fostering their clinical reasoning skills. Bedside support strategies aim to offer practical, invaluable, and easily applicable resources for restructuring cognitive processes in situations of complex clinical demands. Objective: This review aimed to map evidence on bedside decision strategies applied by nurses to support clinical reasoning. Methods: The review followed the Joanna Briggs Institute recommendations for scoping reviews. Information: Sources Studies were retrieved from Medline (PubMed), CINAHL (EBSCOhost), Web of Science Core Collection, Scopus, Cochrane CENTRAL, RCAAP (Reposito<acute accent>rios Cient & iacute;ficos de Acesso Aberto de Portugal), and Google Scholar. Studies published in Portuguese, English, Spanish, or Swedish, without imposing geographical or cultural restrictions were considered. Qualitative and quantitative studies on bedside decision strategies that support nursing clinical reasoning were included, while studies exclusively focused on education, case-specific content, or Artificial Intelligence applications were excluded. Results: Out of 1889 results, 14 studies met the inclusion criteria. The studies were conducted in countries such as China, New Zealand, Norway, Brazil, Indonesia, Canada, Ireland, the United Kingdom, United States, and Australia, involving nurses, patients, and healthcare teams, with study designs ranging from qualitative research and cohort studies to quasi-experimental and theoretical analyses.These studies identified two key strategies: normative (following guidelines) and reflective (based on critical self-reflection). Conclusions: Reflective strategies are widely used at the bedside, emphasizing the importance of adaptability in uncertain clinical environments. Despite Artificial Intelligence's role in clinical decision-making, fostering critical thinking and decision-making skills in nurses remains essential. Registration: OSF https://doi.org/10.17605/OSF.IO/H96VQ. Tweetable abstract: A scoping review identified normative and reflective bedside strategies used by nurses to support clinical reasoning, highlighting the value of adaptability and critical thinking in complex care settings. #ClinicalReasoning #Nursing #PatientCare.","openalex, scopus, wos, dblp",human,0.920,human,
discarded,Core competencies and training needs of specialist-nurse clinical educators: a latent profile analysis,Tian J.,2025,BMC Nursing,10.1186/s12912-025-04006-8,https://www.scopus.com/inward/record.uri?partnerID=HzOxMe3b&scp=105020701522&origin=inward,eye-tracking; usability; non-education; unrelated-term-match-other-field,"Background The competency of specialist nurse clinical educators is crucial for the effectiveness of specialist nurse training programmes. However, variability in teaching competency and training needs among educators remains insufficiently studied, especially in the context of rapidly evolving healthcare education in China. Objectives This study aimed to identify distinct core competency profiles among clinical educators for specialist nurses, examine associated socio-demographic factors, and explore differences in training needs across profiles. Methods A cross-sectional online survey was conducted with 3,945 specialist nurse clinical educators from 30 Chinese regions. The Chinese version of the Nurse Educator Core Competency Scale (NECCS) and a self-developed training needs questionnaire were used. Latent Profile Analysis (LPA) identified competency subgroups, while multinomial logistic regression and Kruskal-Wallis tests examined associated variables and training needs. Results Latent Profile Analysis identified three competency profiles: foundational (8.6%), intermediate (43.0%), and advanced (48.4%), with mean scores of 43.89, 68.24, and 91.68, respectively. Educators without prior training were significantly more likely to belong to the foundational (OR = 3.195, p < 0.001) and intermediate (OR = 1.676, p < 0.001) groups compared to those with training experience. Advanced-competency educators showed the highest demand for curriculum design training, with 75% rating it as highly necessary. In contrast, educators in the intermediate group identified clinical teaching methods and techniques as their top training need (58.7%). Those in the foundational group prioritised common pedagogical methods and instructional technologies (54.7%). Conclusions Clinical educator competencies vary by background characteristics and training exposure. Tailored, competency-based training is needed to address these gaps and enhance the quality of specialist nursing education.","openalex, scopus, wos, dblp",human,0.900,human,
discarded,Eye tracking-based evaluation of accessible and usable interactive systems: tool set of guidelines and methodological issues,Molina A.I.,2025,Universal Access in the Information Society,10.1007/s10209-023-01083-x,https://www.scopus.com/inward/record.uri?partnerID=HzOxMe3b&scp=85182248065&origin=inward,teacher-expertise; general-education; method-paper-not-about-version-control,"This paper describes some fundamentals and challenges in using eye tracking for the assessment of usability and accessibility in the fields in Human-Computer Interaction and Educational Computing. This technique has great potential since it allows considering human factors and individual differences in these areas. This non-invasive method, of physiological nature, allows to know, in an objective way, the visual behavior of the users when facing a user interface or educational material, allowing to infer conclusions related to psychological processes, such as attention or cognitive load. The purpose of this work is to propose a tool set of guidelines and measures, as well as a methodological approach, to be used in eye tracking assessments. This proposal is based on and validated by the authors' previous experience and results in the application of this technique.","openalex, scopus, wos, dblp",human,0.900,human,
discarded,Straight from the teacher's mouth: The value of own-perspective gaze-elicited think-aloud for understanding culture-specific teacher expertise,McIntyre N.A.,2025,Learning and Instruction,10.1016/j.learninstruc.2025.102170,https://www.scopus.com/inward/record.uri?partnerID=HzOxMe3b&scp=105007060810&origin=inward,psychometrics; clinical-scale; non-education; method-paper-not-about-version-control,"The pervasive influence of culture in human society is well-documented in experimental settings and in early years. However, less is known regarding cultural differences during classroom instruction, especially at the process-level: yet, classroom experiences are fundamentally cultural and dynamic in nature. Therefore, this paper examined patterns of teacher cognition across two country settings. To do this, forty teachers from two countries, UK (10 experts, 10 novices) and Hong Kong (10 experts, 10 novices), were eye-tracked during naturallyoccurring teacher-centred classroom instruction. We then used participating teachers' own gaze replays elicited teachers' own commentaries on their cognition as occurred during the eye-tracked classroom instruction. These commentaries formed the data that we thematically analysed. We computed talk proportions from these and subjected them to multivariate Dirichlet regression analyses. We found cultural differences to emerge comprehensively across the teacher cognitions investigated-perceptions, thematic focus, timescales, holistic processing, classroom relationships. Culture interacted with expertise to predict teacher cognitions across four out of five overarching categories considered within this paper. Implications for teacher development are discussed, including the importance of sensitivity to the cultural context when considering teacher effectiveness.","openalex, scopus, wos, dblp",human,0.980,human,
discarded,"Translation, cross-cultural adaptation and psychometric validation of the Chinese version of Facial Clinimetric Evaluation Scale (FaCE) and Facial Disability Index (FDI)",Chen M.,2025,BMJ Open Quality,10.1136/bmjoq-2025-003495,https://www.scopus.com/inward/record.uri?partnerID=HzOxMe3b&scp=105019113997&origin=inward,genai-in-programming-education; learning-effectiveness; core-competence; unrelated-term-match-other-field,"Purpose The Facial Clinimetric Evaluation Scale (FaCE) and the Facial Disability Index (FDI) are essential tools for assessing the quality of life (QoL) in patients with peripheral facial palsy (PFP). This study aims to translate, adapt and validate the FaCE and FDI scales to ensure cultural relevance and psychometric validity for Chinese patients with PFP. Methods Following the International Society for Pharmacoeconomics and Outcomes Research guidelines, the FaCE and FDI scales were translated and culturally adapted for Chinese use (including forward and back translation). From January to August 2024, 150 Chinese PFP patients and 50 age/gender-matched healthy controls in Sichuan Province were enrolled to evaluate psychometric properties. Statistical analyses included Cronbach's alpha (internal consistency), two-way random-effects intraclass correlation coefficient (test-retest reliability, 2-week follow-up), exploratory factor analysis (EFA, principal component analysis/varimax rotation, Kaiser-Meyer-Olkin/Bartlett's test; construct validity), Content Validity Index (CVI), Pearson correlations (convergent/discriminant validity VS 36-Item Short Form Health Survey (SF-36)), Mann-Whitney U test (group differences) and standardised response means (SRM)/Cohen's d (responsiveness). Results The Cronbach's alpha for the FaCE scale was 0.835, and for the FDI scale, it was 0.895, indicating good internal consistency. Factor analysis revealed six dimensions for the FaCE scale, while the FDI scale was confirmed to have a two-dimensional structure. Additionally, significant correlations were found between the relevant dimensions of the FaCE and FDI scales and the SF-36, supporting their convergent validity. The Mann-Whitney U test indicated significant differences in initial questionnaire responses between the experimental and control groups (p<0.01). Responsiveness analysis demonstrated that the FaCE scale effectively captured changes in patient status. Conclusions This study validates the effectiveness and reliability of the Chinese-version FaCE and FDI in patients with PFP, providing robust evidence for their use as assessment tools for QoL in this population.","openalex, scopus, wos, dblp",human,0.950,human,
discarded,Generative Artificial Intelligence Supported Programming Learning: Learning Effectiveness and Core Competence,Li H.J.,2025,Sage Open,10.1177/21582440251377986,https://www.scopus.com/inward/record.uri?partnerID=HzOxMe3b&scp=105017153612&origin=inward,app-validation; voice-diary; non-education; computing-education-or-software-engineering-not-version-control,"The programming curriculum is crucial in today's digital age, but a common issue is its focus on technical training while neglecting essential skills enhancement. Teachers lack structured and practical guidance on instructional methods, and the wide range of students' foundational abilities makes it difficult to cater to personalized learning needs. The advent of Generative Artificial Intelligence (GAI) technology has brought significant changes to education, with its personalized dialogue features offering effective technical support to address these challenges in programming education. This study develops a GAI-supported programming learning approach, applied in a programming course at a vocational school in China, to investigate the effects of various learning approaches on students' learning outcomes, motivation, self-efficacy, and 5C competencies among different learning styles. The study involved 46 learners in the experimental group using GAI-assisted learning and 46 in the control group using traditional methods. Results showed that the experimental group significantly outperformed the control group in learning outcomes, motivation, self-efficacy, and 5C competencies. Moreover, students with a diverging learning style in the experimental group showed notably higher motivation than others. Additionally, creativity levels among students with diverging and assimilating learning styles in the experimental group were substantially greater than those in the control group.","openalex, scopus, wos, dblp",human,0.950,human,
