status,title,authors,year,venue,doi,url,tags,abstract,provider,decision_source,llm_confidence,llm_review_outcome,llm_change_direction
discarded,The image of images as an aid to improve learning: An eye-tracking experiment studying the effect of contrasts in computer-based learning material,Olander M.H.,2014,Csedu 2014 Proceedings of the 6th International Conference on Computer Supported Education,10.5220/0004960303090316,https://www.scopus.com/inward/record.uri?partnerID=HzOxMe3b&scp=84902353890&origin=inward,computer-based-learning; eye-tracking; non-computing; method-paper-not-about-version-control,"This study addresses differences in the design of computer-based learning materials—text with or without pictures—and the aim is to show in what way these differences affect learning outcomes. In total, 46 young adults participated: 19 with dyslexia and 27 controls. Approximately half of each group received the condition text only, and half received the text and an integrated picture. The learning material was presented on computer screens, and the participants’ viewing patterns were registered by eye-tracking. The respondents answered text-based and picture-based questions, as well as oral questions, during the experiment. The assumptions about learning are based on variation theory and on the importance of contrasts in discerning important aspects of the learning material. The results show that whether material of the same content (surrealism) is presented in text only (without explicit contrasts embedded in the text) or in text and picture form (which offers a contrast) affects learning outcomes, particularly for the participants with dyslexia, who showed a fourfold increase from pre-test to post-test (from .10 to .40).","openalex, scopus, wos",human,0.860,human,
kept,Teaching democracy – a complex object of learning,Holmqvist Olander M.,2013,International Journal for Lesson and Learning Studies,10.1108/IJLLS-01-2013-0005,https://www.scopus.com/inward/record.uri?partnerID=HzOxMe3b&scp=84941945124&origin=inward,democracy-teaching; learning-study; non-computing; learning-study-corroboration,"Purpose - The purpose of this paper is to describe a learning study with a complex object of learning democracy.

Design/methodology/approach - The study consists of four research lessons in four different classes in grade 6. In the study two teachers, 78 students and two researchers participated. In the first lesson (A) 21 students participated, in the second class (B) 17, in the third class (C) 21 and in the last lesson (D) 19 students. The research lessons were 80 minutes each, designed based on variation. The students took a pre-test before the lesson and a post-test after.

Findings - The results show the relationship between the pattern of variation used by the teacher during the lesson and students' learning outcome. In lesson A contrast was used between democracy and dictatorship. In lesson B the aspects were varied due to the discussions between the teacher and the students that resulted in less focus on the whole perspective. The design of lesson C offered students a sequential presentation of the aspects, the concepts were handled separately and simultaneity was not used. In lesson D the whole was in focus during the entire lesson and the aspects were presented simultaneously in relation to the whole. Group A's increased at the test scores was 63 per cent, B 32 per cent, C 29 per cent and D 91 per cent.

Originality/value - The results points at using learning study with complex objects of learning requires offering the relationship between aspects of the phenomenon presented by a background of the meaning of the concept develop the students' understanding.","openalex, scopus, wos",human,0.900,human,
discarded,Variation theory - A tool to achieve pre-school curricula learning goals in mathematics,Holmquist M.,2012,Curriculum Perspectives,,https://www.scopus.com/inward/record.uri?partnerID=HzOxMe3b&scp=84877941987&origin=inward,preschool-math; variation-theory; non-computing; diagnostic-test-or-misconception-study-other-domain,,"openalex, scopus, wos",human,0.900,human,
discarded,Academic Emotions in Students' Self-Regulated Learning and Achievement: A Program of Qualitative and Quantitative Research,Reinhard Pekrun; Thomas Goetz; Wolfram Titz; Raymond P. Perry,2002,Educational Psychologist,10.1207/s15326985ep3702_4,https://openalex.org/W2063898208,academic-emotions; general-education; unrelated-term-match-other-field,"Academic emotions have largely been neglected by educational psychology, with the exception of test anxiety. In 5 qualitative studies, it was found that students experience a rich diversity of emotions in academic settings. Anxiety was reported most often, but overall, positive emotions were described no less frequently than negative emotions. Based on the studies in this article, taxonomies of different academic emotions and a self-report instrument measuring students' enjoyment, hope, pride, relief, anger, anxiety, shame, hopelessness, and boredom (Academic Emotions Questionnaire [AEQ]) were developed. Using the AEQ, assumptions of a cognitive-motivational model of the achievement effects of emotions, and of a control/value theory of their antecedents (Pekrun, 1992b, 2000), were tested in 7 cross-sectional, 3 longitudinal, and 1 diary study using samples of university and school students. Results showed that academic emotions are significantly related to students' motivation, learning strategies, cognitive resources, self-regulation, and academic achievement, as well as to personality and classroom antecedents. The findings indicate that affective research in educational psychology should acknowledge emotional diversity in academic settings by addressing the full range of emotions experienced by students at school and university.","openalex, scopus, wos",human,0.890,human,
discarded,Teacher Quality and Student Achievement,Linda Darling‐Hammond,2000,Education Policy Analysis Archives,10.14507/epaa.v8n1.2000,https://openalex.org/W2054028789,teacher-quality; general-education; unrelated-term-match-other-field,"Using data from a 50-state survey of policies, state case study analyses, the 1993-94 Schools and Staffing Surveys (SASS), and the National Assessment of Educational Progress (NAEP), this study examines the ways in which teacher qualifications and other school inputs are related to student achievement across states. The findings of both the qualitative and quantitative analyses suggest that policy investments in the quality of teachers may be related to improvements in student performance. Quantitative analyses indicate that measures of teacher preparation and certification are by far the strongest correlates of student achievement in reading and mathematics, both before and after controlling for student poverty and language status. State policy surveys and case study data are used to evaluate policies that influence the overall level of teacher qualifications within and across states. This analysis suggests that policies adopted by states regarding teacher education, licensing, hiring, and professional development may make an important difference in the qualifications and capacities that teachers bring to their work. The implications for state efforts to enhance quality and equity in public education are discussed.","openalex, scopus, wos",human,0.930,human,
discarded,Views of nature of science questionnaire: Toward valid and meaningful assessment of learners' conceptions of nature of science,Norm G. Lederman; Fouad Abd‐El‐Khalick; Randy L. Bell; Reneé Schwartz,2002,Journal of Research in Science Teaching,10.1002/tea.10034,https://openalex.org/W2140176804,nature-of-science; assessment; non-computing; diagnostic-test-or-misconception-study-other-domain,"Abstract Helping students develop informed views of nature of science (NOS) has been and continues to be a central goal for kindergarten through Grade 12 (K–12) science education. Since the early 1960s, major efforts have been undertaken to enhance K–12 students and science teachers' NOS views. However, the crucial component of assessing learners' NOS views remains an issue in research on NOS. This article aims to (a) trace the development of a new open‐ended instrument, the Views of Nature of Science Questionnaire (VNOS), which in conjunction with individual interviews aims to provide meaningful assessments of learners' NOS views; (b) outline the NOS framework that underlies the development of the VNOS; (c) present evidence regarding the validity of the VNOS; (d) elucidate the use of the VNOS and associated interviews, and the range of NOS aspects that it aims to assess; and (e) discuss the usefulness of rich descriptive NOS profiles that the VNOS provides in research related to teaching and learning about NOS. The VNOS comes in response to some calls within the science education community to go back to developing standardized forced‐choice paper and pencil NOS assessment instruments designed for mass administrations to large samples. We believe that these calls ignore much of what was learned from research on teaching and learning about NOS over the past 30 years. The present state of this line of research necessitates a focus on individual classroom interventions aimed at enhancing learners' NOS views, rather than on mass assessments aimed at describing or evaluating students' beliefs. © 2002 Wiley Periodicals, Inc. J Res Sci Teach 39: 497–521, 2002","openalex, scopus, wos",human,0.920,human,
discarded,What is Qualitative Interviewing?,Rosalind Edwards; Janet Holland,2013,Bloomsbury Publishing Plc eBooks,10.5040/9781472545244,https://openalex.org/W1549941057,qualitative-methods; non-domain-specific; unrelated-term-match-other-field,"This book makes clear the procedures and practices surrounding qualitative interviewing. Qualitative interviews are a critical part of qualitative research, but understandings of what it means to carry out interviews have shifted over time. This book provides the latest studies and practical guidance on how to cater for a broad range of research. It shows researchers and students how to begin with key questions and theories and the best interviewing tactic to take. What is Qualitative Interviewing? addresses the changes brought by new technologies as well as enduring issues such as asking and listening, the implications of power dynamics, and the broader social relations for research and interviewer-interviewee relations.","openalex, scopus, wos",human,0.900,human,
discarded,Student engagement and achievement in American secondary schools,"<vcard>BEGIN:vCard\VERSION:3.0\FN:B. Bradford Brown\ORG:University of Wisconsin-Madison\ADR;TYPE=WORK,POSTAL,PARCEL:;;1000 Bascom Mall;Suite 377;Madison;WI;53706;US\END:vCard</vcard>; <vcard>BEGIN:vCard\VERSION:3.0\FN:Adam Gamoran\ORG:University of Wisconsin-Madison\ADR;TYPE=WORK,POSTAL,PARCEL:;;1025 W. Johnson St.;;Madison;WI;53706;US\END:vCard</vcard>; <vcard>BEGIN:vCard\VERSION:3.0\FN:Susie D. Lamborn\ORG:University of Wisconsin-Madison\ADR;TYPE=WORK,POSTAL,PARCEL:;;1000 Bascom Mall;Suite 377;Madison;WI;53706;US\END:vCard</vcard>; <vcard>BEGIN:vCard\VERSION:3.0\FN:Karen Seashore-Louis\ORG:University of Minnesota\ADR;TYPE=WORK,POSTAL,PARCEL:;;178 Pillsbury Dr. SE;330 Burton Hall;Minneapolis;MN;55455;US\END:vCard</vcard>; <vcard>BEGIN:vCard\VERSION:3.0\FN:Nina S. Mounts\ORG:Northern Illinois University\ADR;TYPE=WORK,POSTAL,PARCEL:;;1425 W. Lincoln Highway;;Dekalb;IL;60115;US\END:vCard</vcard>; <vcard>BEGIN:vCard\VERSION:3.0\FN:Martin Nystrand\ORG:University of Wisconsin-Madison\ADR;TYPE=WORK,POSTAL,PARCEL:;;600 N. Park St.;;Madison;WI;53706;US\END:vCard</vcard>; <vcard>BEGIN:vCard\VERSION:3.0\FN:BetsAnn Smith\ORG:University of Minnesota\ADR;TYPE=WORK,POSTAL,PARCEL:;;178 Pillsbury Dr. SE;;Madison;WI;55455;US\END:vCard</vcard>; <vcard>BEGIN:vCard\VERSION:3.0\FN:Gregory A. Smith\ORG:University of Wisconsin-Madison\ADR;TYPE=WORK,POSTAL,PARCEL:;;1000 Bascom Mall;Suite 377;Madison;WI;53706;US\END:vCard</vcard>; <vcard>BEGIN:vCard\VERSION:3.0\FN:Laurence Steinberg\ORG:Temple University\ADR;TYPE=WORK,POSTAL,PARCEL:;;Weiss Hall, 6th Floor;1701 N. 13th St.;Philadelphia;PA;19122;US\END:vCard</vcard>; <vcard>BEGIN:vCard\VERSION:3.0\FN:Gary G. Wehlage\ORG:University of Wisconsin-Madison\ADR;TYPE=WORK,POSTAL,PARCEL:;;1000 Bascom Mall;Suite 377;Madison;WI;53706;US\END:vCard</vcard>",1993,Choice Reviews Online,10.5860/choice.30-3945,https://openalex.org/W1598741880,student-engagement; secondary-schools; general-education; unrelated-term-match-other-field,"Findings from five main projects in the National Center on Effective Secondary Schools, which operated from December 1, 1985 to February 28, 1991, are presented. Projects investigated different aspects of engagement and achievement problems through literature reviews, analyses of existing data sets, and new studies of students and staff in 32 middle and 62 high schools throughout the United States. Material from the projects is integrated into the following chapters: (1) ""The Significance and Sources of Student Engagement"" (F. M. Newmann, G. G. Wehlage, and S. D. Lamborn); (2) ""Taking Students Seriously"" (A. Gamoran and M. Nystrand); (3) ""Higher-Order Thinking and Prospects for Classroom Thoughtfulness"" (F. M. Newmann); (4) ""Building New Programs for Students at Risk"" (G. G. Wehlage and G. A. Smith); (5) ""Cultivating Teacher Engagement: Breaking the Iron Law of Social Class"" (K. S. Louis and B. Smith); (6) ""Putting School in","openalex, scopus, wos",human,0.900,human,
discarded,Changing College Students’ Conceptions of Autism: An Online Training to Increase Knowledge and Decrease Stigma,Kristen Gillespie‐Lynch; Patricia J. Brooks; Fumio Someki; Rita Obeid; Christina Shane‐Simpson; Steven K. Kapp; Nidal Daou; David Shane Smith,2015,Journal of Autism and Developmental Disorders,10.1007/s10803-015-2422-9,https://openalex.org/W2039386588,autism-training; college-students; non-computing; diagnostic-test-or-misconception-study-other-domain,"College students with autism may be negatively impacted by lack of understanding about autism on college campuses. Thus, we developed an online training to improve knowledge and decrease stigma associated with autism among college students. Participants (N = 365) completed a pre-test, online training, and post-test. Women reported lower stigma towards autism than men. Participation in the training was associated with decreased stigma and increased knowledge about autism. Although participants exhibited relatively high baseline knowledge of autism, misconceptions were common, particularly in open-ended responses. Participants commonly confused autism with other disorders, such as learning disabilities. This study suggests that online training may be a cost-effective way to increase college students' understanding and acceptance of their peers with autism.","openalex, scopus, wos",human,0.880,human,
discarded,Talking and Listening from Women's Standpoint: Feminist Strategies for Interviewing and Analysis,Marjorie L. DeVault,1990,Social Problems,10.2307/800797,https://openalex.org/W2071231075,feminist-methods; interviewing; non-domain-specific; unrelated-term-match-other-field,"This article combines feminist perspectives on women and language with a recent emphasis in qualitative methods on linguistic aspects of interview research. The feminist proposition that language is often incongruent with the realities of women's experiences provides an opening for methodological strategies aimed at the recovery and analysis of experiences that women often have difficulty articulating. Analytic strategies are discussed in relation to four research processes, each conceived in terms of language use: constructing topics, listening to respondents, transcribing and editing interview material, and writing about respondents' lives.","openalex, scopus, wos",human,0.940,human,
discarded,Academic Emotions in Students' Self-Regulated Learning and Achievement: A Program of Qualitative and Quantitative Research,Reinhard Pekrun; Thomas Goetz; Wolfram Titz; Raymond P. Perry,2002,,10.4324/9781410608628-4,https://openalex.org/W4243861635,academic-emotions; duplicate; general-education; unrelated-term-match-other-field,"Academic emotions have largely been neglected by educational psychology, with the exception of test anxiety. In five qualitative studies, it was found that students experience a rich diversity of emotions in academic settings. Anxiety was reported most often, but overall, positive emotions were described no less frequently than negative emotions. This chapter presents an overview of a research on students&s; academic emotions. In a series of five exploratory studies, it analyzes the emotions of school and university students by means of qualitative interviews and questionnaires. In accordance with theoretical expectations, the results of the five studies showed that students experience a wide range of emotions in academic settings. Whereas qualitative methods may be ideally suited to explore new fields, quantitative measures are needed for more rigorous tests of hypotheses. Confirmatory factor analysis showed that internal structures of trait academic emotions can differ between the emotions.","openalex, scopus, wos",human,0.900,human,
discarded,The Experiences of Late-diagnosed Women with Autism Spectrum Conditions: An Investigation of the Female Autism Phenotype,Sarah Bargiela; Robyn Steward; William Mandy,2016,Journal of Autism and Developmental Disorders,10.1007/s10803-016-2872-8,https://openalex.org/W2494524772,autism; qualitative; non-education; unrelated-term-match-other-field,"We used Framework Analysis to investigate the female autism phenotype and its impact upon the under-recognition of autism spectrum conditions (ASC) in girls and women. Fourteen women with ASC (aged 22-30 years) diagnosed in late adolescence or adulthood gave in-depth accounts of: 'pretending to be normal'; of how their gender led various professionals to miss their ASC; and of conflicts between ASC and a traditional feminine identity. Experiences of sexual abuse were widespread in this sample, partially reflecting specific vulnerabilities from being a female with undiagnosed ASC. Training would improve teachers' and clinicians' recognition of ASC in females, so that timely identification can mitigate risks and promote wellbeing of girls and women on the autism spectrum.","openalex, scopus, wos",human,0.970,human,
discarded,The influence of core teaching conceptions on teachers' use of inquiry teaching practices,Christine Lotter; William Harwood; J. José Bonner,2007,Journal of Research in Science Teaching,10.1002/tea.20191,https://openalex.org/W2109129681,science-teaching; inquiry; general-stem-education; unrelated-term-match-other-field,"Abstract This article investigates three teachers' conceptions and use of inquiry‐based instructional strategies throughout a professional development program. The professional development program consisted of a 2‐week summer inquiry institute and research experience in university scientists' laboratories, as well as three academic year workshops. Insights gained from an in‐depth study of these three secondary teachers resulted in a model of teacher conceptions that can be used to direct future inquiry professional development. Teachers' conceptions of inquiry teaching were established through intensive case–study research that incorporated extensive classroom observations and interviews. Through their participation in the professional development experience, the teachers gained a deeper understanding of how to implement inquiry practices in their classrooms. The teachers gained confidence and practice with inquiry methods through developing and presenting their institute‐developed inquiry lessons, through observing other teachers' lessons, and participating as students in the workshop inquiry activities. Data analysis revealed that a set of four core conceptions guided the teachers' use of inquiry‐based practices in their classrooms. The teachers' conceptions of science, their students, effective teaching practices, and the purpose of education influenced the type and amount of inquiry instruction performed in the high school classrooms. The research findings suggest that to be successful inquiry professional development must not only teach inquiry knowledge, but it must also assess and address teachers' core teaching conceptions. © 2007 Wiley Periodicals, Inc. J Res Sci Teach 44: 1318–1347, 2007","openalex, scopus, wos",human,0.830,human,
