status,title,authors,year,venue,doi,url,tags,abstract,provider,decision_source,llm_confidence,llm_review_outcome,llm_change_direction
discarded,What is taught and what is learned. Professional insights gained and shared by teachers of mathematics.,Angelika Kullberg,2010,Gothenburg University Publications Electronic Archive (Gothenburg University),10.13140/rg.2.2.17823.76967,https://openalex.org/W1571477092,mathematics-education; learning-study; non-computing; diagnostic-test-or-misconception-study-other-domain,"The aim of the thesis is to contribute to knowledge about relationships between teaching and learning in school. The framework used in this research, variation theory, states that, to improve student learning, attention must be paid to what is being learned, the capability that is to be improved and the features (critical features) that it is necessary for the learner to discern. The studies reported here focus on the significance of critical features and are based on two ‘learning studies’ in mathematics, one of the density of rational numbers and one of the addition and subtraction of negative numbers. In a learning study, teachers work together with design, analysis and revision of their teaching of a single lesson with the aim of enhancing students’ learning by gaining insight about features that are assumed to be critical and enacting them in their teaching. \nThe question answered in this research is whether the insight gained in the learning studies about critical features can be shared by other teachers and used to enhance other students’ learning. Two studies based on the previous studies were carried out together with a total of eight teachers and sixteen groups of students. Each teacher enacted two lessons with different conditions in terms of the critical features made use of. The lessons were video recorded and analysed with respect to which critical features were enacted in the lessons and what the students learned as indicated in pre and post tests. \nIt is suggested that the critical features were transferable in two regards, in terms of student learning and in terms of a means of communication that could be shared among teachers. It was indicated that the critical features that were enacted in the teaching constrained what it was possible to experience in the classroom and what students learned. What was taught seemed to be reflected in what the students learned. Furthermore, the analysis indicates that it was not sufficient to simply name the critical features to the students; it seems that they must be discerned in order for learning to take place. It was found that the teachers made use of the critical features that were identified by other teachers in a learning study as a means to plan and teach lessons. This suggests that teachers can make use of the notion of critical features in their own teaching to enhance student learning.","openalex, scopus, wos",human,0.910,human,
discarded,A Comprehensive Review on 3D Object Detection and 6D Pose Estimation With Deep Learning,Sabera Hoque; Md. Yasir Arafat; Shuxiang Xu; Ananda Maiti; Yu-Chen Wei,2021,IEEE Access,10.1109/access.2021.3114399,https://openalex.org/W3200754113,computer-vision-review; non-education; unrelated-term-match-other-field,"Nowadays, computer vision with 3D (dimension) object detection and 6D (degree of freedom) pose assumptions are widely discussed and studied in the field. In the 3D object detection process, classifications are centered on the object’s size, position, and direction. And in 6D pose assumptions, networks emphasize 3D translation and rotation vectors. Successful application of these strategies can have a huge impact on various machine learning-based applications, including the autonomous vehicles, the robotics industry, and the augmented reality sector. Although extensive work has been done on 3D object detection with a pose assumption from RGB images, the challenges have not been fully resolved. Our analysis provides a comprehensive review of the proposed contemporary techniques for complete 3D object detection and the recovery of 6D pose assumptions of an object. In this review research paper, we have discussed several proposed sophisticated methods in 3D object detection and 6D pose estimation, including some popular data sets, evaluation matrix, and proposed method challenges. Most importantly, this study makes an effort to offer some possible future directions in 3D object detection and 6D pose estimation. We accept the autonomous vehicle as the sample case for this detailed review. Finally, this review provides a complete overview of the latest in-depth learning-based research studies related to 3D object detection and 6D pose estimation systems and also points out a comparison between some popular frameworks. To be more concise, we propose a detailed summary of the state-of-the-art techniques of modern deep learning-based object detection and pose estimation models.","openalex, scopus, wos",human,0.970,human,
discarded,Teachers learning to apply neuroscience to classroom instruction: case of professional development in British Columbia,Yuen Sze Michelle Tan; Joshua J. Amiel,2019,Professional Development in Education,10.1080/19415257.2019.1689522,https://openalex.org/W2982963611,teacher-professional-development; neuroscience; general-education; unrelated-term-match-other-field,"Little is known about the integration of current neuroscience knowledge to classroom teaching, although many teachers rely on neuromyths to shape their pedagogies. Through a professional development approach, the learning study, we explored how teachers learned to apply neuroscience to teaching instruction. The teachers collaborated to design, enact and evaluate neuroscience-framed lessons as part of classroom research. Theories relating to neural plasticity, including the neural network hypothesis for memory and learning, hierarchical relational binding theory, and attention and awareness acted as the theoretical frame for the study. Borrowing phenomenographic methods, we drew on a variety of data sources to construct categories describing the teachers’ engagement with neuroscience. Findings highlighted the pivotal role analogies played in the teachers’ interpretation of neuroscience content and its application. Through the analogies of the ‘rose’, ‘butcher on the bus’, ‘deepening the trenches’, and ‘walking the pathway’, we illustrated how teacher learning manifested as the teachers’ deepened understandings of knowledge construction, moving away from didactic forms of instruction and increasing the use of multiple modalities, and creating coherent student learning experiences. Findings suggest how neuroscience holds the potential to support teachers’ development of theoretical coherence in their understandings of learning and pedagogy. Implications are discussed.","openalex, scopus, wos",human,0.840,human,
discarded,Critical stance within a community of inquiry in an advanced mathematics course for pre-service teachers,Simon Goodchild; Naneh Apkarian; Chris Rasmussen; Brian P. Katz,2020,Journal of Mathematics Teacher Education,10.1007/s10857-020-09456-2,https://openalex.org/W3011635803,mathematics-teacher-education; community-of-inquiry; non-computing; diagnostic-test-or-misconception-study-other-domain,"Abstract This paper reports a study of university students’ experiences of learning mathematics in an introductory differential equations course that takes an inquiry approach to learning and teaching. The students are on a trajectory leading toward a bachelor’s degree in mathematics to be followed by a year-long teacher education credential program. The analysis of students’ end of course presentations and written portfolios is framed with community of practice theory, complemented with analytic categories from community of inquiry, including notions of inquiry stance and critical alignment. Our social theorization of university mathematics education adds a complementary perspective to the more conventional cognitive and discursive analyses and is necessitated by the very nature of inquiry approaches to education. The analysis of students’ presentations and writing leads to exploring their development of the notion of critical stance, which the students are seen to take toward the mathematics, their learning, and approaches to teaching mathematics. We find that the notion of critical stance can be distilled into three components: awareness, self-evaluation, and agency.","openalex, scopus, wos",human,0.890,human,
discarded,Testing the use of variation theory in teaching critical thinking—a field experimental study,Kristoffer Larsson; Klas Andersson,2025,Instructional Science,10.1007/s11251-025-09721-y,https://openalex.org/W4411692825,critical-thinking; variation-theory; general-education; learning-study-or-variation-theory-other-domain,"Abstract Research review articles over the years have established that studies on teaching critical thinking suffer from methodological and theoretical deficiencies, making results unreliable. The methods have been criticized for not handling threats to internal validity (designs without control groups or proper randomization) and the theories have been criticized for conceptual vagueness. To address this, the study reported on here developed an experimentally robust intervention design to test a new theory for teaching critical thinking—the variation theory of learning and teaching. This theory focuses on opening up new aspects of the world for the learner through systematic variation in these aspects. In this study, an aspect of critical thinking was targeted: the aspect of alternating points of view on societal issues. 92 Swedish 9th grade students and 5 social studies teachers from a school in the commuting area of Gothenburg were randomly assigned to treatment, i.e. variation-theory-based teaching, and control group, i.e. “business-as-usual” teaching. The results were measured through essay tasks, in pre- and post-tests, showing significant gains in alternating points of view in favour of the treatment group, both on the issues taught and novel issues, i.e. transfer. The results suggest that, when put to the test in a methodologically robust intervention, variation theory is a powerful theory for teaching critical thinking, and in addition, it offers a way to theoretically explain the teaching and learning taking place. This suggests a need for further exploration of the theory in relation to research on and teaching of critical thinking.","openalex, scopus, wos",human,0.860,human,
discarded,"The Corticohippocampal Circuit, Synaptic Plasticity, and Memory",Jayeeta Basu; Steven A. Siegelbaum,2015,Cold Spring Harbor Perspectives in Biology,10.1101/cshperspect.a021733,https://openalex.org/W2179672615,neuroscience; memory; non-education; diagnostic-test-or-misconception-study-other-domain,"Synaptic plasticity serves as a cellular substrate for information storage in the central nervous system. The entorhinal cortex (EC) and hippocampus are interconnected brain areas supporting basic cognitive functions important for the formation and retrieval of declarative memories. Here, we discuss how information flow in the EC-hippocampal loop is organized through circuit design. We highlight recently identified corticohippocampal and intrahippocampal connections and how these long-range and local microcircuits contribute to learning. This review also describes various forms of activity-dependent mechanisms that change the strength of corticohippocampal synaptic transmission. A key point to emerge from these studies is that patterned activity and interaction of coincident inputs gives rise to associational plasticity and long-term regulation of information flow. Finally, we offer insights about how learning-related synaptic plasticity within the corticohippocampal circuit during sensory experiences may enable adaptive behaviors for encoding spatial, episodic, social, and contextual memories.","openalex, scopus, wos",human,0.990,human,
discarded,Theory and Practice of Lesson Study in Mathematics,"Huang, Rongjin; Takahashi, Akihiko; João Pedro da Ponte",2019,Advances in mathematics education,10.1007/978-3-030-04031-4,https://openalex.org/W2935293426,lesson-study-book; mathematics-education; non-computing; diagnostic-test-or-misconception-study-other-domain,"This book brings together and builds on the current research efforts on adaptation, conceptualization, and theorization of Lesson Study (LS). Presenting the practices and theories of LS with practicing and prospective teachers, it enables the reader to take a comparative perspective.","openalex, scopus, wos",human,0.900,human,
kept,Learning studies in hong kong schools : a summary evaluation report on the ‘variation for the improvement of teaching and learning’ (VITAL) project.,John Elliott; Christina Wai Mui Yu,2013,Éducation & didactique,10.4000/educationdidactique.1762,https://openalex.org/W2168632548,learning-study; hong-kong-schools; general-education; learning-study-corroboration,"Introduction The VARIATION FOR THE IMPROVEMENT OF TEACHING AND LEARNING PROJECT (VITAL) was funded by the Hong Kong Education and Manpower Bureau over three years from 2005 to 2008, and based in the Centre for Learning Studies and School Partnership (CLASP) at the Hong Kong Institute of Education under the leadership of Professor Lo Mun Ling. The project involved the application of a unique combination of the Japanese and Chinese lesson ...","openalex, scopus, wos",human,0.870,human,
discarded,A threshold concepts focus to curriculum design: supporting student learning through application of variation theory,Gerlese S. Åkerlind; Jo McKenzie; Mandy Lupton,2011,QUT ePrints (Queensland University of Technology),,https://openalex.org/W24346462,curriculum-design; threshold-concepts; general-education; learning-study-or-variation-theory-other-domain,The report describes the development and testing of a research-informed curriculum model aimed at improving students' learning of threshold concepts. The project used phenomenographic action research and the variation theory of learning to develop and trial the model with collaboration from three institutional partners.,"openalex, scopus, wos",human,0.850,human,
discarded,2024 ESC Guidelines for the management of chronic coronary syndromes,Vrints C.,2024,European Heart Journal,10.1093/eurheartj/ehae177,https://www.scopus.com/inward/record.uri?partnerID=HzOxMe3b&scp=85204602708&origin=inward,clinical-guidelines; non-education; unrelated-term-match-other-field,,"openalex, scopus, wos",human,0.990,human,
discarded,"2024 ESC Guidelines for the management of chronic coronary syndromes, developed by the Task Force for the Management of Chronic Coronary Syndromes of the European Society of Cardiology (ESC) under the auspices of the European Association for Cardio-Thoracic Surgery (EACTS)",Vrints C.,2024,Giornale Italiano Di Cardiologia,10.1714/4375.43725,https://www.scopus.com/inward/record.uri?partnerID=HzOxMe3b&scp=85211243338&origin=inward,clinical-guidelines; non-education; unrelated-term-match-other-field,,"openalex, scopus, wos",human,0.990,human,
discarded,Teaching About Electricity in Primary School Multimodality and Variation Theory as Analytical Lenses,Preston C.M.,2022,Research in Science Education,10.1007/s11165-022-10047-9,https://www.scopus.com/inward/record.uri?partnerID=HzOxMe3b&scp=85125543857&origin=inward,primary-science-education; variation-theory; non-computing; diagnostic-test-or-misconception-study-other-domain,"Primary school topics involving abstract concepts are challenging to teach. Electric circuits can be simply constructed but complex to explain. New approaches in teaching students for understanding are needed to advance practice in primary science. This paper combines the strengths of multimodality research perspectives with variation theory to provide insights into a teaching sequence designed for year 6 students. Application of a representation construction approach (RCA) provides opportunities for multimodal meaning-making of electric circuits. The case study adopted a design-based research method to investigate teaching electric circuits. Data collection involved video capture of classroom practice, teacher and student interviews, student journal entries and assessment artefacts, field notes, and pre-test and post-test results. Design principles included identifying key ideas, devising a lesson sequence emphasising energy transfer and transformation, hands-on exploration using multimodal representations in response to learning challenges, and student journaling. Students’ metarepresentational competence was also developed through evaluation, negotiation, and creation of representations and models of electric circuits. Representational challenges followed by strategic teacher-led discussion facilitated students’ developing understanding through focusing attention on critical features. Deep learning was evidenced by journal records, formative and summative assessment artefacts, and post-test responses. RCA principles were instrumental in the successful design of an effective teaching sequence through focus on critical aspects of energy. We advocate a RCA for the design of a multimodal learning sequence. Variation theory was a useful analytical framework to understand the enactment of the design sequence. The study contributes to the challenge of rethinking traditional teaching practices in primary science.","openalex, scopus, wos",human,0.850,human,
discarded,Exploring students' conceptions of vectors: A phenomenographic study,Abou-Hayt I.,2020,Sefi 48th Annual Conference Engaging Engineering Education Proceedings,,https://www.scopus.com/inward/record.uri?partnerID=HzOxMe3b&scp=85107188395&origin=inward,phenomenography; vectors; engineering-education; non-computing; diagnostic-test-or-misconception-study-other-domain,,"openalex, scopus, wos",human,0.830,human,
discarded,Enhancing the generative learning of young people in the domain of financial literacy through learning study,Pang M.F.,2019,International Journal for Lesson and Learning Studies,10.1108/IJLLS-09-2018-0065,https://www.scopus.com/inward/record.uri?partnerID=HzOxMe3b&scp=85062471596&origin=inward,financial-literacy; learning-study; non-computing; learning-study-or-variation-theory-other-domain,"
Purpose
The purpose of this paper is to collect new evidence about the efficacy of the pedagogical principles derived from our earlier study on boosting students’ financial literacy, with the aim of providing a theoretically and practically powerful account of how generative learning in the domain of financial literacy can be enhanced.


Design/methodology/approach
This is an example of learning study consisting of a design experiment, which aims to test the conjectures of the variation theory of learning. A total of 156 students who were aged from 14 to 16 years were taught under the three learning conditions which embedded the test criteria, and a total of seven lessons were used by the two participating teachers for each of the classes. To assess students’ appropriation of the object of learning, four tests were conducted, i.e. a pre-test, post-test immediately after the lessons, delayed post-test after six weeks and second delayed post-test after six months.


Findings
This study shows that a systematic use of the pattern of “contrast-fusion-generalization” to deal with the individual core economic concepts identified can help students lay a solid conceptual foundation for developing financial literacy. Furthermore, with the use of the meta-level pattern of “contrast-fusion-generalization” through complex everyday financial problems or situations which transcend the specific concepts, students can make effective use of the core economic concepts learned and transform them organically into one’s analytical framework. This enables students to discern and focus upon the critical aspects of novel financial situations and have a greater likelihood of making well-reasoned and sound financial decisions.


Originality/value
This paper sheds light on the ways in which students’ generative learning in the domain of financial literacy can be enhanced through the conceptual approach grounded in the variation theory of learning.
","openalex, scopus, wos",human,0.880,human,
