status,title,authors,year,venue,doi,url,tags,abstract,provider,decision_source,llm_confidence,llm_review_outcome,llm_change_direction
discarded,Empowering Self-Learning: Automated Assistance and Grading Mechanisms in Android Application Development,Syaifudin Y.W.,2026,International Journal of Modern Education and Computer Science,10.5815/ijmecs.2026.04.07,https://www.scopus.com/inward/record.uri?partnerID=HzOxMe3b&scp=105046228779&origin=inward,mobile-programming-education; automated-grading; self-learning; computing-education-or-software-engineering-not-version-control,"The increasing dominance of Android devices has driven a surge in demand for skilled mobile programmers, prompting educational institutions to incorporate mobile programming courses into their curricula. This trend, combined with the rise of self-learning platforms, highlights the need for innovative educational technologies that enhance programming instruction. While automated assessment systems have improved the grading process in programming education, there remains a gap in mobile programming education, particularly due to the complexities of assessing Android applications. To address this, an innovative framework for Android application development is proposed, leveraging automated grading and assistance mechanisms. The framework employs a Test-Driven Development (TDD) approach, providing structured guidance and immediate feedback through automated testing tools including JUnit and Robolectric. A study involving 125 students revealed high engagement and success in basic topics, though challenges persisted in more complex areas, indicating a need for ongoing refinement and additional instructional support to elevate the learning experience in mobile application development.","openalex, scopus, wos, ieee",human,0.970,human,
discarded,Bridging environmental and social sustainability: A conceptual model of blue-green-red infrastructure (BGRI),Farghaly R.M.,2026,Sustainable Cities and Society,10.1016/j.scs.2026.107267,https://www.scopus.com/inward/record.uri?partnerID=HzOxMe3b&scp=105031725015&origin=inward,urban-sustainability; non-education; unrelated-term-match-other-field,"As urbanization accelerates-projected to reach 68% of the global population by 2050-cities are increasingly challenged by complex environmental, social, and economic pressures. In response, sustainable urban infrastructure models must evolve beyond ecological functionality to also address social equity and well-being. While Blue-Green Infrastructure (BGI) has proven effective in mitigating environmental issues through nature-based solutions, its integration of social dimensions remains underdeveloped. To bridge this gap, this study introduces the Blue-Green-Red Infrastructure (BGRI) model-a holistic framework grounded in Social-Ecological Systems (SES) theory and the Biophilia Hypothesis. BGRI expands the traditional BGI by incorporating Red Infrastructure (RI), which emphasizes community well-being, inclusion, and equitable access. Using a mixed-method approach, the study systematically reviewed 1,818 publications, following the PRISMA protocol, selecting 883 core studies for bibliometric analysis using Biblioshiny and VOSviewer. Findings highlight critical health efficiency factors-spatial scale, safety, interaction modes, and multisensory design-and define RI principles that ensure accessibility, inclusivity, resilience, and equitable benefit distribution. The study further explores the potential of RI within real-world BGI projects, providing empirical evidence for its integration. These insights informed the construction of a multi-layered BGRI Evaluation Matrix that aligns environmental and social dimensions with the Sustainable Development Goals (SDGs). The model further incorporates an integrated platform that connects conceptual alignment, evaluation structure, operational pathways, and technical implementation, enabling planners, policymakers, and researchers to assess and enhance urban infrastructure interventions. Overall, BGRI provides a transformative paradigm for urban sustainability, combining ecological resilience with social justice to promote health and well-being in diverse urban contexts.","openalex, scopus, wos, ieee",human,0.990,human,
discarded,Robust Methods for Developer Screening in Rapidly Evolving AI Contexts,Serafini R.,2026,Conference on Human Factors in Computing Systems Proceedings,10.1145/3772318.3790302,https://www.scopus.com/inward/record.uri?partnerID=HzOxMe3b&scp=105038628396&origin=inward,developer-screening; ai-cheating; non-education; computing-education-or-software-engineering-not-version-control,"The rise of AI-powered tools like ChatGPT enables non-programmers to bypass programming screening questions, undermining internal validity in usable security and privacy, and software engineering studies. Past ChatGPT-resistant tasks proposed static visual questions, which ChatGPT can now circumvent. Therefore, we tested alternative approaches such as video- and audio-based screeners that reveal key information step by step under strict time constraints to distinguish programmers from non-programmers. To this end, we conducted a study with 74 participants across three groups: programmers, non-programmers without AI assistance, and non-programmers using ChatGPT. Our results showed that audio-based screeners were robust against ChatGPT-based cheating, as non-programmers struggled to find correct answers within time limits, whereas programmers demonstrated high accuracy with minimal time pressure. Based on our findings, we recommend six audio-based ChatGPT-resistant screening questions that maximize screening effectiveness and efficiency and suggest a 215-second instrument that includes 95.87% of programmers while excluding 99.69% of non-programmers.","openalex, scopus, wos, ieee",human,0.730,human,
discarded,Bayesian Selection Policies for Human-in-the-Loop Anomaly Detectors with Applications in Test Security,Fauss M.,2026,Psychometrika,10.1017/psy.2025.10056,https://www.scopus.com/inward/record.uri?partnerID=HzOxMe3b&scp=105024923578&origin=inward,test-security; psychometrics; non-computing-education; unrelated-term-match-other-field,"This article investigates the problem of automatically flagging test takers who exhibit atypical responses or behaviors for further review by human experts. The objective is to develop a selection policy that maximizes the expected number of test takers correctly identified as warranting additional scrutiny while maintaining a manageable volume of reviews per test administration. The selection procedure should learn from the outcomes of the expert reviews. Since typically only a fraction of test takers are reviewed, this leads to a semi-supervised learning problem. The latter is formalized in a Bayesian setting, and the corresponding optimal selection policy is derived. Since calculating the policy and the underlying posterior distributions is computationally infeasible, a variational approximation and three heuristic selection policies are proposed. These policies are informed by properties of the optimal policy and correspond to different exploration/exploitation trade-offs. The performance of the approximate policies is assessed via numerical experiments using both synthetic and real-world data and is compared with procedures based on off-the-shelf algorithms as well as theoretical performance bounds.","openalex, scopus, wos, ieee",human,0.950,human,
discarded,Advancing climate-resilient livestock systems: Next-generation emission mitigation strategies and integrated technological innovations,Ghavi Hossein-Zadeh N.,2026,Veterinary and Animal Science,10.1016/j.vas.2026.100588,https://www.scopus.com/inward/record.uri?partnerID=HzOxMe3b&scp=105029620204&origin=inward,livestock-systems; non-education; unrelated-term-match-other-field,"Highlights • Advances in manure management boost nutrient recovery and methane reduction.• Precision livestock farming lowers emissions and improves animal welfare.• Renewable energy integration transforms farms into net energy producers.• IoT, AI, and drones optimize feeding, grazing, and emission monitoring.• Policy insights reveal pathways to scalable, sustainable livestock systems.","openalex, scopus, wos, ieee",human,0.990,human,
discarded,Research challenges and future perspectives for e-assessment technologies in higher education,Striewe M.,2026,I Com,10.1515/icom-2026-0008,https://www.scopus.com/inward/record.uri?partnerID=HzOxMe3b&scp=105033179785&origin=inward,e-assessment; higher-education; general-edtech; unrelated-term-match-other-field,"Abstract E-assessment technologies have rapidly evolved in higher education, transforming the evaluation of learning outcomes and the delivery of feedback to students and educators. This paper outlines the technological progression of assessment methods, from early computer-assisted systems to modern adaptive approaches powered by artificial intelligence. The main contributions of this paper are an analysis of technology drivers, current capabilities and challenges of e-assessment, as well as a structured long-term roadmap for future research directions. Based on a systematic analysis of the assessment process, key developments are identified, including advances in automatic item generation, flexible learner interaction formats, scalable feedback techniques, and personalized, adaptive assessment. At the same time, challenges remain in balancing adaptivity with data privacy, supporting diverse and authentic artifacts, and designing feedback that is both pedagogically meaningful and technically feasible. Socio-technical aspects such as trust and cultural factors add further complexity to system design. Recent progress in generative AI offers new opportunities for automation – especially in item creation and adaptive feedback – but also raises concerns regarding reliability and explainability. Finally, the article provides a forward-looking perspective on future directions and potential developments in the examined subfields of e-assessment over the next 10, 25, and 50 years.","openalex, scopus, wos, ieee",human,0.780,human,
discarded,Transforming Requirement Elicitation Through Gamification—A Comprehensive Review,Nazim Z.,2026,Human Behavior and Emerging Technologies,10.1155/hbe2/1618680,https://www.scopus.com/inward/record.uri?partnerID=HzOxMe3b&scp=105031589066&origin=inward,requirements-engineering; gamification; non-education; unrelated-term-match-other-field,"Software projects go through a cycle of development, the initial phase of this cycle is proposed by collecting requirements. A successful software has high quality requirements that are complete, clear, and concise. For these requirements, effective RE strategies are required. This paper is a systematic literature review discussing the methodology of gamification as a transformational RE compared with conventional methods used previously. This study is conducted on 97 peer‐reviewed literature articles published between 2012 and 2024 on topics of requirement elicitation, gamification, and stakeholder motivation. The article papers were collected from major scientific databases including IEEE Xplore, SpringerLink, ScienceDirect, and ProQuest. This review article based its findings by creating a comprehensive screening and quality assessment process. The assessment of relevant articles established in this theory was based on the objective of gamified requirement elicitation and stakeholder motivation. The findings contribute to quality synthesis of results in the form of answers to four questions. Additionally, this paper also discusses a Gamified Requirement Elicitation Model (GREM) in theory, which builds on limitations of previous findings. The paper also builds a domain taxonomy to structure the findings as an exploratory framework for expert analysis and industry integration. The review builds on gamification and also presents the considerations to fulfil when employing its use.","openalex, scopus, wos, ieee",human,0.880,human,
discarded,Cancer: An Integrative Approach: Principles and Strategies - from Precision Targeting to Process Oncology,Paul D.,2026,Cancer an Integrative Approach Principles and Strategies from Precision Targeting to Process Oncology,10.1007/978-3-032-08808-6,https://www.scopus.com/inward/record.uri?partnerID=HzOxMe3b&scp=105042970455&origin=inward,medical-book; non-education; unrelated-term-match-other-field,,"openalex, scopus, wos, ieee",human,0.990,human,
discarded,The CoMPAS Framework for Modeling Individual Participation in Collaborative Learning Processes: a Systematic Review,Feng S.,2025,International Journal of Computer Supported Collaborative Learning,10.1007/s11412-025-09450-x,https://www.scopus.com/inward/record.uri?partnerID=HzOxMe3b&scp=105010648221&origin=inward,collaborative-learning; systematic-review; general-education; unrelated-term-match-other-field,"Understanding individual participation is critical for uncovering how individuals learn in collaborative learning as well as for providing personalized support to scaffold team success and individual gains. Modelling individual participation requires a process-oriented method rather than an outcome-focused approach. There is a need for a theoretical framework guiding the collection and analysis of process data for gauging individual participation in collaborative learning. This systematic review synthesizes theoretical aspects and analytical methods for modelling individual participation using process data in collaborative learning. It analyzes 66 studies published between 2005 and 2024, identified through the PRISMA process. Based on the analytical results, we propose a new theoretical framework, COMPAS, consisting of six components to model the multi-faceted and multi-level nature of individual participation in collaborative learning processes: Cognitive interactions, Coordinative interactions, Metacognitive interactions, Passive participation, solo Active participation, and Socio-emotional interactions. The six forms of individual participation were studied using various forms of collaborative learning process data—including oral conversational data, textual input data, log data, and non-verbal physical data—with analytical methods primarily involving descriptive analysis, content analysis, network analysis, and clustering. The synthesized factors influencing individual participation reflect a bi-directional relationship between individual participation and group performance in collaborative learning. This study contributes a new theoretical framework for understanding different forms of individual participation in collaborative learning, as well as highlights the need for and importance of multimodal process data in collaborative learning analytics.","openalex, scopus, wos, ieee",human,0.750,human,
discarded,A Study of Introductory Exercise Problems for Novice Students in Java Programming Learning Assistant System,Mentari M.,2025,Iaeng International Journal of Computer Science,,https://www.scopus.com/inward/record.uri?partnerID=HzOxMe3b&scp=105034903930&origin=inward,novice-programming; java; learning-assistant-system; computing-education-or-software-engineering-not-version-control,,"openalex, scopus, wos, ieee",human,0.720,human,
discarded,Influence of College STEM Program Participation on Persistence Among First-Generation Engineering Students,Diaz D.,2025,Counseling Psychologist,10.1177/00110000251352576,https://www.scopus.com/inward/record.uri?partnerID=HzOxMe3b&scp=105017480733&origin=inward,engineering-persistence; general-stem-education; unrelated-term-match-other-field,"Using data from 473 first-generation college students (FGCS) in engineering, the study tested a social cognitive career theory (SCCT) model of persistence and examines model invariance by participation in college science, technology, engineering, and mathematics (STEM) programs. Data from two survey waves collected 1 year apart were analyzed with structural equation modeling. Results supported a temporal pathway from engineering self-efficacy to lower negative outcome expectations and a cross-sectional link between persistence intention goals and observed persistence behaviors. The hypothesized temporal effect of negative outcome expectations on persistence goals was not supported. Multigroup analyses indicated that FGCS who participated in STEM support programs required lower levels of persistence intentions to persist compared with nonparticipants, suggesting such programs reduce the threshold needed to translate intentions into behavior. Findings underscore the role of self-efficacy in shaping expectations over time and highlight STEM support programs as scalable levers to promote FGCS persistence in engineering.","openalex, scopus, wos, ieee",human,0.790,human,
discarded,THE (DYS)REGULATION OF ENERGY STORAGE IN OBESITY,Levin B.E.,2025,Physiological Reviews,10.1152/physrev.00002.2024,https://www.scopus.com/inward/record.uri?partnerID=HzOxMe3b&scp=105003675453&origin=inward,obesity-review; non-education; unrelated-term-match-other-field,"Metabolic energy stored mainly as adipose tissue is homeostatically regulated. There is strong evidence that human body weight (BW) is physiologically regulated, i.e. maintained within a relatively narrow range in most mammals, including humans. Nevertheless, the prevalence of obesity has increased markedly in recent decades and now constitutes major medical and socioeconomic problems worldwide. This review focuses on understanding this paradox and the clinical issues that it has spawned: how and why do individuals become obese and how can we help those with obesity lose excess BW and body fat and maintain whatever loss they achieve. Excess BW gain occurs when physiological responses that usually resist short-term weight gain fail to compensate for excess caloric intake occurring over extended periods of time, often over many years or even decades. On the other hand, the difficulties of achieving BW loss and maintenance of reduced BW in obese subjects are due, in part, to the operation of the same physiological regulatory system that helps maintain a healthy BW in individuals without obesity. But, given obesity's association with many pathological conditions, we maintain that the physiological processes that resist BW loss and persistently drive regain are examples of dysregulation. Here we review research in humans and animals addressing these and other unresolved issues in the physiology of obesity. We bring important unresolved problems into focus, and, in some cases, propose hypotheses that can further elucidate their mechanisms to provide research opportunities into modalities that might lead to more effective treatments of obesity.","openalex, scopus, wos, ieee",human,0.990,human,
discarded,Self-directed study in online teacher education with MetaDig: a digital tool for self-regulated learning,Ortega-Ruipérez B.,2025,Revista Complutense De Educacion,10.5209/rced.93803,https://www.scopus.com/inward/record.uri?partnerID=HzOxMe3b&scp=105011205592&origin=inward,teacher-education; self-regulated-learning; general-edtech; unrelated-term-match-other-field,"INTRODUCCIÓN. El uso de estrategias metacognitivas, como parte del aprendizaje autorregulado, puede desempeñar un papel importante en los hábitos de estudio. Los programas de entrenamiento en metacognición tienen un fuerte efecto en la mejora del aprendizaje que tiene lugar durante el estudio. El aprendizaje en línea subraya aún más la importancia de autorregular el estudio de los contenidos para mejorar el aprendizaje. Además, el profesorado que se forman en línea deberían ser los primeros en aprender a autorregular el estudio, para incluir la enseñanza de estas estrategias en el futuro. El objetivo es examinar cómo mejoran los hábitos de estudio gracias a una herramienta digital que promueve el uso regular de estrategias metacognitivas en un curso online de formación de profesorado. MÉTODO. Los participantes fueron 252 profesores y profesoras que cursaban un máster en tecnología educativa. Se proporciona una herramienta digital que permite planificar, monitorizar y autoevaluar su aprendizaje, que es utilizada regularmente por el 42% de la muestra. Para comprobar la mejora se utiliza el Inventario de Estrategias de Autorregulación (SRSI-SR) en un estudio pre-post, que incluye la evaluación de cuatro dimensiones: hábitos de regulación inadecuada, organización del entorno, búsqueda de información y organización de tareas. RESULTADOS. Los resultados muestran que quienes utilizan la app de forma regular mejoran significativamente más que quienes no la utilizan, especialmente en la dimensión de búsqueda de información, que es fundamental para la autorregulación del aprendizaje y, así, convierten las debilidades en fortalezas. CONCLUSIÓN. Esta herramienta digital de aprendizaje autorregulado, basada principalmente en estrategias metacognitivas, se propone en la formación online del profesorado para mejorar el aprendizaje, gracias a la mejora de los hábitos de estudio.","openalex, scopus, wos, ieee",human,0.760,human,
