status,title,authors,year,venue,doi,url,tags,abstract,provider,decision_source,llm_confidence,llm_review_outcome,llm_change_direction
discarded,DevOps - Preparing Students for Professional Practice,Rachel A. Kaczka Jennings; Gerald Gannod,2019,2019 IEEE Frontiers in Education Conference (FIE),10.1109/FIE43999.2019.9028598,https://ieeexplore.ieee.org/document/9028598/,devops-education; software-engineering-education; developer-tools; git-or-software-tooling-without-learner-understanding-findings,"This work in progress paper presents a course on DevOps which is a combination of software development skills and software operations skills. This new course is for sophomores and juniors in the computer science program who want to be prepared for professional software engineering careers. Introduction to DevOps Is a hands-on laboratory course that brings students through Git for source code management, Capybara for automated testing, AWS, Docker, and Ansible for automated virtual machine provisioning and configuration, and Jenkins for Continuous Integration. Unlike our current course offerings which primarily focus on the single developer context in a localized environment, this course prepares students for highly collaborative, team-based projects that use cloud resources to facilitate management of the software deployment pipeline. We developed this course based on feedback from our external advisory board and under consultation from a number of industrial partners. This is complementary to our current offerings in software engineering which focus on Agile software practices. In this paper we describe the core concepts, the design, learning experiences, technologies, and lessons learned through developing and conducting this course. In future work we hope to present student perceptions of learning and provide data collected through direct assessment of student outcomes.","openalex, scopus, wos, ieee",human,0.990,human,
discarded,Assessing students' conceptions of learning,Nola Purdie; John Hattie,2002,QUT ePrints (Queensland University of Technology),,https://openalex.org/W2111256201,conceptions-of-learning; general-education; diagnostic-test-or-misconception-study-other-domain,"This study describes the development of an instrument designed to assess student's conceptions of learning.The Conceptions of Learning Inventory (COLI) was developed from qualitative data obtained from Australian and Japanese high school students.Six conceptions of learning were identified.The COLI was used to compare the conceptions of learning of groups of students from Australia (Indigenous and non-Indigenous), Malaysia, and America (Caucasian and African American).The self-rated academic achievement of students who endorsed all six conceptions of learning was higher than that of students who endorsed fewer conceptions of learning.There was little support for the existence of the two qualitatively different conceptions that are commonly identified (a surface conception involving the acquisition, storage, reproduction, and use of knowledge; and a deep conception involving the construction of meaning and personal change).","openalex, scopus, wos",human,0.910,human,
discarded,Diagnosing students' alternative conceptions in science,Chin‐Chung Tsai; Chien Chou,2002,Journal of Computer Assisted Learning,10.1046/j.0266-4909.2002.00223.x,https://openalex.org/W1497129674,science-misconceptions; diagnostic-test; non-computing; diagnostic-test-or-misconception-study-other-domain,"Abstract This study described an attempt to develop a networked two‐tier test system. A two‐tier test is a two‐level multiple‐choice question that diagnoses students' alternative conceptions in science. Three networked, two‐tier test items were presented in this study. Students in Taiwan (555 14 year olds and 599 16 year olds) were asked to answer these items online. An analysis of students' answers suggested that students' alternative conceptions might be retained even after formal instruction about relevant conceptions. Moreover, their responses were related across these three two‐tier test items. Further development of the two‐tier test system will mainly focus on designing appropriate feedback and guidance that help students overcome their alternative conceptions. In this way, the networked two‐tier test system is not only a diagnostic tool, but also an effective instructional tool. This study has illuminated some innovative thoughts for the research and practice of science education.","openalex, scopus, wos",human,0.920,human,
discarded,Factors associated to depression and anxiety in medical students: a multicenter study,Fernanda Brenneisen Mayer; Itamar S Santos; Paulo Sérgio Panse Silveira; Maria Helena Itaqui Lopes; Alicia Regina Navarro Dias de Souza; Eugenio Paes Campos; Benedita Andrade Leal de Abreu; Itágores Hoffman; Cleidilene Ramos Magalhães; Maria Cristina Pereira Lima; Raitany C. Almeida; Mateus Spinardi; Patrícia Zen Tempski,2016,BMC Medical Education,10.1186/s12909-016-0791-1,https://openalex.org/W2533046279,medical-students; mental-health; non-computing; unrelated-term-match-other-field,"BACKGROUND: To evaluate personal and institutional factors related to depression and anxiety prevalence of students from 22 Brazilian medical schools. METHODS: The authors performed a multicenter study (August 2011 to August 2012), examining personal factors (age, sex, housing, tuition scholarship) and institutional factors (year of the medical training, school legal status, location and support service) in association with scores of Beck Depression Inventory (BDI) and State Trait Anxiety Inventory (STAI). RESULTS: Of 1,650 randomly selected students, 1,350 (81.8 %) completed the study. The depressive symptoms prevalence was 41 % (BDI > 9), state-anxiety 81.7 % and trait-anxiety in 85.6 % (STAI > 33). There was a positive relationship between levels of state (r = 0,591, p < 0.001) and trait (r = 0,718, p < 0.001) anxiety and depression scores. All three symptoms were positively associated with female sex and students from medical schools located in capital cities of both sexes. Tuition scholarship students had higher state-anxiety but not trait-anxiety or depression scores. Medical students with higher levels of depression and anxiety symptoms disagree more than their peers with the statements ""I have adequate access to psychological support"" and ""There is a good support system for students who get stressed"". CONCLUSIONS: The factors associated with the increase of medical students' depression and anxiety symptoms were female sex, school location and tuition scholarship. It is interesting that tuition scholarship students showed state-anxiety, but not depression and trait-anxiety symptoms.","openalex, scopus, wos",human,0.950,human,
discarded,Student misbehavior and teacher well-being: Testing the mediating role of the teacher-student relationship,Karen Aldrup; Uta Klusmann; Oliver Lüdtke; Richard Göllner; Ulrich Trautwein,2018,Learning and Instruction,10.1016/j.learninstruc.2018.05.006,https://openalex.org/W2809669334,teacher-wellbeing; general-education; unrelated-term-match-other-field,"Asked about major job stressors, teachers consistently name classroom disturbances or disciplinary problems. Furthermore, student misbehavior has been linked to reduced occupational well-being. However, there is a pressing need to uncover the psychological processes explaining this association. In their model of teacher well-being, Spilt, Koomen, and Thijs (2011) suggested the teacher-student relationship as a mediator. To test this assumption, the present study used longitudinal data from N = 222 teachers who rated student misbehavior in their classroom, the teacher-student relationship, and their well-being in terms of emotional exhaustion and work enthusiasm. In addition, the teachers' students (N = 4111) were asked about behavior problems in their class. The results revealed links between teacher-rated student misbehavior, increased exhaustion, and decreased enthusiasm. Student-rated misbehavior was correlated with teacher well-being to a lesser extent. Furthermore, the teacher-student relationship was positively associated with teacher well-being and mediated the link between teacher-perceived misbehavior and enthusiasm.","openalex, scopus, wos",human,0.930,human,
discarded,All That Glitters Is Not Grit: Three Studies of Grit in University Students,Chathurika Kannangara; Rosie Allen; Gill Waugh; Nurun Nahar; Samia Zahraa Noor Khan; Suzanne Rogerson; Jerome Carson,2018,Frontiers in Psychology,10.3389/fpsyg.2018.01539,https://openalex.org/W2889070328,student-wellbeing; psychology; general-education; unrelated-term-match-other-field,"The present research looked at the importance of the concept of grit in University students based on a mixed-method approach. Study 1 comprised 440 University students. All were given the Grit Scale, the Perceived Stress Scale, the short Warwick-Edinburgh Mental Well-being Scale, the Office of National Statistics Well-being items and the Self-Control Scale. Levels of grit were significantly higher in female students, older students and postgraduates. Grit correlated highest with self-control. Study 2 looked at 340 University students. In addition to measuring self-control, mental well-being and grit, measures of resilience and mindsets were also added. A construct validity test of the Grit Scale showed that high grit scorers had significantly higher levels of self-control and mental well-being, were more resilient and were more likely to have a more growth oriented mindset. Grit varies with age and is most closely associated with the concept of self-control. The third study was a qualitative investigation with 10 successful graduates. Semi-structured interviews were coded using thematic analysis. Three broad themes emerged. The first, Passion and Perseverance, included themes of having short and long terms goals, resilience, dedication, and endurance. The second, Self-Control, included time management, self-awareness, prioritizing tasks and knowing strengths and weaknesses. The third theme identified was Positive Mindsets. This included having a positive attitude toward learning, the importance of feedback and constructive criticism and that success is not materialistic. The qualitative research has helped ""unpack"" concepts from the grit research and may enable University tutors to guide students better. Though these studies were only conducted in one English University, they have been stepping stones in our quest to discover what are the most important factors in determining student academic success? The development and piloting of our new Uni-Stride Scale, is the next step in this process.","openalex, scopus, wos",human,0.930,human,
discarded,"From Gatekeeping to Engagement: A Multicontextual, Mixed Method Study of Student Academic Engagement in Introductory STEM Courses",Josephine Ann Gasiewski; M. Kevin Eagan; Gina A. García; Sylvia Hurtado; Mitchell J. Chang,2011,Research in Higher Education,10.1007/s11162-011-9247-y,https://openalex.org/W1982911061,stem-engagement; general-stem-education; unrelated-term-match-other-field,"The lack of academic engagement in introductory science courses is considered by some to be a primary reason why students switch out of science majors. This study employed a sequential, explanatory mixed methods approach to provide a richer understanding of the relationship between student engagement and introductory science instruction. Quantitative survey data were drawn from 2,873 students within 73 introductory science, technology, engineering, and mathematics (STEM) courses across 15 colleges and universities, and qualitative data were collected from 41 student focus groups at eight of these institutions. The findings indicate that students tended to be more engaged in courses where the instructor consistently signaled an openness to student questions and recognizes her/his role in helping students succeed. Likewise, students who reported feeling comfortable asking questions in class, seeking out tutoring, attending supplemental instruction sessions, and collaborating with other students in the course were also more likely to be engaged. Instructional implications for improving students' levels of academic engagement are discussed.","openalex, scopus, wos",human,0.820,human,
discarded,Willingness-to-pay for bacteriophage-treated rainbow trout: A comparative study of Denmark and Germany,Maezono M.,2027,Ecological Economics,10.1016/j.ecolecon.2026.109191,https://www.scopus.com/inward/record.uri?partnerID=HzOxMe3b&scp=105046850117&origin=inward,consumer-study; non-education; unrelated-term-match-other-field,"The use of antibiotics in aquaculture contributes to the development of antimicrobial resistance (AMR), which poses serious public health risks. Bacteriophages offer a promising alternative for preventing and treating bacterial diseases in fish, effectively replacing antibiotics without fostering antibiotic resistance. However, little is known about consumer perceptions and acceptance of bacteriophage-treated seafood. This study examines consumer willingness to pay (WTP) for bacteriophage-treated rainbow trout using a discrete choice experiment. On the basis of responses from 1918 Danish and 1914 German consumers, our findings reveal a positive mean WTP for bacteriophage-treated trout (€3.03 in Denmark and €3.76 in Germany per 250 g fillet, respectively) relative to the reference level (vaccine-treated), whereas the mean WTP for antibiotic-treated trout was significantly lower. Substantial heterogeneities in WTP for health control across consumers were confirmed, as the estimated standard deviations were statistically significant. However, at least 75.6% of Danish respondents and 64.2% of German respondents demonstrated a positive WTP for phage-treated trout. These findings highlight consumer openness to bacteriophage-based disease control and provide valuable guidance for policy-makers and the aquaculture industry in their transition toward potentially more sustainable and health-conscious alternatives to antibiotics.","openalex, scopus, wos",human,0.990,human,
discarded,Boundary objects and knowledge sharing in sustainability demonstration projects: insights from practitioner-driven codification strategies shaping project learning,Ferres G.M.,2026,International Journal of Managing Projects in Business,10.1108/IJMPB-10-2025-0429,https://www.scopus.com/inward/record.uri?partnerID=HzOxMe3b&scp=105043869869&origin=inward,project-learning; sustainability-projects; non-education; unrelated-term-match-other-field,"
 
 Sustainability demonstration projects provide an important case context for both project learning and boundary spanning. These projects have knowledge sharing as a central focus, key driver and intended outcome. Despite the well-established potential of knowledge codification to overcome temporal, geographical and organisational barriers, little is known about how practitioners codify project learnings within boundary objects for effective knowledge transfer. This study addresses the following research question: How do practitioners perceive the relative importance of boundary object capacities for knowledge sharing when codifying project learnings in different types of sustainability demonstration projects?
 
 
 
 A multiple-case analysis of 28 sustainability demonstration projects, applying surveys, interviews and multicriteria mapping (MCM) provides insights on practitioner perspectives relating to boundary object capacities for learning codification and sharing between sustainability demonstration projects.
 
 
 
 The results show that all boundary object capacities were recognised as supporting effective learning codification and transfer, with “common language and syntax” and “interpretative and translation” capacities being most commonly prioritised. Codification strategies were found to be highly context-sensitive, with project type significantly influencing practitioner preferences and rationales.
 
 
 
 These findings advance understanding of knowledge codification in sustainability-focused project environments and offer a practical framework for tailoring or analysing codification strategies to specific project contexts. The study contributes to the discussion of project artefact/boundary object design for learning and provides actionable insights for practitioners seeking to enhance knowledge transfer and collaboration in sustainability demonstration projects.
 
 
 
 A significant research gap exists in relation to the capacities of boundary objects representing codified project learnings for knowledge sharing. Although boundary objects are widely studied, no primary research has evaluated how project practitioners perceive their capacity for project learning codification.
","openalex, scopus, wos",human,0.840,human,
discarded,Emotional and psychological challenges faced by students in the operating room: a scoping review,Ghalkhani M.,2026,Discover Psychology,10.1007/s44202-026-00727-2,https://www.scopus.com/inward/record.uri?partnerID=HzOxMe3b&scp=105045555525&origin=inward,healthcare-education; scoping-review; non-computing; unrelated-term-match-other-field,"The operating room (OR) is widely recognized as one of the most demanding learning environments in healthcare education, characterized by high technical complexity, strict hierarchies, and limited tolerance for error. In this context, students are frequently exposed to emotional and psychological challenges that influence learning, well-being, and professional identity development. This scoping review aimed to map and synthesize qualitative evidence on healthcare students’ emotional and psychological experiences in OR-based clinical education. A comprehensive search of electronic databases and supplementary sources identified 454 records published between January 2000 and June 2025. After systematic screening and eligibility assessment, 22 qualitative studies involving medical, nursing, and surgical technology students were included in the final synthesis. Thematic analysis identified six interrelated themes: anxiety and fear during early OR exposure; experiences of exclusion and diminished belonging; interpersonal and communication-related stress; conflicts in professional identity formation; coping and resilience strategies; and tension between technical skill acquisition and emotional burden. Students commonly reported distress linked to hierarchical interactions, fear of errors, limited feedback, and marginal participation in clinical activities. Although some students employed coping strategies such as peer support, emotional distancing, or self-reflection, these efforts were often informal and inadequately supported at an institutional level. The findings emphasize the ethical and educational importance of recognizing emotional experiences as integral to OR learning. This review highlights the need for structured mentorship, reflective debriefing practices, and psychologically supportive educational cultures to promote student well-being, resilience, and professional identity development.","openalex, scopus, wos",human,0.890,human,
discarded,Enhancing creative writing through AI-powered co-creation with cognitive and emotional outcomes,Cen X.,2026,Scientific Reports,10.1038/s41598-025-34416-2,https://www.scopus.com/inward/record.uri?partnerID=HzOxMe3b&scp=105029032046&origin=inward,ai-writing; efl; non-computing; unrelated-term-match-other-field,"This research explored how generative artificial intelligence (AI) tools, specifically a writing assistant powered by large language models like ChatGPT, influence the development of creative writing (CW) skills in intermediate EFL learners, focusing on both cognitive and emotional aspects. The research included 92 male participants who were divided into three distinct groups: The High-AI Support Group, the Low-AI Support Group, and the Control Group (CG). Participants completed pretesting with some validated scales. After the pretest, the High-AI Support Group was provided with comprehensive AI-generated feedback, while the Low-AI Support Group received limited AI support, and the Control Group adhered to conventional writing instruction. After the treatment, posttests were given to all groups, and eight participants from each experimental group took part in interviews. Quantitative analyses revealed that both groups receiving AI support outperformed the Control Group, with the High-AI Support Group exhibiting the most significant enhancements. Qualitative insights revealed that students in the High-AI Support Group demonstrated increased engagement and creativity, attributed to tailored AI feedback that alleviated cognitive load by addressing technical aspects like grammatical accuracy. In contrast, members of the Low-AI Support Group appreciated the collaborative interaction between AI and instructor feedback, which enhanced their confidence, independence, and skills in grammar and writing conventions. In summary, this study emphasizes the importance of AI in enhancing both intellectual and emotional growth for EFL learners, advocating for its incorporation as a valuable resource in educational settings.","openalex, scopus, wos",human,0.820,human,
