status,title,authors,year,venue,doi,url,tags,abstract,provider,decision_source,llm_confidence,llm_review_outcome,llm_change_direction
 Interactive new media arts (INMA) are technologically oriented artistic practices that share with knowledge management (KM) a concern for managing data, information, and knowledge (DIK). Despite this overlap, KM has largely overlooked INMA's practices—a gap compounded by the absence of a KM framework addressing INMA's contributions to KM in the public domain. Drawing on three interconnected theories, this review proposes a KM framework that examines how INMA applications' organizational interactions manage DIK across generative, participatory, and integrative management contexts. The framework is structural rather than normative: it identifies the operational conditions under which INMA manages DIK, not whether those outcomes are epistemically superior. A PRISMA‐guided analysis of 239 INMA studies (2000–2024) examined these contexts to characterize how INMA broadens KM in the public domain. The analysis shows that INMA's organizational interactions create dialogues between explicit and tacit DIK in the generative context and amplify them through expanding interactions in the participatory and integrative contexts. These operations consolidate into three aligned triads: tiers of interaction (passive, retroactive, and active), knowledge outcomes (receptive, dialogic, and co‐constitutive), and DIK relationship models (separate, interconnected, and unified). Synthesizing across the models yields a paradigm in which the active tier corresponds to the unified model to produce co‐constitutive knowledge—the configuration most capable of extending KM into open, public settings, yet the least frequently realized in the corpus. Compared with traditional KM, the paradigm characterizes INMA's distinctive approach to open DIK acquisition, flow, and codification and outlines the associated benefits and challenges.","openalex, scopus, wos",human,0.950,human,
discarded,Latent motivational-emotional profiles and their effects on strategy use and performance in online multimodal reading tasks: A mixed-methods investigation,Zhu S.,2026,Learning and Instruction,10.1016/j.learninstruc.2026.102386,https://www.scopus.com/inward/record.uri?partnerID=HzOxMe3b&scp=105037617187&origin=inward,reading; motivation; non-computing; unrelated-term-match-other-field,"Online multimodal reading (OMR) is now essential but cognitively and emotionally challenging for students. As large-scale assessments (e.g., PIRLS) are moving toward full digital administration, primary students worldwide, including Hong Kong fourth graders, are increasingly required to navigate OMR texts in both learning and testing. However, the relationships between motivational-emotional factors, OMR strategies, and performance remain unclear. Guided by the Cognitive Affective Engagement Model, this study explores how motivational-emotional factors affect the use of OMR strategies and performance from a person-centered perspective. 280 fourth-grade students in Hong Kong. This study used an explanatory mixed-method design: quantitative analysis of questionnaire data and OMR scores, followed by selective sampling for interviews based on quantitative results. Latent profile analysis revealed three distinct motivational-emotional profiles based on students' self-efficacy and emotional responses: positive, moderate, and ambivalent. Wald chi-square tests identified group differences, showing that while the ambivalent group reported the highest strategy use, their OMR performance was the lowest. Multigroup path analysis further revealed that strategy effectiveness varied across groups. Interviews complemented these findings, revealing how students with different motivational-emotional profiles navigate the nonlinear, multimodal nature of digital texts. This research enhances theoretical understanding of OMR and provides concrete guidance for differentiated instruction based on motivational-emotional profiles. Educators should provide autonomy-supportive practices for positive students to maintain their positive profile and performance, personally relevant texts and growth mindset training for moderate students to enhance their tolerance for trial-and-error and task persistence, and specific multimodal strategy instruction with emotional regulation support for ambivalent students. • Students had three different confidence and emotion patterns in online reading. • These patterns affect strategy use and their effects on online reading performance. • Results guide tailored teaching for better online reading.","openalex, scopus, wos",human,0.870,human,
discarded,Wearing multiple “hats”: Daily identity transitions among nursing and allied health clinician-educators: A qualitative study,Lee S.L.,2026,Nurse Education Today,10.1016/j.nedt.2026.107089,https://www.scopus.com/inward/record.uri?partnerID=HzOxMe3b&scp=105034108255&origin=inward,clinician-educators; qualitative; non-computing; unrelated-term-match-other-field,"BACKGROUND
Nursing and allied health clinician-educators serve a vital function in bridging academic learning with clinical practice. Yet this role can be challenging as it requires shifting between clinician and clinician-educator identities throughout the day.


AIM
To explore how nursing and allied health clinician-educators navigate daily identity transitions from clinician to clinician-educator.


DESIGN
A qualitative study employing a secondary analysis of interviews and longitudinal audio diaries (LADs).


SETTINGS
We conducted this study in Australia with nursing and allied health professionals working in hospital, residential, rehabilitation, private and community workplace settings.


PARTICIPANTS
Twenty-five clinician-educators from ten different healthcare professions, with participants ranging from novice to experienced clinician-educators.


METHODS
We collected and thematically analyzed data from entrance interviews, weekly LADs, and exit interviews. We used Social Identity Complexity Theory (SICT) to explore clinician-educators daily identity transition processes as intersection, dominance, compartmentalization, and/or merging.


RESULTS
Dominance and compartmentalization explained the ways participants navigated their daily workplace identity transitions. Limited role clarity and confidence in educator tasks led to dominance of the clinician identity, particularly when participants perceived conflicting demands between educator and clinician roles. Participants also compartmentalized their identities; contextually activating either the clinician or educator identity. We found little evidence that participants daily identity transitions aligned with intersection and merging of identities.


CONCLUSIONS
Nursing and allied health clinician-educators face challenges when navigating their clinician and educator identities in clinical workplaces. Understanding these daily identity transitions is essential for designing supports to enhance education. We postulate that tailored induction programs incorporating identity transition theories, alongside organizational cultures valuing educational roles, could support clinician-educators to reconcile competing identities and cope with daily identity transitions.","openalex, scopus, wos",human,0.950,human,
discarded,"A Substance Abuse, Violence and Unhealthy Alcohol Use Syndemic Predicts Depression: A Longitudinal Study of Black Women Living With HIV in Four US Cities",Dyer T.,2026,Brain and Behavior,10.1002/brb3.71609,https://www.scopus.com/inward/record.uri?partnerID=HzOxMe3b&scp=105046242155&origin=inward,hiv; depression; non-education; unrelated-term-match-other-field,"ABSTRACT Objective Black women living with HIV (BWLH) have a heightened susceptibility to depression due to factors such as intimate partner violence (IPV), alcohol use, and substance abuse. This study examined the relationship between Substance Abuse, Violence, and Heavy Alcohol use (SAVA) among BWLH to determine whether this relationship creates distinct syndemic classes and whether class membership was associated with depressive symptoms. Methods Data for this study were drawn from the WAVE sub‐study, which included women enrolled in the WIHS (n = 363) collected between April 2016 and April 2017 in four US cities. Latent class analysis was used to identify subgroups based on cannabis use, alcohol use, substance use, and violence. Regression analyses explored the association between baseline syndemic class membership and depressive symptoms at 6, 12, and 18 months. Results Three latent classes were identified: “syndemic,” “non‐syndemic low substance use,” and “non‐syndemic moderate cannabis use.” Women in the syndemic class, characterized by higher levels of substance use and violence, had significantly higher depressive symptoms compared to those in the non‐syndemic classes. Longitudinal regression revealed that membership in the syndemic class was associated with a 54% increased risk of depressive symptoms at 6 months, 34% at 12 months, and 51% at 18 months. Bidirectional analyses indicated that baseline violence was associated with increased risk for substance use, and vice versa. Conclusions Findings highlight the high prevalence of SAVA syndemic factors and their association with depressive symptoms among BWLH and the need for integrated and culturally competent care that addresses both mental health and syndemic factors to improve outcomes for this vulnerable population.","openalex, scopus, wos",human,0.990,human,
discarded,"How conception of students’ intelligence, need satisfaction and frustration relate to teaching practices and self-efficacy in special education teachers",Gentile A.,2026,Teaching and Teacher Education,10.1016/j.tate.2026.105528,https://www.scopus.com/inward/record.uri?partnerID=HzOxMe3b&scp=105034790312&origin=inward,special-education-teachers; general-education; diagnostic-test-or-misconception-study-other-domain,"Preserving special education (SE) teachers' wellbeing and psychological needs has become a challenge in the last decade. The current study aims to examine the relationship between conception of students' intelligence, need frustration and satisfaction, teaching practices and self-efficacy in lower and upper school levels. The sample consisted of 294 SE teachers, who completed a battery of questionnaires about conception of students’ intelligence, psychological needs, teaching practices and self-efficacy. The path model showed that an incremental conception of intelligence was positively associated with need satisfaction, which in turn was related to self-efficacy, and that an entity conception of intelligence was positively associated with need frustration, which was positively related to teacher-directed practices. The results of this study can be used to develop professional training programs for SE teachers on growth-oriented beliefs and self-efficacy enhancement, particularly for secondary education teachers, who might use more directive practices.","openalex, scopus, wos",human,0.880,human,
discarded,A STUDY TO ASSESS KNOWLEDGE AND AWARENESS ABOUT THE HEPATITIS B AND C AMONG NURSING COLLEGE STUDENTS OF CENTRAL INDIA,"Mahore, Ramniwas; Mahore, Surendra Kumar; Mahore, Neeta; Awasthi, Rupesh",2015,JOURNAL OF EVOLUTION OF MEDICAL AND DENTAL SCIENCES-JEMDS,10.14260/jemds/2015/733,https://www.webofscience.com/wos/woscc/full-record/WOS:000376207600016,nursing-students; health-awareness; non-computing; unrelated-term-match-other-field,"INTRODUCTION AND BACKGROUND: The lives of millions of adolescents worldwide are at risk because they do not have the information; skills, health services and support which they need to go through sexual development during adolescence. The epidemic of Hepatitis B/HCV is now progressing at a rapid pace among young people. AIMS& OBJECTIVE: To assess knowledge of nursing students towards Hepatitis B/HCV Awareness, Prevention & Control. To assess knowledge increase after educational intervention by means of lectures and discussions among nursing students. MATERIAL& METHOD: An educational interventional study was conducted in Kushabhau Thakre Nursing College, Kolar Road, Bhopal. Study population included all Nursing students. Sample size was 200 students. Inclusion Criteria included all Nursing students present at the time of pre intervention interview and who gave informed consent. The data was analyzed using appropriate statistical software (MS excel and SPSS version 20). Mc Nemar test was applied for statistical significance of knowledge improvement by intervention. RESULT: Most of the Nursing students (95%) were correctly known that Hepatitis B/HCV is a viral disease and an effective vaccine against Hepatitis B is available in the market but they are not able to differentiate between Hepatitis B and C, in fact they have a mis-conception that both are the same entity. After intervention 87% of the students were aware about preventive measures against Hepatitis B/HCV. Health care providers (55%), Teaching (25) and Mass media (22%) were main source of knowledge for them. More than two thirds of students had positive attitude towards Hepatitis B/HCV infected patients. CONCLUSION: The study revealed that although a significant proportion of students were aware of Hepatitis B/HCV, their knowledge on prevention modalities was low as majority of them are unable to differentiate Hepatitis B from Hepatitis C. Students also harbored misconceptions on the modes of Hepatitis B/HCV transmission. Television, newspapers and internet were quoted as the most common source of information.","openalex, scopus, wos",human,0.950,human,
discarded,Teaching through a Global Pandemic,Angela A. Siegel; Mark Zarb; Bedour Alshaigy; Jeremiah Blanchard; Tom Crick; Richard Glassey; John R. Hott; Celine Latulipe; Charles Riedesel; Mali Senapathi; Simon; David E. Williams,2021,ITiCSE-WGR,10.1145/3502870.3506565,https://openalex.org/W4205544055,computing-education; pandemic-teaching; higher-education; unrelated-term-match-other-field,"The coronavirus (COVID-19) pandemic has forced an unprecedented global shift within higher education in how instructors communicate with and educate students. This necessary paradigm shift has compelled educators to take a critical look at their teaching styles and use of technology. Computing education traditionally focuses on experiential, in-person activities. The pandemic has mandated that educators reconsider their use of student time and has catalysed overnight innovations in the educational setting.","openalex, scopus, wos, ieee",human,0.800,human,
discarded,Teaching open and reproducible scholarship: a critical review of the evidence base for current pedagogical methods and their outcomes,Madeleine Pownall; Flávio Azevedo; Laura M König; Hannah Rachael Slack; Thomas Rhys Evans; Zoe M. Flack; Sandra Grinschgl; Mahmoud Medhat Elsherif; Katie Anne Gilligan-Lee; Catia Margarida Oliveira; Biljana Gjoneska; Tamara Kalandadze; Katherine S. Button; Sarah Ashcroft-Jones; Jenny Terry; Nihan Albayrak‐Aydemir; Filip Děchtěrenko; Shilaan Alzahawi; Bradley J. Baker; Merle-Marie Pittelkow; Lydia Riedl; Kathleen Schmidt; Charlotte R. Pennington; John J Shaw; Timo Lüke; Matthew C. Makel; Helena Hartmann; Mirela Zaneva; Daniel Walker; Steven Verheyen; Daniel Cox; Jennifer Mattschey; Tom Gallagher-Mitchell; Peter Branney; Yanna J. Weisberg; Kamil Izydorczak; Ali H. Al‐Hoorie; Ann‐Marie Creaven; Suzanne Stewart; Kai Krautter; Karen Matvienko‐Sikar; Samuel J. Westwood; Patrí­cia Arriaga; Meng Liu; Myriam A. Baum; Tobias Wingen; Robert M. Ross; Aoife O’Mahony; Agata Bochyńska; Michelle Jamieson; Myrthe Vel Tromp; Siu Kit Yeung; Martin R. Vasilev; Amélie Gourdon-Kanhukamwe; Leticia Micheli; Markus Konkol; David Moreau; James E. Bartlett; Kait Clark; Gwen Brekelmans; Theofilos Gkinopoulos; Samantha Lily Tyler; Jan Philipp Röer; Zlatomira G. Ilchovska; Christopher R. Madan; Olly Robertson; Bethan Joan Iley; Samuel Guay; Martina Sladekova; Shanu Sadhwani; FORRT,2023,Royal Society Open Science,10.1098/rsos.221255,https://openalex.org/W4376875053,open-science-education; duplicate; non-programming; git-or-software-tooling-without-learner-understanding-findings,"In recent years, the scientific community has called for improvements in the credibility, robustness and reproducibility of research, characterized by increased interest and promotion of open and transparent research practices. While progress has been positive, there is a lack of consideration about how this approach can be embedded into undergraduate and postgraduate research training. Specifically, a critical overview of the literature which investigates how integrating open and reproducible science may influence student outcomes is needed. In this paper, we provide the first critical review of literature surrounding the integration of open and reproducible scholarship into teaching and learning and its associated outcomes in students. Our review highlighted how embedding open and reproducible scholarship appears to be associated with (i) students' scientific literacies (i.e. students’ understanding of open research, consumption of science and the development of transferable skills); (ii) student engagement (i.e. motivation and engagement with learning, collaboration and engagement in open research) and (iii) students' attitudes towards science (i.e. trust in science and confidence in research findings). However, our review also identified a need for more robust and rigorous methods within pedagogical research, including more interventional and experimental evaluations of teaching practice. We discuss implications for teaching and learning scholarship.","openalex, scopus, wos, ieee",human,0.820,human,
discarded,Teaching on Jupyter,Jonathan Reades,2020,REGION,10.18335/region.v7i1.282,https://openalex.org/W3013265113,jupyter; geocomputation-education; computational-skills; git-or-software-tooling-without-learner-understanding-findings,"The proliferation of large, complex data spatial data sets presents challenges to the way that regional science—and geography more widely—is researched and taught. Increasingly, it is not ‘just’ quantitative skills that are needed, but computational ones. However, the majority of undergraduate programmes have yet to offer much more than a one-off ‘GIS programming’ class since such courses are seen as challenging not only for students to take, but for staff to deliver. Using evaluation criterion of minimal complexity, maximal flexibility, interactivity, utility, and maintainability, we show how the technical features of Jupyter notebooks—particularly when combined with the popularity of Anaconda Python and Docker—enabled us to develop and deliver a suite of three ‘geocomputation’ modules to Geography undergraduates, with some progressing to data science and analytics roles.","openalex, scopus, wos, ieee",human,0.910,human,
discarded,Challenges and Recommendations for the Design and Conduct of Global Software Engineering Courses,Tony Clear; Sarah Beecham; John Barr; Mats Daniels; Roger McDermott; Michael J. Oudshoorn; Airina Savickaite; John Noll,2015,ITiCSE-WGR,10.1145/2858796.2858797,https://openalex.org/W2319804311,systematic-review; global-software-engineering-education; software-engineering-education; computing-education-or-software-engineering-not-version-control,"Context: Global Software Engineering (GSE) has become the predominant form of software development for global companies and has given rise to a demand for students trained in GSE. In response, universities are developing courses and curricula around GSE and researchers have begun to disseminate studies of these new approaches. Problem: GSE differs from most other computer science fields, however, in that practice is inseparable from theory. As a result, educators looking to create GSE courses face a daunting task: integrating global practice into the local classroom. Aim: This study aims to ameliorate the very difficult task of teaching GSE by delineating the challenges and providing some recommendations for overcoming them. Method: To meet our aims we pose two research questions (""When teaching GSE to students in Higher Education, what are the (a) challenges, and (b) recommendations for addressing them"") and then conduct a systematic literature review (SLR) to determine the answers to these questions. Our SLR follows a carefully designed and validated protocol.","openalex, scopus, wos, ieee",human,0.970,human,
