status,title,authors,year,venue,doi,url,tags,abstract,provider,decision_source,llm_confidence,llm_review_outcome,llm_change_direction
discarded,"Fairness in Student Group Formation: Perspectives, Priorities, Compromises, Mechanisms, and Tooling",Forshaw M.,2026,Iticse Wgr 2025 Publication of the 2025 Working Group Reports on Innovation and Technology in Computer Science Education,10.1145/3760545.3783973,https://www.scopus.com/inward/record.uri?partnerID=HzOxMe3b&scp=105031903421&origin=inward,group-formation; computing-education; not-programming-learning; diagnostic-test-or-misconception-study-other-domain,"Allocating students to groups is a critical yet under-researched challenge in computing education, with significant implications for fairness and student outcomes. Little is known about existing allocation approaches and their treatment of fairness, whilst practical realities faced by educators and students remain largely undocumented. Without rigorous attention to fairness, group formation risks amplifying bias and disadvantaging vulnerable students. This study provides the first holistic exploration of fairness in group formation within higher-education computing contexts through a systematic review of 262 papers, analysis of 18 allocation tools, interviews with 20 educators, and six student focus groups. Findings reveal a lack of evidence linking fairness definitions to groupwork characteristics, processes, and outcomes. To address this gap, we propose a framework for pedagogically informed group formation that embeds fairness, supporting educator decision-making and improving student experiences. We also establish definitions of fairness, groupwork characteristics, and processes to guide future research in computing education.","openalex, scopus, wos, dblp, ieee",human,0.670,human,
discarded,Process-driven visual analysis of cybersecurity capture the flag exercises,Ošlejšek R.,2026,Information Systems,10.1016/j.is.2025.102627,https://www.scopus.com/inward/record.uri?partnerID=HzOxMe3b&scp=105016568521&origin=inward,cybersecurity-training; learning-analytics; non-programming-education; unrelated-term-match-other-field,"Hands-on training sessions become a standard way to develop and increase knowledge in cybersecurity. As practical cybersecurity exercises are strongly process-oriented with knowledge-intensive processes, process mining techniques and models can help enhance learning analytics tools. The design of our open-source analytical dashboard is backed by guidelines for visualizing multivariate networks complemented with temporal views and clustering. The design aligns with the requirements for post-training analysis of a special subset of cybersecurity exercises -- supervised Capture the Flag games. Usability is demonstrated in a case study using trainees'engagement measurement to reveal potential flaws in training design or organization.","openalex, scopus, wos, dblp, ieee",human,0.740,human,
discarded,Effect of hybrid teaching approaches on students’ learning and engagement with key geographic information science content knowledge,Srivastava S.K.,2026,Journal of Geography in Higher Education,10.1080/03098265.2025.2563343,https://www.scopus.com/inward/record.uri?partnerID=HzOxMe3b&scp=105017990287&origin=inward,gis-education; hybrid-teaching; non-computing-specific; unrelated-term-match-other-field,"ABSTRACT This study reports on and discusses the use of hybrid teaching approaches in an introductory GIS course with the key aim of enhancing the learning and engagement of diverse students for difficult-to-understand but essential content knowledge. The approaches included the use of digital technologies, a 3D CAVE2 virtual environment, a flipped classroom, physical models, face-to-face and online student collaborations, and an assessment-feedback cycle. The study helps fill a gap in the GIS education literature by applying hybrid methods to teach key content, including earth models, datum types, coordinate systems, and map projections. The performance of this approach was evaluated by analysing students’ level of understanding of key content knowledge in both individual and group assessment tasks, as well as analysing feedback on student preferences and experiences concerning the different learning activities. The teaching team was able to identify key content knowledge that proved most troublesome for students to understand, in this case, the datum and properties of map projection, leading to the course design being modified in subsequent semesters. Results also supported previous studies on hybrid teaching in GIS, where it has been observed that online, virtual and traditional in-class teaching methods are effectively used as complementary activities.","openalex, scopus, wos, dblp, ieee",human,0.750,human,
discarded,"The Digital Humanities Coursebook: Applied Concepts and Critical Approaches, Second Edition",Drucker J.,2026,Digital Humanities Coursebook Applied Concepts and Critical Approaches Second Edition,10.4324/9781003589792,https://www.scopus.com/inward/record.uri?partnerID=HzOxMe3b&scp=105039740223&origin=inward,digital-humanities; book; too-broad; unrelated-term-match-other-field,"This second edition of The Digital Humanities Coursebook provides critical frameworks for the application of digital humanities tools and platforms, which have become an integral part of work across a wide range of disciplines. This fully updated edition adds several new topics, including XR (extended reality) and AI (artificial intelligence), as well as a companion website developed in parallel with the chapters and providing extended ''how-to'' examples to enable students and teachers to follow step-by-step demonstrations of tools or platforms. Written in an accessible and engaging manner, this book is focused on the principles and fundamental concepts for application and each chapter contains case study examples of projects, tools and platforms that demonstrate these principles in action. This book clearly details how to integrate the acquisition of expertise in data, metadata, classification, interface, visualization, network analysis, topic modeling, data mining, mapping, and web presentation with issues in intellectual property, sustainability, privacy, and the ethical use of information. By combining practical information and critical issues, the book demonstrates that no application of digital humanities can be separated from ethical and critical concerns. This book is structured to complement courses on digital humanities and provides a series of modules, each of which is organized around a set of concerns and topics, thought experiments and questions, as well as discussions of the ways in which tools and platforms work. Each chapter contains an introduction to the topic, examples of current (and sometimes classic) work being done in the field, a set of exercises to explore the hands-on experience, references, and recommended readings. The Digital Humanities Coursebook will therefore be an indispensable guide for anyone teaching or studying a course in the areas of digital humanities, library and information science, English, or computer science.","openalex, scopus, wos, dblp, ieee",human,0.810,human,
discarded,TGMF-pose: text-guided multi-view 3D pose estimation and fusion network for online sports instruction,Qi X.,2026,Peerj Computer Science,10.7717/peerj-cs.3560,https://www.scopus.com/inward/record.uri?partnerID=HzOxMe3b&scp=105033771142&origin=inward,pose-estimation; sports-instruction; non-education; computing-education-or-software-engineering-not-version-control,"
 
 Posture estimation technology has been widely applied in online sports instruction to provide precise motion recognition and real-time correction, which significantly improves teaching quality and learning outcomes. However, existing methods often struggle to capture subtle differences between visually similar but technically distinct actions in multi-motion scenarios, leading to semantic ambiguity. Additionally, in cases of limb occlusion, monocular 2D-to-3D mapping lacks multi-view information fusion and geometric structure constraints, resulting in blurred depth estimation and inaccurate keypoint localization.
 
 
 
 To this end, we present a text-guided multi-view 3D pose estimation and fusion network for online sports instruction, named TGMF-Pose. It consists of three core components that enhance the fine-grained representation of semantic information and the accuracy of depth estimation: (1) The joint feature embedding module models the distances and angles between keypoints in 2D pose estimation. Guided by text-based prompts, it captures subtle geometric differences in limb movements across various sports. (2) The multi-view generator effectively addresses the challenge of limb occlusion by estimating the complete 3D pose of the central frame through querying keypoint features from nearby available frames, guided by textual prompts and geometric constraints. (3) The multi-view fusion module aggregates information from all views to refine features and achieve accurate pose depth estimation.
 
 
 
 
 Extensive experiments conducted on various publicly available pose estimation datasets have shown that TGMF Pose outperforms existing state-of-the-art methods in both recognition accuracy and depth recovery. Moreover, integrated within an AI-based instructional system, TGMF-Pose enables real-time feedback and semantic motion evaluation, offering practical value for intelligent, interactive sportxs education. The code is available at
 https://github.com/yunduo-vision/TGMF-Pose.git
 .
 
","openalex, scopus, wos, dblp, ieee",human,0.970,human,
discarded,"Stagecraft Rewired: AI, Authorship, and the Future of Performance",Harding M.,2026,Stagecraft Rewired AI Authorship and the Future of Performance,10.4324/9781003745655,https://www.scopus.com/inward/record.uri?partnerID=HzOxMe3b&scp=105039741524&origin=inward,ai-and-performance; theatre; non-computing-education; unrelated-term-match-other-field,"Stagecraft Rewired explores how artificial intelligence and intelligent systems can be seamlessly integrated into contemporary theatre while preserving artistic agency, ethical responsibility, and historical awareness. The book offers a comprehensive journey from conceptual foundations to real-world applications. It includes critical analysis, case studies, production workflows, and pedagogical models, providing readers with clear frameworks for ethical tool use and practical strategies for rehearsal and production. The volume also addresses key topics such as authorship, collaboration, accessibility, and accountability in technology-mediated performance. By situating AI within a historical lineage of adaptation and creative recombination, the book reframes intelligent systems as an extension of traditional theatrical methods rather than a disruption. Readers will benefit from actionable guidance on institutional governance, teaching models that emphasize transparency, and forward-looking principles for navigating the future of stagecraft. This book is an invaluable resource for theatre practitioners, educators, students, arts administrators, and cultural policy-makers interested in the intersection of technology and performance.","openalex, scopus, wos, dblp, ieee",human,0.900,human,
discarded,Computer Animation,Parent R.,2026,Computer Animation Algorithms and Techniques,10.1016/C2022-0-02042-0,https://www.scopus.com/inward/record.uri?partnerID=HzOxMe3b&scp=105029340522&origin=inward,textbook; non-education-study; unrelated-term-match-other-field,,"openalex, scopus, wos, dblp, ieee",human,0.950,human,
discarded,"Circadian Physiology, Fourth Edition",Refinetti R.,2026,Circadian Physiology Fourth Edition,10.1201/9781003302377,https://www.scopus.com/inward/record.uri?partnerID=HzOxMe3b&scp=105044873859&origin=inward,textbook; non-computing; unrelated-term-match-other-field,"Circadian rhythms influence most of our life activities, notably getting up and going to sleep every day. This new edition of Circadian Physiology delves into the mechanisms surrounding how these rhythms work, the physiology and biology behind them, and the latest research on this cutting-edge field. The book also discusses a wide variety of practi","openalex, scopus, wos, dblp, ieee",human,0.980,human,
discarded,Unveiling Ruby: Insights from Stack Overflow and Developer Survey,Akbarpour N.,2025,Proceedings of the 29th International Conference on Evaluation and Assessment in Software Engineering Ease 2025 Edition Ease 2025,10.1145/3756681.3756955,https://www.scopus.com/inward/record.uri?partnerID=HzOxMe3b&scp=105027156078&origin=inward,developer-survey; ruby; non-education; computing-education-or-software-engineering-not-version-control,"Ruby is a widely used open-source programming language, valued for its simplicity, especially in web development. Despite its popularity, with over one million users on GitHub, little is known about the issues faced by Ruby developers. This study aims to investigate the key topics, trends, and difficulties faced by Ruby developers by analyzing over 498,000 Ruby-related questions on Stack Overflow (SO), followed by a survey of 154 Ruby developers. We employed BERTopic modeling and manual analysis to develop a taxonomy of 35 topics, grouped into six main categories. Our findings reveal that Web Application Development is the most commonly discussed category, while Ruby Gem Installation and Configuration Issues emerged as the most challenging topic. Analysis of trends on SO showed a steady decline. A survey of 154 Ruby developers demonstrated that \(31.6\%\) of the participants find the Core Ruby Concepts category particularly difficult, while Application Quality and Security is found to be difficult for over \(40\%\) of experienced developers. Notably, a comparison between survey responses and SO metrics highlights a misalignment, suggesting that perceived difficulty and objective indicators from SO differ; emphasizing the need for improved metrics to capture developer challenges better. Our study provides insights about the challenges Ruby developers face and strong implications for researchers.","openalex, scopus, wos, dblp, ieee",human,0.860,human,
discarded,DSMT-Net: Dual-student mean teacher network with pixel-level pseudo-label optimization for semi-supervised medical image segmentation,"Su, Jun; Sun, Wenlong; Adamyk, Bogdan",2025,COMPUTATIONAL BIOLOGY AND CHEMISTRY,10.1016/j.compbiolchem.2025.108579,https://www.webofscience.com/wos/woscc/full-record/WOS:001538420800001,medical-imaging; semi-supervised-learning; non-education; diagnostic-test-or-misconception-study-other-domain,"Medical imaging technologies, as essential tools for the precise visualization of internal anatomical structures, play a crucial role in early disease detection and ensuring accurate diagnosis. Recently, semi-supervised learning has become a key strategy in medical image segmentation to reduce reliance on scarce annotated data. However, existing frameworks, such as the Mean Teacher (MT), often suffer from low-quality pseudo-labels and limited robustness due to structural homogeneity and noise amplification in complex medical scenarios. To address these issues, this study presents a novel Dual-Student Mean Teacher Network (DSMT-Net), which enhances performance through a collaborative complementary architecture and pixel-level pseudo-label optimization. First, DSMT-Net combines U-Net and Mamba-UNet as dual students, utilizing the former's local boundary accuracy and the latter's global dependency modeling via a state-space model. Second, a pixel-level pseudo-label enhancement mechanism is introduced, combining pixel-level similarity analysis, adaptive confidence threshold setting, and iterative propagation to improve pseudo-label quality while maintaining structural consistency. Third, a self-supervised contrastive loss is adopted to enforce feature consistency between the dual students, alleviating noise propagation and improving the efficiency of unsupervised learning. Comprehensive evaluations on the ACDC and LA datasets confirm the effectiveness of DSMT-Net, highlighting its substantial capability to lower annotation requirements in medical image segmentation tasks. This provides a robust and scalable framework for semi-supervised learning in medical image segmentation, advancing clinical diagnostic efficiency and accuracy. Our code is available at https://github.com/sunwenlong1/DSMT. git.","openalex, scopus, wos, dblp, ieee",human,0.990,human,
discarded,Adaptive multi-omics integration framework for breast cancer survival analysis,Hasanzadeh E.,2025,Scientific Reports,10.1038/s41598-025-22202-z,https://www.scopus.com/inward/record.uri?partnerID=HzOxMe3b&scp=105020701737&origin=inward,breast-cancer; multi-omics; non-education; unrelated-term-match-other-field,"Breast cancer remains a major global health issue, requiring novel strategies for prognostic evaluation and therapeutic decision-making. In this study, we leverage multi-omics data from The Cancer Genome Atlas to obtain deeper insights into breast cancer biology. By integrating genomics, transcriptomics, and epigenomics, we aim to identify complex molecular signatures that drive breast cancer progression and impact patient survival. To optimize the integration and feature selection process within the multi-omics dataset, we have employed genetic programming. Genetic programming helps us to optimize multi-omics integration, enabling the identification of robust biomarkers and more accurate survival analysis. The proposed framework consists of three key components: data preprocessing, adaptive integration and feature selection via genetic programming, and model development. The experimental results indicate that the integrated multi-omics approach yields a concordance index (C-index) of 78.31 during 5 fold cross-validation on the training set and 67.94 on the test set. In conclusion, our study demonstrates the potential of adaptive multi-omics integration in improving breast cancer survival analysis. It also highlights the importance of considering the complex interplay between different molecular layers. Furthermore, this framework provides a flexible and scalable approach that can be extended to other cancer types, offering valuable insights into oncological processes.","openalex, scopus, wos, dblp, ieee",human,0.990,human,
discarded,Player-Centric Data Visualization for Metroidvania Games: Insights and Use Cases: The Case of Hollow Knight,Gstöttenbauer O.,2025,Proceedings of the ACM on Human Computer Interaction,10.1145/3748606,https://www.scopus.com/inward/record.uri?partnerID=HzOxMe3b&scp=105018169537&origin=inward,game-analytics; hci; non-education; unrelated-term-match-other-field,"Interest in data-informed play has accelerated in recent years across player communities, particularly within the competitive gaming scene. As such research on analytics tools for players has concentrated predominantly on popular esports games and genres. However, such tools could be of interest to players of other genres as well given a general tendency for self-tracking. In this work we focus on Metroidvania games, studying a multi-view dashboard for visualizing gameplay data from Hollow Knight. Using an insight-based evaluation methodology and interviews with 12 participants we study 1) insights players infer from the dashboard and 2) use cases such a tool can enable within the context of Metroidvania games. Our results reveal that in addition to common performance-related use cases, participants found personal satisfaction when viewing the visualizations and considered them to be an opportunity for social engagement. Participants mostly used the map and events view to infer insights but also relied on recalled data and their existing familiarity with the game. Based on our findings we further reflect on future research directions. Through this we contribute to developing a broader understanding of computational support tools for players.","openalex, scopus, wos, dblp, ieee",human,0.920,human,
discarded,Exploring the Adaptability and Usefulness of Git-Truck for Assessing Software Capstone Project Development,"Neyem, Andres; Carrasco-Aravena, Jose; Fernandez-Blanco, Alison; Sandoval Alcocer, Juan Pablo",2025,"PROCEEDINGS OF THE 56TH ACM TECHNICAL SYMPOSIUM ON COMPUTER SCIENCE EDUCATION, SIGCSE TS 2025, VOL 1",10.1145/3641554.3701798,https://www.webofscience.com/wos/woscc/full-record/WOS:001443080400124,software-capstone; git-based-assessment; software-engineering-education; repository-metrics-grading-tool-not-understanding,"In software engineering pedagogy, a persistent challenge is the comprehensive assessment of student contributions within software repositories. This study delves into the investigation of the Git-Truck tool, initially designed for professional software engineers, and explores its adaptability and effectiveness within an academic setting. We specifically focus on the tool's potential for educators when assessing Capstone software repositories. Our results emphasize that educators found bubble chart visualization and metrics such as ""Top Contributor"" and ""Number of Commits"" helpful in understanding group dynamics and contribution. We also discuss the tool's limitations among visual techniques and metrics used. As the educational landscape shifts towards increased virtual and remote modalities, tools like Git-Truck are poised to augment the intricacy and depth of software project evaluations. For those considering adopting or adapting such tools in similar contexts, our study offers the challenges and lessons learned from this experience.","openalex, scopus, wos, dblp, ieee",human,0.980,human,
