status,title,authors,year,venue,doi,url,tags,abstract,provider,decision_source,llm_confidence,llm_review_outcome,llm_change_direction
discarded,Fabla: A voice-based ecological assessment method for securely collecting spoken responses to researcher questions,Kaplan D.M.,2025,Behavior Research Methods,10.3758/s13428-025-02777-1,https://www.scopus.com/inward/record.uri?partnerID=HzOxMe3b&scp=105013334128&origin=inward,human-ai-co-creation; design; non-programming-education; unrelated-term-match-other-field,"This article reports on the validation of Fabla, a researcher-developed and university-hosted smartphone app that facilitates naturalistic and secure collection of participants' spoken responses to researcher questions. Fabla was developed to meet the need for tools that (a) collect longitudinal qualitative data and (b) capture speech biomarkers from participants' natural environments. This study put Fabla to its first empirical test using a repeated-measures experimental design in which participants (n = 87) completed a 1-week voice daily diary via the Fabla app, and an identical 1-week text-entry daily diary administered via Qualtrics, with diary method order counterbalanced and randomized. A preregistered analysis plan investigated (1) adherence, usability, and acceptability of Fabla, (2) concurrent validity of voice diaries (vs. text-entry diaries) by comparing linguistic features obtained via each diary method, and (3) differences in the strength of the association between linguistic features and their known psychological correlates when assessed by voice versus text-entry diary. Voice diaries yielded more than double the mean daily language volume (word count) compared to text-entry diaries and received high usability and acceptability ratings. Linguistic markers consistently associated with depression in prior research were significantly associated with depression symptoms when assessed via voice but not text-entry diaries, and the difference in correlation magnitude was significant. Word-count-adjusted linguistic patterns were highly correlated between diary methods, with statistically significant mean differences observed for some linguistic dimensions in the presence of these associations. Fabla is a promising tool for collecting high-quality speech data from participants' naturalistic environments, overcoming multiple limitations of text-entry responding.","openalex, scopus, wos, dblp",human,0.800,human,
discarded,Exploring the Potential of Metacognitive Support Agents for Human-AI Co-Creation,Gmeiner F.,2025,DIS 2025 Proceedings of the 2025 ACM Designing Interactive Systems Conference,10.1145/3715336.3735785,https://www.scopus.com/inward/record.uri?partnerID=HzOxMe3b&scp=105020672402&origin=inward,participatory-design; healthcare; non-education; unrelated-term-match-other-field,"Despite the potential of generative AI (GenAI) design tools to enhance design processes, professionals often struggle to integrate AI into their workflows. Fundamental cognitive challenges include the need to specify all design criteria as distinct parameters upfront (intent formulation) and designers' reduced cognitive involvement in the design process due to cognitive offloading, which can lead to insufficient problem exploration, underspecification, and limited ability to evaluate outcomes. Motivated by these challenges, we envision novel metacognitive support agents that assist designers in working more reflectively with GenAI. To explore this vision, we conducted exploratory prototyping through a Wizard of Oz elicitation study with 20 mechanical designers probing multiple metacognitive support strategies. We found that agent-supported users created more feasible designs than non-supported users, with differing impacts between support strategies. Based on these findings, we discuss opportunities and tradeoffs of metacognitive support agents and considerations for future AI-based design tools.","openalex, scopus, wos, dblp",human,0.940,human,
discarded,Bridging Context and Culture: Designing Cross-Cultural Solutions for Type 2 Diabetes Care in Nigeria,Arueyingho O.,2025,DIS 2025 Proceedings of the 2025 ACM Designing Interactive Systems Conference,10.1145/3715336.3735710,https://www.scopus.com/inward/record.uri?partnerID=HzOxMe3b&scp=105020674783&origin=inward,speech-corpus; non-education; unrelated-term-match-other-field,"Culturally sensitive design is crucial for developing inclusive technologies, particularly in resource-constrained settings. However, such approaches often oversimplify culture and face challenges in cross-cultural relevance. This study addresses these issues by exploring how participatory design can be both culturally grounded and adaptable across subcultures within African communities. We conducted 13 distributed design workshops with 19 participants, including people with Type 2 Diabetes (T2D), caregivers, and pharmacists, from diverse ethnic groups in Port Harcourt, Nigeria. These workshops informed the design of a mobile health prototype featuring interactive flows in Pidgin English, collaborative care tools, peer support groups, and a calorie prediction feature. The prototype was evaluated by 30 participants through think-aloud sessions and interviews. Findings highlight that while some features aligned with local cultural norms, others were less effective across sociocultural boundaries, even within the same city. We offer insights and methodological guidance for developing digital health tools that are locally relevant and regionally adaptable.","openalex, scopus, wos, dblp",human,0.880,human,
discarded,My Science Tutor (MyST)-A Large Corpus of Children's Conversational Speech,"Pradhan, Sameer S.; Cole, Ronald A.; Ward, Wayne H.",2024,"PROCEEDINGS OF THE 2024 JOINT INTERNATIONAL CONFERENCE ON COMPUTATIONAL LINGUISTICS, LANGUAGE RESOURCES AND EVALUATION (LREC-COLING 2024)",,https://www.webofscience.com/wos/woscc/full-record/WOS:001612977900275,automated-feedback; assembly-programming; programming-education; unrelated-term-match-other-field,"This article describes the MyST corpus developed as part of the My Science Tutor project. To the best of our knowledge, this is one of the largest collections of children's conversational speech that is freely available for non-commercial use under the creative commons license (CC BY-NC-SA 4.0). It comprises approximately 400 hours of speech, spanning some 230K utterances spread across about 10,500 virtual tutor sessions. Roughly 1,300 third, fourth and fifth grade students contributed to this corpus. The current release contains a little over 100K transcribed utterances comprising close to 1.5M space separated transcribed tokens. It is our hope that the corpus can be used to improve automatic speech recognition models and algorithms. We report the word error rate achieved on the test set using a model trained on the training and development portion of the corpus. The git repository of the corpus contains the complete training and evaluation setup in order to facilitate a fair and consistent evaluation. It is our hope that this corpus will contribute to the creation and evaluation of conversational AI agents having a better understanding of children's speech, potentially opening doors to novel, effective, learning and therapeutic interventions.",wos,human,0.980,human,
discarded,End-to-End Automation of Feedback on Student Assembly Programs,"Liu, Zikai; Liu, Tingkai; Li, Qi; Luo, Wenqing; Lumetta, Steven S.",2021,2021 36TH IEEE/ACM INTERNATIONAL CONFERENCE ON AUTOMATED SOFTWARE ENGINEERING ASE 2021,10.1109/ASE51524.2021.9678837,https://www.webofscience.com/wos/woscc/full-record/WOS:000779309000005,git-experience; scholarly-researchers; duplicate; non-education; computing-education-or-software-engineering-not-version-control,"We developed a set of tools designed to provide rapid feedback to students as they learn to write programs in assembly language (LC-3, a RISC-like educational instruction set architecture). At the heart of the system is an extended version of KLEE, KLC3, that enables us to both identify issues and perform equivalence checking between student code and a gold (correct) version of each assignment. Feedback begins when students edit their code using a VSCode extension that leverages static analysis to perform a variety of correctness and style checks, encouraging students to improve their code quality. Each time a student commits code to their Git repository, our system triggers. Using KLC3 (KLEE), the student code is executed along with the gold version, and issues and behavioral differences are delivered back to the student through their Git repository as a human-readable report, test cases, and scripts. A queueing system allows students to monitor progress, but responses are generally available within minutes. We also extended the LC-3 simulation tools to support reverse debugging, making the process of finding complex bugs much more tractable for students, and used Emscripten to develop a browser-based interface for use in testing and debugging. Finally, our system maintains an individual regression test suite for each student and requires a submission to pass all previous tests before re-evaluation in KLC3, thus avoiding encouraging programming-by-guesswork. We deployed the system to provide feedback for the assembly programming assignments in a class of over 100 students in Fall 2020. Students wrote a median of around 700 lines of assembly for these assignments, making heavy use of our tools to understand and eliminate their bugs. Anonymous student feedback on the tools was uniformly positive. Since that semester, we have continued to refine and expand our tools' analysis capabilities and performance, and plan to deploy the system again in the near future (the class is offered every Fall).",wos,human,0.820,human,
discarded,A Behavioral Approach to Understanding the Git Experience,"Milliken, Genevieve; Nguyen, Sarah; Steeves, Vicky",2021,PROCEEDINGS OF THE 54TH ANNUAL HAWAII INTERNATIONAL CONFERENCE ON SYSTEM SCIENCES,,https://www.webofscience.com/wos/woscc/full-record/WOS:001300419507033,version-control; design; duplicate; non-education; scope-academic-researchers-not-students,"The Investigating and Archiving the Scholarly Git Experience (IASGE) project is multi-track study focused on understanding the uses of Git by students, faculty, and staff working in academic research institutions as well as the ways source code repositories and their associated contextual ephemera can be better preserved. This research, in turn, has implications regarding how to support Git in the scholarly process, how version control systems contribute to reproducibility, and how Library and Information Science (LIS) professionals can support Git through instruction and sustainability efforts. In this paper, we focus on a subset of our larger project and take a deep look at what code hosting platforms offer researchers in terms of productivity and collaboration. For this portion, a survey, focus groups, and user experience interviews were conducted to gain an understanding of how and why scholarly researchers use Version Control Systems (VCS) as well as some of the pain points in learning and using VCS for daily work.",wos,human,0.820,human,
discarded,'GHShot': a collaborative and distributed visual version control for Grasshopper parametric programming,"Cristie, Verina; Joyce, Sam Conrad",2019,"ECAADE SIGRADI 2019: ARCHITECTURE IN THE AGE OF THE 4TH INDUSTRIAL REVOLUTION, VOLUME 3",,https://www.webofscience.com/wos/woscc/full-record/WOS:000561050100004,reproducible-research; neuroimaging-education; computational-skills; git-or-software-tooling-without-learner-understanding-findings,"When working with parametric models, architects typically focus on using rather structuring them (Woodbury, 2010). As a result, increasing design complexity typically means a convoluted paramefric model, amplifying known problems: 'hard to understand, modify, share and reuse' (Smith 2007; Davis 2011). This practice is in contrast with conventional software-programming where programmers are known to meticulously document and structure their code with versioning tool. In this paper, we argue that versioning tools could help to manage parametric modelling complexity, as it has been showing with software counterparts. Four key features of version control: committing, differentiating, branching, and merging, and how they could be implemented in a parametric design practice are discussed. Initial user test sessions with 5 student designers using GHShot Grasshopper version control plugin (Cristie and Joyce 2018, 2017) revealed that the plugin is useful to record and overview design progression, share model, and provide a fallback mechanism.",wos,human,0.900,human,
discarded,Teaching Computational Reproducibility for Neuroimaging,"Millman, K. Jarrod; Brett, Matthew; Bamowski, Ross; Poline, Jean-Baptiste",2018,FRONTIERS IN NEUROSCIENCE,10.3389/fnins.2018.00727,https://www.webofscience.com/wos/woscc/full-record/WOS:000447873800001,requirements-analysis-tool; software-engineering; non-education; git-or-software-tooling-without-learner-understanding-findings,"We describe a project-based introduction to reproducible and collaborative neuroimaging analysis. Traditional teaching on neuroimaging usually consists of a series of lectures that emphasize the big picture rather than the foundations on which the techniques are based. The lectures are often paired with practical workshops in which students run imaging analyses using the graphical interface of specific neuroimaging software packages. Our experience suggests that this combination leaves the student with a superficial understanding of the underlying ideas, and an informal, inefficient, and inaccurate approach to analysis. To address these problems, we based our course around a substantial open-ended group project. This allowed us to teach: (a) computational tools to ensure computationally reproducible work, such as the Unix command line, structured code, version control, automated testing, and code review and (b) a clear understanding of the statistical techniques used for a basic analysis of a single run in an MR scanner. The emphasis we put on the group project showed the importance of standard computational tools for accuracy, efficiency, and collaboration. The projects were broadly successful in engaging students in working reproducibly on real scientific questions. We propose that a course on this model should be the foundation for future programs in neuroimaging. We believe it will also serve as a model for teaching efficient and reproducible research in other fields of computational science.",wos,human,0.740,human,
discarded,Knowledge Transfer of Software Tool Development for Functional Requirements Analysis,"Cheng, Po-Hsun; Fu, Jih-Ming; Chen, Li-Wei",2016,COMPUTER APPLICATIONS IN ENGINEERING EDUCATION,10.1002/cae.21679,https://www.webofscience.com/wos/woscc/full-record/WOS:000372277100013,continuous-delivery-education; project-course; software-engineering-education; computing-education-or-software-engineering-not-version-control,"Knowledge transfer is a key function in software development. Software tool development is an important skills in the software engineering. However, generic teaching courses are hard to evaluate the integrated development skills from undergraduate students. This paper proposed a continuous collaboration model (CCM) and a view-based semi-automatic tool, OpenNeeds, develop and run as an Eclipse plug-in to proceed the functional requirements' analysis. These selected methods and tools include programming languages, markup language, information exchange standards, modeling language, model-view-controller (MVC) software framework, virtual machine handling, interface development environment, version control platform, knowledge management, software documentation, and software unit tests. The MVC tool can simply manipulate several requirement-related graphical components, such as mind view and use case view. The lateral thinking approach is adapted in grid view to assist in analyzing other potential requirements from the original ones. Subsequently, the source codes of this tool are opened and can be distributed via the Eclipse Public License from the OpenFoundry and Github repositories. There are three professors who come from two distinct colleges to share their learning experiences. Meanwhile, 26 and 27 college students attend this team in the first and second year, respectively. Professors can truly understand the fortes of the individual attendee through the attending performance and promote his/her merits in the future tasks. Further, their industrial practices and related outcomes might disclose that the proposed CCM is feasible and trustable in college environment, especially for the software development activities in the software engineering field. (C) 2015 Wiley Periodicals, Inc.",wos,human,0.960,human,
discarded,Introduction of Continuous Delivery in Multi-Customer Project Courses,"Krusche, Stephan; Alperowitz, Lukas",2014,36TH INTERNATIONAL CONFERENCE ON SOFTWARE ENGINEERING (ICSE COMPANION 2014),10.1145/2591062.2591163,https://www.webofscience.com/wos/woscc/full-record/WOS:000380902900041,tuberculosis; non-education; teaching-workflow-report-no-vcs-understanding-findings,"Continuous delivery is a set of practices and principles to release software faster and more frequently. While it helps to bridge the gap between developers and operations for software in production, it can also improve the communication between developers and customers in the development phase, i.e. before software is in production. It shortens the feedback cycle and developers ideally use it right from the beginning of a software development project.

In this paper we describe the implementation of a customized continuous delivery workflow and its benefits in a multi-customer project course in summer 2013. Our workflow focuses on the ability to deliver software with only a few clicks to the customer in order to obtain feedback as early as possible. This helps developers to validate their understanding about requirements, which is especially helpful in agile projects where requirements might change often. We describe how we integrated this workflow and the role of the release manager into our project-based organization and how we introduced it using different teaching methods.

Within three months 90 students worked in 10 different projects with real customers from industry and delivered 490 releases. After the project course we evaluated our approach in an online questionnaire and in personal interviews. Our findings and observations show that participating students understood and applied the concepts and are convinced about the benefits of continuous delivery.",wos,human,0.990,human,
