status,title,authors,year,venue,doi,url,tags,abstract,provider,decision_source,llm_confidence,llm_review_outcome,llm_change_direction
discarded,Artificial Intelligence for Student Assessment: A Systematic Review,Víctor González Calatayud; María Paz Prendes Espinosa; Rosabel Roig-Vila,2021,Applied Sciences,10.3390/app11125467,https://openalex.org/W3171148899,systematic-review; ai-assessment; general-education; unrelated-term-match-other-field,"Artificial Intelligence (AI) is being implemented in more and more fields, including education. The main uses of AI in education are related to tutoring and assessment. This paper analyzes the use of AI for student assessment based on a systematic review. For this purpose, a search was carried out in two databases: Scopus and Web of Science. A total of 454 papers were found and, after analyzing them according to the PRISMA Statement, a total of 22 papers were selected. It is clear from the studies analyzed that, in most of them, the pedagogy underlying the educational action is not reflected. Similarly, formative evaluation seems to be the main use of AI. Another of the main functionalities of AI in assessment is for the automatic grading of students. Several studies analyze the differences between the use of AI and its non-use. We discuss the results and conclude the need for teacher training and further research to understand the possibilities of AI in educational assessment, mainly in other educational levels than higher education. Moreover, it is necessary to increase the wealth of research which focuses on educational aspects more than technical development around AI.","openalex, scopus, wos, dblp, ieee",human,0.770,human,
discarded,ImageJ2: ImageJ for the next generation of scientific image data,Curtis Rueden; Johannes Schindelin; Mark Hiner; Barry E. DeZonia; Alison E. Walter; Ellen T. Arena; Kevin W. Eliceiri,2017,BMC Bioinformatics,10.1186/s12859-017-1934-z,https://openalex.org/W2580035316,scientific-software; non-education; unrelated-term-match-other-field,"BACKGROUND: ImageJ is an image analysis program extensively used in the biological sciences and beyond. Due to its ease of use, recordable macro language, and extensible plug-in architecture, ImageJ enjoys contributions from non-programmers, amateur programmers, and professional developers alike. Enabling such a diversity of contributors has resulted in a large community that spans the biological and physical sciences. However, a rapidly growing user base, diverging plugin suites, and technical limitations have revealed a clear need for a concerted software engineering effort to support emerging imaging paradigms, to ensure the software's ability to handle the requirements of modern science. RESULTS: We rewrote the entire ImageJ codebase, engineering a redesigned plugin mechanism intended to facilitate extensibility at every level, with the goal of creating a more powerful tool that continues to serve the existing community while addressing a wider range of scientific requirements. This next-generation ImageJ, called ""ImageJ2"" in places where the distinction matters, provides a host of new functionality. It separates concerns, fully decoupling the data model from the user interface. It emphasizes integration with external applications to maximize interoperability. Its robust new plugin framework allows everything from image formats, to scripting languages, to visualization to be extended by the community. The redesigned data model supports arbitrarily large, N-dimensional datasets, which are increasingly common in modern image acquisition. Despite the scope of these changes, backwards compatibility is maintained such that this new functionality can be seamlessly integrated with the classic ImageJ interface, allowing users and developers to migrate to these new methods at their own pace. CONCLUSIONS: Scientific imaging benefits from open-source programs that advance new method development and deployment to a diverse audience. ImageJ has continuously evolved with this idea in mind; however, new and emerging scientific requirements have posed corresponding challenges for ImageJ's development. The described improvements provide a framework engineered for flexibility, intended to support these requirements as well as accommodate future needs. Future efforts will focus on implementing new algorithms in this framework and expanding collaborations with other popular scientific software suites.","openalex, scopus, wos, dblp, ieee",human,0.950,human,
discarded,Rethinking the evaluation of algorithm animations as learning aids: an observational study,Colleen M. Kehoe; John Stasko; Ashley Taylor,2001,International Journal of Human-Computer Studies,10.1006/ijhc.2000.0409,https://openalex.org/W2154627712,algorithm-education; visualization; learning-aids; computing-education-or-software-engineering-not-version-control,"One important aspect of creating computer programs is having a sound understanding of the underlying algorithms used by programs. Learning about algorithms, just like learning to program, is difficult, however. A number of prior studies have found that using animation to help teach algorithms had less beneficial effects on learning than hoped. Those results surprise many computer science instructors whose intuition leads them to believe that algorithm animations should assist instruction. This article reports on a study in which animation is utilized in more of a ""homework"" learning scenario rather than a ""final exam"" scenario. Our focus is on understanding how learners will utilize animation and other instructional materials in trying to understand a new algorithm, and on gaining insight into how animations can fit into successful learning strategies. The study indicates that students use sophisticated combinations of instructional materials in learning scenarios. In particular, the presence of algorithm animations seems to make a complicated algorithm more accessible and less intimidating, thus leading to enhanced student interaction with the materials and facilitating learning. (C) 2001 Academic Press.","openalex, scopus, wos, dblp, ieee",human,0.960,human,
discarded,The Astropy Project: Building an Open-science Project and Status of the v2.0 Core Package *,Adrian M. Price-Whelan; Brigitta Sipőcz; Hans Moritz Günther; Pey Lian Lim; Steven M. Crawford; Simon Conseil; D. L. Shupe; Matthew Craig; Nadia Dencheva; Adam Ginsburg; Jake Vanderplas; Larry Bradley; David Pérez–Suárez; M. de Val-Borro; (Primary Paper Contributors); Thomas L. Aldcroft; Kelle L. Cruz; Thomas Robitaille; Erik Tollerud; C. Ardelean; Tomáš Babej; Yoonsoo P. Bach; Matteo Bachetti; A. V. Bakanov; S. P. Bamford; Geert Barentsen; P. Barmby; A. Baumbach; Katherine Berry; Francesco Biscani; M. Boquien; K. Azalee Bostroem; Luke G. Bouma; Gabriel Brammer; E. M. Bray; H. Breytenbach; Hugo Buddelmeijer; D. J. Burke; Giorgio Calderone; J. L. Cano Rodríguez; Mihai Cara; J. V. M. Cardoso; S. Cheedella; Y. Copin; Lía Corrales; Devin Crichton; Daniel D’Avella; Christoph Deil; É. Depagne; J. P. Dietrich; Axel Donath; Michael Droettboom; N. Earl; T. Erben; S. Fabbro; L.A. Ferreira; T. Finethy; Robert Fox; Lehman H. Garrison; S. L. J. Gibbons; D. A. Goldstein; Ralf Gommers; Johnny P. Greco; P. Greenfield; Austen Groener; Frédéric Grollier; Alex Hagen; Paul Hirst; D. Homeier; A. J. Horton; G. Hosseinzadeh; Lei Hu; Joseph S. Hunkeler; Željko Ivezić; Abhishek Jain; Tim Jenness; G. Kanarek; Sarah Kendrew; Nicholas S. Kern; Wolfgang Kerzendorf; A. Khvalko; James C. King; D. Kirkby; A.M. Kulkarni; Akhil Kumar; Antony Lee; Daniel Lenz; S. P. Littlefair; Zhiyuan Ma; D. M. Macleod; M. Mastropietro; C. McCully; S. Montagnac; Brett M. Morris; Michael Mueller; Stuart Mumford; Demitri Muna; Nicholas A. Murphy; Stuart J. Nelson; Giang Nguyen,2018,The Astronomical Journal,10.3847/1538-3881/aabc4f,https://openalex.org/W2888532099,open-science-software; non-education; unrelated-term-match-other-field,"Abstract The Astropy Project supports and fosters the development of open-source and openly developed Python packages that provide commonly needed functionality to the astronomical community. A key element of the Astropy Project is the core package astropy , which serves as the foundation for more specialized projects and packages. In this article, we provide an overview of the organization of the Astropy project and summarize key features in the core package, as of the recent major release, version 2.0. We then describe the project infrastructure designed to facilitate and support development for a broader ecosystem of interoperable packages. We conclude with a future outlook of planned new features and directions for the broader Astropy Project.","openalex, scopus, wos, dblp, ieee",human,0.900,human,
discarded,Real-Time Attention Monitoring System for Classroom: A Deep Learning Approach for Student’s Behavior Recognition,Zouheir Trabelsi; Fady Alnajjar; Medha Mohan Ambali Parambil; Munkhjargal Gochoo; Luqman Ali,2023,Big Data and Cognitive Computing,10.3390/bdcc7010048,https://openalex.org/W4323846342,classroom-monitoring; ai; general-education; computing-education-or-software-engineering-not-version-control,"Effective classroom instruction requires monitoring student participation and interaction during class, identifying cues to simulate their attention. The ability of teachers to analyze and evaluate students’ classroom behavior is becoming a crucial criterion for quality teaching. Artificial intelligence (AI)-based behavior recognition techniques can help evaluate students’ attention and engagement during classroom sessions. With rapid digitalization, the global education system is adapting and exploring emerging technological innovations, such as AI, the Internet of Things, and big data analytics, to improve education systems. In educational institutions, modern classroom systems are supplemented with the latest technologies to make them more interactive, student centered, and customized. However, it is difficult for instructors to assess students’ interest and attention levels even with these technologies. This study harnesses modern technology to introduce an intelligent real-time vision-based classroom to monitor students’ emotions, attendance, and attention levels even when they have face masks on. We used a machine learning approach to train students’ behavior recognition models, including identifying facial expressions, to identify students’ attention/non-attention in a classroom. The attention/no-attention dataset is collected based on nine categories. The dataset is given the YOLOv5 pre-trained weights for training. For validation, the performance of various versions of the YOLOv5 model (v5m, v5n, v5l, v5s, and v5x) are compared based on different evaluation measures (precision, recall, mAP, and F1 score). Our results show that all models show promising performance with 76% average accuracy. Applying the developed model can enable instructors to visualize students’ behavior and emotional states at different levels, allowing them to appropriately manage teaching sessions by considering student-centered learning scenarios. Overall, the proposed model will enhance instructors’ performance and students at an academic level.","openalex, scopus, wos, dblp, ieee",human,0.760,human,
discarded,Exploring the relation between visualizer–verbalizer cognitive styles and performance with visual or verbal learning material,Bas Kollöffel,2011,Computers & Education,10.1016/j.compedu.2011.09.016,https://openalex.org/W1993629243,learning-materials; cognitive-styles; general-education; unrelated-term-match-other-field,"A student might find a certain representational format (e.g., diagram, text) more attractive than other formats for learning. Computer technology offers opportunities to adjust the formats used in learning environments to the preferences of individual learners. The question addressed in the current study was: does the match between a student's preference regarding the format of learning materials have any relation with performance when learning with a specific format? For example, do learners with a preference for visual materials indeed perform better with visual learning materials? In a study with a pretest post-test design, 48 participants were randomly assigned to one of two conditions. Both conditions completed a mathematical learning task about combinatorics and probability theory. In one condition learning materials were mainly diagram-based in the other condition they were mainly text-based. Afterward, the relations between cognitive style (visualizers-verbalizers), cognitive abilities (e.g., spatial and verbal ability), and learning performance were examined. The findings showed that cognitive style and learning outcomes were unrelated, for example, learners with a preference for visual materials do not necessarily perform better with visual learning materials. Learning results seem to be influenced by cognitive ability (in particular spatial visualization) and the extent to which a format affords cognitive processing, rather than a match between used and preferred format. It is argued that students should not choose on the basis of their preference, because it might lead them to selecting a format that is less effective for learning. (C) 2011 Elsevier Ltd. All rights reserved.","openalex, scopus, wos, dblp, ieee",human,0.880,human,
discarded,Evaluating the Single-Shot MultiBox Detector and YOLO Deep Learning Models for the Detection of Tomatoes in a Greenhouse,Sandro Augusto Magalhães; Luís Miguel Garcia de Castro; Germano Moreira; Filipe Neves dos Santos; Mário Cunha; Jorge Dias; António Paulo Moreira,2021,Sensors,10.3390/s21103569,https://openalex.org/W3161008321,computer-vision; agriculture; non-education; unrelated-term-match-other-field,"The development of robotic solutions for agriculture requires advanced perception capabilities that can work reliably in any crop stage. For example, to automatise the tomato harvesting process in greenhouses, the visual perception system needs to detect the tomato in any life cycle stage (flower to the ripe tomato). The state-of-the-art for visual tomato detection focuses mainly on ripe tomato, which has a distinctive colour from the background. This paper contributes with an annotated visual dataset of green and reddish tomatoes. This kind of dataset is uncommon and not available for research purposes. This will enable further developments in edge artificial intelligence for in situ and in real-time visual tomato detection required for the development of harvesting robots. Considering this dataset, five deep learning models were selected, trained and benchmarked to detect green and reddish tomatoes grown in greenhouses. Considering our robotic platform specifications, only the Single-Shot MultiBox Detector (SSD) and YOLO architectures were considered. The results proved that the system can detect green and reddish tomatoes, even those occluded by leaves. SSD MobileNet v2 had the best performance when compared against SSD Inception v2, SSD ResNet 50, SSD ResNet 101 and YOLOv4 Tiny, reaching an F1-score of 66.15%, an mAP of 51.46% and an inference time of 16.44ms with the NVIDIA Turing Architecture platform, an NVIDIA Tesla T4, with 12 GB. YOLOv4 Tiny also had impressive results, mainly concerning inferring times of about 5 ms.","openalex, scopus, wos, dblp, ieee",human,0.990,human,
discarded,Opportunities and obstacles for deep learning in biology and medicine,Travers Ching; Daniel Himmelstein; Brett K. Beaulieu‐Jones; Alexandr A. Kalinin; T. Brian; Gregory P. Way; Enrico Ferrero; Paul‐Michael Agapow; Michael Zietz; Michael M. Hoffman; Wei Xie; Gail Rosen; Benjamin J. Lengerich; Johnny Israeli; Jack Lanchantin; Stephen Woloszynek; Anne E. Carpenter; Avanti Shrikumar; Jinbo Xu; Evan M. Cofer; Christopher A. Lavender; Srinivas C. Turaga; Amr M. Alexandari; Zhiyong Lu; David J. Harris; David DeCaprio; Yanjun Qi; Anshul Kundaje; Yifan Peng; Laura K. Wiley; Marwin Segler; Simina M. Boca; S. Joshua Swamidass; Austin Huang; Anthony Gitter; Casey S. Greene,2017,bioRxiv (Cold Spring Harbor Laboratory),10.1101/142760,https://openalex.org/W2618245351,deep-learning-review; biomedicine; non-education; diagnostic-test-or-misconception-study-other-domain,"Abstract Deep learning, which describes a class of machine learning algorithms, has recently showed impressive results across a variety of domains. Biology and medicine are data rich, but the data are complex and often ill-understood. Problems of this nature may be particularly well-suited to deep learning techniques. We examine applications of deep learning to a variety of biomedical problems—patient classification, fundamental biological processes, and treatment of patients—and discuss whether deep learning will transform these tasks or if the biomedical sphere poses unique challenges. We find that deep learning has yet to revolutionize or definitively resolve any of these problems, but promising advances have been made on the prior state of the art. Even when improvement over a previous baseline has been modest, we have seen signs that deep learning methods may speed or aid human investigation. More work is needed to address concerns related to interpretability and how to best model each problem. Furthermore, the limited amount of labeled data for training presents problems in some domains, as do legal and privacy constraints on work with sensitive health records. Nonetheless, we foresee deep learning powering changes at both bench and bedside with the potential to transform several areas of biology and medicine.","openalex, scopus, wos, dblp, ieee",human,0.970,human,
discarded,Deep Learning Based Detection Tool for Impacted Mandibular Third Molar Teeth,Mahmut Emin Çelik,2022,Diagnostics,10.3390/diagnostics12040942,https://openalex.org/W4223617134,medical-imaging; deep-learning; non-education; unrelated-term-match-other-field,"Third molar impacted teeth are a common issue with all ages, possibly causing tooth decay, root resorption, and pain. This study was aimed at developing a computer-assisted detection system based on deep convolutional neural networks for the detection of third molar impacted teeth using different architectures and to evaluate the potential usefulness and accuracy of the proposed solutions on panoramic radiographs. A total of 440 panoramic radiographs from 300 patients were randomly divided. As a two-stage technique, Faster RCNN with ResNet50, AlexNet, and VGG16 as a backbone and one-stage technique YOLOv3 were used. The Faster-RCNN, as a detector, yielded a mAP@0.5 rate of 0.91 with ResNet50 backbone while VGG16 and AlexNet showed slightly lower performances: 0.87 and 0.86, respectively. The other detector, YOLO v3, provided the highest detection efficacy with a mAP@0.5 of 0.96. Recall and precision were 0.93 and 0.88, respectively, which supported its high performance. Considering the findings from different architectures, it was seen that the proposed one-stage detector YOLOv3 had excellent performance for impacted mandibular third molar tooth detection on panoramic radiographs. Promising results showed that diagnostic tools based on state-ofthe-art deep learning models were reliable and robust for clinical decision-making.","openalex, scopus, wos, dblp, ieee",human,0.990,human,
discarded,Measuring students' contributions in software development projects using Git metrics,Sivana Hamer; Christian Quesada–López; Alejandra Martínez; Marcelo Jenkins,2020,Latin American Computing Conference / Conferencia Latinoamericana En Informatica,10.1109/clei52000.2020.00068,https://openalex.org/W3175084411,git-metrics; software-engineering-education; team-projects; superseded-by-journal-version-already-cited,"Many courses in the software engineering area are centered around team-based project development. Evaluating these projects is a challenge due to the difficulty of measuring individual student contributions versus team contributions. The adoption of distributed version control systems like Git enables the measurement of students' and teams' contributions to the project. In this work, we analyze the contributions within five software development projects from undergraduate courses that used project-based learning. For this, we generate visualizations of aggregated Git metrics using inequality indexes and inter-decile ratios, which offer insights into the practices and processes followed by students and teams throughout the project development. This approach allowed us to identify both inequality among students' contributions and development processes with a non-steady pace, rendering a useful feedback tool for instructors and students during the development of the project. Further studies can be conducted to assess the complexity and value of students' contributions by analyzing their source code commits and other software artifacts.","openalex, scopus, wos, dblp, ieee",human,0.980,human,
