status,title,authors,year,venue,doi,url,tags,abstract,provider,decision_source,llm_confidence,llm_review_outcome,llm_change_direction
discarded,Bilby: A User-friendly Bayesian Inference Library for Gravitational-wave Astronomy,Gregory Ashton; Moritz Hübner; Paul D. Lasky; Colm Talbot; Kendall Ackley; Sylvia Biscoveanu; Qi Chu; Atul Divakarla; Paul J. Easter; Boris Goncharov; Francisco Hernandez Vivanco; Jan Harms; Marcus E. Lower; Grant D. Meadors; Denyz Melchor; Ethan Payne; Matthew D. Pitkin; Jade Powell; Nikhil Sarin; Rory J. E. Smith; Eric Thrane,2019,The Astrophysical Journal Supplement Series,10.3847/1538-4365/ab06fc,https://openalex.org/W2899782607,scientific-software; non-education; unrelated-term-match-other-field,"Abstract Bayesian parameter estimation is fast becoming the language of gravitational-wave astronomy. It is the method by which gravitational-wave data is used to infer the sources’ astrophysical properties. We introduce a user-friendly Bayesian inference library for gravitational-wave astronomy, B ilby . This P ython code provides expert-level parameter estimation infrastructure with straightforward syntax and tools that facilitate use by beginners. It allows users to perform accurate and reliable gravitational-wave parameter estimation on both real, freely available data from LIGO/Virgo and simulated data. We provide a suite of examples for the analysis of compact binary mergers and other types of signal models, including supernovae and the remnants of binary neutron star mergers. These examples illustrate how to change the signal model, implement new likelihood functions, and add new detectors. B ilby has additional functionality to do population studies using hierarchical Bayesian modeling. We provide an example in which we infer the shape of the black hole mass distribution from an ensemble of observations of binary black hole mergers.","openalex, scopus, wos, ieee",human,0.950,human,
discarded,Beyond Code Generation: An Observational Study of ChatGPT Usage in Software Engineering Practice,Ranim Khojah; Mazen Mohamad; Philipp Leitner; Francisco Gomes de Oliveira Neto,2024,Proceedings of the ACM on software engineering.,10.1145/3660788,https://openalex.org/W4400582696,chatgpt; software-engineering-practice; non-education; computing-education-or-software-engineering-not-version-control,"Large Language Models (LLMs) are frequently discussed in academia and the general public as support tools for virtually any use case that relies on the production of text, including software engineering. Currently, there is much debate, but little empirical evidence, regarding the practical usefulness of LLM-based tools such as ChatGPT for engineers in industry. We conduct an observational study of 24 professional software engineers who have been using ChatGPT over a period of one week in their jobs, and qualitatively analyse their dialogues with the chatbot as well as their overall experience (as captured by an exit survey). We find that rather than expecting ChatGPT to generate ready-to-use software artifacts (e.g., code), practitioners more often use ChatGPT to receive guidance on how to solve their tasks or learn about a topic in more abstract terms. We also propose a theoretical framework for how the (i) purpose of the interaction, (ii) internal factors (e.g., the user’s personality), and (iii) external factors (e.g., company policy) together shape the experience (in terms of perceived usefulness and trust). We envision that our framework can be used by future research to further the academic discussion on LLM usage by software engineering practitioners, and to serve as a reference point for the design of future empirical LLM research in this domain.","openalex, scopus, wos, ieee",human,0.890,human,
discarded,Extracting usability information from user interface events,David M. Hilbert; David Redmiles,2000,ACM Computing Surveys,10.1145/371578.371593,https://openalex.org/W2120973494,hci-survey; usability; non-education; method-paper-not-about-version-control,"Modern window-based user interface systems generate user interface events as natural products of their normal operation. Because such events can be automatically captured and because they indicate user behavior with respect to an application's user interface, they have long been regarded as a potentially fruitful source of information regarding application usage and usability. However, because user interface events are typically voluminos and rich in detail, automated support is generally required to extract information at a level of abstraction that is useful to investigators interested in analyzing application usage or evaluating usability. This survey examines computer-aided techniques used by HCI practitioners and researchers to extract usability-related information from user interface events. A framework is presented to help HCI practitioners and researchers categorize and compare the approaches that have been, or might fruitfully be, applied to this problem. Because many of the techniques in the research literature have not been evaluated in practice, this survey provides a conceptual evaluation to help identify some of the relative merits and drawbacks of the various classes of approaches. Ideas for future research in this area are also presented. This survey addresses the following questions: How might user interface events be used in evaluating usability? How are user interface events related to other forms of usability data? What are the key challenges faced by investigators wishing to exploit this data? What approaches have been brought to bear on this problem and how do they compare to one another? What are some of the important open research questions in this area?","openalex, scopus, wos, ieee",human,0.970,human,
discarded,Acquisition and usage of robotic surgical data for machine learning analysis,Nasseh Hashemi; Morten Bo Søndergaard Svendsen; Flemming Bjerrum; Sten Rasmussen; Martin G. Tolsgaard; M. L. Friis,2023,Surgical Endoscopy,10.1007/s00464-023-10214-7,https://openalex.org/W4382631572,medical-robotics; data-acquisition; non-education; unrelated-term-match-other-field,"BACKGROUND: The increasing use of robot-assisted surgery (RAS) has led to the need for new methods of assessing whether new surgeons are qualified to perform RAS, without the resource-demanding process of having expert surgeons do the assessment. Computer-based automation and artificial intelligence (AI) are seen as promising alternatives to expert-based surgical assessment. However, no standard protocols or methods for preparing data and implementing AI are available for clinicians. This may be among the reasons for the impediment to the use of AI in the clinical setting. METHOD: We tested our method on porcine models with both the da Vinci Si and the da Vinci Xi. We sought to capture raw video data from the surgical robots and 3D movement data from the surgeons and prepared the data for the use in AI by a structured guide to acquire and prepare video data using the following steps: 'Capturing image data from the surgical robot', 'Extracting event data', 'Capturing movement data of the surgeon', 'Annotation of image data'. RESULTS: 15 participant (11 novices and 4 experienced) performed 10 different intraabdominal RAS procedures. Using this method we captured 188 videos (94 from the surgical robot, and 94 corresponding movement videos of the surgeons' arms and hands). Event data, movement data, and labels were extracted from the raw material and prepared for use in AI. CONCLUSION: With our described methods, we could collect, prepare, and annotate images, events, and motion data from surgical robotic systems in preparation for its use in AI.","openalex, scopus, wos, ieee",human,0.960,human,
discarded,NiftyNet: a deep-learning platform for medical imaging,Eli Gibson; Wenqi Li; Carole H. Sudre; Lucas Fidon; Dzhoshkun I. Shakir; Guotai Wang; Zach Eaton-Rosen; Robert Gray; Tom Doel; Yipeng Hu; T. Whyntie; Parashkev Nachev; Marc Modat; Dean C. Barratt; Sébastien Ourselin; M. Jorge Cardoso; Tom Vercauteren,2018,Computer Methods and Programs in Biomedicine,10.1016/j.cmpb.2018.01.025,https://openalex.org/W2755930428,medical-imaging-software; non-education; unrelated-term-match-other-field,"BACKGROUND AND OBJECTIVES: Medical image analysis and computer-assisted intervention problems are increasingly being addressed with deep-learning-based solutions. Established deep-learning platforms are flexible but do not provide specific functionality for medical image analysis and adapting them for this domain of application requires substantial implementation effort. Consequently, there has been substantial duplication of effort and incompatible infrastructure developed across many research groups. This work presents the open-source NiftyNet platform for deep learning in medical imaging. The ambition of NiftyNet is to accelerate and simplify the development of these solutions, and to provide a common mechanism for disseminating research outputs for the community to use, adapt and build upon. METHODS: The NiftyNet infrastructure provides a modular deep-learning pipeline for a range of medical imaging applications including segmentation, regression, image generation and representation learning applications. Components of the NiftyNet pipeline including data loading, data augmentation, network architectures, loss functions and evaluation metrics are tailored to, and take advantage of, the idiosyncracies of medical image analysis and computer-assisted intervention. NiftyNet is built on the TensorFlow framework and supports features such as TensorBoard visualization of 2D and 3D images and computational graphs by default. RESULTS: We present three illustrative medical image analysis applications built using NiftyNet infrastructure: (1) segmentation of multiple abdominal organs from computed tomography; (2) image regression to predict computed tomography attenuation maps from brain magnetic resonance images; and (3) generation of simulated ultrasound images for specified anatomical poses. CONCLUSIONS: The NiftyNet infrastructure enables researchers to rapidly develop and distribute deep learning solutions for segmentation, regression, image generation and representation learning applications, or extend the platform to new applications.","openalex, scopus, wos, ieee",human,0.950,human,
discarded,Creating and sharing reproducible research code the workflowr way,John Blischak; Peter Carbonetto; Matthew Stephens,2019,F1000Research,10.12688/f1000research.20843.1,https://openalex.org/W2979855176,reproducible-research; git; r-markdown; workflow-teaching; git-or-software-tooling-without-learner-understanding-findings,"Making scientific analyses reproducible, well documented, and easily shareable is crucial to maximizing their impact and ensuring that others can build on them. However, accomplishing these goals is not easy, requiring careful attention to organization, workflow, and familiarity with tools that are not a regular part of every scientist's toolbox. We have developed an R package, workflowr , to help all scientists, regardless of background, overcome these challenges. Workflowr aims to instill a particular ""workflow"" — a sequence of steps to be repeated and integrated into research practice — that helps make projects more reproducible and accessible.This workflow integrates four key elements: (1) version control (via Git ); (2) literate programming (via R Markdown); (3) automatic checks and safeguards that improve code reproducibility; and (4) sharing code and results via a browsable website. These features exploit powerful existing tools, whose mastery would take considerable study. However, the workflowr interface is simple enough that novice users can quickly enjoy its many benefits. By simply following the workflowr ""workflow"", R users can create projects whose results, figures, and development history are easily accessible on a static website — thereby conveniently shareable with collaborators by sending them a URL — and accompanied by source code and reproducibility safeguards. The workflowr R package is open source and available on CRAN, with full documentation and source code available at https://github.com/jdblischak/workflowr .","openalex, scopus, wos, ieee",human,0.860,human,
discarded,Bespoke: Interactively Synthesizing Custom GUIs from Command-Line Applications By Demonstration,Priyan Vaithilingam; Philip J. Guo,2019,ACM Symposium on User Interface Software and Technology,10.1145/3332165.3347944,https://openalex.org/W2981244488,gui-synthesis; hci; non-education; computing-education-or-software-engineering-not-version-control,"Programmers, researchers, system administrators, and data scientists often build complex workflows based on command-line applications. To give these power users the well-known benefits of GUIs, we created Bespoke, a system that synthesizes custom GUIs by observing user demonstrations of command-line apps. Bespoke unifies the two main forms of desktop human-computer interaction (command-line and GUI) via a hybrid approach that combines the flexibility and composability of the command line with the usability and discoverability of GUIs. To assess the versatility of Bespoke, we ran an open-ended study where participants used it to create their own GUIs in domains that personally motivated them. They made a diverse set of GUIs for use cases such as cloud computing management, machine learning prototyping, lecture video transcription, integrated circuit design, remote code deployment, and gaming server management. Participants reported that the benefit of these bespoke GUIs was that they exposed only the most relevant subset of options required for their specific needs. In contrast, vendor-made GUIs usually include far more panes, menus, and settings since they must accommodate a wider range of use cases.","openalex, scopus, wos, ieee",human,0.910,human,
discarded,A metabolic modeling platform for the computation of microbial ecosystems in time and space (COMETS),Ilija Dukovski; Djordje Bajić; Jeremy M. Chacón; Michael Quintin; Jean C. C. Vila; Snorre Sulheim; Alan R. Pacheco; David B. Bernstein; William J. Riehl; Kirill S. Korolev; Álvaro Sánchez; William R. Harcombe; Daniel Segrè,2021,Nature Protocols,10.1038/s41596-021-00593-3,https://openalex.org/W3206959204,scientific-modeling-platform; non-education; unrelated-term-match-other-field,"Genome-scale stoichiometric modeling of metabolism has become a standard systems biology tool for modeling cellular physiology and growth. Extensions of this approach are emerging as a valuable avenue for predicting, understanding and designing microbial communities. Computation of microbial ecosystems in time and space (COMETS) extends dynamic flux balance analysis to generate simulations of multiple microbial species in molecularly complex and spatially structured environments. Here we describe how to best use and apply the most recent version of COMETS, which incorporates a more accurate biophysical model of microbial biomass expansion upon growth, evolutionary dynamics and extracellular enzyme activity modules. In addition to a command-line option, COMETS includes user-friendly Python and MATLAB interfaces compatible with the well-established COBRA models and methods, as well as comprehensive documentation and tutorials. This protocol provides a detailed guideline for installing, testing and applying COMETS to different scenarios, generating simulations that take from a few minutes to several days to run, with broad applicability to microbial communities across biomes and scales. This protocol explains how to use and apply COMETS (computation of microbial ecosystems in time and space), which extends dynamic flux balance analysis to generate simulations of multiple microbial species in molecularly complex and spatially structured environments.","openalex, scopus, wos, ieee",human,0.940,human,
discarded,Dynamic movement primitives in robotics: A tutorial survey,Matteo Saveriano; Fares J. Abu‐Dakka; Aljaž Kramberger; Luka Peternel,2023,The International Journal of Robotics Research,10.1177/02783649231201196,https://openalex.org/W3128528928,robotics-survey; non-education; unrelated-term-match-other-field,"Biological systems, including human beings, have the innate ability to perform complex tasks in a versatile and agile manner. Researchers in sensorimotor control have aimed to comprehend and formally define this innate characteristic. The idea, supported by several experimental findings, that biological systems are able to combine and adapt basic units of motion into complex tasks finally leads to the formulation of the motor primitives’ theory. In this respect, Dynamic Movement Primitives (DMPs) represent an elegant mathematical formulation of the motor primitives as stable dynamical systems and are well suited to generate motor commands for artificial systems like robots. In the last decades, DMPs have inspired researchers in different robotic fields including imitation and reinforcement learning, optimal control, physical interaction, and human–robot co-working, resulting in a considerable amount of published papers. The goal of this tutorial survey is two-fold. On one side, we present the existing DMP formulations in rigorous mathematical terms and discuss the advantages and limitations of each approach as well as practical implementation details. In the tutorial vein, we also search for existing implementations of presented approaches and release several others. On the other side, we provide a systematic and comprehensive review of existing literature and categorize state-of-the-art work on DMP. The paper concludes with a discussion on the limitations of DMPs and an outline of possible research directions.","openalex, scopus, wos, ieee",human,0.950,human,
discarded,childes-db: A flexible and reproducible interface to the child language data exchange system,Alessandro Monteverde Sánchez; Stephan C. Meylan; Mika Braginsky; Kyle MacDonald; Daniel Yurovsky; Michael C. Frank,2019,Behavior Research Methods,10.3758/s13428-018-1176-7,https://openalex.org/W2910821810,research-database; reproducibility; non-education; git-or-software-tooling-without-learner-understanding-findings,"The Child Language Data Exchange System (CHILDES) has played a critical role in research on child language development, particularly in characterizing the early language learning environment. Access to these data can be both complex for novices and difficult to automate for advanced users, however. To address these issues, we introduce childes-db, a database-formatted mirror of CHILDES that improves data accessibility and usability by offering novel interfaces, including browsable web applications and an R application programming interface (API). Along with versioned infrastructure that facilitates reproducibility of past analyses, these interfaces lower barriers to analyzing naturalistic parent–child language, allowing for a wider range of researchers in language and cognitive development to easily leverage CHILDES in their work.","openalex, scopus, wos, ieee",human,0.880,human,
discarded,Bug Analysis in Jupyter Notebook Projects: An Empirical Study,Taijara Loiola de Santana; Paulo Anselmo da Mota Silveira Neto; Eduardo Santana de Almeida; Iftekhar Ahmed,2024,ACM Transactions on Software Engineering and Methodology,10.1145/3641539,https://openalex.org/W4391103900,jupyter; software-engineering; non-education; git-or-software-tooling-without-learner-understanding-findings,"Computational notebooks, such as Jupyter, have been widely adopted by data scientists to write code for analyzing and visualizing data. Despite their growing adoption and popularity, few studies have been found to understand Jupyter development challenges from the practitioners’ point of view. This article presents a systematic study of bugs and challenges that Jupyter practitioners face through a large-scale empirical investigation. We mined 14,740 commits from 105 GitHub open source projects with Jupyter Notebook code. Next, we analyzed 30,416 StackOverflow posts, which gave us insights into bugs that practitioners face when developing Jupyter Notebook projects. Next, we conducted 19 interviews with data scientists to uncover more details about Jupyter bugs and to gain insight into Jupyter developers’ challenges. Finally, to validate the study results and proposed taxonomy, we conducted a survey with 91 data scientists. We highlight bug categories, their root causes, and the challenges that Jupyter practitioners face.","openalex, scopus, wos, ieee",human,0.840,human,
