status,title,authors,year,venue,doi,url,tags,abstract,provider,decision_source,llm_confidence,llm_review_outcome,llm_change_direction
kept,Teaching Tip Rethinking How We Teach Git: Pedagogical Recommendations and Practical Strategies for the Information Systems Curriculum,Gerit Wagner; Laureen Thurner,2025,Journal of Information Systems Education,10.62273/btkm5634,https://openalex.org/W4408098228,git-education; information-systems-education; pedagogy; git-teaching-tip-students-overwhelmed; already-cited,"Git, as the leading version-control system, is frequently employed by software developers, digital product managers, and knowledge workers.Information systems (IS) students aspiring to fill software engineering, management, or research positions would therefore benefit from familiarity with Git.However, teaching Git effectively can be challenging, as students in IS and other disciplines report themselves overwhelmed by the plethora of Git's detailed commands and options, including those involved in local setup and secure shell (SSH) connections.From our view, such technical considerations distract students, and even prevent them from developing a deeper understanding of the Git model and its underlying concepts.Ideally, teaching efforts should convey a solid understanding of the Git model and thereby enable students to ask the right questions and look up the relevant commands.With this teaching tip, we therefore challenge the common approach to organizing Git teaching materials.In particular, we draw on established pedagogical theory to propose a novel approach that employs a new, macro-level ordering of contents beginning with the concept of branches and then proceeding to committing and collaboration.We present several practical strategies that make this approach feasible.In addition, we recommend that teachers clearly separate conceptual from applied learning and present the more challenging transfer questions at the end of the course.Our hope is to stimulate reflection on the most effective ways to teach Git to future professionals.","openalex, scopus, wos, ieee",human,0.980,human,
kept,Git Takes Two: Split-View Awareness for Collaborative Learning of Distributed Workflows in Git,Joel Bucher; Lahari Goswami; Sverrir Thorgeirsson; April Yi Wang,2026,International Conference on Human Factors in Computing Systems,10.1145/3772318.3791254,https://openalex.org/W7131294365,git-education; collaborative-learning; workflow-training; git-learning-tool-evaluation; already-cited,"Git is widely used for collaborative software development, but it can be challenging for newcomers. While most learning tools focus on individual workflows, Git is inherently collaborative. We present GitAcademy, a browser-based learning platform that embeds a full Git environment with a split-view collaborative mode: learners work on their own local repositories connected to a shared remote repository, while simultaneously seeing their partner’s actions mirrored in real time. This design is not intended for everyday software development, but rather as a training simulator to build awareness of distributed states, coordination, and collaborative troubleshooting. In a within-subjects study with 13 pairs of learners, we found that the split-view interface enhanced social presence, supported peer teaching, and was consistently preferred over a single-view baseline, even though performance gains were mixed. We further discuss how split-view awareness can serve as a training-only scaffold for collaborative learning of Git and other distributed technical systems.","openalex, scopus, wos, ieee",human,0.980,human,
discarded,"A Survey on Model Context Protocol: Architecture, State-of-the-art, Challenges and Future Directions",Partha Pratim Ray,2025,,10.36227/techrxiv.174495492.22752319/v1,https://openalex.org/W4409562197,protocol-survey; llm-infrastructure; non-education; unrelated-term-match-other-field,"The rapid proliferation of large-language-model (LLM) services is constrained by three long-standing barriers: stateless integration interfaces, ad-hoc security controls, and the absence of a unified mechanism for injecting rich, multi-turn context. The Model Context Protocol (MCP) has been proposed to overcome these limitations through a session-oriented, JSON-RPC framework that allows LLMs to negotiate capabilities, invoke external tools, and retrieve contextual resources under fine-grained, OAuth 2.1-compliant access control. This article provides the first comprehensive treatment of MCP from a communications-systems perspective. We (i) dissect its layered host-client-server architecture, (ii) formalize its lifecycle and transport semantics, and (iii) benchmark official and community implementations spanning software-development, cloud-automation, healthcare, and cybersecurity domains. Open challenges-including transport-layer latency,token-lifecycle overhead, cross-server privilege escalation, and persistent-context tampering-are analysed in depth, and mitigation strategies rooted in cryptographic hardening, edge caching, and capability-graph isolation are articulated. Finally, we outline a future research agenda that extends MCP toward multimodal payloads, Quick UDP Internet Connection (QUIC)-enabled streaming, and post-quantum credential exchange. By synthesizing protocol design with deployment evidence, the article positions MCP as a pivotal enabler of secure, adaptive, and scalable agentic workflows-marking a decisive forward step in the maturation of real-world LLM applications.","openalex, scopus, wos, ieee",human,0.900,human,
discarded,Open Source Software Hosting Platforms: A Collaborative Perspective’s Review,Ghadah Alamer; Sultan Alyahya,2017,Journal of Software,10.17706/jsw.12.4.274-291,https://openalex.org/W2613073940,open-source-hosting-platforms; non-education; git-or-software-tooling-without-learner-understanding-findings,"Open source software (OSS) has been gaining large attention lately. In fact, several studies have shown that the collaboration is a remarkably major factor influencing the OSS quality. In addition, there are several existing platforms providing mediums for collaborative development of the OSS projects and involve advanced features that assist in boosting the collaboration process. Such platforms which can be called as open source software hosting platforms are rich of collaborative workflows. Therefore, in this research a comprehensive investigation of the current OSS hosting platforms is held for the sake of studying their collaboration capabilities as well as pointing out any limitations related to collaboration that might hinder OSS from meeting high quality. The review has shown that the current OSS hosting platforms have some potential limitations. The identified limitations have been shared through a survey with developers working on OSS platforms and the results have generally revealed that there is a necessity to overcome these limitations.","openalex, scopus, wos, ieee",human,0.860,human,
discarded,Why secret detection tools are not enough: It’s not just about false positives - An industrial case study,Md Rayhanur Rahman; Nasif Imtiaz; Margaret‐Anne Storey; Laurie Williams,2022,Empirical Software Engineering,10.1007/s10664-021-10109-y,https://openalex.org/W4220690511,security-tools; industry-case-study; non-education; computing-education-or-software-engineering-not-version-control,"Checked-in secrets in version-controlled software projects pose security risks to software and services. Secret detection tools can identify the presence of secrets in the code, commit changesets, and project version control history. As these tools can generate false positives, developers are provided with mechanisms to bypass the warnings generated from these tools. Providing this override mechanism can result in developers sometimes exposing secrets in software repositories. The goal of this article is to aid software security practitioners in understanding why‘ secrets are checked into repositories, despite being warned by tools, through an industrial case study of analysis of usage data of a secret detection tool and a survey of developers who bypassed the tool alert. In this case study, we analyzed the usage data of a checked-in secret detection tool used widely by a software company and we surveyed developers who bypassed the warnings generated by the tool. From the case study, we found that, despite developers classified 50% of the warning as false positive, developers also bypassed the warning due to time constraints, working with non-shipping projects, technical challenges of eliminating secrets completely from the version control history, technical debts, and perceptions that check-ins are low risk. We advocate practitioners and researchers to investigate the findings of our study further to improve secret detection tools and related development practices. We also advocate that organizations should insert secondary checks, as is done by the company we studied, to capture occasions where developers incorrectly bypass secret detection tools.","openalex, scopus, wos, ieee",human,0.900,human,
discarded,Interpol review of digital evidence for 2019–2022,Paul Reedy,2023,Forensic Science International Synergy,10.1016/j.fsisyn.2022.100313,https://openalex.org/W4318677385,digital-forensics; review; non-education; unrelated-term-match-other-field,,"openalex, scopus, wos, ieee",human,0.950,human,
discarded,"Managing, storing, and sharing long-form recordings and their annotations",Lucas Gautheron; Nicolas Rochat; Alejandrina Cristià,2021,,10.31234/osf.io/w8trm,https://openalex.org/W3168183489,data-management; reproducibility; non-education; unrelated-term-match-other-field,"The technique of long-form recordings via wearables is gaining momentum in different fields of research, notably linguistics and pathology. This technique, however, poses several technical challenges, some of which are amplified by the peculiarities of the data, including their sensitivity and their volume. In this paper, we begin by outlining key problems related to the management, storage, and sharing of the corpora that emerge when using this technique. We continue by proposing a multi-component solution to these problems, specifically in the case of daylong recordings of children. As part of this solution, we release ChildProject, a python package for performing the operations typically required by such datasets and for evaluating the reliability of annotations using a number of measures commonly used in speech processing and linguistics. Our proposal could be generalized to other populations.","openalex, scopus, wos, ieee",human,0.840,human,
discarded,Failing Gloriously and Other Essays,Shawn Graham,2019,The Digital Press at the University of North Dakota eBooks,10.31356/dpb015,https://openalex.org/W2994430865,digital-humanities; memoir; non-education; unrelated-term-match-other-field,"Please, you gotta help me. I’ve nuked the university. Failing Gloriously and Other Essays documents Shawn Graham’s odyssey through the digital humanities and digital archaeology against the backdrop of the 21st-century university. At turns hilarious, depressing, and inspiring, Graham’s book presents a contemporary take on the academic memoir, but rather than celebrating the victories, he reflects on the failures and considers their impact on his intellectual and professional development. These aren’t heroic tales of overcoming odds or paeans to failure as evidence for a macho willingness to take risks. They’re honest lessons laced with a genuine humility that encourages us to think about making it safer for ourselves and others to fail. A foreword from Eric Kansa and an afterword by Neha Gupta engage the lessons of Failing Gloriously and consider the role of failure in digital archaeology, the humanities, and social sciences.","openalex, scopus, wos, ieee",human,0.950,human,
discarded,Development Research in Practice: The DIME Analytics Data Handbook,Kristoffer Bjärkefur; Luíza Cardoso de Andrade; Benjamin Daniels; Maria Jones,2021,,10.1596/978-1-4648-1694-9,https://openalex.org/W3172003138,data-handbook; research-methods; non-education-study; unrelated-term-match-other-field,"Development Research in Practice leads the reader through a complete empirical research project, providing links to continuously updated resources on the DIME Wiki as well as illustrative examples from the Demand for Safe Spaces study. The handbook is intended to train users of development data how to handle data effectively, efficiently, and ethically","openalex, scopus, wos, ieee",human,0.800,human,
discarded,Improving Software Development with Platform-as-a-Service Product – Using Heroku in Web Application Project,Juuso Ansaharju,2016,Theseus (Ammattikorkeakoulujen),,https://openalex.org/W2335842478,paas; industry-case; non-education; computing-education-or-software-engineering-not-version-control,"Platform-as-a-Service (PaaS) products promise to offer developers tools to simplify and speed up software development. The case organization, Kielikone Oy, a software development company specialized in digital language services, initiated a process to evaluate and pilot a PaaS product to see whether these promises can be fulfilled.\n\nThe process to find a suitable PaaS product to use, and the web development project to pilot it with was the focus of the study as well the assessment of lessons learned after the pilot. The assessment was done by issuing a questionnaire to relevant actors involved in the development of the pilot project and analyzing its results.\n\nThe evaluation of PaaS products in the market resulted in choosing Heroku PaaS as the provider with which to conduct further investigations. The use of Heroku during the pilot project to create a new web application for vocabulary learning was successful and generated positive feedback by the developers. Critique was also reported, but it can be stated that benefits of using PaaS outweigh the drawbacks.\n\nA set of improvement suggestions for the continued use of the chosen PaaS product, Heroku, in the case organization is the main outcome of the study. The majority of improvement suggestions gathered hoped for further utilization of Heroku’s features including deepening the integration with Heroku and Github, simplification of add-on management and finding ways to deal with security concerns introduced by Heroku’s open doors policy.","openalex, scopus, wos, ieee",human,0.920,human,
discarded,An Empirical Evaluation of Feedback-Driven Software Development,Moritz Beller,2018,Data Archiving and Networked Services (DANS),10.4233/uuid:b2946104-2092-42bb-a1ee-3b085d110466,https://openalex.org/W2904501359,software-development-practice; thesis; non-education; computing-education-or-software-engineering-not-version-control,"Software developers today crave for feedback, be it from their peers in the form of code review, static analysis tools like their compiler, or the local or remote execution of their tests in the Continuous Integration (CI) environment. With the advent of social coding sites such as GitHub and tight integration of CI services such as Travis CI, software development practices have fundamentally changed. Despite a highly alternated software engineering landscape, however, we still lack a suitable holistic description of contemporary software development practices. Existing descriptions such as the V-model are either too coarse-grained to describe an individual contributor’s workflow, or only regard a subpart of the development process, like Test-Driven Development (TDD). In addition, most existing models are pre- rather than de-scriptive. By contrast, in this thesis, we perform a series of empirical studies to characterize the individual constituents of Feedback-Driven Development (FDD): we study the prevalence and evolution of Automatic Static Analysis Tools (ASATs), we explain the “Last Line Effect,” a phenomenon at the boundary between ASATs and code review, we observe local testing patterns in the Integrated Development Environment (IDE) of developers, compare them to remote testing on the CI server, and, finally, should these quality assurance techniques have failed, we examine how developers debug faults. We then compile this empirical evidence into a model of how today’s software developers work. Our results show that developers employ the different techniques in FDD to best achieve their current task in the most efficient way, often knowingly taking shortcuts to get the job done. While this is efficient in the short term, it also bears risks, namely that prevention and introspection activities fall short: developers might not configure or combine ASATs to their full benefit, they might have wrong perceptions about the amount of time spent on quality-control, quality-related activities such as testing could become an after-thought, and learning about debugging techniques falls short. A relatively rigid, tool-enforced FDD process could help developers in not committing some of these mistakes. Our thesis culminates in the finding that feedback loops are the characterizing criterion of contemporary software development. Our model is flexible enough to accommodate a broad band of modern workflows, despite large variances in how projects use and configure parts of FDD.","openalex, scopus, wos, ieee",human,0.880,human,
discarded,A Perspective on Neuroscience Data Standardization with Neurodata Without Borders,A.F. Pierre; Tuan D. Pham; Jonah E Pearl; Sandeep Robert Datta; Jason T. Ritt; Alexander Fleischmann,2024,Journal of Neuroscience,10.1523/jneurosci.0381-24.2024,https://openalex.org/W4402661476,neuroscience-data; standardization; non-education; unrelated-term-match-other-field,"Neuroscience research has evolved to generate increasingly large and complex experimental data sets, and advanced data science tools are taking on central roles in neuroscience research. Neurodata Without Borders (NWB), a standard language for neurophysiology data, has recently emerged as a powerful solution for data management, analysis, and sharing. We here discuss our labs' efforts to implement NWB data science pipelines. We describe general principles and specific use cases that illustrate successes, challenges, and non-trivial decisions in software engineering. We hope that our experience can provide guidance for the neuroscience community and help bridge the gap between experimental neuroscience and data science. Key takeaways from this article are that (1) standardization with NWB requires non-trivial design choices; (2) the general practice of standardization in the lab promotes data awareness and literacy, and improves transparency, rigor, and reproducibility in our science; (3) we offer several feature suggestions to ease the extensibility, publishing/sharing, and usability for NWB standard and users of NWB data.","openalex, scopus, wos, ieee",human,0.890,human,
discarded,"Ten principles for reliable, efficient, and adaptable coding in psychology and cognitive neuroscience",Johannes Roth; Yunyan Duan; Florian P Mahner; Philipp Kaniuth; Thomas S. A. Wallis; Martin N. Hebart,2025,Communications Psychology,10.1038/s44271-025-00236-3,https://openalex.org/W4409463408,scientific-coding-skills; psychology; best-practices; reproducible-research; computing-education-or-software-engineering-not-version-control,"Writing code is becoming essential for psychology and neuroscience research, supporting increasingly advanced experimental designs, processing of ever-larger datasets and easy reproduction of scientific results. Despite its critical role, coding remains challenging for many researchers, as it is typically not part of formal academic training. We present a range of practices tailored to different levels of programming experience, from beginners to advanced users. Our ten principles help researchers streamline and automate their projects, reduce human error, and improve the quality and reusability of their code. For principal investigators, we highlight the benefits of fostering a collaborative environment that values code sharing. Maintaining basic standards for code quality, reusability, and shareability is critical for increasing the trustworthiness and reliability of research in experimental psychology and cognitive neuroscience.","openalex, scopus, wos, ieee",human,0.780,human,
