status,title,authors,year,venue,doi,url,tags,abstract,provider,decision_source,llm_confidence,llm_review_outcome,llm_change_direction
discarded,Development and use of a three-tier diagnostic test to assess high school students’ misconceptions about the photoelectric effect,Erdal Taşlıdere,2016,Research in Science & Technological Education,10.1080/02635143.2015.1124409,https://openalex.org/W2320552923,physics-education; misconceptions; non-computing; diagnostic-test-or-misconception-study-other-domain,"Background: In the last few decades, researchers have turned their attention to students’ understanding of scientific concepts at different school levels. The results indicate that the learners have different ideas, and most of them are inaccurate in terms of those generally accepted by the scientific community.Purpose: This study was undertaken to describe the development, validation and use of a three-tier multiple-choice diagnostic test (PEMT) to reveal Turkish high school students’ common misconceptions in terms of the photoelectric effect.Sample: In this study, 243 students (male=86, female=137) from six high schools made up the sample which comprised approximately 76% of the 11th grade population.Design and Methods: Based on findings from the literature, open-ended questions and interviews, the PEMT was developed and administered to 243 students. The data was analysed descriptively.Results: The Cronbach’s alpha reliability coefficient of the scores was estimated as .83. Construct, content and face validities were established by senior experts and through the use of statistical techniques. The findings denoted that the test is a valid and reliable measure of students’ qualitative understanding of the photoelectric concept. The results revealed that the majority of the students demonstrated a limited understanding of the photoelectric effect and have five prevalent misconceptions. These are: (1) an increase in intensity would provide the photon with enough energy to release electrons; (2) the photoelectric effect results from the ionization of atoms through the interaction with light; (3) a light beam whose photons have smaller energies than the work function would release electrons with the help of a voltage source; (4) the number of photoelectrons depends on the energy of the photon and (5) the photon has kinetic energy and it depends on the colour of light. The last two misconceptions were discovered in the current study.Conclusion: The findings indicated that the PEMT is a reliable and valid measuring tool for investigating high school students’ conceptual understanding and misconceptions. Future studies could use the PEMT as a tool for assessing the misconceptions of high school students, pre-service science or pre-service physics teachers.","openalex, scopus, wos",human,0.950,human,
discarded,Development and application of a four-tier test to assess pre-service physics teachers’ misconceptions about geometrical optics,Derya Kaltakci-Gurel; Ali Eryılmaz; Lillian C. McDermott,2017,Research in Science & Technological Education,10.1080/02635143.2017.1310094,https://openalex.org/W2606708742,physics-education; diagnostic-test; non-computing; diagnostic-test-or-misconception-study-other-domain,"Background: Correct identification of misconceptions is an important first step in order to gain an understanding of student learning. More recently, four-tier multiple choice tests have been found to be effective in assessing misconceptions.Purpose: The purposes of this study are (1) to develop and validate a four-tier misconception test to assess the misconceptions of pre-service physics teachers (PSPTs) about geometrical optics, and (2) to assess and identify PSPTs’ misconceptions about geometrical optics.Sample: The Four-Tier Geometrical Optics Test (FTGOT) was developed based on findings from the interviews (n = 16), open-ended testing (n = 52), pilot testing (n = 53) and administered to 243 PSPTs from 12 state universities in Turkey.Design and Methods: The first phase of the study was the development of a four-tier test. In the second phase of this study, a cross-sectional survey design was used.Results: Validity of the FTGOT scores was established by means of some qualitative and quantitative methods. These are: (1) content and face validations by six experts; (2) Positive correlations between the PSPTs’ correct scores considering only first tiers of the FTGOT and their confidence score for this tier (r = .194) and between correct scores considering first and third tiers and confidence scores for both of those tiers (r = .218) were found as evidences for construct validity. (3) False positive (3.5%), false negative (3.3%) and lack of knowledge (5.1%) percentages were found to be less than 10% as an evidence for content validity of the test scores. (4) Explanatory factor analysis conducted over correct and misconception scores yielded meaningful factors for the correct scores as an evidence for construct validity. Additionally, the Cronbach alpha coefficients were calculated for correct scores (r = 0.59) and misconception scores (r = 0.42) to establish the reliability of the test scores. Six misconceptions about geometrical optics, which were held by more than 10% of the PSPTs, were identified and considered to be significant.Conclusions: The results from the present investigation demonstrate that the FTGOT is a valid and reliable instrument in assessing misconceptions in geometrical optics.","openalex, scopus, wos",human,0.950,human,
discarded,Using Three-Tier Diagnostic Test to Assess Students’ Misconceptions of States of Matter,Zübeyde Demet Kırbulut; Ömer Geban,2014,Eurasia Journal of Mathematics Science and Technology Education,10.12973/eurasia.2014.1128a,https://openalex.org/W2157719821,science-education; states-of-matter; non-computing; diagnostic-test-or-misconception-study-other-domain,"This study involves the development of a three-tier diagnostic test to measure high school students’ understanding of states of matter concepts. The States of Matter Diagnostic Test (SMDT) is a 19-item three-tier diagnostic test consisting of three-tier items for assessing students’ understanding of states of matter concepts. The SMDT was administered to 195 10th grade high school students in the pilot study and 102 10th grade high school students in the main study. Cronbach alpha reliability indexes for the SMDT were estimated to be .78 and .83 for the pilot and main study, respectively. Point-biserial coefficients ranged from .20 to .69 with an average of .44 for the pilot study and with an average of .49 for the main study.","openalex, scopus, wos",human,0.950,human,
discarded,The Use of Cronbach’s Alpha When Developing and Reporting Research Instruments in Science Education,Keith S. Taber,2017,Research in Science Education,10.1007/s11165-016-9602-2,https://openalex.org/W2623703952,psychometrics; research-methods; non-domain-specific; diagnostic-test-or-misconception-study-other-domain,"Cronbach’s alpha is a statistic commonly quoted by authors to demonstrate that tests and scales that have been constructed or adopted for research projects are fit for purpose. Cronbach’s alpha is regularly adopted in studies in science education: it was referred to in 69 different papers published in 4 leading science education journals in a single year (2015)—usually as a measure of reliability. This article explores how this statistic is used in reporting science education research and what it represents. Authors often cite alpha values with little commentary to explain why they feel this statistic is relevant and seldom interpret the result for readers beyond citing an arbitrary threshold for an acceptable value. Those authors who do offer readers qualitative descriptors interpreting alpha values adopt a diverse and seemingly arbitrary terminology. More seriously, illustrative examples from the science education literature demonstrate that alpha may be acceptable even when there are recognised problems with the scales concerned. Alpha is also sometimes inappropriately used to claim an instrument is unidimensional. It is argued that a high value of alpha offers limited evidence of the reliability of a research instrument, and that indeed a very high value may actually be undesirable when developing a test of scientific knowledge or understanding. Guidance is offered to authors reporting, and readers evaluating, studies that present Cronbach’s alpha statistic as evidence of instrument quality.","openalex, scopus, wos",human,0.840,human,
discarded,Development of computer based two-tier multiple choice diagnostic test to identify misconceptions on chemical bonding,Gina Utami; Harry Firman; Nahadi Nahadi,2019,Journal of Physics Conference Series,10.1088/1742-6596/1157/4/042033,https://openalex.org/W2921443584,chemistry-education; diagnostic-test; non-computing; diagnostic-test-or-misconception-study-other-domain,"This research aims to find a computer-based two-tier multiple choice diagnostic test of student misconceptions on chemical bonding. The process of developing diagnostic test is conducted by: (1) analyzing student misconceptions on chemical bonding including analysis of the literature of previous journals and misconception books, (2) identification of concept targets, (3) analysis of student misconception through essay question given, and (4) the diagnostic questions compilation of a computer-based two-tier multiple choice misconception analysis result from related reference and essay test which given to student got ten general misconceptions. There are four materials which are ionic bonds, covalent bonds, metal bonds and coordination bonds. A computer-based of two-tier multiple choice diagnostic test on chemical bonding will be tested the affectivity by tested, misconceptions identification from feedback and re-tested again.","openalex, scopus, wos",human,0.950,human,
discarded,Development and application of a two-tier multiple-choice diagnostic test for high school students’ understanding of cell division and reproduction,Ertuğrul Sesli; Yılmaz Kara,2012,Journal of Biological Education,10.1080/00219266.2012.688849,https://openalex.org/W1968074455,biology-education; diagnostic-test; non-computing; diagnostic-test-or-misconception-study-other-domain,"This study involved the development and application of a two-tier diagnostic test for measuring students’ understanding of cell division and reproduction. The instrument development procedure had three general steps: defining the content boundaries of the test, collecting information on students’ misconceptions, and instrument development. Misconception data were collected from interviews and multiple-choice questions with open response. The data were used to develop fourteen two-tier multiple-choice items. The conceptual knowledge examined was preliminary functions of cell division, basic processes in cell division, mitotic cell cycle and asexual reproduction, the role of meiosis in sexual life cycles, as well as cell types and cell division. The diagnostic instrument was administered to 403 high-school students. The reliability coefficient of the test was 0.81. Difficulty indices ranged from 0.31 to 0.72, and discrimination indices ranged from 0.23 to 0.61. Results of the cell division and reproduction diagnostic test suggested that students did not acquire a satisfactory understanding of cell division and reproduction concepts. The obtained misconceptions and the reasons for them were discussed in the analysis of the items which could inform biology instruction and resource.","openalex, scopus, wos",human,0.950,human,
discarded,Development and Validation of a Four-Tier Diagnostic Instrument for Chemical Kinetics (FTDICK),Habiddin Habiddin; E. M. Page,2019,Indonesian Journal of Chemistry,10.22146/ijc.39218,https://openalex.org/W2947075951,chemistry-education; diagnostic-instrument; non-computing; diagnostic-test-or-misconception-study-other-domain,"The present study outlines the development and validation of a four-tier diagnostic instrument to explore first year undergraduate students’ understanding of chemical kinetics (FTDICK). The four-tier instrument is a recent format and has been applied only sparsely in a limited number of subject areas, not including chemical kinetics. This study confirms the importance of a four-tier approach in fully investigating students’ poor knowledge and understanding. The FTDICK described here involves 20 questions with a confidence level linked to both the question tier and the reason tier. The development of the instrument followed the procedure used for the two-tier instrument developed by Treagust and involves (1) testing & interviewing, (2) identifying & collecting students’ unscientific ideas, (3) developing the prototype FTDICK, (4) validating the prototype FTDICK, and (5) developing the final FTDICK. The initial steps revealed a number of areas of misconceptions to be explored in the final instrument. The instrument has been developed and the prototype tested using international cohorts of students from the University of Reading, UK and two Indonesian Universities. Comprehensive item analysis on the results showed the instrument to be valid and reliable and suitable for identifying students’ understanding of chemical kinetics. This study confirms the importance of a four-tier approach for investigating students’ prior knowledge and understanding.","openalex, scopus, wos",human,0.950,human,
discarded,A Review of Students’ Common Misconceptions in Science and Their Diagnostic Assessment Tools,Soeharto Soeharto; B. CsapÃ³; Eri Sarimanah; Figiati Indra Dewi; Tahmid Sabri,2019,Jurnal Pendidikan IPA Indonesia,10.15294/jpii.v8i2.18649,https://openalex.org/W2955464374,science-misconceptions; review; non-computing; diagnostic-test-or-misconception-study-other-domain,"A misconception is well-known as a barrier to students in learning science. Some topics in science learning are always giving misconception to novice students, and there have been various kinds of diagnostic assessment used by researchers to identify student misconceptions in science. This present study provides information about an overview of the common topics that students usually get misconception in science, and diagnostic assessment used to identify students’ misconception in science. This review also provides a comparison of every instrument with the weaknesses and the strengths reviewed from a total 111 articles that had published from the year 2015 to 2019 in the leading journal having the topic of students’ misconceptions in science. This study revealed that 33 physics, 12 chemistry, and 15 biology concepts in science that mainly caused misconceptions to students. Furthermore, it found that interview (10.74%), simple multiple-choice tests (32.23%) and multiple tier tests (33.06%), and open-ended tests (23.97%) are commonly used as diagnostic tests. However, every kind of tests has benefits and drawbacks over the other when it is used in assessing student conception. An expert user like teachers and researchers must be aware when using diagnostic assessment in the learning process, exceptionally to construct student conception. This study is expected to help researchers and teachers to decide the best instrument to be used in assessing student misconceptions and to examine the common science topics that caused misconceptions.","openalex, scopus, wos",human,0.950,human,
discarded,The Misconception Diagnosis on Ionic and Covalent Bonds Concepts with Three Tier Diagnostic Test,Anti Kolonial Prodjosantoso; Artanti Mulia Hertina; Irwanto Irwanto,2018,International Journal of Instruction,10.29333/iji.2019.12194a,https://openalex.org/W2908366073,chemistry-education; diagnostic-test; non-computing; diagnostic-test-or-misconception-study-other-domain,"The purpose of this research was to understand the misconception level of 10th grade students in Yogyakarta province of Indonesia in understanding the concept of ionic and covalent bonds. The ionic and covalent bonds were chosen based on the need assessment on chemistry teachers. This study was inclueded qualitative descriptive research which described the level of students' misconceptions. The sample of this study was 56 students of 10th grade students. The sample was selected by using purposive random sampling technique. The data was collected by three-tier diagnostic test. The data was analysed to determine the percentage of misconception level. The results indicated that the 10th grade students in Yogyakarta suffered misconception with high, medium, and low categories of 19.05%, 42.86%, and 9.52%, respectively.","openalex, scopus, wos",human,0.950,human,
discarded,Cell Biology Diagnostic Test (CBD-Test) portrays pre-service teacher misconceptions about biology cell,Hadi Suwono; Triastono Imam Prasetyo; Umie Lestari; Betty Lukiati; Rifka Fachrunnisa; Sentot Kusairi; Muhammad Saefi; Ahmad Fauzi; Mochammad Fitri Atho’illah,2019,Journal of Biological Education,10.1080/00219266.2019.1643765,https://openalex.org/W2963030879,biology-education; cell-biology; non-computing; diagnostic-test-or-misconception-study-other-domain,"Cell biology is widely considered to be the most important subject for promoting current modern biology. This paper sheds new light on the subject with the development of a diagnostic test to investigate misconceptions among pre-service biology teachers in cell biology. In this study, we developed and validated a diagnostic test – known as the three-tier test – to investigate misconceptions. In developing the test, we modified the initial version of the Cell Biology Diagnosis Test (CBD-Test), comprising a two-tier construct, and then we added a certainty response index for each item. The initial CBD-test was a construct based on proportional knowledge, references, and concepts that have been identified as frequently misunderstood in cell biology. The three-tier test was then adjusted to distinguish a lack of knowledge from a misconception. Participants in this test were 204 pre-service student teachers in an undergraduate biology education program. The test highlighted the fact that most of the students shared misconceptions regarding the structure and function of cells, fundamental components of cells, material transport across the membrane, and cell division. Furthermore, the findings validate the advantages of the CBD-Test as a reliable and valid instrument to diagnose misconception on a broad range.","openalex, scopus, wos",human,0.940,human,
discarded,Development of two-tier diagnostic instrument and assess students' understanding in chemistry,Cengiz Tüysüz,2009,,,https://openalex.org/W2134916248,chemistry-education; diagnostic-test; non-computing; diagnostic-test-or-misconception-study-other-domain,"9th grade chemistry curriculum and to argue the efficiency of this test on students’ achievement. First, we interviewed 21 students to develop multiple-choice items. Secondly, 24 students were asked to select the most appropriate answer to each question and then they gave explanations for their choices to develop a two-tier test. At the third phase of this study, a two-tier test including 15 questions was developed and applied to141 students for collecting data. The results of the study showed that the twotier test was effective on determining the students’ misconceptions and also it might be used as an alternative to the traditional multiple choice test for of assessment and evaluation of alternative students’ achievement.","openalex, scopus, wos",human,0.950,human,
discarded,The transformation of two-tier test into four-tier test on Newton’s laws concepts,Nuzulira Janeusse Fratiwi; Ida Kaniawati; Endi Suhendi; Iyon Suyana; Achmad Samsudin,2017,AIP conference proceedings,10.1063/1.4983967,https://openalex.org/W2620535914,physics-education; newtons-laws; non-computing; diagnostic-test-or-misconception-study-other-domain,"This research is based on other forms of diagnostic tests in the format of two-tier test about the concept of Newton’s Laws that the development still not yet well. Therefore, must be done a research to transform two-tier test into the four-tier test that refers to Kaltakci criteria. To achieve the purpose, the researchers used the 4D model (Defining, Designing, Developing, and Disseminating) as a method of research. The participants are 25 students at one of the senior high schools in Bandung. The result is the development of two-tier test format intothe four-tier test formatabout Newton’s Laws concept. At the disseminating, there are obtained the category of students who scientific knowledge, misconceptions, and errors of the Newton’s Laws concepts. The research will be the reference or preliminary research to conduct further research.","openalex, scopus, wos",human,0.950,human,
