status,title,authors,year,venue,doi,url,tags,abstract,provider,decision_source,llm_confidence,llm_review_outcome,llm_change_direction
discarded,An exploratory study on the usage of quantum programming languages,Felipe Ferreira; José Campos,2024,Science of Computer Programming,10.1016/j.scico.2024.103217,https://openalex.org/W4403118554,quantum-programming; developer-survey; non-education; computing-education-or-software-engineering-not-version-control,"As in the classical computing realm, quantum programming languages in quantum computing allow one to instruct a quantum computer to perform certain tasks. In the last 25 years, many imperative, functional, and multi-paradigm quantum programming languages with different features and goals have been developed. However, to the best of our knowledge, no study has investigated who uses quantum languages, how practitioners learn a quantum language, how experience are practitioners with quantum languages, what is the most used quantum languages, in which context practitioners use quantum languages, what are the challenges faced by quantum practitioners while using quantum languages, are program written with quantum languages tested, and what are quantum practitioners' perspectives on the variety of quantum languages and the potential need for new languages. In this paper, we first conduct a systematic survey to find and collect all quantum languages proposed in the literature and/or by organizations. Secondly, we identify and describe 37 quantum languages. Thirdly, we survey 251 quantum practitioners to answer several research questions about their quantum language usage. Fourthly, we conclude that (i) 58.2% of all practitioners are 25-44 years old, 63.0% have a master's or doctoral degree, and 86.2% have more than five years of experience using classical languages. (ii) 60.6% of practitioners learn quantum languages from the official documentation. (iii) Only 16.3% of practitioners have more than five years of experience with quantum languages. (iv) Qiskit (Python) is the most used quantum language, followed by Cirq (Python) and QDK (Q#). (v) 42.8% use quantum languages for research. (vi) Lack of documentation and usage examples are practitioners' most challenging issues. Practitioners prefer open-source quantum languages with an easy-to-learn syntax (e.g., based on an existing classical language), available documentation and examples, and an active community. (vii) 76.4% of all participants test their quantum programs, and 42.6% test them automatically. (viii) A standard quantum language, perhaps high-level language, for quantum computation could accelerate the development of quantum programs. Finally, we present a set of suggestions for developers and researchers on the development of new quantum languages or enhancement of existing ones.","openalex, scopus, wos, ieee",human,0.850,human,
discarded,Using R in hydrology: a review of recent developments and future directions,Louise Slater; Guillaume Thirel; Shaun Harrigan; Olivier Delaigue; Alexander Hurley; Abdou Khouakhi; Ilaria Prosdocimi; Claudia Vitolo; Katie Smith,2019,Hydrology and earth system sciences,10.5194/hess-23-2939-2019,https://openalex.org/W2917880199,r; reproducible-research; computational-training; review; git-or-software-tooling-without-learner-understanding-findings,"Abstract. The open-source programming language R has gained a central place in the hydrological sciences over the last decade, driven by the availability of diverse hydro-meteorological data archives and the development of open-source computational tools. The growth of R's usage in hydrology is reflected in the number of newly published hydrological packages, the strengthening of online user communities, and the popularity of training courses and events. In this paper, we explore the benefits and advantages of R's usage in hydrology, such as the democratization of data science and numerical literacy, the enhancement of reproducible research and open science, the access to statistical tools, the ease of connecting R to and from other languages, and the support provided by a growing community. This paper provides an overview of a typical hydrological workflow based on reproducible principles and packages for retrieval of hydro-meteorological data, spatial analysis, hydrological modelling, statistics, and the design of static and dynamic visualizations and documents. We discuss some of the challenges that arise when using R in hydrology and useful tools to overcome them, including the use of hydrological libraries, documentation, and vignettes (long-form guides that illustrate how to use packages); the role of integrated development environments (IDEs); and the challenges of big data and parallel computing in hydrology. Lastly, this paper provides a roadmap for R's future within hydrology, with R packages as a driver of progress in the hydrological sciences, application programming interfaces (APIs) providing new avenues for data acquisition and provision, enhanced teaching of hydrology in R, and the continued growth of the community via short courses and events.","openalex, scopus, wos, ieee",human,0.800,human,
discarded,A Study of Learning Environment for Initiating Flutter App Development Using Docker,Soe Thandar Aung; Nobuo Funabiki; Lynn Htet Aung; Safira Adine Kinari; Mustika Mentari; Khaing Hsu Wai,2024,Information,10.3390/info15040191,https://openalex.org/W4393352808,programming-environment; flutter-education; docker; git-or-software-tooling-without-learner-understanding-findings,"The Flutter framework with Dart programming allows developers to effortlessly build applications for both web and mobile from a single codebase. It enables efficient conversions to native codes for mobile apps and optimized JavaScript for web browsers. Since utilizing a wide range of widgets in Flutter ensures consistent experiences on various devices for users, it becomes crucial in programming education by providing a unified environment for learning app development while reducing the need for platform-specific knowledge. However, the setup of the Flutter environment is challenging for novice students due to its multiple steps, such as installing dependencies and configuring environments. To support independent learning for these students, it is essential to simplify the setup by providing user-friendly instructions and automated tools. In this paper, we present a Docker-based environment for Flutter app developments across Windows, Linux, and Mac through Visual Studio Code, ensuring a unified learning experience. This paper aims to simplify complex configurations and address the obstacles encountered by students when initiating Flutter projects. For the evaluation, we prepared three simple Flutter projects along with the setup environment in a Docker container. Then, we asked 24 Master’s students at Okayama University, Japan, to install the environment and modify the source codes in the projects independently by following the given instructions. The results show that all the students successfully completed the assignments, which confirms the efficiency and validity of our proposal.","openalex, scopus, wos, ieee",human,0.960,human,
discarded,Adaptive Techniques for Universal Access,Constantine Stephanidis,2001,User Modeling and User-Adapted Interaction,10.1023/a:1011144232235,https://openalex.org/W3572470,accessibility; hci-theory; non-education; unrelated-term-match-other-field,"This paper discusses the contribution of adaptive techniques to Universal Access in Human-Computer Interaction. To this effect, the paper revisits the concept of Universal Access, briefly reviews relevant work on adaptive techniques, and follows their application in efforts to provide accessibility of interactive systems, from the early, product- and environment-level adaptation-based approaches, to more generic solutions oriented towards Universal Access. Finally, the paper highlights some of the research challenges ahead. The normative perspective of the paper is that adaptive techniques in the context of Universal Access have the potential to facilitate both accessibility and high quality interaction, for the broadest possible end-user population. This implies the design of systems that undertake context-sensitive processing so as to manifest their functional core in alternative interactive embodiments suitable for different users, usage patterns and contexts of use. Such a capability needs to be built into the system from the early phases of conception and design, and subsequently validated throughout its life cycle.","openalex, scopus, wos, ieee",human,0.930,human,
discarded,Computer Science Curricula 2023,Amruth N. Kumar; Rajendra K. Raj; Sherif G. Aly; Monica Anderson; Brett A. Becker; Richard Blumenthal; Eric Eaton; Susan L. Epstein; Michael Goldweber; Pankaj Jalote; D. Lea; Michael J. Oudshoorn; Marcelo Pias; Susan Reiser; Christian Servín; Rahul Simha; Titus Winters; Qiao Xiang,2024,ACM eBooks,10.1145/3664191,https://openalex.org/W4399164841,computer-science-curriculum; curriculum-guidelines; computing-education-or-software-engineering-not-version-control,,"openalex, scopus, wos, ieee",human,0.880,human,
discarded,Bridging Syntax and Problem Solving: Educators' Perspectives on Pattern-oriented Intelligent Programming Tutor,Lei P.I.S.,2025,Tale 2025 2025 IEEE International Conference on Teaching Assessment and Learning for Engineering Proceedings,10.1109/TALE66047.2025.11346747,https://www.scopus.com/inward/record.uri?partnerID=HzOxMe3b&scp=105033223647&origin=inward,intelligent-programming-tutor; programming-patterns; educator-perspectives; computing-education-or-software-engineering-not-version-control,"This paper presents the development and expert evaluation of PoIPT, a Pattern-Oriented Intelligent Programming Tutor designed to support introductory programming education. PoIPT structures learning content around programming patterns – reusable, idiomatic solutions to common small-scale coding problems – to help students move beyond surface-level knowledge of syntax toward developing robust problem-solving skills. The system integrates instructional content, interactive exercises (including code comprehension tasks, Parsons problems, and code writing), and adaptive support based on individual student performance.A qualitative study involving experienced educators from China, Portugal and Brazil highlights the pedagogical value of programming patterns as conceptual stepping stones that bridge syntax and semantics with higher-level reasoning. Participants affirmed that PoIPT supports student engagement, clarifies core programming concepts, and facilitates progress tracking and motivation through personalized recommendations and visual feedback. The system was also recognized for its adaptability to diverse instructional contexts, such as flipped classroom, supplementary exercises after lectures, and independent learning. Deployment challenges included the need for greater variety in exercises, clearer pattern definitions, and expansion to more advanced programming topics.","openalex, scopus, wos, ieee",human,0.970,human,
discarded,Understanding the Role of Stack Overflow in Supporting Software Development Tasks: A Research Perspective,Yang W.,2023,International Journal of Software Engineering and Knowledge Engineering,10.1142/S0218194023500274,https://www.scopus.com/inward/record.uri?partnerID=HzOxMe3b&scp=85165136554&origin=inward,stack-overflow; software-development-research; non-education; computing-education-or-software-engineering-not-version-control,"Stack Overflow is a Q&A website that is popular among developers and extensively used in software engineering (SE) research. A significant body of research has examined how Stack Overflow can assist with software development tasks, such as recommending APIs. However, while researchers have recognized the importance of Stack Overflow in SE research related to software development tasks, the specific ways in which it is utilized and the reasons for its widespread usage in research have not been thoroughly explored. To address these knowledge gaps, we conducted the first study to understand the role of Stack Overflow in assisting with SE research regarding software development tasks by systematically examining relevant and high-quality research works. Meanwhile, we carried out a qualitative survey to gain insight into why researchers choose to utilize Stack Overflow in SE research and to solicit suggestions for the better use of Stack Overflow in research. The study identifies trends in the research area, prominent researchers and organizations, and the types of tasks that utilize Stack Overflow in research, with coding and debugging being the most common. Moreover, it examines how Stack Overflow data is utilized in SE research regarding software development tasks, including searching, training models, and mining associations. Our qualitative survey of researchers indicates that the popularity of Stack Overflow stems from its comprehensive explanations of technical topics that are often not found in documentation or manuals. The findings provide a comprehensive understanding of the role of Stack Overflow in SE research regarding software development tasks, and offer actionable implications for both researchers and stakeholders of Stack Overflow to facilitate future research and improvements.","openalex, scopus, wos, ieee",human,0.880,human,
discarded,Stop Reinventing the Wheel! Promoting Community Software in Computing Education,Blanchard J.,2022,Annual Conference on Innovation and Technology in Computer Science Education Iticse,10.1145/3571785.3574129,https://www.scopus.com/inward/record.uri?partnerID=HzOxMe3b&scp=85145967159&origin=inward,computing-education-tools; community-software; iticse-working-group; diagnostic-test-or-misconception-study-other-domain,"Historically, computing instructors and researchers have developed a wide variety of tools to support teaching and educational research, including exam and code testing suites and data collection solutions. However, these tools often find limited adoption beyond their creators. As a result, it is common for many of the same functionalities to be re-implemented by different instructional groups within the Computing Education community. We hypothesise that this is due in part to discoverability, availability, and adaptability challenges. Further, instructors often face institutional barriers to deployment, which can include hesitance of institutions to rely on community developed solutions that often lack a centralised authority and may be community or individually maintained. To this end, our working group explored what solutions are currently available, what instructors needed, and the reasons behind the above-mentioned phenomenon. To do so, we reviewed existing literature and surveyed the community to identify the tools that have been developed by the community; the solutions that are currently available and in use by instructors; what features are needed moving forward for classroom and research use; what support for extensions is needed to support further Computing Education research; and what institutional challenges instructors and researchers are currently facing or have faced in using community software solutions. Finally, the working group identified factors that limited adoption of solutions. This work proposes ways to integrate and improve the availability, discoverability, and dissemination of existing community projects, as well as ways to manage and overcome institutional challenges.","openalex, scopus, wos, ieee",human,0.910,human,
discarded,What's wrong with git?,Santiago Perez De Rosso; Daniel Jackson,2013,"SIGPLAN symposium on New ideas, new paradigms, and reflections on programming and software",10.1145/2509578.2509584,https://openalex.org/W2074844852,git; design-critique; non-education; superseded-by-2016-article-already-cited,"It is commonly asserted that the success of a software development project, and the usability of the final product, depend on the quality of the concepts that underlie its design. Yet this hypothesis has not been systematically explored by researchers, and conceptual design has not played the central role in the research and teaching of software engineering that one might expect.","openalex, scopus, wos, ieee",human,0.880,human,
discarded,Understanding and improving the quality and reproducibility of Jupyter notebooks,João Felipe Pimentel; Leonardo Murta; Vanessa Braganholo; Juliana Freire,2021,Empirical Software Engineering,10.1007/s10664-021-09961-9,https://openalex.org/W3160344069,jupyter; reproducibility; software-engineering; non-education; git-or-software-tooling-without-learner-understanding-findings,"Jupyter Notebooks have been widely adopted by many different communities, both in science and industry. They support the creation of literate programming documents that combine code, text, and execution results with visualizations and other rich media. The self-documenting aspects and the ability to reproduce results have been touted as significant benefits of notebooks. At the same time, there has been growing criticism that the way in which notebooks are being used leads to unexpected behavior, encourages poor coding practices, and makes it hard to reproduce its results. To better understand good and bad practices used in the development of real notebooks, in prior work we studied 1.4 million notebooks from GitHub. We presented a detailed analysis of their characteristics that impact reproducibility, proposed best practices that can improve the reproducibility, and discussed open challenges that require further research and development. In this paper, we extended the analysis in four different ways to validate the hypothesis uncovered in our original study. First, we separated a group of popular notebooks to check whether notebooks that get more attention have more quality and reproducibility capabilities. Second, we sampled notebooks from the full dataset for an in-depth qualitative analysis of what constitutes the dataset and which features they have. Third, we conducted a more detailed analysis by isolating library dependencies and testing different execution orders. We report how these factors impact the reproducibility rates. Finally, we mined association rules from the notebooks. We discuss patterns we discovered, which provide additional insights into notebook reproducibility. Based on our findings and best practices we proposed, we designed Julynter, a Jupyter Lab extension that identifies potential issues in notebooks and suggests modifications that improve their reproducibility. We evaluate Julynter with a remote user experiment with the goal of assessing Julynter recommendations and usability.","openalex, scopus, wos, ieee",human,0.830,human,
discarded,Attribution of Work in Programming Teams with Git Reporter,Michael Guttmann; Aleksandar Karaka; Denis Helić,2024,Technical Symposium on Computer Science Education,10.1145/3626252.3630785,https://openalex.org/W4392542337,git-based-assessment; team-projects; computing-education; repository-metrics-grading-tool-not-understanding,"Many courses in computer science feature team projects which expose students to challenges resembling those in the software industry. For a fair assessment in team projects, measuring each student's contribution is a prerequisite. As version control systems store snapshots of a team's work, they can help make students' contributions transparent. However, available tools do not offer the required functionality to effectively analyze the distribution of work in a group. In this paper, we introduce Git Reporter, a new tool for measuring contributions in projects based on Git, the most widely used version control system. Git Reporter categorizes students' contributions based on importance and summarizes the distribution of work. Moreover, our tool provides a detailed mapping from each part of the project to its respective author. We found that using Git Reporter helps teaching assistants evaluate the quality of students' contributions. Furthermore, it significantly increases teaching assistants' confidence in their grading decision when compared with Git or a popular tool based on Git. A survey conducted among students indicates that Git Reporter may raise group awareness in student teams and help them divide the work more equally. Git Reporter is available as an open-source tool supporting assessment and team work. Furthermore, Git Reporter can support research in computing education and software repository mining by providing improved metrics compared to existing tools.","openalex, scopus, wos, ieee",human,0.990,human,
discarded,Best Practices for Scientific Computing,Greg Wilson; D. A. Aruliah; C. Titus Brown; Neil Chue Hong; M. Ryleigh Davis; Richard Guy; Steven H. D. Haddock; Kathryn Huff; Ian M. Mitchell; Mark D. Plumbley; B. M. Waugh; Ethan P. White; Paul Wilson,2014,PLoS Biology,10.1371/journal.pbio.1001745,https://openalex.org/W2131966673,scientific-computing-practices; reproducible-research; git; diagnostic-test-or-misconception-study-other-domain,"Scientists spend an increasing amount of time building and using software. However, most scientists are never taught how to do this efficiently. As a result, many are unaware of tools and practices that would allow them to write more reliable and maintainable code with less effort. We describe a set of best practices for scientific software development that have solid foundations in research and experience, and that improve scientists' productivity and the reliability of their software.","openalex, scopus, wos, ieee",human,0.810,human,
