status,title,authors,year,venue,doi,url,tags,abstract,provider,decision_source,llm_confidence,llm_review_outcome,llm_change_direction
discarded,"Android Hypovisors: Securing Mobile Devices through High-Performance, Light-Weight, Subsystem Isolation with Integrity Checking and Auditing Capabilities",Neelima Krishnan,2014,VTechWorks (Virginia Tech),,https://openalex.org/W846131348,mobile-security; thesis; non-education; unrelated-term-match-other-field,"The cellphone turned 40 years old in 2013, and its evolution has been phenomenal in these 40 years. Its name has evolved from ""cellphone"" to ""mobile phone"" and ""smartphone"" to ""mobile device.""] Its transformation has been multi-dimensional in size, functionality, application, and the like. This transformation has allowed the mobile device to be utilized for casual use, personal use, and enterprise use. Usage is further driven by the availability of an enormous number of useful applications for easy download from application (App) markets. Casual download of a seemingly useful application from an untrusted source can cause immense security risks to personal data and any official data resident in the mobile device. Intruding malicious code can also enter the enterprise networks and create serious security challenges. Thus, a mobile device architecture that supports secure multi-persona operation is strongly needed. The architecture should be able to prevent system intrusions and should be able to perform regular integrity checking and auditing. Since Android has the largest user base among mobile device operating systems (OS), the architecture presented here is implemented for Android. This thesis describes how an architecture named the ""Android Hypovisor"" has been developed and implemented successfully as part of this project work. The key contributions of the project work are: 1. Enhancement of kernel security 2. Incorporation of an embedded Linux distribution layer that supports Glibc/shared libraries so that open-source tools can be added easily 3. Integration of integrity checking and auditing tools (Intrusion Detection and Prevention System; IDPS) 4. Integration of container infrastructure to support multiple OS instances. 5. Analysis shows that the hypovisor increases memory usages by 40-50 MB. As the proposed OS is stripped down to support the embedded hypovisor, power consumption is only minimally increased. This thesis describes how the implemented architecture secures mobile devices through high-performance, light-weight, subsystem isolation with integrity checking and auditing capabilities.","openalex, scopus, wos, ieee",human,0.970,human,
discarded,An Empirical Investigation on the Challenges in Scientific Workflow Systems Development,"Khairul Alam; Roy, Banani; Roy, Chanchal K.; K. C. Mittal",2024,arXiv (Cornell University),10.48550/arxiv.2411.10890,https://openalex.org/W4404570307,scientific-workflow-systems; developer-challenges; non-education; unrelated-term-match-other-field,"Scientific Workflow Systems (SWSs) are advanced software frameworks that drive modern research by orchestrating complex computational tasks and managing extensive data pipelines. These systems offer a range of essential features, including modularity, abstraction, interoperability, workflow composition tools, resource management, error handling, and comprehensive documentation. Utilizing these frameworks accelerates the development of scientific computing, resulting in more efficient and reproducible research outcomes. However, developing a user-friendly, efficient, and adaptable SWS poses several challenges. This study explores these challenges through an in-depth analysis of interactions on Stack Overflow (SO) and GitHub, key platforms where developers and researchers discuss and resolve issues. In particular, we leverage topic modeling (BERTopic) to understand the topics SWSs developers discuss on these platforms. We identified 10 topics developers discuss on SO (e.g., Workflow Creation and Scheduling, Data Structures and Operations, Workflow Execution) and found that workflow execution is the most challenging. By analyzing GitHub issues, we identified 13 topics (e.g., Errors and Bug Fixing, Documentation, Dependencies) and discovered that data structures and operations is the most difficult. We also found common topics between SO and GitHub, such as data structures and operations, task management, and workflow scheduling. Additionally, we categorized each topic by type (How, Why, What, and Others). We observed that the How type consistently dominates across all topics, indicating a need for procedural guidance among developers. The dominance of the How type is also evident in domains like Chatbots and Mobile development. Our study will guide future research in proposing tools and techniques to help the community overcome the challenges developers face when developing SWSs.","openalex, scopus, wos, ieee",human,0.820,human,
discarded,"Four Great Religions: Four Lectures Delivered on the Twenty-First Anniversary of the Theosophical Society, at Adyar, Madras",Annie Wood Besant,2010,Bulletin of Miscellaneous Information (Royal Gardens Kew),,https://openalex.org/W1528392220,religion; non-education; unrelated-term-match-other-field,"poult'' GREAT RELIGIONS.which almost divide between them the Eastern world.Mother and daughter they are, and family feuds are proverbially bitter ; yet might the quarrel be healed, if the desire for amity reigned on both sides.Less deeply rooted, but more keen, was the antagonism to Christianity, exasperated by the ig- norant and often coarse and abusive attacks levelled by the lower class of missionaries against the vener- able faith held by nearly all my hearers.Yet they listened respectfully and after a while sympatheti- cally to the exposition of the faith so young in com- parison with their own, and finally recognized that it also was a great religion, and was not really alien from Hinduism.I can wish these lectures no better fate than that they may act as a message of peace to the hearts of their readers, as they evidently did to the hearts of their hearers. IO FOUR GREAT RELIGIONS.faith knowledge, and by unveiling the common foun- dation which supports all religions. ANNIE BESANT.Owing to pressure of time many quotations, sup- porting the positions taken, were either summarized or omitted in the spoken lectures.They have been inserted in their proper places, together with a few points that were in the original notes but were also omitted for lack of time.ADYAR, January jdt i8gy. FOUR GREAT RELIGIONS.The first of the great religions with which I am to deal is that known sometimes under the name of Hinduism, sometimes under the name of Brahman- ism, a religion which is the religion of the majority in this country and which had its cradle in the northern part of this land.Let me begin by re- minding you that this race, the Aryan race, is the fifth in the course of human evolution, and that in the case of this race, as in the case of the one that went before it, a definite plan was followed in its formation and its training.From the flower of the fourth race, that preceded it, at a time so distant that modern science would only jeer at it if given, fami- lies were chosen out by the Manu to form the forth- coming race, were separated from the earlier hu- manity, segregated, and placed apart, and, for an immense period of time, trained, guided, and edu- cated under the immediate direction of the Manu and the great Initiates who surrounded Him to help Him in His mighty task.Thus the characteristics of the new race were impressed on the flower of the old.When that early task was over, the race was planted in what we may call its cradle-land.In this way the Aryan race was formed, was trained, and had its own characteristics implanted in it; the first family of its stock, from which others were later to spring that which in modern times we speak of as Hindu, but that always in the early days was called Aryan that was settled in the North of India in the district known as Aryavarta, and there gradually evolved along definite lines laid down for it by its 1 8 FOUR GREAT RELIGIONS.will pardon me if, in passing swiftly from point to point, I leave much detail utterly unexpressed, be- cause I am speaking with the tongue, not by mind to mind, and am limited by that illusion of time under which all our intellectual processes here must be carried on.I begin with a brief exposition of the fundamental spiritual and philosophical truths on which the whole of Hinduism is based, the understanding of which perfectly means that man has reached his goal.Let us glance at the beginning of the universe, the commencement of manifestation, when Brahman, the Self of the universe, manifests Himself in order that the universe may be.It is written : "" When He is manifest, all is manifested after Him ; by His mani- festation this all becomes manifest."" 1 How He comes into manifestation we know not, but we are told that it is by an act of sacrifice : "" Om ! the dawn in truth is the head of the sacrificial horse."" 2 Occult wisdom teaches that this act of sacrifice is the Self-lim- itation of Brahman, His circumscribing of Himself by Maya, />., by Avidya.3 Without this no universe could be manifest, since limitation is necessary to variety, and each thing is enveloped in Avidya ; that is, is limited, is shut out from being all else, from 1 Mundakopanishad, II., ii., 10. 3 Brihaddranyakopanishad, I., i., i. 'This earth, the astral world, devachan.8 Brihaddranyakopanishad, IV., iv., 5-7.body of the moon, 1 as it is technically called, into the body of the sun,' and when this is completely mastered he comes back no more to enforced birth.Rising to the^T uriya state, he attains the Self, clad only in the Anandamayakosha. 3Having definitely unified his consciousness to that point, he is beyond the three worlds and their revolving wheel.He can pass into, expand into, the Nirvanic consciousness, the all-embracing, the divine.Jivatma thrown forth at first in the uttermost ignorance, enveloped in Avidya, with all its powers germinal, in latency not in activity is enwrapped in sheath after sheath of matter in order that, through the sheaths, it may come into contact with all the regions of the uni- verse, that in each it may, by these contacts, bring forth into manifestation the powers belonging to that region at first latent in itself, until at last all the powers are developed, the sheaths are purified, Avidya is transcended, and man knows that the Self of the universe and his own Self are one ; he finds his goal, he becomes Brahman ; that which he ever was potentially he becomes actively and in realization.Such, roughly sketched, are the essentials of that mighty philosophy of Hinduism by which man is taught something of the spiritual truths that underlie evolution.All this will be done by humanity life after life.But what all men will do in the course of countless ages a man may do, if he will, by greater effort, by intenser exertion, by means of 1 The astral and mental bodies.* The causal body. 3The bliss-body.'rendering of the esoteric sentences, ' the veil used to conceal the correct meaning of the Zen-d-zar texts, the sacerdotal language in use among the Initiates ' "" 8 These were the "" few chosen"" out of the many who were ""called,"" and beyond 1 Stromata, V. ix. 8 Contra Cdsum, I. vii.","openalex, scopus, wos, ieee",human,0.990,human,
discarded,Gender Influence on Student Teams' Online Communication in Software Engineering Education,Rita Garcia; Christoph Treude,2025,arXiv (Cornell University),10.48550/arxiv.2502.14653,https://openalex.org/W4407807986,software-engineering-education; team-communication; gender; computing-education-or-software-engineering-not-version-control,"Collaboration is crucial in Software Engineering (SE), yet factors like gender bias can shape team dynamics and behaviours. This study examines an eight-week project involving 39 SE students across eight teams contributing to GitHub projects. Using a mixed-methods approach, we analysed Slack communications to identify gender differences, comparing how they influence learning gains. We found higher help-seeking and leadership behaviours in the all-woman team, while men responded more slowly. Although communication did not affect final grades, we identified statistical significance correlating communications with students' understanding of software development. With some students putting more effort into collaboration, future work can investigate diversity and inclusion training to balance these efforts. The observed link between team engagement and a higher understanding of software development highlights the potential for teaching strategies that promote help-seeking. These findings could guide efforts to address challenges student SE teams face when using communication platforms and foster more equitable collaborative learning in Software Engineering Education.","openalex, scopus, wos, ieee",human,0.930,human,
kept,"Purposes, concepts, misfits, and a redesign of git",Santiago Perez De Rosso; Daniel Jackson,2016,"Conference on Object-Oriented Programming Systems, Languages, and Applications",10.1145/2983990.2984018,https://openalex.org/W2535161305,git-redesign; software-tools; non-education; git-concept-misfit-design-analysis; already-cited,"Git is a widely used version control system that is powerful but complicated. Its complexity may not be an inevitable consequence of its power but rather evidence of flaws in its design. To explore this hypothesis, we analyzed the design of Git using a theory that identifies concepts, purposes, and misfits. Some well-known difficulties with Git are described, and explained as misfits in which underlying concepts fail to meet their intended purpose. Based on this analysis, we designed a reworking of Git (called Gitless) that attempts to remedy these flaws.","openalex, scopus, wos, ieee",human,0.890,human,
discarded,Marvin: A Tool Kit for Streamlined Access and Visualization of the SDSS-IV MaNGA Data Set,Brian Cherinka; Brett H. Andrews; José Sánchez-Gallego; Joel Brownstein; María Argudo-Fernández; Michael Blanton; Kevin Bundy; Amy Jones; Karen Masters; David R. Law; Kate Rowlands; Anne-Marie Weijmans; Kyle Westfall; Renbin Yan,2019,The Astronomical Journal,10.3847/1538-3881/ab2634,https://openalex.org/W2963637094,astronomy-toolkit; non-education; unrelated-term-match-other-field,"Abstract The Mapping Nearby Galaxies at Apache Point Observatory (MaNGA) survey, one of three core programs of the fourth-generation Sloan Digital Sky Survey (SDSS-IV), is producing a massive, high-dimensional integral field spectroscopic data set. However, leveraging the MaNGA data set to address key questions about galaxy formation presents serious data-related challenges due to the combination of its spatially interconnected measurements and sheer volume. For each galaxy, the MaNGA pipelines produce relatively large data files to preserve the spatial correlations of the spectra and measurements, but this comes at the expense of storing the data set in coarse units or “chunks.” This coarse chunking and the total volume of the data make it time-consuming to download and curate locally stored data. Thus, accessing, querying, visually exploring, and performing statistical analyses across the whole data set at a fine-grained scale is extremely challenging using just FITS files. To overcome these challenges, we have developed Marvin , a toolkit consisting of a Python package, Application Programming Interface, and web application utilizing a remote database. Marvin allows users to seamlessly work with MaNGA data by abstracting both remote and local (on-disk) interactions to behind-the-scenes data-handling functions. Combining this capability with additional processing and querying tools, users can create powerful Python workflows that are easy to import and share. Marvin ’s web application uses these tools to enable “point-and-click” examination of data cubes and derived maps, as well as search queries for all publicly released MaNGA galaxies. Marvin ’s robust and sustainable design minimizes maintenance, while facilitating user-contributed extensions such as high-level analysis code.","openalex, scopus, wos, ieee",human,0.930,human,
discarded,,Brian Cherinka; Brett H. Andrews; José Sánchez-Gallego; Joel R. Brownstein; M. Argudo–Fernández; Michael R. Blanton; Kevin Bundy; Amy Jones; Karen L. Masters; David R. Law; Kate Rowlands; Anne Marie Weijmans; Kyle B. Westfall; Renbin Yan,,Portsmouth Research Portal (University of Portsmouth),,https://openalex.org/W3099459562,duplicate; astronomy-toolkit; non-education; unrelated-term-match-other-field,"Abstract The Mapping Nearby Galaxies at Apache Point Observatory (MaNGA) survey, one of three core programs of the fourth-generation Sloan Digital Sky Survey (SDSS-IV), is producing a massive, high-dimensional integral field spectroscopic data set. However, leveraging the MaNGA data set to address key questions about galaxy formation presents serious data-related challenges due to the combination of its spatially interconnected measurements and sheer volume. For each galaxy, the MaNGA pipelines produce relatively large data files to preserve the spatial correlations of the spectra and measurements, but this comes at the expense of storing the data set in coarse units or “chunks.” This coarse chunking and the total volume of the data make it time-consuming to download and curate locally stored data. Thus, accessing, querying, visually exploring, and performing statistical analyses across the whole data set at a fine-grained scale is extremely challenging using just FITS files. To overcome these challenges, we have developed Marvin , a toolkit consisting of a Python package, Application Programming Interface, and web application utilizing a remote database. Marvin allows users to seamlessly work with MaNGA data by abstracting both remote and local (on-disk) interactions to behind-the-scenes data-handling functions. Combining this capability with additional processing and querying tools, users can create powerful Python workflows that are easy to import and share. Marvin ’s web application uses these tools to enable “point-and-click” examination of data cubes and derived maps, as well as search queries for all publicly released MaNGA galaxies. Marvin ’s robust and sustainable design minimizes maintenance, while facilitating user-contributed extensions such as high-level analysis code.","openalex, scopus, wos, ieee",human,0.960,human,
kept,GitKit: Learning Free and Open Source Collaboration in Context,Grant Braught; Stoney Jackson; Cam Macdonell; Lori Postner; Wesley Shumar; Karl R. Wurst,2024,Technical Symposium on Computer Science Education,10.1145/3626252.3630864,https://openalex.org/W4392564572,git-education; open-source-education; authentic-context; git-teaching-intervention; already-cited,"Modern version control tools and workflow practices are required skills for nearly all production software development, making them essential for students and in high demand among employers. Since these tools and processes were created for distributed, asynchronous collaboration on large scale projects, teaching them in an authentic context that makes clear their utility and design presents myriad challenges for both faculty and students. The GitKit is a snapshot of the FarmData2 Humanitarian Free and Open Source (HFOSS) project's artifacts (code, issues, documentation, etc.) frozen at a particular point in time and packaged with learning activities, an instructor guide, and a choice of containerized development environments. The GitKit thus provides students with the authentic context of a real-world project in which to learn and practice key Git and GitHub skills and workflows, while mitigating many of the challenges of doing so in an educational setting. The GitKit, including its learning activities and development environments are described in sufficient detail to encourage instructor adoption and feedback. A pilot study of student experiences with the GitKit is promising, suggesting that students gained an understanding of FOSS concepts and key skills, noticed automated guidance and feedback built into the development environment, and found it helpful in their learning. Future plans for the GitKit based on these surveys and instructor experiences with pilot uses are described along with plans for the development of HFOSS Kits for teaching and learning of other software development and aligned skills in authentic contexts.","openalex, scopus, wos, ieee",human,0.990,human,
