status,title,authors,year,venue,doi,url,tags,abstract,provider,decision_source,llm_confidence,llm_review_outcome,llm_change_direction
discarded,Comprehensive Survey on Big Data Privacy Protection,Mohammed Binjubeir; Abdulghani Ali Ahmed; Mohd Arfian Ismail; Ali Safaa Sadiq; Muhammad Khurram Khan,2019,IEEE Access,10.1109/access.2019.2962368,https://openalex.org/W2997565628,privacy-review; non-education; unrelated-term-match-other-field,"In recent years, the ever-mounting problem of Internet phishing has been threatening the secure propagation of sensitive data over the web, thereby resulting in either outright decline of data distribution or inaccurate data distribution from several data providers. Therefore, user privacy has evolved into a critical issue in various data mining operations. User privacy has turned out to be a foremost criterion for allowing the transfer of confidential information. The intense surge in storing the personal data of customers (i.e., big data) has resulted in a new research area, which is referred to as privacy-preserving data mining (PPDM). A key issue of PPDM is how to manipulate data using a specific approach to enable the development of a good data mining model on modified data, thereby meeting a specified privacy need with minimum loss of information for the intended data analysis task. The current review study aims to utilize the tasks of data mining operations without risking the security of individuals' sensitive information, particularly at the record level. To this end, PPDM techniques are reviewed and classified using various approaches for data modification. Furthermore, a critical comparative analysis is performed for the advantages and drawbacks of PPDM techniques. This review study also elaborates on the existing challenges and unresolved issues in PPDM.","openalex, scopus, wos, ieee",human,0.970,human,
discarded,Framework for Accessible and Inclusive Teaching Materials for Statistics and Data Science Courses,Mine Dogucu; Alicia A. Johnson; Miles Q. Ott,2023,Journal of Statistics and Data Science Education,10.1080/26939169.2023.2165988,https://openalex.org/W4313829332,statistics-data-science-education; inclusive-teaching; course-materials; diagnostic-test-or-misconception-study-other-domain,"Despite rapid growth in the data science workforce, people of color, women, those with disabilities, and others remain underrepresented in, underserved by, and sometimes excluded from the field. This pattern prevents equal opportunities for individuals, while also creating products and policies that perpetuate inequality. Thus, it is critical that, as statistics and data science educators of the next generation, we center accessibility and inclusion throughout our curriculum, classroom environment, modes of assessment, course materials, and more. Though some common strategies apply across these areas, this article focuses on providing a framework for developing accessible and inclusive course materials (e.g., in-class activities, course manuals, lecture slides, etc.), with examples drawn from our experience co-writing a statistics textbook. In turn, this framework establishes a structure for holding ourselves accountable to these principles.","openalex, scopus, wos, ieee",human,0.820,human,
discarded,The State of the Art in Methodologies of Course Recommender Systems—A Review of Recent Research,Deepani B. Guruge; R. W. Kadel; Sharly Joana Halder,2021,Data,10.3390/data6020018,https://openalex.org/W3128139448,recommender-systems; course-selection; general-education; unrelated-term-match-other-field,"In recent years, education institutions have offered a wide range of course selections with overlaps. This presents significant challenges to students in selecting successful courses that match their current knowledge and personal goals. Although many studies have been conducted on Recommender Systems (RS), a review of methodologies used in course RS is still insufficiently explored. To fill this literature gap, this paper presents the state of the art of methodologies used in course RS along with the summary of the types of data sources used to evaluate these techniques. This review aims to recognize emerging trends in course RS techniques in recent research literature to deliver insights for researchers for further investigation. We provide a systematic review process followed by research findings on the current methodologies implemented in different course RS in selected research journals such as: collaborative, content-based, knowledge-based, Data Mining (DM), hybrid, statistical and Conversational RS (CRS). This study analyzed publications between 2016 and June 2020, in three repositories; IEEE Xplore, ACM, and Google Scholar. These papers were explored and classified based on the methodology used in recommending courses. This review has revealed that there is a growing popularity in hybrid course RS and followed by DM techniques in recent publications. However, few CRS-based course RS were present in the selected publications. Finally, we discussed future avenues based on the research outcome, which might lead to next-generation course RS.","openalex, scopus, wos, ieee",human,0.800,human,
discarded,Interventions for treating obesity in children,Hiltje Oude Luttikhuis; Louise A. Baur; Hanneke Jansen; Vanessa A. Shrewsbury; Claire O’Malley; Ronald P. Stolk; Carolyn Summerbell,2009,Cochrane Database of Systematic Reviews,10.1002/14651858.cd001872.pub2,https://openalex.org/W2119057053,medical-review; non-education; unrelated-term-match-other-field,"BACKGROUND: Child and adolescent obesity is increasingly prevalent, and can be associated with significant short- and long-term health consequences. OBJECTIVES: To assess the efficacy of lifestyle, drug and surgical interventions for treating obesity in childhood. SEARCH STRATEGY: We searched CENTRAL on The Cochrane Library Issue 2 2008, MEDLINE, EMBASE, CINAHL, PsycINFO, ISI Web of Science, DARE and NHS EED. Searches were undertaken from 1985 to May 2008. References were checked. No language restrictions were applied. SELECTION CRITERIA: We selected randomised controlled trials (RCTs) of lifestyle (i.e. dietary, physical activity and/or behavioural therapy), drug and surgical interventions for treating obesity in children (mean age under 18 years) with or without the support of family members, with a minimum of six months follow up (three months for actual drug therapy). Interventions that specifically dealt with the treatment of eating disorders or type 2 diabetes, or included participants with a secondary or syndromic cause of obesity were excluded. DATA COLLECTION AND ANALYSIS: Two reviewers independently assessed trial quality and extracted data following the Cochrane Handbook. Where necessary authors were contacted for additional information. MAIN RESULTS: We included 64 RCTs (5230 participants). Lifestyle interventions focused on physical activity and sedentary behaviour in 12 studies, diet in 6 studies, and 36 concentrated on behaviorally orientated treatment programs. Three types of drug interventions (metformin, orlistat and sibutramine) were found in 10 studies. No surgical intervention was eligible for inclusion. The studies included varied greatly in intervention design, outcome measurements and methodological quality.Meta-analyses indicated a reduction in overweight at 6 and 12 months follow up in: i) lifestyle interventions involving children; and ii) lifestyle interventions in adolescents with or without the addition of orlistat or sibutramine. A range of adverse effects was noted in drug RCTs. AUTHORS' CONCLUSIONS: While there is limited quality data to recommend one treatment program to be favoured over another, this review shows that combined behavioural lifestyle interventions compared to standard care or self-help can produce a significant and clinically meaningful reduction in overweight in children and adolescents. In obese adolescents, consideration should be given to the use of either orlistat or sibutramine, as an adjunct to lifestyle interventions, although this approach needs to be carefully weighed up against the potential for adverse effects. Furthermore, high quality research that considers psychosocial determinants for behaviour change, strategies to improve clinician-family interaction, and cost-effective programs for primary and community care is required.","openalex, scopus, wos, ieee",human,0.990,human,
discarded,Teaching Case Teaching Business Students Logistic Regression in R With the Aid of ChatGPT,Zhong Chen; Jae Bum Kim,2024,Journal of Information Systems Education,10.62273/dyli2468,https://openalex.org/W4399449082,chatgpt-in-education; r-programming; business-analytics-education; git-or-software-tooling-without-learner-understanding-findings,"Data Analytics has emerged as an essential skill for business students, and several tools are available to support their learning in this area.Due to the students' lack of programming skills and the perceived complexity of R, many business analytics courses employ no-code analytical software like IBM SPSS Modeler.Nonetheless, generative Artificial Intelligence (AI) services such as ChatGPT can bridge the gap for students lacking programming skills.This teaching case demonstrates how students can use ChatGPT to generate R code for logistic regression analysis of a telecommunication company's customer churn based on the Cross-Industry Standard Process Data Mining approach.ChatGPT enables students to implement the analysis method in R with a focus on building business solutions, freeing them from technical details.Teaching business students to use ChatGPT to implement data analysis is effective in helping them understand data, analytics models, and data interpretation.Moreover, this teaching case provides an opportunity for students to understand how to work with Artificial Intelligence in Data Analytics tasks.","openalex, scopus, wos, ieee",human,0.930,human,
discarded,Analyzing students' perceptions to improve the design of an automated assessment tool in online distributed programming,Τhanasis Daradoumis; Joan Manuel Marquès Puig; Marta Arguedas; Laura Calvet,2018,Computers & Education,10.1016/j.compedu.2018.09.021,https://openalex.org/W2893972992,automated-assessment; distributed-programming; student-perceptions; computing-education-or-software-engineering-not-version-control,"Abstract Designing an automated assessment tool in online distributed programming can provide students with a meaningful distributed learning environment that improves their academic performance. However, it is a complex and challenging endeavor that, as far as we know, has not been investigated yet. To address this research gap, this work presents a new automated assessment tool in online distributed programming, called DSLab. The tool was evaluated in a real long-term online educational experience by analyzing students' perceptions with the aim of improving its design. A quantitative analysis method was employed to collect and analyze data concerning students’ perceptions as to whether using the DSLab tool was really a worthwhile experience. Our study shows that the DSLab tool includes acceptable utility and efficiency features. It also identifies factors that influence current design efficiency with the aim of improving DSLab design by suggesting new functionalities and ideas.","openalex, scopus, wos, ieee",human,0.980,human,
discarded,Systematic Review of Recommendation Systems for Course Selection,Shrooq Algarni; Frederick T. Sheldon,2023,Machine Learning and Knowledge Extraction,10.3390/make5020033,https://openalex.org/W4379647668,systematic-review; course-selection; general-education; unrelated-term-match-other-field,"Course recommender systems play an increasingly pivotal role in the educational landscape, driving personalization and informed decision-making for students. However, these systems face significant challenges, including managing a large and dynamic decision space and addressing the cold start problem for new students. This article endeavors to provide a comprehensive review and background to fully understand recent research on course recommender systems and their impact on learning. We present a detailed summary of empirical data supporting the use of these systems in educational strategic planning. We examined case studies conducted over the previous six years (2017–2022), with a focus on 35 key studies selected from 1938 academic papers found using the CADIMA tool. This systematic literature review (SLR) assesses various recommender system methodologies used to suggest course selection tracks, aiming to determine the most effective evidence-based approach.","openalex, scopus, wos, ieee",human,0.830,human,
discarded,Impact of Social Media Integration in Teaching Methods on Exam Outcomes,Arslaan Javaeed; Zeeshan Kibria; Zohaib Khan; Sanniya Khan Ghauri,2020,Advances in Medical Education and Practice,10.2147/amep.s209123,https://openalex.org/W3000117477,medical-education; social-media; non-computing; unrelated-term-match-other-field,"OBJECTIVE: The objective of this study was to assess the impact of social media integration in teaching methods on exam outcomes. METHODS: This study was conducted at Poonch Medical College, Azad Kashmir, Pakistan from November 2018 to January 2019. All 125 students of 4th year MBBS were included in the study. The mean age of all respondents was 22.96 ± 3.25 years. One unit of special pathology was taught using traditional teaching methods and a second unit was taught using traditional teaching methods supplemented by social media. One exam was taken before the integration of social media and a second exam after its integration. Written informed consent was secured from all the participants before starting the project. RESULTS: The mean difference in examination score after social media integration was 8.97 ± 5.23 which was statistically significant (95% CI -7.954-9.988, p <0.001). However, classroom attendance was significantly higher before social media integration (95% CI 0.668-0.197, p <0.001). Social media integration provided better examination outcomes for the students and gave voice or space to those who never previously asked questions or participated in the class. CONCLUSION: Social media broke down the barriers and students communicated with confidence. Educationists may work together to create a guideline on how social media can be efficiently incorporated in the education system.","openalex, scopus, wos, ieee",human,0.880,human,
discarded,A review on effective approach to teaching computer programming to undergraduates in developing countries,Idongesit E. Eteng; Sylvia Akpotuzor; Solomon O. Akinola; Iwinosa Agbonlahor,2022,Scientific African,10.1016/j.sciaf.2022.e01240,https://openalex.org/W4281839410,systematic-review; programming-pedagogy; undergraduate-education; computing-education-or-software-engineering-not-version-control,"Universities in developing countries and maybe a few in some developed countries are faced with the challenge of adopting an effective pedagogy for teaching Computer Programming Languages to students. This is due to lack of technological infrastructure and a number of peculiar limitations within these regions. The goal of this paper is two-fold, conducting a systematic review of related literature in Programming Languages and proposing a model for teaching Programming Languages effectively given sparse resources. On the systematic review, a search for literature from 4 databases using appropriate inclusion and exclusion techniques yielded 18 relevant research articles. Based on gaps found in literature, we propose an effective teaching approach that integrates teaching basic foundational aspects of programming, teaching students how to represent computing problems using these foundational concepts and using mobile compilers to compile their codes on the event that systems are not available. A few initial empirical results showing the effect of the adoption of a mobile tool for teaching Programming to undergraduate students are presented. This research recommends the adoption of an Online Console Compiler as the mobile Integration Development Environment (IDE). It also recommends some Programming Languages that should be adopted in teaching students from first year to fourth year using the National University Commission's (NUC) guidelines, course outlines from four Universities and data from Universities in developed countries. Care should be taken in the use of mobile phones as there are safety rules in some developed countries on the minimal set of acceptable systems for programmers. Recommendations for future research are discussed.","openalex, scopus, wos, ieee",human,0.980,human,
discarded,Use of Student Management Teams (SMTs) as a Course Evaluation Tool,Neeraj Buch,2002,Journal of Engineering Education,10.1002/j.2168-9830.2002.tb00681.x,https://openalex.org/W1976583671,course-evaluation; engineering-education; general-education; unrelated-term-match-other-field,"Abstract The purpose of a management team is to provide continuous feedback to the instructor on two major issues: instructor performance and course structure and content. Successful student management team projects at the University of Wisconsin, University of Colorado and University of Minnesota have demonstrated that team members working together for the good of the class can accomplish a great deal. In the Michigan State University pilot project, the student management teams operated during a 15‐week course on construction materials. This is a 4‐credit required junior level course for all Civil Engineering majors and has both a classroom and a laboratory component. The average class size is thirty‐five students. The team met every week for about thirty to forty‐five minutes over the course of the semester. Their principal assignment was to improve the quality of the course by collecting data through classroom assessment techniques and regular group discussions with the instructor. It was clear from the formative surveys that 85% and 88% of the students were comfortable (level of understanding between 4–5) with the material “uncovered” in the Portland cement concrete (PCC) and hot mix asphalt concrete (HMAC) modules respectively. This paper discusses the concept of management teams along with other details in developing the management teams and results from the pilot study.","openalex, scopus, wos, ieee",human,0.860,human,
discarded,Hackathons as an Informal Learning Platform,Arnab Nandi; Meris Mandernach,2016,Technical Symposium on Computer Science Education,10.1145/2839509.2844590,https://openalex.org/W2283937986,informal-learning; hackathons; computing-education; diagnostic-test-or-misconception-study-other-domain,"Hackathons are fast-paced events where competitors work in teams to go from an idea to working software or hardware within a single day or a weekend and demonstrate their creation to a live audience of peers. Due to the ""fun"" and informal nature of such events, they make for excellent informal learning platforms that attract a diverse spectrum of students, especially those typically uninterested in traditional classroom settings. In this paper, we investigate the informal learning aspects of Ohio State's annual hackathon events over the past two years, with over 100 student participants in 2013 and over 200 student participants in 2014. Despite the competitive nature of such events, we observed a significant amount of peer-learning -- students teaching each other how to solve specific challenges and learn new skills. The events featured mentors from both the university and industry, who provided round-the-clock hands-on support, troubleshooting and advice. Due to the gamified format of the events, students were heavily motivated to learn new skills due to practical applicability and peer effects, rather than merely academic metrics. Some teams continued their hacks as long-term projects, while others formed new student groups to host lectures and practice building prototypes on a regular basis. Using a combined analysis of post-event surveys, student academic records and source-code commit log data from the event, we share insights, demographics, statistics and anecdotes from hosting these hackathons.","openalex, scopus, wos, ieee",human,0.960,human,
