status,title,authors,year,venue,doi,url,tags,abstract,provider,decision_source,llm_confidence,llm_review_outcome,llm_change_direction
discarded,Teacher vision: expert and novice teachers’ perception of problematic classroom management scenes,Charlotte Wolff; Halszka Jarodzka; Niek van den Bogert; Henny P. A. Boshuizen,2016,Instructional Science,10.1007/s11251-016-9367-z,https://openalex.org/W2258425634,think-aloud-usability; hci-methods; non-education; computing-education-or-software-engineering-not-version-control,"Visual expertise has been explored in numerous professions, but research on teachers’ vision remains limited. Teachers’ visual expertise is an important professional skill, particularly the ability to simultaneously perceive and interpret classroom situations for effective classroom management. This skill is complex and relies on an awareness of classroom events. Using eye tracking measurements and verbal think aloud, we investigated differences in how expert and novice teachers perceive problematic classroom scenes. Sixty-seven teachers participated, 35 experienced secondary school teachers (experts) and 32 teachers-in-training (novices). Participants viewed videos of authentic lessons and their eye movements were recorded as they verbalized thoughts about what they had seen in the lesson and how it was relevant to classroom management. Two different types of videos were viewed: lesson fragments showing (1) multiple events depicting disengaged students with no overt disruptions and (2) multiple events that included a prominent disruptive event affecting the class. Analysis of eye movements showed that novices’ viewing was more dispersed whereas experts’ was more focused. Irrespective of the video type, expert teachers focused their attention on areas where relevant information was available, while novice teachers’ attention was more scattered across the classroom. Experts’ perception appears to be more knowledge-driven whereas novices’ appears more image-driven. Experts monitored more areas than novices, while novices skipped more areas than experts. Word usage also differed, showing that expertise was associated with a higher frequency of words referencing cognition, perception, and events than novices.","openalex, scopus, wos, dblp",human,0.910,human,
discarded,Rethinking Thinking Aloud,Obead Alhadreti; Pam Mayhew,2018,PROCEEDINGS OF THE 2018 CHI CONFERENCE ON HUMAN FACTORS IN COMPUTING SYSTEMS (CHI 2018),10.1145/3173574.3173618,https://openalex.org/W2778330162,debugging; novice-programmers; think-aloud; method-paper-not-about-version-control,"This paper presents the results of a study that compared three think-aloud methods: concurrent think-aloud, retrospective think-aloud, and a hybrid method. The three methods were compared through an evaluation of a library website, which involved four points of comparison: task performance, participants' experiences, usability problems discovered, and the cost of employing the methods. The results revealed that the concurrent method outperformed both the retrospective and the hybrid methods in facilitating successful usability testing. It detected higher numbers of usability problems than the retrospective method, and produced output comparable to that of the hybrid method. The method received average to positive ratings from its users, and no reactivity was observed. Lastly, this method required much less time on the evaluator's part than did the other two methods, which involved double the testing and analysis time.","openalex, scopus, wos, dblp",human,0.990,human,
discarded,A Think-Aloud Study of Novice Debugging,Jacqueline Whalley; Amber Settle; Andrew Luxton-Reilly,2023,ACM Transactions on Computing Education,10.1145/3589004,https://openalex.org/W4361271907,music-ai; novice-co-creation; non-programming-education; method-paper-not-about-version-control,"Debugging is a core skill required by programmers, yet we know little about how to effectively teach the process of debugging. The challenges of learning debugging are compounded for novices who lack experience and are still learning the tools they need to program effectively. In this work, we report a case study in which we used a think-aloud protocol to gain insight into the behaviour of three students engaged in debugging tasks. Our qualitative analysis reveals a variety of helpful practices and barriers that limit the effectiveness of debugging. We observe that comprehension, evidence-based activities, and workflow practices all contribute to novice debugging success. Lack of sustained effort, precision, and methodical processes negatively impact debugging effectiveness. We anticipate that understanding how students engage in debugging tasks will aid future work to address ineffective behaviours and promote effective debugging activities.","openalex, scopus, wos, dblp",human,0.800,human,
discarded,Novice-AI Music Co-Creation via AI-Steering Tools for Deep Generative Models,Ryan Louie; Andy Coenen; Cheng Zhi Huang; Michael Terry; Carrie J. Cai,2020,PROCEEDINGS OF THE 2020 CHI CONFERENCE ON HUMAN FACTORS IN COMPUTING SYSTEMS (CHI'20),10.1145/3313831.3376739,https://openalex.org/W3031000691,compiler-errors; novice-programmers; automated-feedback; computing-education-or-software-engineering-not-version-control,"While generative deep neural networks (DNNs) have demonstrated their capacity for creating novel musical compositions, less attention has been paid to the challenges and potential of co-creating with these musical AIs, especially for novices. In a needfinding study with a widely used, interactive musical AI, we found that the AI can overwhelm users with the amount of musical content it generates, and frustrate them with its non-deterministic output. To better match co-creation needs, we developed AI-steering tools, consisting of Voice Lanes that restrict content generation to particular voices; Example-Based Sliders to control the similarity of generated content to an existing example; Semantic Sliders to nudge music generation in high-level directions (happy/sad, conventional/surprising); and Multiple Alternatives of generated content to audition and choose from. In a summative study (N=21), we discovered the tools not only increased users' trust, control, comprehension, and sense of collaboration with the AI, but also contributed to a greater sense of self-efficacy and ownership of the composition relative to the AI.","openalex, scopus, wos, dblp",human,0.990,human,
discarded,On Novices' Interaction with Compiler Error Messages,James Prather; Raymond Pettit; Kayla Holcomb McMurry; Alani Peters; John Homer; Nevan Simone; Maxine S. Cohen,2017,PROCEEDINGS OF THE 2017 ACM CONFERENCE ON INTERNATIONAL COMPUTING EDUCATION RESEARCH (ICER 17),10.1145/3105726.3106169,https://openalex.org/W2747427841,entrepreneurship; psychology; non-education; computing-education-or-software-engineering-not-version-control,"The difficulty in understanding compiler error messages can be a major impediment to novice student learning. To alleviate this issue, multiple researchers have run experiments enhancing compiler error messages in automated assessment tools for programming assignments. The conclusions reached by these published experiments appear to be conducting. We examine these experiments and propose five potential reasons for the inconsistent conclusions concerning enhanced compiler error messages: (1) students do not read them, (2) researchers are measuring the wrong thing, (3) the effects are hard to measure, (4) the messages are not properly designed, (5) the messages are properly designed, but students do not understand them in context due to increased cognitive load. We constructed mixed-methods experiments designed to address reasons 1 and 5 with a specific automated assessment tool, Athene, that previously reported inconclusive results. Testing student comprehension of the enhanced compiler error messages outside the context of an automated assessment tool demonstrated their effectiveness over standard compiler error messages. Quantitative results from a 60 minute one-on-one think-aloud study with 31 students did not show substantial increase in student learning outcomes over the control. However, qualitative results from the one-on-one think-aloud study indicated that most students are reading the enhanced compiler error messages and generally make effective changes after encountering them.","openalex, scopus, wos, dblp",human,0.980,human,
discarded,The Role of Mixed Emotions in the Risk Perception of Novice and Serial Entrepreneurs,Ksenia Podoynitsyna; Hans van der Bij; Michael Song,2011,Entrepreneurship Theory and Practice,10.1111/j.1540-6520.2011.00476.x,https://openalex.org/W2141288951,usability-testing; pediatric-portals; non-education; computing-education-or-software-engineering-not-version-control,"This study examines the role of mixed emotions in the risk perception of entrepreneurs, an important determinant of entrepreneurial decision making. We extend the literature on mixed emotions by applying the cognitive appraisal tendency approach and contrasting it with ambivalence stemming from the valence–based approach. We test our hypotheses on a data set of 253 entrepreneurs from the United States. We show that mixed and conflicting emotions are an important predictor of the risk perception of entrepreneurs. At the same time, we find that emotional reactions of entrepreneurs on strategic issues change substantially as they found more ventures and become habitual entrepreneurs.","openalex, scopus, wos, dblp",human,0.960,human,
discarded,Usability Testing Finds Problems for Novice Users of Pediatric Portals,Maria T. Britto; Holly Jimison; Jennifer Knopf Munafo; Jennifer Wissman; Michelle Rogers; William Hersh,2009,Journal of the American Medical Informatics Association,10.1197/jamia.m3154,https://openalex.org/W123497898,sports-psychology; think-aloud; non-education; method-paper-not-about-version-control,"OBJECTIVE: Patient portals may improve pediatric chronic disease outcomes, but few have been rigorously evaluated for usability by parents. Using scenario-based testing with think-aloud protocols, we evaluated the usability of portals for parents of children with cystic fibrosis, diabetes or arthritis. DESIGN Sixteen parents used a prototype and test data to complete 14 tasks followed by a validated satisfaction questionnaire. Three iterations of the prototype were used. MEASUREMENTS: During the usability testing, we measured the time it took participants to complete or give up on each task. Sessions were videotaped and content-analyzed for common themes. Following testing, participants completed the Computer Usability Satisfaction Questionnaire which measured their opinions on the efficiency of the system, its ease of use, and the likeability of the system interface. A 7-point Likert scale was used, with seven indicating the highest possible satisfaction. RESULTS: Mean task completion times ranged from 73 (+/- 61) seconds to locate a document to 431 (+/- 286) seconds to graph laboratory results. Tasks such as graphing, location of data, requesting access, and data interpretation were challenging. Satisfaction was greatest for interface pleasantness (5.9 +/- 0.7) and likeability (5.8 +/- 0.6) and lowest for error messages (2.3 +/- 1.2) and clarity of information (4.2 +/- 1.4). Overall mean satisfaction scores improved between iteration one and three. CONCLUSIONS: Despite parental involvement and prior heuristic testing, scenario-based testing demonstrated difficulties in navigation, medical language complexity, error recovery, and provider-based organizational schema. While such usability testing can be expensive, the current study demonstrates that it can assist in making healthcare system interfaces for laypersons more user-friendly and potentially more functional for patients and their families.","openalex, scopus, wos, dblp",human,0.960,human,
discarded,Examination of the suitability of collecting in event cognitive processes using Think Aloud protocol in golf,Amy Whitehead; Jamie Taylor; Remco Polman,2015,Frontiers in Psychology,10.3389/fpsyg.2015.01083,https://openalex.org/W1938402622,usability-methods; deaf-users; non-education; method-paper-not-about-version-control,"Two studies examined the use of Think Aloud (TA) protocol as a means for collecting data of cognitive processes during performance in golf. In Study 1, TA was employed to examine if different verbalisation (Level 2 or Level 3 TA) instructions influence performance of high and low skilled golfers. Participants performed 30 putts using TA at either Levels 2, 3, or no verbalization condition. Although Level 3 verbalization produced a higher volume of verbal data than Level 2, TA at either Level 2 or 3 did not impair putting performance compared to no verbalization. Study 2 examined the congruence between data collected via TA at Level 3 and cued retrospective recall of cognitive processes during golf performance. Experienced golfers performed six holes of golf whilst engaging in Level 3 TA. After performance, three semi-structured retrospective interviews were conducted (10 min after performance, 24 h after performance and 48 h after performance). A comparison of the themes identified large discrepancies between the information reported during TA and at interview, with only 38-41% similarity in variables reported to influence decision making on each hole. Both studies suggest TA is a valuable method for recording cognitive processes of individuals during task performance. TA provides richer verbal data regarding decisions than cued retrospective recall, and TA does not negatively impact performance.","openalex, scopus, wos, dblp",human,0.910,human,
discarded,Methods for inclusion: Employing think aloud protocols in software usability studies with individuals who are deaf,Vera Roberts; Deborah I. Fels,2005,International Journal of Human-Computer Studies,10.1016/j.ijhcs.2005.11.001,https://openalex.org/W1995872983,sports-psychology; golf; non-education; method-paper-not-about-version-control,"Usability is an important step in the software and product design cycle. There are a number of methodologies such as talk aloud protocol, and cognitive walkthrough that can be employed in usability evaluations. However, many of these methods are not designed to include users with disabilities. Legislation and good design practice should provide incentives for researchers in this field to consider more inclusive methodologies. We carried out two studies to explore the viability of collecting gestural protocols from sign language users who are deaf using the think aloud protocol (TAP) method. Results of our studies support the viability of gestural TAP as a usability evaluation method and provide additional evidence that the cognitive systems used to produce successful verbal protocols in people who are hearing, seem to work similarly in people who speak with gestures. The challenges for adapting the TAP method for gestural language relate to how the data was collected and not to the data or its analysis. (c) 2005 Elsevier Ltd. All rights reserved.","openalex, scopus, wos, dblp",human,0.970,human,
discarded,Cognitive mediation of putting: Use of a think-aloud measure and implications for studies of golf-putting in the laboratory,Güler Arsal; David W. Eccles; K. Anders Ericsson,2016,Psychology of sport and exercise,10.1016/j.psychsport.2016.07.008,https://openalex.org/W2477894844,cartography; eye-tracking; non-education; method-paper-not-about-version-control,"Objectives: Whereas accounts of skilled performance based on automaticity (Beilock & Carr, 2001; Fitts & Posner, 1967) emphasize reduced cognitive involvement in advanced skill, other accounts propose that skilled performance relies on increased cognitive control (Ericsson & Kintsch, 1995). The objective of this study was to test predictions differentiating the automaticity and cognitive control accounts by assessing thinking during golf putting.

Design: The cognitive processes of less-skilled and more-skilled golfers were examined during putting using concurrent, think-aloud verbal reports. The design included putting conditions that differed in complexity and thus the need to adapt the putt to the particular conditions.

Method: Putting complexity was manipulated via changes to putt length and perceived stress during putting. Putts were executed from two starting locations (i.e., the same starting location as the previous putt or a new starting location).

Results: The analysis showed that, during putting: more thoughts were verbalized overall by more skilled golfers than less-skilled golfers; both groups verbalized more thoughts overall during higher complexity putts (i.e., longer distance putts, and putts under higher stress when executed from a new starting location) than lower-complexity putts; and the two groups did not differ significantly in the number of thoughts related to motor mechanics.

Conclusions: The results of this study provide support for a cognitive control account of skilled performance and suggest that the path to skilled performance involves the acquisition of more refined higher level cognitive representations mediating planning and analysis. (C) 2016 Elsevier Ltd. All rights reserved.","openalex, scopus, wos, dblp",human,0.950,human,
discarded,Study of the attentive behavior of novice and expert map users using eye tracking,Kristien Ooms; Philippe De Maeyer; Veerle Fack,2013,Cartography and Geographic Information Science,10.1080/15230406.2013.860255,https://openalex.org/W2079288505,sports-psychology; cycling; non-education; method-paper-not-about-version-control,"The aim of this paper is to gain better understanding of the way map users read and interpret the visual stimuli presented to them and how this can be influenced. In particular, the difference between expert and novice map users is considered. In a user study, the participants studied four screen maps which had been manipulated to introduce deviations. The eye movements of 24 expert and novice participants were tracked, recorded, and analyzed (both visually and statistically) based on a grid of Areas of Interest. These visual analyses are essential for studying the spatial dimension of maps to identify problems in design. In this research, we used visualization of eye movement metrics (fixation count and duration) in a 2D and 3D grid and a statistical comparison of the grid cells. The results show that the users’ eye movements clearly reflect the main elements on the map. The users’ attentive behavior is influenced by deviating colors, as their attention is drawn to it. This could also influence the users’ interpretation process. Both user groups encountered difficulties when trying to interpret and store map objects that were mirrored. Insights into how different types of map users read and interpret map content are essential in this fast-evolving era of digital cartographic products.","openalex, scopus, wos, dblp",human,0.970,human,
discarded,"Investigating the relationship between cognitions, pacing strategies and performance in 16.1 km cycling time trials using a think aloud protocol",Amy Whitehead; Hollie S. Jones; Emily L. Williams; Chris Rowley; Laura Quayle; David Marchant; Remco Polman,2017,Psychology of sport and exercise,10.1016/j.psychsport.2017.10.001,https://openalex.org/W2763538212,assessment-validation; pisa; general-education; method-paper-not-about-version-control,"Objectives: Three studies involved the investigation of concurrent cognitive processes and pacing behaviour during a 16.1 km cycling time trial (TT) using a novel Think Aloud (TA) protocol. Study 1 examined trained cyclist's cognitions over time whilst performing a real-life 16.1 km time trial (TT), using TA protocol. Study 2, included both trained and untrained participants who performed a 16.1 km TT in a laboratory whilst using TA. Study 3 investigated participants' experiences of using TA during a TT performance.

Method: Study 1 involved 10 trained cyclists performing a real life 16.1 km TT. Study 2 included 10 trained and 10 untrained participants who performed a laboratory-based 16.1 km TT. In both studies, all participants were asked to TA. Time, power output, speed and heart rate were measured. Verbalisations were coded into the following themes (i) internal sensory monitoring, (ii) active self-regulation, (iii) outward monitoring (iv) distraction. Cognitions and pacing strategies were compared between groups and across the duration of the TT. In study 3 all participants were interviewed post TT to explore perceptions of using TA.

Results: Study 1 and 2 found cognitions and pacing changed throughout the TT. Active self-regulation was verbalised most frequently. Differences were found between laboratory and field verbalisations and trained and untrained participants. Study 3 provided support for the use of TA in endurance research. Recommendations were provided for future application.

Conclusion: Through the use of TA this study has been able to contribute to the pacing and cycling literature and to the understanding of endurance athletes' cognitions.","openalex, scopus, wos, dblp",human,0.880,human,
