status,title,authors,year,venue,doi,url,tags,abstract,provider,decision_source,llm_confidence,llm_review_outcome,llm_change_direction
discarded,Mixing interview and questionnaire methods: Practical problems in aligning data,Lois Ruth Harris; Gavin Brown,2020,Scholarworks (University of Massachusetts Amherst),10.7275/959j-ky83,https://openalex.org/W1604239391,mixed-methods; assessment; general-methods; unrelated-term-match-other-field,"Structured questionnaires and semi-structured interviews are often used in mixed method studies to generate confirmatory results despite differences in methods of data collection, analysis, and interpretation. A review of 19 questionnaire-interview comparison studies found that consensus and consistency statistics were generally weak between methods. Problems in aligning data from the two different methods are illustrated in a questionnaire-interview study of teacher conceptions of assessment. Poor alignment appeared attributable to: differences in data collection procedures, the complexity and instability of the construct being investigated, difficulties in making data comparable, lack of variability in participant responses, greater sensitivity to context and seemingly emotive responses within the interview, possible misinterpretation of some questionnaire prompts, and greater control of content exposure in the questionnaire. Results indicated that if ‘confirmatory’ results are being sought, researchers must create tightly aligned and structured instruments; present the construct in a simple, concrete, and highly contextualised manner; collect the two types of data with a minimal time gap; and estimate agreement between methods using consistency statistics. However, the cost of confirmation through strong alignment may lead to the loss of rich complementary data obtained through allowing each method to be analysed in its own right.Accessed 152,051 times on https://pareonline.net from January 12, 2010 to December 31, 2019. For downloads from January 1, 2020 forward, please click on the PlumX Metrics link to the right.","openalex, scopus, wos",human,0.890,human,
discarded,How Leadership Influences Student Learning,Kenneth Leithwood; Karen Seashore Louis; Stephen Anderson; Kyla Wahlstrom,2004,,10.59656/el-sb5787.001,https://openalex.org/W14114875,school-leadership; general-education; unrelated-term-match-other-field,"Leadership is second only to teaching among in-school influences on student success, according to this landmark examination of school leadership.","openalex, scopus, wos",human,0.930,human,
discarded,Promoting understanding of chemical representations: Students' use of a visualization tool in the classroom,Hsin‐Kai Wu; Joseph Krajcik; Elliot Soloway,2001,Journal of Research in Science Teaching,10.1002/tea.1033,https://openalex.org/W2015662363,chemistry-education; visualization-tool; non-computing; unrelated-term-match-other-field,"Abstract Many students have difficulty learning symbolic and molecular representations of chemistry. This study investigated how students developed an understanding of chemical representations with the aid of a computer‐based visualizing tool, eChem, that allowed them to build molecular models and view multiple representations simultaneously. Multiple sources of data were collected with the participation of 71 eleventh graders at a small public high school over a 6‐week period. The results of pre‐ and posttests showed that students' understanding of chemical representations improved substantially (p < .001, effect size = 2.68‐. The analysis of video recordings revealed that several features in eChem helped students construct models and translate representations. Students who were highly engaged in discussions while using eChem made referential linkages between visual and conceptual aspects of representations. This in turn may have deepened their understanding of chemical representations and concepts. The findings also suggest that computerized models can serve as a vehicle for students to generate mental images. Finally, students demonstrated their preferences of certain types of representations and did not use all types of three‐dimensional models interchangeably. © 2001 John Wiley & Sons, Inc. J Res Sci Teach 38: 821–842, 2001","openalex, scopus, wos",human,0.860,human,
discarded,Talking on the move: place‐based interviewing with undergraduate students,Mark Holton; Mark Riley,2014,Area,10.1111/area.12070,https://openalex.org/W1796660820,interview-methods; higher-education; non-computing; unrelated-term-match-other-field,"Recent research has begun to pay attention to the importance of place to the research encounter. This paper makes a contribution to these discussions through an investigation into the lived experiences of higher education students. Although there is a burgeoning literature on what has been termed ‘student geographies’, there has been relatively little attention focused on the methods that we might employ in exploring these geographies. Here we consider ‘walking interviews’ as an approach to helping better comprehend students' experiences and understandings of University towns and cities. Accompanying students ‘in the field’ allowed us to explore students' narratives ‘in place’ while seeing first hand how some of the multi‐sensual and multi‐layered experiences of place might be captured and interpreted. We argue that such place‐based interviews allow us to ‘get into the gaps’ of student experiences and understand how students' dynamic relationships with place shape their conceptions and narrations of their term‐time location.","openalex, scopus, wos",human,0.920,human,
discarded,Faculty’s and Students’ Perceptions of Online Learning During COVID-19,Zakaryia Almahasees; Khaled Mohsen; Mohammad Omar Amin,2021,Frontiers in Education,10.3389/feduc.2021.638470,https://openalex.org/W3160894093,online-learning; covid; general-education; unrelated-term-match-other-field,"COVID-19 pandemic has disrupted teaching in a vriety of institutions. It has tested the readiness of academic institutions to deal with such abrupt crisis. Online learning has become the main method of instruction during the pandemic in Jordan. After 4 months of online education, two online surveys were distributed to investigate faculty’s and Students’ perception of the learning process that took place over that period of time with no face to face education. In this regard, the study aimed to identify both faculty’s and students’ perceptions of online learning, utilizing two surveys one distributed to 50 faculty members and another 280 students were selected randomly to explore the effectiveness, challenges, and advantages of online education in Jordan. The analysis showed that the common online platforms in Jordan were Zoom, Microsoft Teams offering online interactive classes, and WhatsApp in communication with students outside the class. The study found that both faculty and students agreed that online education is useful during the current pandemic. At the same time, its efficacy is less effective than face-to-face learning and teaching. Faculty and students indicated that online learning challenges lie in adapting to online education, especially for deaf and hard of hearing students, lack of interaction and motivation, technical and Internet issues, data privacy, and security. They also agreed on the advantages of online learning. The benefits were mainly self-learning, low costs, convenience, and flexibility. Even though online learning works as a temporary alternative due to COVID-19, it could not substitute face-to-face learning. The study recommends that blended learning would help in providing a rigorous learning environment.","openalex, scopus, wos",human,0.820,human,
discarded,Burnout in medical students before residency: A systematic review and meta-analysis,Ariel Frajerman; Yannick Morvan; Marie‐Odile Krebs; Philip Gorwood; Boris Chaumette,2018,European Psychiatry,10.1016/j.eurpsy.2018.08.006,https://openalex.org/W2899346938,medical-students; burnout; non-computing; unrelated-term-match-other-field,"BACKGROUND: Applying the concept of burnout to medical students before residency is relatively recent. Its estimated prevalence varies significantly between studies. Our objective was to estimate the prevalence of burnout in medical students worldwide. METHODS: We systematically searched Medline for English-language articles published between January 1, 2010 and December 31, 2017. We selected all the original studies about the prevalence of burnout in medical students before residency, using validated questionnaires for burnout. Statistical analyses were conducted using the OpenMetaAnalyst software. RESULTS: Prevalence of current burnout was extracted from 24 studies encompassing 17,431 medical students. Among them, 8060 suffered from burnout and we estimated the prevalence to be 44.2% [33.4%-55.0%]. The information about the prevalence of each subset of burnout dimensions was given in nine studies including 7588 students. Current prevalence was estimated to be 40.8% for 'emotional exhaustion' [32.8%-48.9%], 35.1% [27.2%-43.0%] for 'depersonalization' and 27.4% [20.5%-34.3%] for 'personal accomplishment'. There is no significant gender difference in burnout. The prevalence of burnout is slightly different across countries with a higher prevalence in Oceania and the Middle East than in other continents. CONCLUSIONS: The results of this meta-analysis suggest that one student out of two is suffering from burnout, even before residency. Again, our findings highlight the high level of distress in the medical population. These results should encourage the development of preventive strategies.","openalex, scopus, wos",human,0.960,human,
discarded,Developing Middle School Students' AI Literacy,Irene Lee; Safinah Ali; Baiyu Zhang; Daniella DiPaola; Cynthia Breazeal,2021,"PROCEEDINGS OF THE 52ND ACM TECHNICAL SYMPOSIUM ON COMPUTER SCIENCE EDUCATION, SIGCSE 2021",10.1145/3408877.3432513,https://openalex.org/W3135354507,ai-literacy; middle-school; non-programming-specific; diagnostic-test-or-misconception-study-other-domain,"In this experience report, we describe an AI summer workshop designed to prepare middle school students to become informed citizens and critical consumers of AI technology and to develop their foundational knowledge and skills to support future endeavors as AI-empowered workers. The workshop featured the 30-hour ""Developing AI Literacy"" or DAILy curriculum that is grounded in literature on child development, ethics education, and career development. The participants in the workshop were students between the ages of 10 and 14; 87% were from underrepresented groups in STEM and Computing. In this paper we describe the online curriculum, its implementation during synchronous online workshop sessions in summer of 2020, and preliminary findings on student outcomes. We reflect on the successes and lessons we learned in terms of supporting students' engagement and conceptual learning of AI, shifting attitudes toward AI, and fostering conceptions of future selves as AI-enabled workers. We conclude with discussions of the affordances and barriers to bringing AI education to students from underrepresented groups in STEM and Computing.","openalex, scopus, wos",human,0.760,human,
discarded,"Student Attitudes, Conceptions, and Achievement in Introductory Undergraduate College Statistics",Brian Evans,2015,THE MATHEMATICS EDUCATOR,10.63301/tme.v17i2.1915,https://openalex.org/W2992529830,statistics-education; conceptions; non-computing-specific; diagnostic-test-or-misconception-study-other-domain,"The purpose of this study was to measure student attitudes toward and conceptions about statistics, both before and after an introductory undergraduate college statistics class. Relationships between those attitudes and conceptions, as well as their relationships to achievement in statistics, were also studied. Significant correlations were found between student attitudes and achievement, both at the beginning and end of the course. A low, but significant, correlation was found between positive attitudes toward statistics and accurate conceptions about statistics in the posttest but not in the pretest. Although it was found that there was no change in student attitudes and conceptions over the course of the semester, students did have more positive attitudes and correct conceptions than expected. Additionally, instructor interviews revealed that the most common technique employed to improve student attitudes and conceptions was the use of real-world applications.","openalex, scopus, wos",human,0.730,human,
discarded,Re-Imagining Science Education: Engaging Students in Science for Australia's Future,Russell Tytler,2007,ACEReSearch Repository (Australian Council for Educational Research),,https://openalex.org/W1500253481,science-education; policy; non-computing; git-or-software-tooling-without-learner-understanding-findings,"\n\t\t\t\t\tCalls for major curriculum reform, arguing that the time has passed for tinkering around the edges of a science curriculum that belongs to the past. \n\t\t\t\t","openalex, scopus, wos",human,0.940,human,
discarded,A Phenomenographic Research Study of Students’ Conceptions of Mobile Learning: An Example From Higher Education,Md. Shahadat Hossain Khan; Benadjih Oiriddine Abdou; Jaana Kettunen; Sue Gregory,2019,SAGE Open,10.1177/2158244019861457,https://openalex.org/W2954345473,mobile-learning; phenomenography; general-edtech; diagnostic-test-or-misconception-study-other-domain,This article aims to identify different ways of using mobile devices in students’ learning in higher education. This qualitative research presents the findings from a phenomenographic research of students’ conceptions of mobile learning (m-learning) in higher education. A cohort of 16 students from four universities of Bangladesh took part in semi-structured interviews to explore their in-depth understandings and experiences of m-learning. The findings indicate that university students perceived five qualitatively different ways of using mobile devices in their learning: a medium for communication; a medium for management of learning materials; a tool for effective learning; a means for collaborative learning; and a means for development of new ideas. The findings of this research demonstrate students’ pedagogical understanding of using mobile devices in higher education. The outcomes of this research could play a crucial role in informing students on how they can use their mobile devices for learning purposes and providing educators with empirical evidence on students’ pedagogical practices of using mobile devices in other developing and more developed countries in the world.,"openalex, scopus, wos",human,0.800,human,
discarded,Predicting the First Onset of Suicidal Thoughts and Behaviors in Adolescents Using Multimodal Risk Factors: A 4-Year Longitudinal Study,Nguyen J.,2026,Journal of the American Academy of Child and Adolescent Psychiatry,10.1016/j.jaac.2025.07.006,https://www.scopus.com/inward/record.uri?partnerID=HzOxMe3b&scp=105017814580&origin=inward,mental-health; adolescents; non-education; unrelated-term-match-other-field,,"openalex, scopus, wos",human,0.980,human,
discarded,Beyond manual technique: an integrated epistemological framework for the essential functions of osteopathic touch,Jacquot E.,2026,International Journal of Osteopathic Medicine,10.1016/j.ijosm.2026.100859,https://www.scopus.com/inward/record.uri?partnerID=HzOxMe3b&scp=105045892159&origin=inward,osteopathy; non-education; unrelated-term-match-other-field,"Therapeutic touch occupies a central place in osteopathic practice, yet its epistemological foundations remain insufficiently clarified. It is typically framed either as a technical intervention explicable through biomechanical or neurophysiological mechanisms, or as a vector of non-specific relational and contextual effects. While these perspectives provide valuable insights, neither fully accounts for the complexity of touch in osteopathic care. This article proposes a pluralistic epistemological framework that integrates scientific, experiential and operational dimensions of osteopathic touch. Evidence-based approaches to manual therapy have contributed to the scientific understanding of osteopathic interventions by identifying measurable mechanisms and therapeutic effects. However, there is a tendency to objectify, detaching it from the lived, perceptual and relational dynamics through which it actually unfolds in practice. Drawing on embodied and phenomenological approaches to care, this article argues that osteopathic touch emerges at the intersection of neurophysiological processes, lived experience, perceptual attunement, and situated clinical action. Rather than proposing a unified theory of touch, the framework clarifies how multiple epistemological perspectives may coexist within osteopathic practice without being reduced to a single explanatory model. This framework has concrete implications for osteopathic clinical reasoning, education, and reflexive practice: it provides practitioners and educators with a clearer conceptual foundation for navigating the biological, experiential, relational, and ecological dimensions of therapeutic touch. Implications for practice: - Moving beyond the usual reductions of osteopathic touch: neither a simple technique, nor a simple & laquo; contextual effect & raquo;, nor an ineffable experience.- This framework integrates different types of knowledge: scientific, pragmatic, and operational knowledge without reducing them to a single explanatory model. This may help reduce ontological, epistemological and pedagogical ambiguities, supporting clearer clinical reasoning, teaching and research practices.- It supports a stable professional identity grounded not in doctrinal adherence, but in the practitioner's capacity to adapt their actions to a situated bodily experience and a reflexive therapeutic relationship. - Osteopathic touch is not limited to correcting local dysfunctions or biomechanical problems. It also involves a relational and perceptual process through which patients can discover new ways of experiencing their bodies and regulating themselves. - The focus should shift towards the cultivating attentional and adaptive clinical skills, rather than merely reproducing manual techniques. Touch should be taught as a perceptual and interactive clinical skill, emphasising how practitioners perceive bodily responses, adapt their touch accordingly, and respond to patient feedback in real time.","openalex, scopus, wos",human,0.980,human,
discarded,Eco-emotions in children and adolescents: A rapid review of the qualitative literature,Wu J.,2026,Journal of Environmental Psychology,10.1016/j.jenvp.2025.102894,https://www.scopus.com/inward/record.uri?partnerID=HzOxMe3b&scp=105041188936&origin=inward,eco-emotions; psychology; non-computing; unrelated-term-match-other-field,"The global environmental crisis, driven by climate change and environmental degradation (CCED), profoundly impacts the mental and emotional well-being of children and adolescents. This is of concern as children and adolescents are likely to have disproportionate and long-term CCED-related mental health impacts due to their developmental stage, limited influence over environmental decision-making, and long-term exposure to CCED impacts. Recent research has increasingly sought to understand the psychological impacts of emotions related to the awareness of CCED, referred to as eco-emotions. However, much of this research has focused predominantly on fear and anxiety, commonly termed climate- and eco-anxiety. To address the gap in understanding the broader spectrum of eco-emotions experienced by children and adolescent, a rapid review of qualitative literature was conducted. This rapid review searched six electronic databases and synthesized findings from 48 qualitative and mixed methods studies. Across many studies, emotions such as worry, fear, anxiety, and anger were reported by participants. Sadness, grief, powerlessness, and helplessness were also found in some studies. While the eco-emotions experienced were predominantly found to be negative, eco-emotions such as hope, optimism, and happiness were also observed, particularly among those participating in CCED-focused programming (e.g., educational initiatives, community-based environmental projects, or programs explicitly addressing eco-emotions). Apathy toward CCED was noted in some cases and was often linked to perceptions about its relevance or perceived immunity to its impacts. Some studies reported on deleterious mental health and well-being impacts related to negative eco-emotions. Methods of coping with eco-emotions were also extracted and synthesized. Children and adolescents reported the use of problem-focused and emotion-focused coping strategies, such as engagement in pro-environmental behaviours and connecting with friends and family for support. In a small number of studies, meaning-focused strategies such as positive reframing of the global environmental crisis were also noted. Findings from this review highlight the need for eco-emotions research beyond climate- and eco-anxiety and underscore the importance of tailored CCED-programming to support children and adolescents experiencing negative eco-emotions.","openalex, scopus, wos",human,0.960,human,
