status,title,authors,year,venue,doi,url,tags,abstract,provider,decision_source,llm_confidence,llm_review_outcome,llm_change_direction
discarded,Measuring the image of God: The God Image Inventory and the God image scales,"Lawrence, RT",1997,JOURNAL OF PSYCHOLOGY AND THEOLOGY,,https://www.webofscience.com/wos/woscc/full-record/WOS:A1997XK08800006,psychometric-scale; non-education; unrelated-term-match-other-field,"The God Image Inventory (GII) is an 8-scale, 156-item, psychometric instrument to measure the image of God, developed for clinical and pastoral use in N = 1 cases. For research use with a large N, the God Image Scales (GIS), in a G-scale, 72-item format, or a 3-scale, 36-item format, are preferred subsets of the Gn. The Gn and GIS are designed on the basis of Ana-Maria Rizzuto's distinction between the God concept and the God image. They explore issues of belonging (Presence and Challenge scales), goodness (Acceptance and Benevolence scales) and control (Influence and Providence scales). The scales of the GIT have demonstrated internal reliability and preliminary validity work has been done. Standards have been developed on an N = 1580 sample of U.S. adults, but are applicable, at least to date, only for Christian subjects. A computerized version is expected shortly. The GIS (text in Appendix) have begun to be used by other researchers, and results to date have supported the validity of the GIS scales.","openalex, scopus, wos, dblp, ieee",human,0.980,human,
discarded,Students’ perceptions of anatomy across the undergraduate problem-based learning medical curriculum: a phenomenographical study,Esther M. Bergman; Anique B. H. de Bruin; Andreas Herrler; Inge W.H. Verheijen; Albert Scherpbier; Cees van der Vleuten,2013,BMC Medical Education,10.1186/1472-6920-13-152,https://openalex.org/W2032839836,medical-education; non-computing; phenomenography-other-domain,"BACKGROUND: To get insight in how theoretical knowledge is transformed into clinical skills, important information may arise from mapping the development of anatomical knowledge during the undergraduate medical curriculum. If we want to gain a better understanding of teaching and learning in anatomy, it may be pertinent to move beyond the question of how and consider also the what, why and when of anatomy education. METHODS: A purposive sample of 78 medical students from the 2nd, 3rd, 4th and 6th year of a PBL curriculum participated in 4 focus groups. Each group came together twice, and all meetings were recorded and transcribed verbatim. Data were analysed with template analysis using a phenomenographical approach. RESULTS: Five major topics emerged and are described covering the students' perceptions on their anatomy education and anatomical knowledge: 1) motivation to study anatomy, 2) the relevance of anatomical knowledge, 3) assessment of anatomical knowledge, 4) students' (in)security about their anatomical knowledge and 5) the use of anatomical knowledge in clinical practice. CONCLUSIONS: Results indicated that a PBL approach in itself was not enough to ensure adequate learning of anatomy, and support the hypothesis that educational principles like time-on-task and repetition, have a stronger impact on students' perceived and actual anatomical knowledge than the educational approach underpinning a curriculum. For example, students state that repetitive studying of the subject increases retention of knowledge to a greater extent than stricter assessment, and teaching in context enhances motivation and transfer. Innovations in teaching and assessment, like spiral curriculum, teaching in context, teaching for transfer and assessment for learning (rewarding understanding and higher order cognitive skills), are required to improve anatomy education.","openalex, scopus, wos, dblp",human,0.800,human,
discarded,Student conceptions of problem and project based learning in engineering education: A phenomenographic investigation,Virginie Servant-Miklos; Anette Kolmos,2022,Journal of Engineering Education,10.1002/jee.20478,https://openalex.org/W4286742166,pbl; engineering-education; non-computing-specific; diagnostic-test-or-misconception-study-other-domain,"Abstract Background Problem‐oriented project work, also known as problem and project‐based learning (PBL), is a popular educational approach in engineering education. However, the focus of the literature on the implementation of PBL has been at the course and institutional levels. Scant attention has been paid to the student experience, especially regarding student conceptions of PBL. Purpose This is a phenomenographic study of student conceptions of PBL in a Danish engineering program that uses a systemic PBL model. Design/method This study follows a phenomenographic qualitative design. Sixteen participants from four different engineering disciplines were asked to share their views and experiences with PBL. The interview transcripts were analyzed to identify emerging variations in the student conceptions of PBL. Results The outcome space suggests three levels of students' conceptions of PBL: individual, group and society levels. Within the categories of description, sublevel variations appear: PBL as an unsupportive process and environment, PBL as a supportive process and environment, and PBL as a structured education method. These conceptions were organized hierarchically from a narrow individual to a broader society level. Conclusions Student conceptions of PBL as a structured education method echo the literature on the intended learning outcomes of PBL. However, our study shows that conceptions of PBL as personal and social processes fall outside of the scope of current scholarly discussions on PBL. Issues of societal relevance, while prominent in the literature on PBL, do not feature in students' thinking about PBL at this stage. Introducing broader reflection practices informed by exemplarity could address some of these discrepancies.","openalex, scopus, wos, dblp",human,0.680,human,
discarded,Views on sick-listing practice among Swedish General Practitioners – a phenomenographic study,Malin Swartling; Stefan Peterson; Rolf Wahlström,2007,BMC Family Practice,10.1186/1471-2296-8-44,https://openalex.org/W1988456758,phenomenography; medical-practice; non-education-focus; phenomenography-other-domain,"BACKGROUND: The number of people on sick-leave started to increase in Sweden and several other European countries towards the end of the 20th century. Physicians play an important role in the sickness insurance system by acting as gate-keepers. Our aim was to explore how General Practitioners (GPs) view their sick-listing commission and sick-listing practice. METHODS: Semi-structured interviews with 19 GPs in 17 Primary Health Care settings in four mid-Sweden counties. Interview transcripts were analysed with phenomenographic approach aiming to uncover the variation in existing views regarding the respondents' sick-listing commission and practice. RESULTS: We found large qualitative differences in the GPs' views on sick-listing. The sick-listing commission was experienced to come either from society or from patients, with no responsibility for societal interests, or as an integration of these two views. All the GPs were aware of a possible conflict between the interests of society and patients. While some expressed feelings of strong conflict, others seemed to have solved the conflict, at least partly, between these two loyalties. Some GPs experienced carrying the full responsibility to decide whether a patient would get monetary sick-leave benefits or not and they were not comfortable with this situation. Views on the physician's and the patient's responsibility in sick-listing and rehabilitation varied from a passive to an empowering role of the physician. GPs expressing a combination of less inclusive views of the different aspects of sick-listing experienced strong conflict and appeared to feel distressed in their sick-listing role. Some GPs described how they had changed from less to more inclusive views. CONCLUSION: The clearer understanding of the different views on sick-listing generated in this study can be used in educational efforts to improve physicians' sick-listing practices, benefiting GPs' work situation as well as their patients' well-being. The GP's role as a gatekeeper in the social security system needs further exploration. Our findings could be used to develop a questionnaire to measure the distribution of different views in a wider population of GPs.","openalex, scopus, wos, dblp",human,0.950,human,
discarded,Factors affecting paramedicine students’ learning about evidence‐based practice: a phenomenographic study,A. N. Wilson; Susan M. Howitt; Adele F. Holloway; A. Mark Williams; Denise Higgins,2021,BMC Medical Education,10.1186/s12909-021-02490-5,https://openalex.org/W3121054710,medical-education; phenomenography; non-computing; phenomenography-other-domain,"BACKGROUND: Evidence-based practice is an important component of pre-service professional learning in medicine and allied health degrees, including new programmes in paramedicine. Despite substantial interest in this area, there is still a lack of clear understanding of how the skills and understandings needed to develop the capacity to apply evidence-based practice can best be learned. Evidence-based practice is often described as consisting of five steps: ask, acquire, appraise, apply and assess. This study focuses on paramedicine students' learning about the first three steps in a final year unit which explicitly aims to develop their skills in relation to these. METHODS: We conducted a qualitative study of learning journals recorded by 101 of 121 students in a final year unit of a paramedicine degree (20 students either withheld consent for their journals to be used in the research or did not complete their journal entries). We used phenomenographic approaches to the data analysis in order to identify both variation in students' learning and the factors affecting this variation. RESULTS: We observed variation in students' understanding of the purpose of literature analysis, the nature of medical research and its relationship to practice. In all three, we identify two main factors contributing to the variation in student learning outcomes: epistemological stance, and opportunities for metacognitive learning generated through peer interactions and self-reflection. We also found that as students begin to grapple with the complexity of medical research, this sometimes produced negative attitudes towards its value; such unintended outcomes need to be recognised and addressed. CONCLUSIONS: We suggest key factors that should be considered in developing coursework intended to enhance students' understandings about the processes and application of evidence-based practice. Providing collaborative learning opportunities that address the architecture of variation we observed may be useful in overcoming epistemological and metacognitive barriers experienced by students.","openalex, scopus, wos, dblp",human,0.840,human,
discarded,Facilitating student engagement through the flipped learning approach in K-12: A systematic review,Melissa Bond,2020,Computers & Education,10.1016/j.compedu.2020.103819,https://openalex.org/W3006292559,systematic-review; k12; general-edtech; unrelated-term-match-other-field,"The flipped learning approach has been growing in popularity in both higher education and K-12, especially for its potential to increase active learning and student engagement. However, further research is needed to understand exactly how the flipped approach enhances student engagement. This narrative systematic review synthesises literature published between 2012 and 2018, focused on the flipped learning approach in K-12 contexts, and indexed in 7 international databases. 107 articles, book chapters, dissertations, conference papers and grey literature were included for review, and the results are discussed against a bioecological model of student engagement. The results indicate that the majority of research has been undertaken in North American and Asian high schools, heavily focused on student perceptions of flipped learning and achievement within STEM subjects, especially Mathematics, with a slight preference for quantitative methods. Studies in this review found the approach to overwhelmingly support student engagement, with 93% of studies citing at least one dimension of behavioural, affective or cognitive engagement, whereas 50% of studies reported facets of disengagement. Collaborative technologies such as Google Docs, Google Classroom and Edmodo were particularly linked to engagement, with videos not created by teachers more likely to lead to disengagement. Only 12% included a definition of student engagement, and less than half used a theoretical framework. Future empirical research should ensure that all contextual information is included, including year level of student participants, that multiple methods of both quantitative and qualitative data collection are included, and close attention is paid to grounding research in theory. Further research is needed on parent, teacher and school leader perceptions, as well as longitudinal and multiple-class studies.","openalex, scopus, wos, dblp",human,0.770,human,
discarded,A Learning Patterns Perspective on Student Learning in Higher Education: State of the Art and Moving Forward,Jan D. Vermunt; Vincent Donche,2017,Educational Psychology Review,10.1007/s10648-017-9414-6,https://openalex.org/W2610740022,higher-education; learning-patterns; general-education; unrelated-term-match-other-field,"The aim of this article is to review the state of the art of research and theory development on student learning patterns in higher education and beyond. First, the learning patterns perspective and the theoretical framework are introduced. Second, research published since 2004 on student learning patterns is systematically identified and reviewed. This part includes two main sections. In the first section, new evidence on internal and external relationships of learning patterns is reviewed. Four themes are covered here: the dimensionality and the internal relationships of learning patterns and relationships of learning patterns with personal, contextual, and outcome variables. In the second section, new directions in learning patterns research are examined. These include studies on learning patterns in new international contexts and populations, longitudinal development of learning patterns over time, methodological advances in learning patterns research, and studies on fostering the quality of students’ learning patterns. Next, relationships with adjacent theories on student learning are discussed, the learning patterns perspective is critically examined, and pathways are derived to move the model forward. Finally, future conceptual and methodological directions for learning patterns research are derived.","openalex, scopus, wos, dblp",human,0.860,human,
discarded,"Knowledge, curriculum and student understanding in higher education",Paul Ashwin,2014,Higher Education,10.1007/s10734-014-9715-3,https://openalex.org/W2026034861,higher-education-theory; general-education; unrelated-term-match-other-field,,"openalex, scopus, wos, dblp",human,0.900,human,
discarded,"The importance of context: an exploration of factors influencing the adoption of student-centered teaching among chemistry, biology, and physics faculty",Travis J. Lund; Marilyne Stains,2015,International Journal of STEM Education,10.1186/s40594-015-0026-8,https://openalex.org/W1686384139,stem-faculty; student-centered-teaching; general-stem-education; diagnostic-test-or-misconception-study-other-domain,"Research at the secondary and postsecondary levels has clearly demonstrated the critical role that individual and contextual characteristics play in instructors’ decision to adopt educational innovations. Although recent research has shed light on factors influencing the teaching practices of science, technology, engineering, and mathematics (STEM) faculty, it is still not well understood how unique departmental environments impact faculty adoption of evidence-based instructional practices (EBIPs) within the context of a single institution. In this study, we sought to characterize the communication channels utilized by STEM faculty, as well as the contextual and individual factors that influence the teaching practices of STEM faculty at the departmental level. Accordingly, we collected survey and observational data from the chemistry, biology, and physics faculty at a single large research-intensive university in the USA. We then compared the influencing factors experienced by faculty in these different departments to their instructional practices. Analyses of the survey data reveal disciplinary differences in the factors influencing adoption of EBIPs. In particular, the physics faculty ( n = 15) had primarily student-centered views about teaching and experienced the most positive contextual factors toward adoption of EBIPs. At the other end of the spectrum, the chemistry faculty ( n = 20) had primarily teacher-centered views and experienced contextual factors that hindered the adoption of student-centered practices. Biology faculty ( n = 25) fell between these two groups. Classroom observational data reflected these differences: The physics classrooms were significantly more student-centered than the chemistry classrooms. This study demonstrates that disciplinary differences exist in the contextual factors teaching conceptions that STEM faculty experience and hold, even among faculty within the same institution. Moreover, it shows that these differences are associated to the level of adoption of student-centered teaching practices. This work has thus identified the critical need to carefully characterize STEM faculty’s departmental environment and conceptions about teaching before engaging in instructional reform efforts, and to adapt reform activities to account for these factors. The results of this study also caution the overgeneralization of findings from a study focused on one type of STEM faculty in one environment to all STEM faculty in any environment.","openalex, scopus, wos, dblp",human,0.740,human,
discarded,Science teachers’ experiences of inquiry-based learning through a serious game: a phenomenographic perspective,Petros Lameras; Sylvester Arnab; Sara de Freitas; Panagiotis Petridis; Ian Dunwell,2021,Smart Learning Environments,10.1186/s40561-021-00152-z,https://openalex.org/W3164169438,serious-games; science-education; non-computing; phenomenography-other-domain,"Abstract This study employed a phenomenographic approach to investigate science teachers’ conceptions of inquiry-based learning through a serious game. Simaula is a prototype game designed and used as a virtual practicum for eliciting understandings on how in-game inquiry was appeared to, or experienced by, the participating teachers. Group interviews with 20 secondary education science teachers revealed four qualitatively different ways of experiencing inquiry-based learning through Simaula: (a) as uncovering insights about student’s learning needs, interests and emotions; (b) as generating ideas and concepts for meaningful inquiry; (c) as a set of operations for designing and carrying out scientific research; and (d) as authentic inquiry for enabling knowledge building processes. Seven dimensions of variation have been identified viewed as contextual influences on conceptions of in-game inquiry constituting discernment of: epistemic inquiry-based learning modes; role of teacher; role of student; game-play focus; core mechanics focus; feedback and progress mechanics and game uncertainty. The results illuminated a partial in-game inquiry approach with distinct epistemic modes from developing empathy and meaning making to knowledge construction and knowledge building. The findings also indicated that game design elements played central role in shaping conceptions of in-game inquiry from focusing on rules and logic as means to completing the game’s level to understanding the complexity of core mechanics for developing and transferring in-game inquiry to the real classroom. This insinuates that distinct game design properties may be considered in terms of extending intrinsic in-game inquiry experiences to actual in-class inquiry practice.","openalex, scopus, wos, dblp",human,0.830,human,
