status,title,authors,year,venue,doi,url,tags,abstract,provider,decision_source,llm_confidence,llm_review_outcome,llm_change_direction
discarded,Good enough practices in scientific computing.,Greg Wilson; Jennifer Bryan; Karen Cranston; Justin Kitzes; Alexander J. Nederbragt; Tracy Teal,2017,PubMed,10.1371/journal.pcbi.1005510,https://openalex.org/W2963508088,scientific-computing-practices; reproducible-research; workflow-skills; computing-education-or-software-engineering-not-version-control,"Computers are now essential in all branches of science, but most researchers are never taught the equivalent of basic lab skills for research computing. As a result, data can get lost, analyses can take much longer than necessary, and researchers are limited in how effectively they can work with software and data. Computing workflows need to follow the same practices as lab projects and notebooks, with organized data, documented steps, and the project structured for reproducibility, but researchers new to computing often don't know where to start. This paper presents a set of good computing practices that every researcher can adopt, regardless of their current level of computational skill. These practices, which encompass data management, programming, collaborating with colleagues, organizing projects, tracking work, and writing manuscripts, are drawn from a wide variety of published sources from our daily lives and from our work with volunteer organizations that have delivered workshops to over 11,000 people since 2010.","openalex, scopus, wos, ieee",human,0.820,human,
discarded,"Got: Git, but for Objects",Rohan Achar; Cristina Videira Lopes,2019,arXiv (Cornell University),10.48550/arxiv.1904.06584,https://openalex.org/W2939419531,version-control-model; distributed-systems; non-education; git-or-software-tooling-without-learner-understanding-findings,"We look at one important category of distributed applications characterized by the existence of multiple collaborating, and competing, components sharing mutable, long-lived, replicated objects. The problem addressed by our work is that of object state synchronization among the components. As an organizing principle for replicated objects, we formally specify the Global Object Tracker (GoT) model, an object-oriented programming model based on causal consistency with application-level conflict resolution strategies, whose elements and interfaces mirror those found in decentralized version control systems: a version graph, working data, diffs, commit, checkout, fetch, push, and merge. We have implemented GoT in a framework called Spacetime, written in Python. In its purest form, GoT is impractical for real systems, because of the unbounded growth of the version graph and because passing diff'ed histories over the network makes remote communication too slow. We present our solution to these problems that adds some constraints to GoT applications, but that makes the model feasible in practice. We present a performance analysis of Spacetime for representative workloads, which shows that the additional constraints added to GoT make it not just feasible, but viable for real applications.","openalex, scopus, wos, ieee",human,0.890,human,
discarded,Understanding and Measuring Incremental Development in CS1,Anshul Shah; Michael Granado; Mrinal Sharma; John Driscoll; Leo Porter; William G. Griswold; Adalbert Gerald Soosai Raj,2023,Technical Symposium on Computer Science Education,10.1145/3545945.3569880,https://openalex.org/W4323036626,cs1; programming-process; incremental-development; diagnostic-test-or-misconception-study-other-domain,"Incremental development is the process of writing a small snippet of code and testing it before moving on. For students in introductory programming courses, the value of incremental development is especially higher as they may suffer from more syntax errors, lack the proficiency to address complicated bugs, and may be more prone to frustration when struggling to correct code. However, to evaluate the effectiveness of interventions that aim to teach programming processes such as incremental development, we need to develop measures to assess such processes. In this paper, we present a way to measure incremental development. By qualitatively analyzing 15 student coding interviews, we identified common behaviors in the programming process that relate to incremental development. We then leveraged a dataset of over 1000 development sessions -- about 52,000 code snapshots at compilation time -- to automatically detect the common behaviors identified in our qualitative analysis. Finally, we crafted a formal metric, called the ""Measure of Incremental Development'' (MID), to quantify how effectively a student used incremental development during a programming session. The MID detects common non-incremental development patterns such as excessive debugging after large additions of code to automatically assess a sequence of snapshots. The MID aligns with human evaluations of incrementality with over 80% accuracy. Our metric enables new research directions and interventions focused on improving students' development practices.","openalex, scopus, wos, ieee",human,0.980,human,
discarded,Understanding Version Control as Material Interaction with Quickpose,Eric Rawn; Jingyi Li; Eric Paulos; Sarah Chasins,2023,International Conference on Human Factors in Computing Systems,10.1145/3544548.3581394,https://openalex.org/W4366547947,version-control; creative-coding; non-education; git-or-software-tooling-without-learner-understanding-findings,"Whether a programmer with code or a potter with clay, practitioners engage in an ongoing process of working and reasoning with materials. Existing discussions in HCI have provided rich accounts of these practices and processes, which we synthesize into three themes: (1) reciprocal discovery of goals and materials, (2) local knowledge of materials, and (3) annotation for holistic interpretation. We then apply these design principles generatively to the domain of version control to present Quickpose: a version control system for creative coding. In an in-situ, longitudinal study of Quickpose guided by our themes, we collected usage data, version history, and interviews. Our study explored our participants’ material interaction behaviors and the initial promise of our proposed measures for recognizing these behaviors. Quickpose is an exploration of version control as material interaction, using existing discussions to inform domain-specific concepts, measures, and designs for version control systems.","openalex, scopus, wos, ieee",human,0.780,human,
discarded,Anserini,Peilin Yang; Hui Fang; Jimmy Lin,2018,Journal of Data and Information Quality,10.1145/3239571,https://openalex.org/W2899154813,information-retrieval; reproducibility; non-education; unrelated-term-match-other-field,"This work tackles the perennial problem of reproducible baselines in information retrieval research, focusing on bag-of-words ranking models. Although academic information retrieval researchers have a long history of building and sharing systems, they are primarily designed to facilitate the publication of research papers. As such, these systems are often incomplete, inflexible, poorly documented, difficult to use, and slow, particularly in the context of modern web-scale collections. Furthermore, the growing complexity of modern software ecosystems and the resource constraints most academic research groups operate under make maintaining open-source systems a constant struggle. However, except for a small number of companies (mostly commercial web search engines) that deploy custom infrastructure, Lucene has become the de facto platform in industry for building search applications. Lucene has an active developer base, a large audience of users, and diverse capabilities to work with heterogeneous collections at scale. However, it lacks systematic support for ad hoc experimentation using standard test collections. We describe Anserini, an information retrieval toolkit built on Lucene that fills this gap. Our goal is to simplify ad hoc experimentation and allow researchers to easily reproduce results with modern bag-of-words ranking models on diverse test collections. With Anserini, we demonstrate that Lucene provides a suitable framework for supporting information retrieval research. Experiments show that our system efficiently indexes large web collections, provides modern ranking models that are on par with research implementations in terms of effectiveness, and supports low-latency query evaluation to facilitate rapid experimentation","openalex, scopus, wos, ieee",human,0.920,human,
discarded,Slicing Fine-Grained Code Change History,Katsuhisa Maruyama; Takayuki Omori; Shinpei Hayashi,2016,IEICE Transactions on Information and Systems,10.1587/transinf.2015edp7282,https://openalex.org/W2322751363,code-change-history; software-engineering; non-education; computing-education-or-software-engineering-not-version-control,"Change-aware development environments can automatically record fine-grained code changes on a program and allow programmers to replay the recorded changes in chronological order. However, since they do not always need to replay all the code changes to investigate how a particular entity of the program has been changed, they often eliminate several code changes of no interest by manually skipping them in replaying. This skipping action is an obstacle that makes many programmers hesitate when they use existing replaying tools. This paper proposes a slicing mechanism that automatically removes manually skipped code changes from the whole history of past code changes and extracts only those necessary to build a particular class member of a Java program. In this mechanism, fine-grained code changes are represented by edit operations recorded on the source code of a program and dependencies among edit operations are formalized. The paper also presents a running tool that slices the operation history and replays its resulting slices. With this tool, programmers can avoid replaying nonessential edit operations for the construction of class members that they want to understand. Experimental results show that the tool offered improvements over conventional replaying tools with respect to the reduction of the number of edit operations needed to be examined and over history filtering tools with respect to the accuracy of edit operations to be replayed.","openalex, scopus, wos, ieee",human,0.910,human,
discarded,Software Heritage: Why and How to Preserve Software Source Code,Roberto Di Cosmo; Stefano Zacchiroli,2017,Phaidra (Universität Wien),,https://openalex.org/W2759020546,software-preservation; non-education; git-or-software-tooling-without-learner-understanding-findings,International audience,"openalex, scopus, wos, ieee",human,0.910,human,
discarded,Measuring Large-Scale Social Networks with High Resolution,Arkadiusz Stopczynski; Vedran Sekara; Piotr Sapieżyński; Andrea Cuttone; Mette My Madsen; Jakob Eg Larsen; Sune Lehmann,2014,PLoS ONE,10.1371/journal.pone.0095978,https://openalex.org/W1987835826,social-networks-study; non-education; unrelated-term-match-other-field,"This paper describes the deployment of a large-scale study designed to measure human interactions across a variety of communication channels, with high temporal resolution and spanning multiple years-the Copenhagen Networks Study. Specifically, we collect data on face-to-face interactions, telecommunication, social networks, location, and background information (personality, demographics, health, politics) for a densely connected population of 1000 individuals, using state-of-the-art smartphones as social sensors. Here we provide an overview of the related work and describe the motivation and research agenda driving the study. Additionally, the paper details the data-types measured, and the technical infrastructure in terms of both backend and phone software, as well as an outline of the deployment procedures. We document the participant privacy procedures and their underlying principles. The paper is concluded with early results from data analysis, illustrating the importance of multi-channel high-resolution approach to data collection.","openalex, scopus, wos, ieee",human,0.990,human,
discarded,Ecosystem-level determinants of sustained activity in open-source projects: a case study of the PyPI ecosystem,Marat Valiev; Bogdan Vasilescu; James D. Herbsleb,2018,ESEC/SIGSOFT FSE,10.1145/3236024.3236062,https://openalex.org/W2899036005,open-source-ecosystems; non-education; git-or-software-tooling-without-learner-understanding-findings,"Open-source projects do not exist in a vacuum. They benefit from reusing other projects and themselves are being reused by others, creating complex networks of interdependencies, i.e., software ecosystems. Therefore, the sustainability of projects comprising ecosystems may no longer by determined solely by factors internal to the project, but rather by the ecosystem context as well.","openalex, scopus, wos, ieee",human,0.880,human,
discarded,Estimating the potential of program repair search spaces with commit analysis,Khashayar Etemadi; Niloofar Tarighat; Siddharth Yadav; Matías Martínez; Martin Monperrus,2022,Journal of Systems and Software,10.1016/j.jss.2022.111263,https://openalex.org/W4210993967,program-repair; software-engineering; non-education; git-or-software-tooling-without-learner-understanding-findings,"The most natural method for evaluating program repair systems is to run them on bug datasets, such as Defects4J. Yet, using this evaluation technique on arbitrary real-world programs requires heavy configuration. In this paper, we propose a purely static method to evaluate the potential of the search space of repair approaches. This new method enables researchers and practitioners to encode the search spaces of repair approaches and select potentially useful ones without struggling with tool configuration and execution. We encode the search spaces by specifying the repair strategies they employ. Next, we use the specifications to check whether past commits lie in repair search spaces. For a repair approach, including many human-written past commits in its search space indicates its potential to generate useful patches. We implement our evaluation method in LighteR. LighteR gets a Git repository and outputs a list of commits whose source code changes lie in repair search spaces. We run LighteR on 55,309 commits from the history of 72 Github repositories with and show that LighteR’s precision and recall are 77% and 92%, respectively. Overall, our experiments show that our novel method is both lightweight and effective to study the search space of program repair approaches.","openalex, scopus, wos, ieee",human,0.900,human,
discarded,DevEventTracker,Ayaan M. Kazerouni; Stephen H. Edwards; Tracy Hall; Clifford A. Shaffer,2017,Annual Conference on Innovation and Technology in Computer Science Education,10.1145/3059009.3059050,https://openalex.org/W2732853452,programming-process; developer-behavior; computing-education; ide-data; diagnostic-test-or-misconception-study-other-domain,"Good project management practices are hard to teach, and hard for novices to learn. Procrastination and bad project management practice occur frequently, and may interfere with successfully completing major programming projects in mid-level programming courses. Students often see these as abstract concepts that do not need to be actively applied in practice. Changing student behavior requires changing how this material is taught, and more importantly, changing how learning and practice are assessed. To provide proper assessment, we need to collect detailed data about how each student conducts their project development as they work on solutions. We present DevEventTracker, a system that continuously collects data from the Eclipse IDE as students program, giving us in-depth insight into students' programming habits. We report on data collected using DevEventTracker over the course of four programming projects involving 370 students in five sections of a Data Structures and Algorithms course over two semesters. These data support a new measure for how well students apply ""incremental development"" practices. We present a detailed description of the system, our methodology, and an initial evaluation of our ability to accurately assess incremental development on the part of the students. The goal is to help students improve their programming habits, with an emphasis on incremental development and time management.","openalex, scopus, wos, ieee",human,0.950,human,
discarded,Variolite,Mary Beth Kery; Amber Horvath; Brad A. Myers,2017,International Conference on Human Factors in Computing Systems,10.1145/3025453.3025626,https://openalex.org/W2610517421,versioning; data-science-workflows; non-education; computing-education-or-software-engineering-not-version-control,"How do people ideate through code? Using semi-structured interviews and a survey, we studied data scientists who program, often with small scripts, to experiment with data. These studies show that data scientists frequently code new analysis ideas by building off of their code from a previous idea. They often rely on informal versioning interactions like copying code, keeping unused code, and commenting out code to repurpose older analysis code while attempting to keep those older analyses intact. Unlike conventional version control, these informal practices allow for fast versioning of any size code snippet, and quick comparisons by interchanging which versions are run. However, data scientists must maintain a strong mental map of their code in order to distinguish versions, leading to errors and confusion. We explore the needs for improving version control tools for exploratory tasks, and demonstrate a tool for lightweight local versioning, called Variolite, which programmers found usable and desirable in a preliminary usability study.","openalex, scopus, wos, ieee",human,0.840,human,
discarded,A Systematic Literature Review of Inter-Commit Fine-Grained Source Code Changes: Assessing Readiness for Large-Scale Data Collection,Rzanny P.,2025,ACM Computing Surveys,10.1145/3767321,https://www.scopus.com/inward/record.uri?partnerID=HzOxMe3b&scp=105023829701&origin=inward,systematic-review; fine-grained-code-changes; non-education; git-or-software-tooling-without-learner-understanding-findings,"Fine-grained code change (FGCC) recording tools provide detailed insights into code evolution beyond what traditional version control systems offer, supporting the extensive data collection required for training modern machine learning models. This systematic review analyzed 92 primary studies and found that most FGCC tools were designed to support research on code evolution, developer collaboration, or education and are typically implemented as IDE plugins or client-server applications. Key challenges identified include limited interoperability, sustainability issues due to tight coupling with specific technologies, and privacy concerns. The review recommends developing standardized communication protocols and data schemas to improve FGCC tool integration and facilitate large-scale data collection for AI applications.","openalex, scopus, wos, ieee",human,0.860,human,
