status,title,authors,year,venue,doi,url,tags,abstract,provider,decision_source,llm_confidence,llm_review_outcome,llm_change_direction
discarded,Is Motorized Treadmill Running Biomechanically Comparable to Overground Running? A Systematic Review and Meta-Analysis of Cross-Over Studies,Bas Van Hooren; Joel T. Fuller; Jonathan D. Buckley; Jayme R. Miller; Kerry Sewell; Guillaume Rao; Christian J. Barton; Chris Bishop; Richard W. Willy,2019,Sports Medicine,10.1007/s40279-019-01237-z,https://openalex.org/W2993271680,sports-medicine; meta-analysis; non-education; unrelated-term-match-other-field,"BACKGROUND: Treadmills are often used in research, clinical practice, and training. Biomechanical investigations comparing treadmill and overground running report inconsistent findings. OBJECTIVE: This study aimed at comparing biomechanical outcomes between motorized treadmill and overground running. METHODS: Four databases were searched until June 2019. Crossover design studies comparing lower limb biomechanics during non-inclined, non-cushioned, quasi-constant-velocity motorized treadmill running with overground running in healthy humans (18-65 years) and written in English were included. Meta-analyses and meta-regressions were performed where possible. RESULTS: 33 studies (n = 494 participants) were included. Most outcomes did not differ between running conditions. However, during treadmill running, sagittal foot-ground angle at footstrike (mean difference (MD) - 9.8° [95% confidence interval: - 13.1 to - 6.6]; low GRADE evidence), knee flexion range of motion from footstrike to peak during stance (MD 6.3° [4.5 to 8.2]; low), vertical displacement center of mass/pelvis (MD - 1.5 cm [- 2.7 to - 0.8]; low), and peak propulsive force (MD - 0.04 body weights [- 0.06 to - 0.02]; very low) were lower, while contact time (MD 5.0 ms [0.5 to 9.5]; low), knee flexion at footstrike (MD - 2.3° [- 3.6 to - 1.1]; low), and ankle sagittal plane internal joint moment (MD - 0.4 Nm/kg [- 0.7 to - 0.2]; low) were longer/higher, when pooled across overground surfaces. Conflicting findings were reported for amplitude of muscle activity. CONCLUSIONS: Spatiotemporal, kinematic, kinetic, muscle activity, and muscle-tendon outcome measures are largely comparable between motorized treadmill and overground running. Considerations should, however, particularly be given to sagittal plane kinematic differences at footstrike when extrapolating treadmill running biomechanics to overground running. Protocol registration CRD42018083906 (PROSPERO International Prospective Register of Systematic Reviews).","openalex, scopus, wos",human,0.980,human,
discarded,Learning Agent-based Modeling with LLM Companions: Experiences of Novices and Experts Using ChatGPT & NetLogo Chat,John Chen; Xi Lu; Yuzhou Du; Michael Rejtig; Ruth Bagley; Mike Horn; Uri Wilensky,2024,International Conference on Human Factors in Computing Systems,10.1145/3613904.3642377,https://openalex.org/W4391421475,llm-in-programming; agent-based-modeling; novices-and-experts; computing-education-or-software-engineering-not-version-control,"Large Language Models (LLMs) have the potential to fundamentally change the way people engage in computer programming. Agent-based modeling (ABM) has become ubiquitous in natural and social sciences and education, yet no prior studies have explored the potential of LLMs to assist it. We designed NetLogo Chat to support the learning and practice of NetLogo, a programming language for ABM. To understand how users perceive, use, and need LLM-based interfaces, we interviewed 30 participants from global academia, industry, and graduate schools. Experts reported more perceived benefits than novices and were more inclined to adopt LLMs in their workflow. We found significant differences between experts and novices in their perceptions, behaviors, and needs for human-AI collaboration. We surfaced a knowledge gap between experts and novices as a possible reason for the benefit gap. We identified guidance, personalization, and integration as major needs for LLM-based interfaces to support the programming of ABM.","openalex, scopus, wos",human,0.880,human,
discarded,A Review of Self-regulated Learning: Six Models and Four Directions for Research,Ernesto Panadero,2017,Frontiers in Psychology,10.3389/fpsyg.2017.00422,https://openalex.org/W2597900308,self-regulated-learning; review; general-education; unrelated-term-match-other-field,"Self-regulated learning (SRL) includes the cognitive, metacognitive, behavioral, motivational, and emotional/affective aspects of learning. It is, therefore, an extraordinary umbrella under which a considerable number of variables that influence learning (e.g., self-efficacy, volition, cognitive strategies) are studied within a comprehensive and holistic approach. For that reason, SRL has become one of the most important areas of research within educational psychology. In this paper, six models of SRL are analyzed and compared; that is, Zimmerman; Boekaerts; Winne and Hadwin; Pintrich; Efklides; and Hadwin, Järvelä and Miller. First, each model is explored in detail in the following aspects: (a) history and development, (b) description of the model (including the model figures), (c) empirical support, and (d) instruments constructed based on the model. Then, the models are compared in a number of aspects: (a) citations, (b) phases and subprocesses, (c) how they conceptualize (meta)cognition, motivation and emotion, (d) top-down/bottom-up, (e) automaticity, and (f) context. In the discussion, the empirical evidence from the existing SRL meta-analyses is examined and implications for education are extracted. Further, four future lines of research are proposed. The review reaches two main conclusions. First, the SRL models form an integrative and coherent framework from which to conduct research and on which students can be taught to be more strategic and successful. Second, based on the available meta-analytic evidence, there are differential effects of SRL models in light of differences in students' developmental stages or educational levels. Thus, scholars and teachers need to start applying these differential effects of the SRL models and theories to enhance students' learning and SRL skills.","openalex, scopus, wos",human,0.870,human,
discarded,Evolution of Wenger's concept of community of practice,Linda Li; Jeremy Grimshaw; Camilla Palmhøj Nielsen; Maria Judd; Peter C. Coyte; Ian D. Graham,2009,Implementation Science,10.1186/1748-5908-4-11,https://openalex.org/W1982345010,community-of-practice; healthcare; non-computing-education; unrelated-term-match-other-field,"BACKGROUND: In the experience of health professionals, it appears that interacting with peers in the workplace fosters learning and information sharing. Informal groups and networks present good opportunities for information exchange. Communities of practice (CoPs), which have been described by Wenger and others as a type of informal learning organization, have received increasing attention in the health care sector; however, the lack of uniform operating definitions of CoPs has resulted in considerable variation in the structure and function of these groups, making it difficult to evaluate their effectiveness. OBJECTIVE: To critique the evolution of the CoP concept as based on the germinal work by Wenger and colleagues published between 1991 and 2002. DISCUSSION: CoP was originally developed to provide a template for examining the learning that happens among practitioners in a social environment, but over the years there have been important divergences in the focus of the concept. Lave and Wenger's earliest publication (1991) centred on the interactions between novices and experts, and the process by which newcomers create a professional identity. In the 1998 book, the focus had shifted to personal growth and the trajectory of individuals' participation within a group (i.e., peripheral versus core participation). The focus then changed again in 2002 when CoP was applied as a managerial tool for improving an organization's competitiveness. SUMMARY: The different interpretations of CoP make it challenging to apply the concept or to take full advantage of the benefits that CoP groups may offer. The tension between satisfying individuals' needs for personal growth and empowerment versus an organization's bottom line is perhaps the most contentious of the issues that make CoPs difficult to cultivate. Since CoP is still an evolving concept, we recommend focusing on optimizing specific characteristics of the concept, such as support for members interacting with each other, sharing knowledge, and building a sense of belonging within networks/teams/groups. Interventions that facilitate relationship building among members and that promote knowledge exchange may be useful for optimizing the function of these groups.","openalex, scopus, wos",human,0.900,human,
discarded,Reasoning with contextual requirements: Detecting inconsistency and conflicts,Raian Ali; Fabiano Dalpiaz; Paolo Giorgini,2012,Information and Software Technology,10.1016/j.infsof.2012.06.013,https://openalex.org/W2121168205,requirements-engineering; software-engineering; non-education; computing-education-or-software-engineering-not-version-control,"Context: The environment in which the system operates, its context, is variable. The autonomous ability of a software to adapt to context has to be planned since the requirements analysis stage as a strong mutual influence between requirements and context does exist. On the one hand, context is a main factor to decide whether to activate a requirement, the applicable alternatives to meet an activated requirement as well as their qualities. On the other hand, the system actions to reach requirements could cause changes in the context.

Objectives: Modelling the relationship between requirements and context is a complex task and developing error-free models is hard to achieve without an automated support. The main objective of this paper is to develop a set of automated analysis mechanisms to support the requirements engineers to detect and analyze modelling errors in contextual requirements models.

Method: We study the analysis of the contextual goal model which is a requirements model that weaves together the variability of both context and requirements. Goal models are used during the early stages of software development and, thus, our analysis detects errors early in the development process. We develop two analysis mechanisms to detect two kinds of modelling errors. The first: mechanism concerns the detection of inconsistent specification of contexts in a goal model. The second concerns the detection of conflicting context changes that arise as a consequence of the actions performed by the system to meet different requirements simultaneously. We support our analysis with a CASE tool and provide a systematic process that guides the construction and analysis of contextual goal models. We illustrate and evaluate our framework via a case study on a smart-home system for supporting the life of people having dementia problems.

Results: The evaluation showed a significant ability of our analysis mechanisms to detect errors which were not notable by requirements engineers. Moreover, the evaluation showed acceptable performance of these mechanisms when processing up to medium-sized contextual goal models. The modelling constructs which we proposed as an input to enable the analysis were found easy to understand and capture.

Conclusions: Our developed analysis for the detection of inconsistency and conflicts in contextual goal models is an essential step for the entire system correctness. It avoids us developing unusable and unwanted functionalities and functionalities which lead to conflicts when they operate together. Further research to improve our analysis to scale with large-sized models and to consider other kinds of errors is still needed. (C) 2012 Elsevier B.V. All rights reserved.","openalex, scopus, wos",human,0.900,human,
discarded,Computational Reproducibility in Archaeological Research: Basic Principles and a Case Study of Their Implementation,Ben Marwick,2016,Journal of Archaeological Method and Theory,10.1007/s10816-015-9272-9,https://openalex.org/W2224340517,reproducible-research; archaeology; non-computing-education; git-or-software-tooling-without-learner-understanding-findings,"The use of computers and complex software is pervasive in archaeology, yet their role in the analytical pipeline is rarely exposed for other researchers to inspect or reuse. This limits the progress of archaeology because researchers cannot easily reproduce each other’s work to verify or extend it. Four general principles of reproducible research that have emerged in other fields are presented. An archaeological case study is described that shows how each principle can be implemented using freely available software. The costs and benefits of implementing reproducible research are assessed. The primary benefit, of sharing data in particular, is increased impact via an increased number of citations. The primary cost is the additional time required to enhance reproducibility, although the exact amount is difficult to quantify.","openalex, scopus, wos",human,0.770,human,
discarded,Merged virtual reality teaching of the fundamentals of laparoscopic surgery: a randomized controlled trial,Bryce Lowry; Garrett Johnson; Ashley Vergis,2022,Surgical Endoscopy,10.1007/s00464-021-08939-4,https://openalex.org/W4206732993,medical-education; virtual-reality; non-computing; git-or-software-tooling-without-learner-understanding-findings,"Background The COVID-19 pandemic challenges our ability to provide surgical education, as our ability to gather and train together has been restricted due to safety concerns. However, the importance of quality surgical education has remained. High-fidelity simulation platforms have been developed that merge virtual reality video streams to allow for remote instruction and collaboration. This study sought to validate the use of a merged virtual reality (MVR) platform for the instruction and assessment of the fundamentals of laparoscopic surgery (FLS) skills. Methods This was a prospective randomized controlled non-inferiority study. Thirty participants were randomized between three groups: The standard group received in-person instruction and expert feedback, the experimental group received identical training via the MVR platform, and the control group practiced on their own, but received no feedback. All participants were pre-tested for baseline performance at the beginning of the study. Change in performance was evaluated immediately after training and one month later for retention. Ordinary one-way analysis of variance was used to evaluate the effects of time, group, and time-on-group. Results The pre-test confirmed baseline homogeneity between the groups. MVR was non-inferior to standard in-person training for total FLS times on either the post-test ( p  = 0.632) or the retention test ( p  = 0.829). Performance was also identical between MVR and standard training groups for each of the individual FLS tasks. Each group improved significantly in nearly all tasks after practice; however, the standard and MVR training groups both improved significantly more than controls for the ligating loop, extracorporeal suturing, intracorporeal suturing, and total FLS task training but did not reach statistical significance for peg transfer and pattern cut tasks. Conclusion This randomized, controlled trial has demonstrated the use of an MVR platform as non-inferior to in-person instruction for the FLS program, forming the foundation for future work on remote instruction and collaboration.","openalex, scopus, wos",human,0.880,human,
discarded,Highway Safety Analytics and Modeling,Lord D.,2026,Highway Safety Analytics and Modeling,10.1016/C2023-0-51437-5,https://www.scopus.com/inward/record.uri?partnerID=HzOxMe3b&scp=105033749822&origin=inward,transportation; non-education; unrelated-term-match-other-field,,"openalex, scopus, wos",human,0.990,human,
discarded,Interferences between driver safety perception and driving behaviour: Hybrid attitudinal survey and driving simulator study for hazard scenarios on urban expressway,Zhao W.,2025,Transportation Research Part F Traffic Psychology and Behaviour,10.1016/j.trf.2025.03.020,https://www.scopus.com/inward/record.uri?partnerID=HzOxMe3b&scp=105001430314&origin=inward,driving-behavior; non-education; unrelated-term-match-other-field,"Hazardous scenarios, including sudden brake and lane changes, are major contributory factors to crashes on urban expressways. Studies have identified the environmental and traffic factors affecting crash risk on urban expressways through empirical data analysis and observational surveys. Additionally, the relationship between driver characteristics and safety perception has been measured using attitudinal surveys. However, it is rare for the interferences between driver safety perception and driving behaviour to be considered, not to mention the discrepancies between perceived and actual crash risk. In this study, the influences of driver demographics, travel habits, road environment, and traffic conditions, in addition to driver safety perception, on driving behaviour are examined using a hybrid driving simulator and attitudinal survey approach. Discrepancies between safety perception and driving performance metrics, including timely response, potential crash, maximum deceleration, and maximum lateral displacement in two hazard scenarios, are evaluated. Furthermore, the effects of individual heterogeneity on these associations are accounted using a random parameters approach. The results indicate that there are significant differences between driver safety perception and actual driving behaviour in adverse weather conditions. Additionally, factors such as driver demographics, travel habits, traffic volume, penetration rate of heavy vehicles, and speed limits all affect driving performance. Nevertheless, individual heterogeneity in the effects of driver characteristics, traffic conditions, and traffic control is significant. These finding should shed light on the design and development of personalized driver assistance systems that consider driver safety perception, road environment, and real-time traffic conditions.","openalex, scopus, wos",human,0.990,human,
discarded,"Empirical research on car-following and lane-changing: Recent developments, emerging vehicle technologies’ impact, and future research needs",Ali Y.,2025,Transportation Research Interdisciplinary Perspectives,10.1016/j.trip.2025.101368,https://www.scopus.com/inward/record.uri?partnerID=HzOxMe3b&scp=105000118093&origin=inward,transportation-review; non-education; unrelated-term-match-other-field,"• Reviewed car-following and lane-changing empirical research. • A two-stage review framework is presented. • Research needs in car-following and lane-changing, and its link to microscopic models are elicited. • Need of new models in the era of connected and automated vehicles is emphasised. • Rigorous efforts for data collection with human factors are required. A sound understanding of driving behaviour is indispensable for properly modelling and predicting traffic dynamics, and accurately evaluating its impact on efficiency, safety, energy consumption, and the environment. This understanding becomes more critical in the era of emerging vehicle technologies, which are expected to significantly influence driving behaviour. Thus, this paper reviews empirical research efforts dedicated to understanding driving behaviour. Particularly, longitudinal (car-following) and lateral (lane-changing) driving tasks for conventional, connected, and automated vehicles are reviewed. Car-following behaviour is reviewed using different characteristics, like response time, time headway, etc., whereas lane-changing behaviour is reviewed from three aspects: decision-making, execution, and impact. This paper envisions several future research directions by identifying the limitations of existing research efforts and linking them to microscopic modelling. Also, realising emerging vehicle technologies are on horizon, the current empirical research on driving behaviour related to these vehicles is thoroughly reviewed, and research needs are emphasised.","openalex, scopus, wos",human,0.990,human,
