status,title,authors,year,venue,doi,url,tags,abstract,provider,decision_source,llm_confidence,llm_review_outcome,llm_change_direction
discarded,"Development, Validation, and Application of the Microbiology Concept Inventory",Timothy D. Paustian; Amy G. Briggs; Robert Brennan; Nancy Boury; John Buchner; Shannon Harris; Rachel E. A. Horak; Lee E. Hughes; D. Sue Katz-Amburn; Maria J. Massimelli; Ann H. McDonald; Todd P. Primm; Ann C. Smith; Ann M. Stevens; Sunny B. Yung,2017,Journal of Microbiology and Biology Education,10.1128/jmbe.v18i3.1320,https://openalex.org/W2763518402,biology-education; concept-inventory; non-computing; diagnostic-test-or-misconception-study-other-domain,"If we are to teach effectively, tools are needed to measure student learning. A widely used method for quickly measuring student understanding of core concepts in a discipline is the concept inventory (CI). Using the American Society for Microbiology Curriculum Guidelines (ASMCG) for microbiology, faculty from 11 academic institutions created and validated a new microbiology concept inventory (MCI). The MCI was developed in three phases. In phase one, learning outcomes and fundamental statements from the ASMCG were used to create T/F questions coupled with open responses. In phase two, the 743 responses to MCI 1.0 were examined to find the most common misconceptions, which were used to create distractors for multiple-choice questions. MCI 2.0 was then administered to 1,043 students. The responses of these students were used to create MCI 3.0, a 23-question CI that measures students' understanding of all 27 fundamental statements. MCI 3.0 was found to be reliable, with a Cronbach's alpha score of 0.705 and Ferguson's delta of 0.97. Test item analysis demonstrated good validity and discriminatory power as judged by item difficulty, item discrimination, and point-biserial correlation coefficient. Comparison of pre- and posttest scores showed that microbiology students at 10 institutions showed an increase in understanding of concepts after instruction, except for questions probing metabolism (average normalized learning gain was 0.15). The MCI will enable quantitative analysis of student learning gains in understanding microbiology, help to identify misconceptions, and point toward areas where efforts should be made to develop teaching approaches to overcome them.","openalex, scopus, wos, dblp",human,0.910,human,
discarded,"Burnout Assessment Tool (BAT)—Development, Validity, and Reliability",Wilmar B. Schaufeli; Steffie Desart; Hans De Witte,2020,International Journal of Environmental Research and Public Health,10.3390/ijerph17249495,https://openalex.org/W3113208589,burnout-scale; non-education; unrelated-term-match-other-field,"This paper introduces a new definition for burnout and investigates the psychometric properties of the Burnout Assessment Tool (BAT). In a prior qualitative study, 49 practitioners were interviewed about their conceptualization of burnout (part 1). Using a dialectical approach, four core dimensions-exhaustion, mental distance, and impaired emotional and cognitive impairment-and three secondary dimensions-depressed mood, psychological distress, and psychosomatic complaints-emerged, which constitute the basis of the BAT. In the second study, the psychometric characteristics of the BAT were investigated in a representative sample of 1500 Flemish employees, focusing on factorial validity, reliability, and construct validity, respectively. Results demonstrate the assumed four-factor structure for the core dimensions, which is best represented by one general burnout factor. Contrary to expectations, instead of a three-factor structure, a two-factor structure was found for the secondary dimensions. Furthermore, the BAT and its subscales show adequate reliability. Convergent validity and discriminant validity with other burnout measures-including the MBI and OLBI-was demonstrated, as well as discriminant validity with other well-being constructs, such as work engagement and workaholism.","openalex, scopus, wos, dblp",human,0.980,human,
discarded,"Not Another Inventory, Rather a Catalyst for Reflection",Neil D. Fleming,1992,To improve the academy,10.3998/tia.17063888.0011.014,https://openalex.org/W4254456324,learning-preferences; general-education; unrelated-term-match-other-field,"In this article the authors focus on the use of a modal preferences questionnaire as a catalyst to empower students to reflect on their own sensory preferences and modify their study methods accordingly. The authors discuss the development and use of the questionnaire, strategies for students to use in modifying their learning behavior, responses of students and faculty to the technique, and directions for further investigation of modal preferences.","openalex, scopus, wos, dblp",human,0.880,human,
discarded,Development and Validation of the Single Item Narcissism Scale (SINS),Sara Konrath; Brian P. Meier; Brad J. Bushman,2014,PLoS ONE,10.1371/journal.pone.0103469,https://openalex.org/W2133776849,psychometric-scale; non-education; unrelated-term-match-other-field,"MAIN OBJECTIVES: The narcissistic personality is characterized by grandiosity, entitlement, and low empathy. This paper describes the development and validation of the Single Item Narcissism Scale (SINS). Although the use of longer instruments is superior in most circumstances, we recommend the SINS in some circumstances (e.g. under serious time constraints, online studies). METHODS: In 11 independent studies (total N = 2,250), we demonstrate the SINS' psychometric properties. RESULTS: The SINS is significantly correlated with longer narcissism scales, but uncorrelated with self-esteem. It also has high test-retest reliability. We validate the SINS in a variety of samples (e.g., undergraduates, nationally representative adults), intrapersonal correlates (e.g., positive affect, depression), and interpersonal correlates (e.g., aggression, relationship quality, prosocial behavior). The SINS taps into the more fragile and less desirable components of narcissism. SIGNIFICANCE: The SINS can be a useful tool for researchers, especially when it is important to measure narcissism with constraints preventing the use of longer measures.","openalex, scopus, wos, dblp",human,0.980,human,
discarded,Quantifying critical thinking: Development and validation of the physics lab inventory of critical thinking,Cole Walsh; Katherine N. Quinn; Carl Wieman; N. G. Holmes,2019,Physical Review Physics Education Research,10.1103/physrevphyseducres.15.010135,https://openalex.org/W2964194810,physics-lab; critical-thinking; non-computing; diagnostic-test-or-misconception-study-other-domain,"Introductory physics lab instruction is undergoing a transformation, with increasing emphasis on developing experimentation and critical thinking skills. These changes present a need for standardized assessment instruments to determine the degree to which students develop these skills through instructional labs. In this article, we present the development and validation of the physics lab inventory of critical thinking (PLIC). We define critical thinking as the ability to use data and evidence to decide what to trust and what to do. The PLIC is a 10-question, closed-response assessment that probes student critical thinking skills in the context of physics experimentation. Using interviews and data from 5584 students at 29 institutions, we demonstrate, through qualitative and quantitative means, the validity and reliability of the instrument at measuring student critical thinking skills. This establishes a valuable new assessment instrument for instructional labs.","openalex, scopus, wos, dblp",human,0.900,human,
discarded,Validity of the behavior rating inventory of executive function in children with ADHD and/or Tourette syndrome,E. Mark Mahone,2002,Archives of Clinical Neuropsychology,10.1016/s0887-6177(01)00168-8,https://openalex.org/W2111929652,adhd; psychometrics; non-education; unrelated-term-match-other-field,"The dynamic, multidimensional nature of executive function (EF), thought to be characteristically impaired in those with attention deficit hyperactivity disorder (ADHD), has been challenging to operationalize and assess in a clinical setting [Barkley, R. A. (1997). ADHD and the nature of self-control. New York: Guilford Press.]. Gioia, Isquith, Guy, and Kenworthy [Gioia, G. A., Isquith, P. K., Guy, S. C., & Kenworthy, L. (2000) Behavior Rating Inventory of Executive Function. Odessa, FL: Psychological Assessment Resources.] developed the Behavior Rating Inventory of Executive Function (BRIEF) to address these concerns. In order to provide concurrent validity information on the BRIEF, parents of 76 children (ADHD=18; Tourette syndrome (TS)=21; TS+ADHD=17; controls=20) completed the BRIEF, additional behavior rating scales and interviews, measures of psychoeducational (PE) competence, and performance-based measures of EF. Both ADHD and TS+ADHD groups were rated as more impaired (P<.0001) than the other groups on the five primary BRIEF indices. BRIEF index scores showed no significant correlation with performance-based EF or PE measures, with the exception of math achievement; however, the BRIEF showed a strong relationship with interviews and other parent rating measures of behaviors seen in ADHD. Future attempts to validate the BRIEF should focus on differences within subtypes of ADHD (e.g., inattentive, combined subtypes), and separating ADHD from other clinical groups in which EF is reported to be a problem.","openalex, scopus, wos, dblp",human,0.980,human,
kept,Using concept inventories to measure understanding,David Sands; Mark Parker; Holly Hedgeland; Sally Jordan; Ross Galloway,2018,Higher Education Pedagogies,10.1080/23752696.2018.1433546,https://openalex.org/W2787671366,concept-inventories; general-science-education; non-computing; concept-inventory-corroboration,"Measuring understanding is notoriously difficult. Indeed, in formulating learning outcomes the word ‘understanding’ is usually avoided, but in the sciences, developing understanding is one of the main aims of instruction. Scientific knowledge is factual, having been tested against empirical observation and experimentation, but knowledge of facts alone is not enough. There are also models and theories containing complex ideas and interrelationships that must be understood, and considerable attention has been devoted across a range of scientific disciplines to measuring understanding. This case study will focus on one of the main tools employed: the concept inventory and in particular the Force Concept Inventory (FCI). The success of concept inventories in physics has spawned concept inventories in chemistry, biology, astronomy, materials science and maths, to name a few. We focus here on the FCI and ask how useful concept inventories are for evaluating learning gains. Finally, we report on recent work by the authors to extend conceptual testing beyond the multiple-choice format.","openalex, scopus, wos, dblp",human,0.850,human,
discarded,Adaptive Environmental Assessment and Management,C. S. Holling,1980,Forest Science,10.1093/forestscience/26.3.435,https://openalex.org/W1530529744,environmental-management; non-education; unrelated-term-match-other-field,,"openalex, scopus, wos, dblp",human,0.990,human,
discarded,Preliminary Results From The Development Of A Concept Inventory In Thermal And Transport Science,Mary Nelson; Barbara Olds; Ronald L. Miller; Ruth Streveler,2020,,10.18260/1-2--12983,https://openalex.org/W2612010766,engineering-education; thermal-science; non-computing; diagnostic-test-or-misconception-study-other-domain,This paper reports on the progress made in the creation of a concept inventory in thermal and transport science. We discuss the steps taken to create questions for the concept inventory and the results of the alpha testing of our inventory. Next steps in the processparticularly establishing validity and reliability of the instrument -are also discussed.,"openalex, scopus, wos, dblp",human,0.860,human,
discarded,Psychological characteristics of metacognitive strategy use and vocabulary development paths among vocational university students in a personalized english teaching environment,Zhao X.,2026,BMC Psychology,10.1186/s40359-026-04595-2,https://www.scopus.com/inward/record.uri?partnerID=HzOxMe3b&scp=105041882156&origin=inward,language-learning; metacognition; non-computing; unrelated-term-match-other-field,"This mixed-methods quasi-experimental study examined the psychological correlates of metacognitive strategy use and the vocabulary development paths of vocational college students learning English within a personalized teaching environment. Two intact non-English-major classes at a vocational college in eastern China (N = 120) were randomly assigned at the class level to an experimental condition receiving a 16-week personalized intervention and a control condition receiving conventional whole-class instruction. Quantitative data were gathered through a vocabulary-oriented adaptation of the Metacognitive Awareness Listening Questionnaire, a psychological characteristics inventory assessing self-efficacy, intrinsic motivation, and learning anxiety, and the Vocabulary Levels Test and Vocabulary Knowledge Scale, administered at pretest, midpoint (Week 8), and posttest (Week 16). A qualitative strand comprising semi-structured interviews with 18 stratified-purposive participants supplemented the quantitative measures, and independent observer-rated treatment fidelity was documented across 25% of sessions. Correlation analyses indicated dimension-specific associations: self-efficacy co-varied most strongly with monitoring, whereas learning anxiety was inversely associated primarily with planning. The experimental group showed significantly higher posttest scores on all three metacognitive dimensions and on both vocabulary breadth and depth, with medium-to-large effect sizes. Stepwise regressions revealed divergent predictor profiles: breadth was associated with self-efficacy and monitoring, while depth was associated with intrinsic motivation and evaluation. Qualitative accounts converged with these patterns, pointing to self-efficacy repair, reduced evaluative threat, and volitional shift as experiential correlates of the observed changes. Given the correlational and group-based nature of the analyses, the findings are interpreted associatively rather than causally; they nonetheless offer theoretical refinement to models of L2 vocabulary acquisition and practical guidance for vocational English program design.","openalex, scopus, wos, dblp",human,0.850,human,
discarded,Psychometric assessment of the short version of the Zarit Burden Inventory among Iranian family caregivers of individuals with chronic psychiatric disorders,Mirhosseini S.,2026,Discover Public Health,10.1186/s12982-026-02359-2,https://www.scopus.com/inward/record.uri?partnerID=HzOxMe3b&scp=105042571567&origin=inward,psychometrics; caregiver-burden; non-education; unrelated-term-match-other-field,"With the increasing prevalence of psychiatric illnesses, the need for family members to assume caregiving roles at home has grown significantly in recent years. One of the most significant and multidimensional negative outcomes for these caregivers is the caregiving burden. This study aimed to evaluate the psychometric properties of the Persian version of the 12-item Zarit Burden Interview (ZBI-12) among family caregivers of patients with chronic psychiatric conditions. This methodological study was conducted in 2024 on 400 family caregivers of patients with chronic psychiatric disorders in Mashhad, Iran, using convenience sampling. Following translation and approval for use, face and content validity of the ZBI-12 were assessed through both qualitative and quantitative methods, including impact scores, content validity index and ratio, and modified kappa statistics. Construct validity was examined using exploratory factor analysis (EFA; n = 200) and confirmatory factor analysis (CFA; n = 200), followed by assessment of convergent and discriminant validity using the Fornell and Larcker approach. Internal consistency was evaluated using Cronbach’s alpha, construct reliability (CR) and McDonald’s omega, while stability was assessed via the intraclass correlation coefficient (ICC). No items were removed during the validity assessment process. EFA revealed two underlying factors (Burnout and Responsibility) accounting for 63.94% of the total variance in caregiving burden. CFA confirmed a good model fit. Both factors demonstrated acceptable convergent and discriminant validity. Reliability analyses showed that Cronbach’s alpha, CR, McDonald’s omega, and ICC values indicated strong internal consistency and stability. The findings suggest that the Persian version of the ZBI-12 is a valid and reliable instrument for assessing caregiving burden among family caregivers of individuals with psychiatric disorders in Iran.","openalex, scopus, wos, dblp",human,0.980,human,
discarded,Development and validation of a self-report questionnaire to assess executive functions in healthy adults: the executive functions in healthy adults questionnaire (EFHAQ),Pfeffer I.,2026,Scientific Reports,10.1038/s41598-026-65768-y,https://www.scopus.com/inward/record.uri?partnerID=HzOxMe3b&scp=105046710770&origin=inward,psychometrics; executive-functions; non-education; unrelated-term-match-other-field,"Aim of this research was to develop and validate a time-efficient, ecologically valid self-report questionnaire measuring executive functions in healthy adults, grounded in the unity/diversity framework of Miyake (i.e., inhibition, updating, shifting). Across a pre-study and three main studies (Ntotal = 1.574), an initial 55-item pool was refined to a final 15-item set. Exploratory and confirmatory factor analyses (Studies 1–3) revealed, while the data did not support the expected three-factor model, a stable five-factor structure with the factors flexibility, focusing, inhibition, adaptation, and weighing up. The subscales demonstrated acceptable internal consistencies (Studies 1–3) and test-retest reliability over three weeks (Study 3). Construct validity was supported by significant correlations with established measures of self-regulation abilities (Studies 1–3). Criterion validity was shown by associations with life satisfaction and affective well-being (Study 3). Although limited by a predominantly young, highly educated sample, the questionnaire provides a reliable and valid open-access tool for examining the role of executive functions in health behavior, academic achievement or social functioning.","openalex, scopus, wos, dblp",human,0.980,human,
discarded,Design and psychometric properties of the academic vitality scale in nursing students,Mohammadi M.,2026,Scientific Reports,10.1038/s41598-025-30701-2,https://www.scopus.com/inward/record.uri?partnerID=HzOxMe3b&scp=105027189153&origin=inward,nursing-students; psychometrics; non-computing; unrelated-term-match-other-field,"Academic vitality, a dynamic and positive aspect of university life, is crucial for fostering student motivation, academic success, and learning quality, especially in challenging disciplines like nursing. This study, therefore, aimed to design and validate a specific instrument for assessing academic vitality among nursing students. The present study was a methodological investigation focused on instrument design and psychometric evaluation, conducted from March to July 2025 at Kermanshah University of Medical Sciences. Instrument development followed both inductive (qualitative interviews with students) and deductive (literature review of existing sources) approaches, leading to the creation of an item pool. To ascertain face and content validity, qualitative and quantitative evaluations were performed with the participation of faculty members and students. Exploratory Factor Analysis (EFA) was conducted using SPSS software to determine the instrument’s factorial structure. Additionally, internal consistency coefficients, including Cronbach’s Alpha, McDonald’s Omega, and Average Inter-item Correlation (AIC), were meticulously evaluated. The instrument’s reliability was also assessed using the test-retest method (ICC). Statistical analyses revealed that the final instrument comprises 20 items categorized into two dimensions: “Clinical Vitality,” and “Research Vitality,“. These two dimensions collectively accounted for approximately 82.43% of the total variance in the data. Furthermore, the instrument demonstrated excellent and acceptable internal consistency coefficients (Cronbach’s Alpha = 0.991, McDonald’s Omega = 0.991, and AIC = 0.765) and test-retest reliability (ICC = 0.997). The developed instrument exhibits desirable psychometric properties in terms of validity and reliability, rendering it a robust tool for assessing academic vitality in nursing students. Utilizing this instrument can significantly contribute to identifying factors influencing academic vitality and formulating effective educational and clinical interventions to enhance it.","openalex, scopus, wos, dblp",human,0.960,human,
