status,title,authors,year,venue,doi,url,tags,abstract,provider,decision_source,llm_confidence,llm_review_outcome,llm_change_direction
discarded,Development and Evaluation of the Diagnostic Power for a Computer-Based Two-Tier Assessment,"Lin, Jing-Wen",2016,JOURNAL OF SCIENCE EDUCATION AND TECHNOLOGY,10.1007/s10956-016-9609-5,https://www.webofscience.com/wos/woscc/full-record/WOS:000375574100012,computer-based-assessment; science-education; non-computing; diagnostic-test-or-misconception-study-other-domain,"This study adopted a quasi-experimental design with follow-up interview to develop a computer-based two-tier assessment (CBA) regarding the science topic of electric circuits and to evaluate the diagnostic power of the assessment. Three assessment formats (i.e., paper-and-pencil, static computer-based, and dynamic computer-based tests) using two-tier items were conducted on Grade 4 (n = 90) and Grade 5 (n = 86) students, respectively. One-way ANCOVA was conducted to investigate whether the different assessment formats affected these students' posttest scores on both the phenomenon and reason tiers, and confidence rating for an answer was assessed to diagnose the nature of students' responses (i.e., scientific answer, guessing, alternative conceptions, or knowledge deficiency). Follow-up interview was adopted to explore whether and how the various CBA representations influenced both graders' responses. Results showed that the CBA, in particular the dynamic representation format, allowed students who lacked prior knowledge (Grade 4) to easily understand the question stems. The various CBA representations also potentially encouraged students who already had learning experience (Grade 5) to enhance the metacognitive judgment of their responses. Therefore, CBA could reduce students' use of test-taking strategies and provide better diagnostic power for a two-tier instrument than the traditional paper-based version.","openalex, scopus, wos",human,0.830,human,
discarded,HELPING PRE-SERVICE SCIENCE TEACHERS TO UNDERSTAND ATOMISM THROUGH OBSERVATIONS AND EXPERIMENTS,"Unver, Ayse Oguz; Arabacioglu, Sertac",2015,JOURNAL OF BALTIC SCIENCE EDUCATION,,https://www.webofscience.com/wos/woscc/full-record/WOS:000355004600006,science-teacher-education; atomism; non-computing; diagnostic-test-or-misconception-study-other-domain,"Current atom concept teachings haven't reached required levels from the points of both teaching methods and learning attainments. With this purpose in this research atom concept is conveyed to the classroom milieu through observations and experiments related to the atom concept during historical development process starting with the masterpiece of, the carrier of the atom thoughts of Antiquity to our age, Roman philosopher Lucretius, namely De Rerum Natura. The study has conducted thoughts regarding the atom in ancient and subsequent history under six headings teaching modules that would span over 11 weeks. The participants in the study were 73 pre-service science teachers. The two-tier multiple-choice diagnostic test was developed. In the analysis of the results of the test, after test hypotheses were proved, the single-factor ANOVA was employed for related samples, while frequency analysis was used for the content of the views of the participants and percentages were calculated to observe the change in alternative conceptions.","openalex, scopus, wos",human,0.910,human,
discarded,The Warwick-Edinburgh Mental Well-being Scale (WEMWBS): development and UK validation,Ruth Tennant; Louise Hiller; Ruth Fishwick; Stephen Platt; Stephen Joseph; Scott Weich; Jane Parkinson; Jenny Secker; Sarah Stewart‐Brown,2007,Health and Quality of Life Outcomes,10.1186/1477-7525-5-63,https://openalex.org/W2123552131,psychometric-scale; wellbeing; non-education; unrelated-term-match-other-field,"BACKGROUND: There is increasing international interest in the concept of mental well-being and its contribution to all aspects of human life. Demand for instruments to monitor mental well-being at a population level and evaluate mental health promotion initiatives is growing. This article describes the development and validation of a new scale, comprised only of positively worded items relating to different aspects of positive mental health: the Warwick-Edinburgh Mental Well-Being Scale (WEMWBS). METHODS: WEMWBS was developed by an expert panel drawing on current academic literature, qualitative research with focus groups, and psychometric testing of an existing scale. It was validated on a student and representative population sample. Content validity was assessed by reviewing the frequency of complete responses and the distribution of responses to each item. Confirmatory factor analysis was used to test the hypothesis that the scale measured a single construct. Internal consistency was assessed using Cronbach's alpha. Criterion validity was explored in terms of correlations between WEMWBS and other scales and by testing whether the scale discriminated between population groups in line with pre-specified hypotheses. Test-retest reliability was assessed at one week using intra-class correlation coefficients. Susceptibility to bias was measured using the Balanced Inventory of Desired Responding. RESULTS: WEMWBS showed good content validity. Confirmatory factor analysis supported the single factor hypothesis. A Cronbach's alpha score of 0.89 (student sample) and 0.91 (population sample) suggests some item redundancy in the scale. WEMWBS showed high correlations with other mental health and well-being scales and lower correlations with scales measuring overall health. Its distribution was near normal and the scale did not show ceiling effects in a population sample. It discriminated between population groups in a way that is largely consistent with the results of other population surveys. Test-retest reliability at one week was high (0.83). Social desirability bias was lower or similar to that of other comparable scales. CONCLUSION: WEMWBS is a measure of mental well-being focusing entirely on positive aspects of mental health. As a short and psychometrically robust scale, with no ceiling effects in a population sample, it offers promise as a tool for monitoring mental well-being at a population level. Whilst WEMWBS should appeal to those evaluating mental health promotion initiatives, it is important that the scale's sensitivity to change is established before it is recommended in this context.","openalex, scopus, wos, dblp",human,0.980,human,
discarded,"Consumer Brand Engagement in Social Media: Conceptualization, Scale Development and Validation",Linda D. Hollebeek; Mark S. Glynn; Roderick J. Brodie,2014,Journal of Interactive Marketing,10.1016/j.intmar.2013.12.002,https://openalex.org/W2061289966,marketing-scale; non-education; unrelated-term-match-other-field,"In the last three decades, an influential research stream has emerged which highlights the dynamics of focal consumer/brand relationships. Specifically, more recently the ‘consumer brand engagement’ (CBE) concept has been postulated to more comprehensively reflect the nature of consumers’ particular interactive brand relationships, relative to traditional concepts, including ‘involvement.’ However, despite the growing scholarly interest regarding the undertaking of marketing research addressing ‘engagement,’ studies have been predominantly exploratory in nature, thus generating a lack of empirical research in this area to date. By developing and validating a CBE scale in specific social media settings, we address this identified literature gap. Specifically, we conceptualize CBE as a consumer's positively valenced brand-related cognitive, emotional and behavioral activity during or related to focal consumer/brand interactions. We derive three CBE dimensions, including cognitive processing, affection, and activation. Within three different social media contexts, we employ exploratory and confirmatory factor analyses to develop a reliable, 10-item CBE scale, which we proceed to validate within a nomological net of conceptual relationships and a rival model. The findings suggest that while consumer brand ‘involvement’ acts as a CBE antecedent, consumer ‘self-brand connection’ and ‘brand usage intent’ represent key CBE consequences, thus providing a platform for further research in this emerging area. We conclude with an overview of key managerial and scholarly implications arising from this research.","openalex, scopus, wos, dblp",human,0.990,human,
discarded,"Best Practices for Developing and Validating Scales for Health, Social, and Behavioral Research: A Primer",Godfred O. Boateng; Torsten B. Neilands; Edward A. Frongillo; Hugo Melgar‐Quiñonez; Sera L. Young,2018,Frontiers in Public Health,10.3389/fpubh.2018.00149,https://openalex.org/W2801702920,scale-development-methods; non-domain-specific; unrelated-term-match-other-field,"Scale development and validation are critical to much of the work in the health, social, and behavioral sciences. However, the constellation of techniques required for scale development and evaluation can be onerous, jargon-filled, unfamiliar, and resource-intensive. Further, it is often not a part of graduate training. Therefore, our goal was to concisely review the process of scale development in as straightforward a manner as possible, both to facilitate the development of new, valid, and reliable scales, and to help improve existing ones. To do this, we have created a primer for best practices for scale development in measuring complex phenomena. This is not a systematic review, but rather the amalgamation of technical literature and lessons learned from our experiences spent creating or adapting a number of scales over the past several decades. We identified three phases that span nine steps. In the first phase, items are generated and the validity of their content is assessed. In the second phase, the scale is constructed. Steps in scale construction include pre-testing the questions, administering the survey, reducing the number of items, and understanding how many factors the scale captures. In the third phase, scale evaluation, the number of dimensions is tested, reliability is tested, and validity is assessed. We have also added examples of best practices to each step. In sum, this primer will equip both scientists and practitioners to understand the ontology and methodology of scale development and validation, thereby facilitating the advancement of our understanding of a range of health, social, and behavioral outcomes.","openalex, scopus, wos, dblp",human,0.860,human,
discarded,Development and evaluation of the conceptual inventory of natural selection,Dianne L. Anderson; Kathleen Fisher; Gregory J. Norman,2002,Journal of Research in Science Teaching,10.1002/tea.10053,https://openalex.org/W2168110387,biology-education; concept-inventory; non-computing; unrelated-term-match-other-field,"Abstract Natural selection as a mechanism of evolution is a central concept in biology; yet, most nonbiology‐majors do not thoroughly understand the theory even after instruction. Many alternative conceptions on this topic have been identified, indicating that the job of the instructor is a difficult one. This article presents a new diagnostic test to assess students' understanding of natural selection. The test items are based on actual scientific studies of natural selection, whereas previous tests have employed hypothetical situations that were often misleading or oversimplified. The Conceptual Inventory of Natural Selection (CINS) is a 20‐item multiple choice test that employs common alternative conceptions as distractors. An original 12‐item version of the test was field‐tested with 170 nonmajors in 6 classes and 43 biology majors in 1 class at 3 community colleges. The test scores of one subset of nonmajors (n = 7) were compared with the students' performances in semistructured interviews. There was a positive correlation between the test scores and the interview scores. The current 20‐item version of the CINS was field‐tested with 206 students in a nonmajors' general biology course. The face validity, internal validity, reliability, and readability of the CINS are discussed. Results indicate that the CINS will be a valuable tool for instructors. © 2002 Wiley Periodicals, Inc. J Res Sci Teach 39: 952–978, 2002","openalex, scopus, wos, dblp",human,0.920,human,
discarded,The Development and Initial Validation of the Cognitive Fusion Questionnaire,David Gillanders; Helen Bolderston; Frank W. Bond; Maria Dempster; Paul E. Flaxman; Lindsey Campbell; Sian Kerr; Louise Tansey; Penelope Noel; Clive Ferenbach; Samantha Masley; Louise Roach; Joda Lloyd; Lauraine May; Susan Clarke; Bob Remington,2013,Behavior Therapy,10.1016/j.beth.2013.09.001,https://openalex.org/W1993606944,psychometric-scale; non-education; unrelated-term-match-other-field,"Acceptance and Commitment Therapy (ACT) emphasizes the relationship a person has with their thoughts and beliefs as potentially more relevant than belief content in predicting the emotional and behavioral consequences of cognition. In ACT, ""defusion"" interventions aim to ""unhook"" thoughts from actions and to create psychological distance between a person and their thoughts, beliefs, memories, and self-stories. A number of similar concepts have been described in the psychology literature (e.g., decentering, metacognition, mentalization, and mindfulness) suggesting converging evidence that how we relate to mental events may be of critical importance. While there are some good measures of these related processes, none of them provides an adequate operationalization of cognitive fusion. Despite the centrality of cognitive fusion in the ACT model, there is as yet no agreed-upon measure of cognitive fusion. This paper presents the construction and development of a brief, self-report measure of cognitive fusion: The Cognitive Fusion Questionnaire (CFQ). The results of a series of studies involving over 1,800 people across diverse samples show good preliminary evidence of the CFQ's factor structure, reliability, temporal stability, validity, discriminant validity, and sensitivity to treatment effects. The potential uses of the CFQ in research and clinical practice are outlined.","openalex, scopus, wos, dblp",human,0.980,human,
discarded,A Cross-Media Presence Questionnaire: The ITC-Sense of Presence Inventory,Jane Lessiter; Jonathan Freeman; Edmund Keogh; Jules Davidoff,2001,PRESENCE Virtual and Augmented Reality,10.1162/105474601300343612,https://openalex.org/W2154502005,presence-questionnaire; vr; non-education; unrelated-term-match-other-field,"The presence research community would benefit from a reliable and valid cross-media presence measure that allows results from different laboratories to be compared and a more comprehensive knowledge base to be developed. The ITC-Sense of Presence Inventory (ITC-SOPI) is a new state questionnaire measure whose development has been informed by previous research on the determinants of presence and current self-report measures. It focuses on users' experiences of media, with no reference to objective system parameters. More than 600 people completed the ITC-SOPI following an experience with one of a range of noninteractive and interactive media. Exploratory analysis (principal axis factoring) revealed four factors: Sense of Physical Space, Engagement, Ecological Validity, and Negative Effects. Relations between the factors and the consistency of the factor structure with others reported in the literature are discussed. Preliminary analyses described here demonstrate that the ITC-SOPI is reliable and valid, but more rigorous testing of its psychometric properties and applicability to interactive virtual environments is required. Subject to satisfactory confirmatory analyses, the ITC-SOPI will offer researchers using a range of media systems a tool with which to measure four facets of a media experience that are putatively related to presence.","openalex, scopus, wos, dblp",human,0.960,human,
discarded,Attitudes towards science: A review of the literature and its implications,Jonathan Osborne; Shirley Simon; Sue Collins,2003,International Journal of Science Education,10.1080/0950069032000032199,https://openalex.org/W2159539728,science-attitudes; review; non-computing; diagnostic-test-or-misconception-study-other-domain,"This article offers a review of the major literature about attitudes to science and its implications over the past 20 years. It argues that the continuing decline in numbers choosing to study science at the point of choice requires a research focus on students' attitudes to science if the nature of the problem is to be understood and remediated. Starting from a consideration of what is meant by attitudes to science, it considers the problems inherent to their measurement, what is known about students' attitudes towards science and the many factors of influence such as gender, teachers, curricula, cultural and other variables. The literature itself points to the crucial importance of gender and the quality of teaching. Given the importance of the latter we argue that there is a greater need for research to identify those aspects of science teaching that make school science engaging for pupils. In particular, a growing body of research on motivation offers important pointers to the kind of classroom environment and activities that might raise pupils' interest in studying school science and a focus for future research.","openalex, scopus, wos, dblp",human,0.910,human,
discarded,Development and validation of the player experience inventory: A scale to measure player experiences at the level of functional and psychosocial consequences,Vero Vanden Abeele; Katta Spiel; Lennart E. Nacke; Daniel Johnson; Kathrin Gerling,2019,International Journal of Human-Computer Studies,10.1016/j.ijhcs.2019.102370,https://openalex.org/W2980615522,games-user-research; scale-development; non-education; unrelated-term-match-other-field,"Games User Research (GUR) focuses on measuring, analysing and understanding player experiences to optimise game designs. Hence, GUR experts aim to understand how specific game design choices are experienced by players, and how these lead to specific emotional responses. An instrument, providing such actionable insight into player experience, specifically designed by and for GUR was thus far lacking. To address this gap, the Player Experience Inventory (PXI) was developed, drawing on Means-End theory and measuring player experience both at the level of Functional Consequences, (i.e., the immediate experiences as a direct result of game design choices, such as audiovisual appeal or ease-of-control) and at the level of Psychosocial Consequences, (i.e., the second-order emotional experiences, such as immersion or mastery). Initial construct and item development was conducted in two iterations with 64 GUR experts. Next, the scale was validated and evaluated over five studies and populations, totalling 529 participants. Results support the theorized structure of the scale and provide evidence for both discriminant and convergent validity. Results also show that the scale performs well over different sample sizes and studies, supporting configural invariance. Hence, the PXI provides a reliable and theoretically sound tool for researchers to measure player experience and investigate how game design choices are linked to emotional responses.","openalex, scopus, wos, dblp",human,0.960,human,
discarded,"Global Surgery 2030: evidence and solutions for achieving health, welfare, and economic development",John G. Meara; Andrew Leather; Lars Hagander; Blake C. Alkire; Nivaldo Alonso; Emmanuel A. Ameh; Stephen W. Bickler; Lesong Conteh; Anna Dare; Justine Davies; Eunice Dérivois Mérisier; Shenaaz El‐Halabi; Paul E. Farmer; Atul A. Gawande; Rowan Gillies; Sarah Greenberg; Caris Grimes; Russell L. Gruen; Edna Adan Ismail; Thaim Buya Kamara; Chris Lavy; Ganbold Lundeg; Nyengo Mkandawire; Nakul Raykar; Johanna N. Riesel; Edgar B. Rodas; John Rose; Nobhojit Roy; Mark G. Shrime; Richard Sullivan; Stéphane Verguet; David Watters; Thomas G. Weiser; Iain H. Wilson; Gavin Yamey; Winnie Yip,2015,The Lancet,10.1016/s0140-6736(15)60160-x,https://openalex.org/W2043861297,global-health; non-education; unrelated-term-match-other-field,,"openalex, scopus, wos, dblp",human,0.990,human,
discarded,"Measurement Instruments for the Anthropomorphism, Animacy, Likeability, Perceived Intelligence, and Perceived Safety of Robots",Christoph Bartneck; Dana Kulić; Elizabeth A. Croft; Susana Zoghbi,2008,International Journal of Social Robotics,10.1007/s12369-008-0001-3,https://openalex.org/W2032568497,robotics-questionnaires; non-education; unrelated-term-match-other-field,"This study emphasizes the need for standardized measurement tools for human robot interaction (HRI). If we are to make progress in this field then we must be able to compare the results from different studies. A literature review has been performed on the measurements of five key concepts in HRI: anthropomorphism, animacy, likeability, perceived intelligence, and perceived safety. The results have been distilled into five consistent questionnaires using semantic differential scales. We report reliability and validity indicators based on several empirical studies that used these questionnaires. It is our hope that these questionnaires can be used by robot developers to monitor their progress. Psychologists are invited to further develop the questionnaires by adding new concepts, and to conduct further validations where it appears necessary.","openalex, scopus, wos, dblp",human,0.950,human,
