status,title,authors,year,venue,doi,url,tags,abstract,provider,decision_source,llm_confidence,llm_review_outcome,llm_change_direction
discarded,A worldwide checklist and morpho-molecular systematics of fungi associated with pteridophytes,Zhang J.Y.,2025,Fungal Diversity,10.1007/s13225-025-00554-1,https://www.scopus.com/inward/record.uri?partnerID=HzOxMe3b&scp=105007987817&origin=inward,fungal-systematics; non-education; unrelated-term-match-other-field,"Fungi associated with pteridophytes comprise a highly diverse group, with species occurring on ferns and their allies throughout the world. In this study, a checklist of fungi related to pteridophytes is listed, including additional details on the host, host family, geographical distribution and references based on the USDA Systematic Mycology and relevant studies. A total of 1658 fungal species, including 348 undetermined species, belonging to 612 genera, 241 families, 100 orders, 34 classes, and 11 phyla are listed based on the checklist. Two major fungal groups: (1) 36 genera with likely fern host-specificity (Asterocalycella, Carrismyces, Completoria, Dangeardiella, Desmella, Equiseticola, Exoteliospora, Griggsia, Hyalopsora, Hysteropeltella, Lachnopsis, Massalongina, Melaniella, Milesina, Mixia, Nothodactylaria, Ophiodiaporthe, Paratrimmatostroma, Phacidina, Placothyrium, Platycarpa, Pleurothyrium, Poculopsis, Polycladium, Polycyclina, Polycyclus, Ptechetelium, Radiciseta, Repetobasidiellum, Rhagadolobiopsis, Rommelaarsia, Scolecoleotia, Uncol, Uredinopsis, Woldmaria and Zymochalara), and (2) 10 genera with most species reported on ferns (Cercospora, Hyalopsora, Lachnum, Milesina, Phaeosphaeria, Pseudocercospora, Ramularia, Taphrina, Uredinopsis and Uredo) are discussed, providing generic notes and re-drawn photo plates. Furthermore, this article also provides morphological descriptions and illustrations of microfungi associated with pteridophytes, resulting in 81 fresh collections gathered in Guizhou Province, southwestern China. Based on morphology and multi-gene phylogeny, we identified 48 species distributed in three classes, nine orders, 17 families, and 30 genera in Ascomycota. Among these 48 species, 25 are introduced as new species, viz., Achroiostachys equiseti, Codinaeella plagiogyriae, Crassiclypeus appendiculatus, Cyphellophora alsophilae, C. guttulata, C. multiseptata, Dictyochaeta diplopterygii, Equiseticola guizhouensis, Memnoniella discreta, Monilochaetes guizhouensis, M. pronephrii, Myxospora synnematosa, Neomyrmecridium pteridophytophilum, Neopodoconis colorata, Nothodactylaria fusiformis, N. guizhouensis, N. polyblastis, N. woodwardiae, Oxydothis woodwardiae, Sporidesmium diplazii, S. pronephrii, Thysanorea guttulata, T. pronephrii, Torula guizhouensis and T. woodwardiae. Additionally, we report 13 new host records, five new host and habitat records, four new host and geographical records, and one new terrestrial habitat record. Furthermore, Tainosphaeria phialogeniculata is synonymized under T. jonesii based on conspecific phylogenetic relationship and similar morphology. Periconia elaeidis and P. verrucosa are synonymized under P. cookei. The historical background, significance, numbers, diversity, lifestyle and lifestyle switching, host-specificity or preference, and host jumping of fungi associated with pteridophytes have also been discussed and reviewed.","openalex, scopus, wos, dblp, ieee",human,0.990,human,
discarded,Social vulnerability: A driving force in amplifying the overall vulnerability of protected areas to natural hazards,Pirasteh S.,2025,Heliyon,10.1016/j.heliyon.2025.e42617,https://www.scopus.com/inward/record.uri?partnerID=HzOxMe3b&scp=85217921021&origin=inward,environmental-vulnerability; non-education; unrelated-term-match-other-field,"Incorporating social vulnerability (SoV) into vulnerability assessments for protected areas provides critical insights for enhancing the resilience and adaptability of these regions to environmental hazards. This study aimed to develop and apply an integrated social-ecological vulnerability assessment framework for a forest-protected area, focusing on scales relevant to management decisions. We collected data from 70 villages within the protected area through structured surveys, interviews, and reviews of secondary socio-economic and environmental datasets. A total of 24 socio-economic and environmental indicators were selected, based on expert consultation and literature review, to quantify the indices of exposure, sensitivity, adaptive capacity, and SoV. These indicators were weighted using the Fuzzy Analytical Hierarchy Process (FAHP) to ensure objective and expert-driven prioritization. Subsequently, the SoV index, derived from socio-economic metrics, was incorporated as a key variable in the exposure assessment. This integration involved 18 additional ecological indicators measured across a spatial grid, enabling a fine-scale analysis of the protected area's exposure, sensitivity, adaptive capacity, and overall vulnerability. Integrating social and ecological dimensions allowed for a spatially explicit evaluation of vulnerability at the grid-cell level, providing granular insights for localized management interventions. The results revealed that SoV significantly influenced the levels of exposure and overall vulnerability across the study area. High SoV values corresponded to areas with elevated overall vulnerability, emphasizing the interplay between social conditions and ecological risks. To enhance resilience in the medium and long term, the study recommends shifting investments toward active community engagement in conservation planning, increasing environmental awareness through education programs, and improving the socio-economic well-being of local communities to mitigate social vulnerability. This approach highlights the importance of integrating social dimensions into ecological assessments to inform more equitable and effective management strategies.","openalex, scopus, wos, dblp, ieee",human,0.980,human,
discarded,Resilient forest management,Burton P.J.,2025,Resilient Forest Management,10.1093/oso/9780198832997.001.0001,https://www.scopus.com/inward/record.uri?partnerID=HzOxMe3b&scp=85219536132&origin=inward,forest-management; non-education; unrelated-term-match-other-field,"
 Forests long have been important to humanity and other species of the planet, providing timber and non-timber resources, innumerable ecosystem services, and supporting biological diversity. The technical determination of requirements for a sustained yield of timber was a revolutionary achievement, which has since been extended to the sustainability of other aspects of forests and diverse human endeavors. Yet the expectations of stasis and constancy make sustainability difficult in a world undergoing rapid changes, necessitating a paradigm shift that accommodates uncertainty and embraces change. Resilience theory and the principles of complex adaptive systems provide a foundation for a resilient and adaptive approach to forest stewardship. The many services, uses, values, and expectations of forest often conflict with each other, requiring bundling into protection, multi-purpose, and timber zones. Applying resistance, recovery, adjustment, reconfiguration, or transformation strategies for resilient forest management is a place-based exercise, addressing local attributes, vulnerabilities, and priorities. Climate change and its stimulation of forest disturbances are priority challenges for which resilience planning and management is needed. The diversity, disturbance regimes, biological legacies, and spatial patterns of natural forests inspire an ecological forestry approach that has the greatest potential for supporting forest resilience, and ultimately the resilience of forest enterprises and forest communities. A long history of deforestation and forest degradation often requires forest restoration to make forests more resilient. With many unknowns and much uncertainty, resilient forest management takes place in an adaptive management context. Resilient forest stewardship is ultimately about people management and must take place within a supportive governance and sociocultural framework.","openalex, scopus, wos, dblp, ieee",human,0.980,human,
discarded,Social impact of happiness on transformational leadership in students from Colombian universities,Zárate-Torres R.,2025,Frontiers in Psychology,10.3389/fpsyg.2025.1571572,https://www.scopus.com/inward/record.uri?partnerID=HzOxMe3b&scp=105015152423&origin=inward,student-psychology; non-computing-education; unrelated-term-match-other-field,"In the literature, it has been described that affective commitment and transformational leadership are directly related to occupational happiness. In this sense, the present study begins with the premise that subjective happiness may enhance the effectiveness of transformational leadership. For this purpose, the Leadership Practices Inventory (LPI) and the Subjective Happiness Scale (SHS) were applied to a non-probabilistic sample of 215 business administration students in Colombian universities. Bivariate correlation analysis, confirmatory factor analysis, and structural equation modeling were used to examine the relationship between the dimensions of happiness and the five leadership practices. The findings indicate that three happiness items correlate positively with transformational leadership practices, suggesting that happier individuals exhibit more effective leadership behaviors. The proposed theoretical model showed a good fit with the empirical data. In conclusion, promoting happiness in leaders not only improves their performance but also positively impacts organizational productivity.","openalex, scopus, wos, dblp, ieee",human,0.730,human,
discarded,Dissociation in Borderline Personality Disorder: Associations with Trauma and Neurobiology,Krause-Utz A.,2025,Dissociation in Borderline Personality Disorder Associations with Trauma and Neurobiology,10.1007/978-3-032-06339-7,https://www.scopus.com/inward/record.uri?partnerID=HzOxMe3b&scp=105038509382&origin=inward,clinical-book; non-education; diagnostic-test-or-misconception-study-other-domain,"This book discusses the theories, assessments, and management of dissociation in the context of complex trauma and borderline personality disorder.","openalex, scopus, wos, dblp, ieee",human,0.980,human,
discarded,"Endophytic fungi associated with medicinal ferns in Guizhou Province, China Ⅰ: Morpho-molecular characterization of culturable endophytic fungi associated with Dicranopteris spp.",Bao D.F.,2025,Mycosphere,10.5943/MYCOSPHERE/16/1/13,https://www.scopus.com/inward/record.uri?partnerID=HzOxMe3b&scp=105027206011&origin=inward,mycology; non-education; unrelated-term-match-other-field,"Endophytic fungi, a subject of increasing interest among researchers, possess the unique ability to produce a diverse array of compounds with significant biological activities, including anti-tumor, anti-bacterial, anti-viral, and anti-oxidant effects. What sets these fungi apart is their capacity to synthesize compounds that are identical or similar to those found in their host plants. This intriguing characteristic has made endophytic fungi in medicinal plants a key area of scientific exploration. Our current study, a pioneering systematic investigation of endophytic fungi associated with medicinal ferns in Guizhou Province, China, is the first in a series focusing on the morpho-molecular taxonomy of culturable endophytic fungi associated with Dicranopteris species. We isolated 84 endophytic fungal strains from various tissues and identified them as 59 distinct species based on both morphological characteristics and multi-locus phylogenetic analysis. A new family, Massicellisporaceae, three new genera viz. Massicellispora, Miniglobosispora, and Pseudopopulomyces, and 24 new species viz. Amorocoelophoma dicranopterisis, Arxiella ellipsoidea, Castanediella dicranopteridis, Cladophialophora globosa, Colletotrichum dicranopterisis, C. guttulatisporum, Dactylonectria dicranopteridis, Diaporthe dicranopteridis, Geniculoseta dicranopteridis, Hypoxylon dicranopteridis, Ilyonectria dicranopteridis, Massicellispora dicranopteris, M. globosa, Miniglobosispora guizhounises, Neopestalotiopsis dicranopteridis, Nigrospora dicranopteridis, Periconia dicranopterisis, Pezicula dicranopteridis, Pseudodactylaria dicranopteridis, Omnidemptus dicranopteridis, Pseudopopulomyces dicranopteridis, Sphaerostilbella dicranopteridis, Trichocladium dicranopteridis, and Verruconis hyalina are introduced. Additionally, 35 new host or geographical records are reported. Several species are also re-evaluated: Diaporthe hainanensis and D. harriottiae are synonymized under D. arecae, Colletotrichum juglandis is synonymized as C. simulanticitri, while, C. gracile, C. oblongisporum, and C. nullisetosum are consolidated into a single species, as C. jiangxiense, and Cashiella sticheri was transferred to Pezicula as P. sticheri based on morphological and phylogenetic evidence. Descriptions, illustrations, and phylogenetic analysis results are provided for all species introduced in this study. A checklist of fungi associated with Dicranopteris is also included. This study enhances our understanding of the diversity of endophytic fungi associated with medicinal Dicranopteris and lays a foundation for future research into their ecological roles and pharmacological potential.","openalex, scopus, wos, dblp, ieee",human,0.990,human,
discarded,Affective and Neural Mechanisms of How Identity Dysfunction in Borderline Personality Disorder May Interfere With Building Positive Relationships,van Schie C.C.,2024,Personality Disorders Theory Research and Treatment,10.1037/per0000697,https://www.scopus.com/inward/record.uri?partnerID=HzOxMe3b&scp=85214563938&origin=inward,clinical-neuroimaging; non-education; unrelated-term-match-other-field,"Individuals with borderline personality disorder (BPD) often hold pervasive and negative self-views and experience feelings of low connectedness toward others despite effective treatment. This study aimed to identify neural and affective mechanisms of identity disturbance in BPD that contribute to difficulties in relating to others. Participants diagnosed with BPD (N = 34) and nonclinical controls (NCC; N = 35) completed a within-subject social feedback task inside a magnetic resonance imaging scanner. Participants received character evaluations, supposedly from a panel of three members who provided either predominantly negative, intermediate, or positive feedback. Multilevel analysis and event-related functional magnetic resonance imaging analysis compared the BPD and NCC group on mood, affiliation, and neural responses to the feedback and the panel. Results indicate that people with BPD had more negative self-views and reported lower mood after negative and intermediate feedback compared to NCC. People with BPD also felt less close to the member providing predominantly positive feedback compared to NCC, which appeared to be mediated by degree of fearful attachment. People with BPD showed altered bold responses to social feedback in temporal parietal junction and the anterior cingulate cortex compared to NCC. Findings indicate that people with BPD experience pervasive negative self-views that may interfere with forming relationships. New interactions may reinforce a fearful pattern of relating as existing (negative) views of the self are activated and subject to confirmation. These complexities have important clinical implications for the therapeutic alliance. Balancing a supportive and expressive stance may foster the therapeutic alliance while challenging negative self-views. (PsycInfo Database Record (c) 2024 APA, all rights reserved).","openalex, scopus, wos, dblp, ieee",human,0.990,human,
discarded,Primer on Reproducible Research in R: Enhancing Transparency and Scientific Rigor,Siraji M.A.,2024,Clocks and Sleep,10.3390/clockssleep6010001,https://www.scopus.com/inward/record.uri?partnerID=HzOxMe3b&scp=85188793205&origin=inward,reproducible-research; git; r; research-skills; git-or-software-tooling-without-learner-understanding-findings,"Achieving research reproducibility is a precarious aspect of scientific practice. However, many studies across disciplines fail to be fully reproduced due to inadequate dissemination methods. Traditional publication practices often fail to provide a comprehensive description of the research context and procedures, hindering reproducibility. To address these challenges, this article presents a tutorial on reproducible research using the R programming language. The tutorial aims to equip researchers, including those with limited coding knowledge, with the necessary skills to enhance reproducibility in their work. It covers three essential components: version control using Git, dynamic document creation using rmarkdown, and managing R package dependencies with renv. The tutorial also provides insights into sharing reproducible research and offers specific considerations for the field of sleep and chronobiology research. By following the tutorial, researchers can adopt practices that enhance the transparency, rigor, and replicability of their work, contributing to a culture of reproducible research and advancing scientific knowledge.","openalex, scopus, wos, dblp, ieee",human,0.780,human,
discarded,"Borderline personality disorder: a comprehensive review of diagnosis and clinical presentation, etiology, treatment, and current controversies",Leichsenring F.,2024,World Psychiatry,10.1002/wps.21156,https://www.scopus.com/inward/record.uri?partnerID=HzOxMe3b&scp=85182207175&origin=inward,clinical-review; non-education; unrelated-term-match-other-field,"Borderline personality disorder (BPD) was introduced in the DSM‐III in 1980. From the DSM‐III to the DSM‐5, no major changes have occurred in its defining criteria. The disorder is characterized by instability of self‐image, interpersonal relationships and affects. Further symptoms include impulsivity, intense anger, feelings of emptiness, strong abandonment fears, suicidal or self‐mutilation behavior, and transient stress‐related paranoid ideation or severe dissociative symptoms. There is evidence that BPD can be reliably diagnosed and differentiated from other mental disorders by semi‐structured interviews. The disorder is associated with considerable functional impairment, intensive treatment utilization, and high societal costs. The risk of self‐mutilation and suicide is high. In the general adult population, the lifetime prevalence of BPD has been reported to be from 0.7 to 2.7%, while its prevalence is about 12% in outpatient and 22% in inpatient psychiatric services. BPD is significantly associated with other mental disorders, including depressive disorders, substance use disorders, post‐traumatic stress disorder, attention‐deficit/hyperactivity disorder, bipolar disorder, bulimia nervosa, and other personality disorders. There is convincing evidence to suggest that the interaction between genetic factors and adverse childhood experiences plays a central role in the etiology of BPD. In spite of considerable research, the neurobiological underpinnings of the disorder remain to be clarified. Psychotherapy is the treatment of choice for BPD. Various approaches have been empirically supported in randomized controlled trials, including dialectical behavior therapy, mentalization‐based therapy, transference‐focused therapy, and schema therapy. No approach has proved to be superior to others. Compared to treatment as usual, psychotherapy has proved to be more efficacious, with effect sizes between 0.50 and 0.65 with regard to core BPD symptom severity. However, almost half of the patients do not respond sufficiently to psychotherapy, and further research in this area is warranted. It is not clear whether some patients may benefit more from one psychotherapeutic approach than from others. No evidence is available consistently showing that any psychoactive medication is efficacious for the core features of BPD. For discrete and severe comorbid anxiety or depressive symptoms or psychotic‐like features, pharmacotherapy may be useful. Early diagnosis and treatment of BPD can reduce individual suffering and societal costs. However, more high‐quality studies are required, in both adolescents and adults. This review provides a comprehensive update of the BPD diagnosis and clinical characterization, risk factors, neurobiology, cognition, and management. It also discusses the current controversies concerning the disorder, and highlights the areas in which further research is needed.","openalex, scopus, wos, dblp, ieee",human,0.990,human,
